TN: FsToolkit.ErrorHandling
SF:/Users/jimmybyrd/Documents/repos/public/demystifyfp/FsToolkit.ErrorHandling/src/FsToolkit.ErrorHandling/Async.fs
FN:30,Microsoft.FSharp.Control.FSharpAsync`1<b> FsToolkit.ErrorHandling.AsyncOperators::op_LessBangGreater(Microsoft.FSharp.Core.FSharpFunc`2<a,b>,Microsoft.FSharp.Control.FSharpAsync`1<a>)
FN:31,Microsoft.FSharp.Control.FSharpAsync`1<b> FsToolkit.ErrorHandling.AsyncOperators::op_LessMultiplyGreater(Microsoft.FSharp.Control.FSharpAsync`1<Microsoft.FSharp.Core.FSharpFunc`2<a,b>>,Microsoft.FSharp.Control.FSharpAsync`1<a>)
FN:32,Microsoft.FSharp.Control.FSharpAsync`1<b> FsToolkit.ErrorHandling.AsyncOperators::op_GreaterGreaterEquals(Microsoft.FSharp.Control.FSharpAsync`1<a>,Microsoft.FSharp.Core.FSharpFunc`2<a,Microsoft.FSharp.Control.FSharpAsync`1<b>>)
FN:30,Microsoft.FSharp.Control.AsyncReturn FsToolkit.ErrorHandling.AsyncOperators/op_LessBangGreater@30-1::Invoke(Microsoft.FSharp.Control.AsyncActivation`1<b>)
FN:30,Microsoft.FSharp.Control.FSharpAsync`1<b> FsToolkit.ErrorHandling.AsyncOperators/op_LessBangGreater@30::Invoke(b)
FN:30,Microsoft.FSharp.Control.FSharpAsync`1<b> FsToolkit.ErrorHandling.AsyncOperators/op_LessBangGreater@30-2::Invoke(a)
FN:30,Microsoft.FSharp.Control.AsyncReturn FsToolkit.ErrorHandling.AsyncOperators/op_LessBangGreater@30-3::Invoke(Microsoft.FSharp.Control.AsyncActivation`1<b>)
FN:32,Microsoft.FSharp.Control.AsyncReturn FsToolkit.ErrorHandling.AsyncOperators/op_GreaterGreaterEquals@32::Invoke(Microsoft.FSharp.Control.AsyncActivation`1<b>)
FN:6,Microsoft.FSharp.Control.FSharpAsync`1<a> FsToolkit.ErrorHandling.Async::singleton(a)
FN:8,Microsoft.FSharp.Control.FSharpAsync`1<b> FsToolkit.ErrorHandling.Async::bind(Microsoft.FSharp.Core.FSharpFunc`2<a,Microsoft.FSharp.Control.FSharpAsync`1<b>>,Microsoft.FSharp.Control.FSharpAsync`1<a>)
FN:13,Microsoft.FSharp.Control.FSharpAsync`1<b> FsToolkit.ErrorHandling.Async::map(Microsoft.FSharp.Core.FSharpFunc`2<a,b>,Microsoft.FSharp.Control.FSharpAsync`1<a>)
FN:15,Microsoft.FSharp.Control.FSharpAsync`1<c> FsToolkit.ErrorHandling.Async::map2(Microsoft.FSharp.Core.FSharpFunc`2<a,Microsoft.FSharp.Core.FSharpFunc`2<b,c>>,Microsoft.FSharp.Control.FSharpAsync`1<a>,Microsoft.FSharp.Control.FSharpAsync`1<b>)
FN:17,Microsoft.FSharp.Control.FSharpAsync`1<d> FsToolkit.ErrorHandling.Async::map3(Microsoft.FSharp.Core.FSharpFunc`2<a,Microsoft.FSharp.Core.FSharpFunc`2<b,Microsoft.FSharp.Core.FSharpFunc`2<c,d>>>,Microsoft.FSharp.Control.FSharpAsync`1<a>,Microsoft.FSharp.Control.FSharpAsync`1<b>,Microsoft.FSharp.Control.FSharpAsync`1<c>)
FN:22,Microsoft.FSharp.Control.FSharpAsync`1<System.Tuple`2<a,b>> FsToolkit.ErrorHandling.Async::zip(Microsoft.FSharp.Control.FSharpAsync`1<a>,Microsoft.FSharp.Control.FSharpAsync`1<b>)
FN:6,Microsoft.FSharp.Control.AsyncReturn FsToolkit.ErrorHandling.Async/singleton@6::Invoke(Microsoft.FSharp.Control.AsyncActivation`1<a>)
FN:8,Microsoft.FSharp.Control.AsyncReturn FsToolkit.ErrorHandling.Async/bind@8-1::Invoke(Microsoft.FSharp.Control.AsyncActivation`1<b>)
FN:11,Microsoft.FSharp.Control.AsyncReturn FsToolkit.ErrorHandling.Async/apply@11-6::Invoke(Microsoft.FSharp.Control.AsyncActivation`1<b>)
FN:11,Microsoft.FSharp.Control.FSharpAsync`1<b> FsToolkit.ErrorHandling.Async/apply@11-5::Invoke(a)
FN:11,Microsoft.FSharp.Control.AsyncReturn FsToolkit.ErrorHandling.Async/apply@11-7::Invoke(Microsoft.FSharp.Control.AsyncActivation`1<b>)
FN:11,Microsoft.FSharp.Control.AsyncReturn FsToolkit.ErrorHandling.Async/apply@11-8::Invoke(Microsoft.FSharp.Control.AsyncActivation`1<b>)
FN:13,Microsoft.FSharp.Control.AsyncReturn FsToolkit.ErrorHandling.Async/map@13-2::Invoke(Microsoft.FSharp.Control.AsyncActivation`1<b>)
FN:13,Microsoft.FSharp.Control.FSharpAsync`1<b> FsToolkit.ErrorHandling.Async/map@13-1::Invoke(b)
FN:13,Microsoft.FSharp.Control.FSharpAsync`1<b> FsToolkit.ErrorHandling.Async/map@13-3::Invoke(a)
FN:13,Microsoft.FSharp.Control.AsyncReturn FsToolkit.ErrorHandling.Async/map@13-4::Invoke(Microsoft.FSharp.Control.AsyncActivation`1<b>)
FN:15,Microsoft.FSharp.Control.AsyncReturn FsToolkit.ErrorHandling.Async/map2@15::Invoke(Microsoft.FSharp.Control.AsyncActivation`1<Microsoft.FSharp.Core.FSharpFunc`2<a,Microsoft.FSharp.Core.FSharpFunc`2<b,c>>>)
FN:25,Microsoft.FSharp.Control.AsyncReturn FsToolkit.ErrorHandling.Async/zip@25-3::Invoke(Microsoft.FSharp.Control.AsyncActivation`1<System.Tuple`2<a,b>>)
FN:25,Microsoft.FSharp.Control.FSharpAsync`1<System.Tuple`2<a,b>> FsToolkit.ErrorHandling.Async/zip@25-2::Invoke(b)
FN:24,Microsoft.FSharp.Control.AsyncReturn FsToolkit.ErrorHandling.Async/zip@24-4::Invoke(Microsoft.FSharp.Control.AsyncActivation`1<System.Tuple`2<a,b>>)
FN:23,Microsoft.FSharp.Control.AsyncReturn FsToolkit.ErrorHandling.Async/zip@23-5::Invoke(Microsoft.FSharp.Control.AsyncActivation`1<System.Tuple`2<a,b>>)
FNDA:0,Microsoft.FSharp.Control.FSharpAsync`1<b> FsToolkit.ErrorHandling.AsyncOperators::op_LessBangGreater(Microsoft.FSharp.Core.FSharpFunc`2<a,b>,Microsoft.FSharp.Control.FSharpAsync`1<a>)
FNDA:0,Microsoft.FSharp.Control.FSharpAsync`1<b> FsToolkit.ErrorHandling.AsyncOperators::op_LessMultiplyGreater(Microsoft.FSharp.Control.FSharpAsync`1<Microsoft.FSharp.Core.FSharpFunc`2<a,b>>,Microsoft.FSharp.Control.FSharpAsync`1<a>)
FNDA:0,Microsoft.FSharp.Control.FSharpAsync`1<b> FsToolkit.ErrorHandling.AsyncOperators::op_GreaterGreaterEquals(Microsoft.FSharp.Control.FSharpAsync`1<a>,Microsoft.FSharp.Core.FSharpFunc`2<a,Microsoft.FSharp.Control.FSharpAsync`1<b>>)
FNDA:0,Microsoft.FSharp.Control.AsyncReturn FsToolkit.ErrorHandling.AsyncOperators/op_LessBangGreater@30-1::Invoke(Microsoft.FSharp.Control.AsyncActivation`1<b>)
FNDA:0,Microsoft.FSharp.Control.FSharpAsync`1<b> FsToolkit.ErrorHandling.AsyncOperators/op_LessBangGreater@30::Invoke(b)
FNDA:0,Microsoft.FSharp.Control.FSharpAsync`1<b> FsToolkit.ErrorHandling.AsyncOperators/op_LessBangGreater@30-2::Invoke(a)
FNDA:0,Microsoft.FSharp.Control.AsyncReturn FsToolkit.ErrorHandling.AsyncOperators/op_LessBangGreater@30-3::Invoke(Microsoft.FSharp.Control.AsyncActivation`1<b>)
FNDA:0,Microsoft.FSharp.Control.AsyncReturn FsToolkit.ErrorHandling.AsyncOperators/op_GreaterGreaterEquals@32::Invoke(Microsoft.FSharp.Control.AsyncActivation`1<b>)
FNDA:0,Microsoft.FSharp.Control.FSharpAsync`1<a> FsToolkit.ErrorHandling.Async::singleton(a)
FNDA:0,Microsoft.FSharp.Control.FSharpAsync`1<b> FsToolkit.ErrorHandling.Async::bind(Microsoft.FSharp.Core.FSharpFunc`2<a,Microsoft.FSharp.Control.FSharpAsync`1<b>>,Microsoft.FSharp.Control.FSharpAsync`1<a>)
FNDA:0,Microsoft.FSharp.Control.FSharpAsync`1<b> FsToolkit.ErrorHandling.Async::map(Microsoft.FSharp.Core.FSharpFunc`2<a,b>,Microsoft.FSharp.Control.FSharpAsync`1<a>)
FNDA:0,Microsoft.FSharp.Control.FSharpAsync`1<c> FsToolkit.ErrorHandling.Async::map2(Microsoft.FSharp.Core.FSharpFunc`2<a,Microsoft.FSharp.Core.FSharpFunc`2<b,c>>,Microsoft.FSharp.Control.FSharpAsync`1<a>,Microsoft.FSharp.Control.FSharpAsync`1<b>)
FNDA:0,Microsoft.FSharp.Control.FSharpAsync`1<d> FsToolkit.ErrorHandling.Async::map3(Microsoft.FSharp.Core.FSharpFunc`2<a,Microsoft.FSharp.Core.FSharpFunc`2<b,Microsoft.FSharp.Core.FSharpFunc`2<c,d>>>,Microsoft.FSharp.Control.FSharpAsync`1<a>,Microsoft.FSharp.Control.FSharpAsync`1<b>,Microsoft.FSharp.Control.FSharpAsync`1<c>)
FNDA:0,Microsoft.FSharp.Control.FSharpAsync`1<System.Tuple`2<a,b>> FsToolkit.ErrorHandling.Async::zip(Microsoft.FSharp.Control.FSharpAsync`1<a>,Microsoft.FSharp.Control.FSharpAsync`1<b>)
FNDA:0,Microsoft.FSharp.Control.AsyncReturn FsToolkit.ErrorHandling.Async/singleton@6::Invoke(Microsoft.FSharp.Control.AsyncActivation`1<a>)
FNDA:0,Microsoft.FSharp.Control.AsyncReturn FsToolkit.ErrorHandling.Async/bind@8-1::Invoke(Microsoft.FSharp.Control.AsyncActivation`1<b>)
FNDA:0,Microsoft.FSharp.Control.AsyncReturn FsToolkit.ErrorHandling.Async/apply@11-6::Invoke(Microsoft.FSharp.Control.AsyncActivation`1<b>)
FNDA:0,Microsoft.FSharp.Control.FSharpAsync`1<b> FsToolkit.ErrorHandling.Async/apply@11-5::Invoke(a)
FNDA:0,Microsoft.FSharp.Control.AsyncReturn FsToolkit.ErrorHandling.Async/apply@11-7::Invoke(Microsoft.FSharp.Control.AsyncActivation`1<b>)
FNDA:0,Microsoft.FSharp.Control.AsyncReturn FsToolkit.ErrorHandling.Async/apply@11-8::Invoke(Microsoft.FSharp.Control.AsyncActivation`1<b>)
FNDA:0,Microsoft.FSharp.Control.AsyncReturn FsToolkit.ErrorHandling.Async/map@13-2::Invoke(Microsoft.FSharp.Control.AsyncActivation`1<b>)
FNDA:0,Microsoft.FSharp.Control.FSharpAsync`1<b> FsToolkit.ErrorHandling.Async/map@13-1::Invoke(b)
FNDA:0,Microsoft.FSharp.Control.FSharpAsync`1<b> FsToolkit.ErrorHandling.Async/map@13-3::Invoke(a)
FNDA:0,Microsoft.FSharp.Control.AsyncReturn FsToolkit.ErrorHandling.Async/map@13-4::Invoke(Microsoft.FSharp.Control.AsyncActivation`1<b>)
FNDA:0,Microsoft.FSharp.Control.AsyncReturn FsToolkit.ErrorHandling.Async/map2@15::Invoke(Microsoft.FSharp.Control.AsyncActivation`1<Microsoft.FSharp.Core.FSharpFunc`2<a,Microsoft.FSharp.Core.FSharpFunc`2<b,c>>>)
FNDA:0,Microsoft.FSharp.Control.AsyncReturn FsToolkit.ErrorHandling.Async/zip@25-3::Invoke(Microsoft.FSharp.Control.AsyncActivation`1<System.Tuple`2<a,b>>)
FNDA:0,Microsoft.FSharp.Control.FSharpAsync`1<System.Tuple`2<a,b>> FsToolkit.ErrorHandling.Async/zip@25-2::Invoke(b)
FNDA:0,Microsoft.FSharp.Control.AsyncReturn FsToolkit.ErrorHandling.Async/zip@24-4::Invoke(Microsoft.FSharp.Control.AsyncActivation`1<System.Tuple`2<a,b>>)
FNDA:0,Microsoft.FSharp.Control.AsyncReturn FsToolkit.ErrorHandling.Async/zip@23-5::Invoke(Microsoft.FSharp.Control.AsyncActivation`1<System.Tuple`2<a,b>>)
FNF:29
FNH:0
BRF:0
BRH:0
DA:6,0
DA:8,0
DA:11,0
DA:13,0
DA:15,0
DA:17,0
DA:22,0
DA:23,0
DA:24,0
DA:25,0
DA:30,0
DA:31,0
DA:32,0
LH:0
LF:13
end_of_record
TN: FsToolkit.ErrorHandling
SF:/Users/jimmybyrd/Documents/repos/public/demystifyfp/FsToolkit.ErrorHandling/src/FsToolkit.ErrorHandling/AsyncOption.fs
FN:11,Microsoft.FSharp.Control.FSharpAsync`1<Microsoft.FSharp.Core.FSharpOption`1<b>> FsToolkit.ErrorHandling.AsyncOption::bind(Microsoft.FSharp.Core.FSharpFunc`2<a,Microsoft.FSharp.Control.FSharpAsync`1<Microsoft.FSharp.Core.FSharpOption`1<b>>>,Microsoft.FSharp.Control.FSharpAsync`1<Microsoft.FSharp.Core.FSharpOption`1<a>>)
FN:22,Microsoft.FSharp.Control.FSharpAsync`1<Microsoft.FSharp.Core.FSharpOption`1<a>> FsToolkit.ErrorHandling.AsyncOption::retn(a)
FN:25,Microsoft.FSharp.Control.FSharpAsync`1<Microsoft.FSharp.Core.FSharpOption`1<b>> FsToolkit.ErrorHandling.AsyncOption::apply(Microsoft.FSharp.Control.FSharpAsync`1<Microsoft.FSharp.Core.FSharpOption`1<Microsoft.FSharp.Core.FSharpFunc`2<a,b>>>,Microsoft.FSharp.Control.FSharpAsync`1<Microsoft.FSharp.Core.FSharpOption`1<a>>)
FN:8,Microsoft.FSharp.Core.FSharpOption`1<b> FsToolkit.ErrorHandling.AsyncOption/map@8-14::Invoke(Microsoft.FSharp.Core.FSharpOption`1<a>)
FN:8,Microsoft.FSharp.Control.AsyncReturn FsToolkit.ErrorHandling.AsyncOption/map@8-16::Invoke(Microsoft.FSharp.Control.AsyncActivation`1<Microsoft.FSharp.Core.FSharpOption`1<b>>)
FN:8,Microsoft.FSharp.Control.FSharpAsync`1<Microsoft.FSharp.Core.FSharpOption`1<b>> FsToolkit.ErrorHandling.AsyncOption/map@8-15::Invoke(Microsoft.FSharp.Core.FSharpOption`1<b>)
FN:8,Microsoft.FSharp.Control.FSharpAsync`1<Microsoft.FSharp.Core.FSharpOption`1<b>> FsToolkit.ErrorHandling.AsyncOption/map@8-17::Invoke(Microsoft.FSharp.Core.FSharpOption`1<a>)
FN:8,Microsoft.FSharp.Control.AsyncReturn FsToolkit.ErrorHandling.AsyncOption/map@8-18::Invoke(Microsoft.FSharp.Control.AsyncActivation`1<Microsoft.FSharp.Core.FSharpOption`1<b>>)
FN:17,Microsoft.FSharp.Control.AsyncReturn FsToolkit.ErrorHandling.AsyncOption/bind@17-10::Invoke(Microsoft.FSharp.Control.AsyncActivation`1<Microsoft.FSharp.Core.FSharpOption`1<b>>)
FN:17,Microsoft.FSharp.Control.FSharpAsync`1<Microsoft.FSharp.Core.FSharpOption`1<b>> FsToolkit.ErrorHandling.AsyncOption/bind@17-9::Invoke(Microsoft.FSharp.Core.Unit)
FN:17,Microsoft.FSharp.Control.FSharpAsync`1<Microsoft.FSharp.Core.FSharpOption`1<b>> FsToolkit.ErrorHandling.AsyncOption/bind@14-8::Invoke(Microsoft.FSharp.Core.FSharpOption`1<a>)
FN:12,Microsoft.FSharp.Control.AsyncReturn FsToolkit.ErrorHandling.AsyncOption/bind@12-11::Invoke(Microsoft.FSharp.Control.AsyncActivation`1<Microsoft.FSharp.Core.FSharpOption`1<b>>)
FN:22,Microsoft.FSharp.Control.AsyncReturn FsToolkit.ErrorHandling.AsyncOption/retn@22-4::Invoke(Microsoft.FSharp.Control.AsyncActivation`1<Microsoft.FSharp.Core.FSharpOption`1<a>>)
FN:22,Microsoft.FSharp.Control.FSharpAsync`1<Microsoft.FSharp.Core.FSharpOption`1<a>> FsToolkit.ErrorHandling.AsyncOption/retn@22-3::Invoke(Microsoft.FSharp.Core.Unit)
FN:25,Microsoft.FSharp.Control.FSharpAsync`1<Microsoft.FSharp.Core.FSharpOption`1<b>> FsToolkit.ErrorHandling.AsyncOption/apply@25-13::Invoke(a)
FN:25,Microsoft.FSharp.Control.FSharpAsync`1<Microsoft.FSharp.Core.FSharpOption`1<b>> FsToolkit.ErrorHandling.AsyncOption/apply@25-12::Invoke(Microsoft.FSharp.Core.FSharpFunc`2<a,b>)
FNDA:0,Microsoft.FSharp.Control.FSharpAsync`1<Microsoft.FSharp.Core.FSharpOption`1<b>> FsToolkit.ErrorHandling.AsyncOption::bind(Microsoft.FSharp.Core.FSharpFunc`2<a,Microsoft.FSharp.Control.FSharpAsync`1<Microsoft.FSharp.Core.FSharpOption`1<b>>>,Microsoft.FSharp.Control.FSharpAsync`1<Microsoft.FSharp.Core.FSharpOption`1<a>>)
FNDA:0,Microsoft.FSharp.Control.FSharpAsync`1<Microsoft.FSharp.Core.FSharpOption`1<a>> FsToolkit.ErrorHandling.AsyncOption::retn(a)
FNDA:0,Microsoft.FSharp.Control.FSharpAsync`1<Microsoft.FSharp.Core.FSharpOption`1<b>> FsToolkit.ErrorHandling.AsyncOption::apply(Microsoft.FSharp.Control.FSharpAsync`1<Microsoft.FSharp.Core.FSharpOption`1<Microsoft.FSharp.Core.FSharpFunc`2<a,b>>>,Microsoft.FSharp.Control.FSharpAsync`1<Microsoft.FSharp.Core.FSharpOption`1<a>>)
FNDA:0,Microsoft.FSharp.Core.FSharpOption`1<b> FsToolkit.ErrorHandling.AsyncOption/map@8-14::Invoke(Microsoft.FSharp.Core.FSharpOption`1<a>)
FNDA:0,Microsoft.FSharp.Control.AsyncReturn FsToolkit.ErrorHandling.AsyncOption/map@8-16::Invoke(Microsoft.FSharp.Control.AsyncActivation`1<Microsoft.FSharp.Core.FSharpOption`1<b>>)
FNDA:0,Microsoft.FSharp.Control.FSharpAsync`1<Microsoft.FSharp.Core.FSharpOption`1<b>> FsToolkit.ErrorHandling.AsyncOption/map@8-15::Invoke(Microsoft.FSharp.Core.FSharpOption`1<b>)
FNDA:0,Microsoft.FSharp.Control.FSharpAsync`1<Microsoft.FSharp.Core.FSharpOption`1<b>> FsToolkit.ErrorHandling.AsyncOption/map@8-17::Invoke(Microsoft.FSharp.Core.FSharpOption`1<a>)
FNDA:0,Microsoft.FSharp.Control.AsyncReturn FsToolkit.ErrorHandling.AsyncOption/map@8-18::Invoke(Microsoft.FSharp.Control.AsyncActivation`1<Microsoft.FSharp.Core.FSharpOption`1<b>>)
FNDA:0,Microsoft.FSharp.Control.AsyncReturn FsToolkit.ErrorHandling.AsyncOption/bind@17-10::Invoke(Microsoft.FSharp.Control.AsyncActivation`1<Microsoft.FSharp.Core.FSharpOption`1<b>>)
FNDA:0,Microsoft.FSharp.Control.FSharpAsync`1<Microsoft.FSharp.Core.FSharpOption`1<b>> FsToolkit.ErrorHandling.AsyncOption/bind@17-9::Invoke(Microsoft.FSharp.Core.Unit)
FNDA:0,Microsoft.FSharp.Control.FSharpAsync`1<Microsoft.FSharp.Core.FSharpOption`1<b>> FsToolkit.ErrorHandling.AsyncOption/bind@14-8::Invoke(Microsoft.FSharp.Core.FSharpOption`1<a>)
FNDA:0,Microsoft.FSharp.Control.AsyncReturn FsToolkit.ErrorHandling.AsyncOption/bind@12-11::Invoke(Microsoft.FSharp.Control.AsyncActivation`1<Microsoft.FSharp.Core.FSharpOption`1<b>>)
FNDA:0,Microsoft.FSharp.Control.AsyncReturn FsToolkit.ErrorHandling.AsyncOption/retn@22-4::Invoke(Microsoft.FSharp.Control.AsyncActivation`1<Microsoft.FSharp.Core.FSharpOption`1<a>>)
FNDA:0,Microsoft.FSharp.Control.FSharpAsync`1<Microsoft.FSharp.Core.FSharpOption`1<a>> FsToolkit.ErrorHandling.AsyncOption/retn@22-3::Invoke(Microsoft.FSharp.Core.Unit)
FNDA:0,Microsoft.FSharp.Control.FSharpAsync`1<Microsoft.FSharp.Core.FSharpOption`1<b>> FsToolkit.ErrorHandling.AsyncOption/apply@25-13::Invoke(a)
FNDA:0,Microsoft.FSharp.Control.FSharpAsync`1<Microsoft.FSharp.Core.FSharpOption`1<b>> FsToolkit.ErrorHandling.AsyncOption/apply@25-12::Invoke(Microsoft.FSharp.Core.FSharpFunc`2<a,b>)
FNF:16
FNH:0
BRF:0
BRH:0
DA:8,0
DA:11,0
DA:12,0
DA:16,0
DA:17,0
DA:22,0
DA:25,0
LH:0
LF:7
end_of_record
TN: FsToolkit.ErrorHandling
SF:/Users/jimmybyrd/Documents/repos/public/demystifyfp/FsToolkit.ErrorHandling/src/FsToolkit.ErrorHandling/AsyncOptionCE.fs
FN:86,a FsToolkit.ErrorHandling.AsyncOptionCEExtensions::AsyncOptionBuilder.Source(FsToolkit.ErrorHandling.AsyncOptionCE/AsyncOptionBuilder,a)
FN:91,Microsoft.FSharp.Control.FSharpAsync`1<Microsoft.FSharp.Core.FSharpOption`1<t>> FsToolkit.ErrorHandling.AsyncOptionCEExtensions::AsyncOptionBuilder.Source(FsToolkit.ErrorHandling.AsyncOptionCE/AsyncOptionBuilder,Microsoft.FSharp.Core.FSharpOption`1<t>)
FN:101,Microsoft.FSharp.Control.FSharpAsync`1<Microsoft.FSharp.Core.FSharpOption`1<t>> FsToolkit.ErrorHandling.AsyncOptionCEExtensions::AsyncOptionBuilder.Source(FsToolkit.ErrorHandling.AsyncOptionCE/AsyncOptionBuilder,System.Threading.Tasks.Task`1<t>)
FN:91,Microsoft.FSharp.Control.AsyncReturn FsToolkit.ErrorHandling.AsyncOptionCEExtensions/AsyncOptionBuilder-Source@91::Invoke(Microsoft.FSharp.Control.AsyncActivation`1<Microsoft.FSharp.Core.FSharpOption`1<t>>)
FN:95,Microsoft.FSharp.Core.FSharpOption`1<t> FsToolkit.ErrorHandling.AsyncOptionCEExtensions/AsyncOptionBuilder-Source@95-1::Invoke(t)
FN:95,Microsoft.FSharp.Control.AsyncReturn FsToolkit.ErrorHandling.AsyncOptionCEExtensions/AsyncOptionBuilder-Source@95-3::Invoke(Microsoft.FSharp.Control.AsyncActivation`1<Microsoft.FSharp.Core.FSharpOption`1<t>>)
FN:95,Microsoft.FSharp.Control.FSharpAsync`1<Microsoft.FSharp.Core.FSharpOption`1<t>> FsToolkit.ErrorHandling.AsyncOptionCEExtensions/AsyncOptionBuilder-Source@95-2::Invoke(Microsoft.FSharp.Core.FSharpOption`1<t>)
FN:95,Microsoft.FSharp.Control.FSharpAsync`1<Microsoft.FSharp.Core.FSharpOption`1<t>> FsToolkit.ErrorHandling.AsyncOptionCEExtensions/AsyncOptionBuilder-Source@95-4::Invoke(t)
FN:95,Microsoft.FSharp.Control.AsyncReturn FsToolkit.ErrorHandling.AsyncOptionCEExtensions/AsyncOptionBuilder-Source@95-5::Invoke(Microsoft.FSharp.Control.AsyncActivation`1<Microsoft.FSharp.Core.FSharpOption`1<t>>)
FN:101,Microsoft.FSharp.Core.FSharpOption`1<t> FsToolkit.ErrorHandling.AsyncOptionCEExtensions/AsyncOptionBuilder-Source@101-6::Invoke(t)
FN:101,Microsoft.FSharp.Control.AsyncReturn FsToolkit.ErrorHandling.AsyncOptionCEExtensions/AsyncOptionBuilder-Source@101-8::Invoke(Microsoft.FSharp.Control.AsyncActivation`1<Microsoft.FSharp.Core.FSharpOption`1<t>>)
FN:101,Microsoft.FSharp.Control.FSharpAsync`1<Microsoft.FSharp.Core.FSharpOption`1<t>> FsToolkit.ErrorHandling.AsyncOptionCEExtensions/AsyncOptionBuilder-Source@101-7::Invoke(Microsoft.FSharp.Core.FSharpOption`1<t>)
FN:101,Microsoft.FSharp.Control.FSharpAsync`1<Microsoft.FSharp.Core.FSharpOption`1<t>> FsToolkit.ErrorHandling.AsyncOptionCEExtensions/AsyncOptionBuilder-Source@101-9::Invoke(t)
FN:101,Microsoft.FSharp.Control.AsyncReturn FsToolkit.ErrorHandling.AsyncOptionCEExtensions/AsyncOptionBuilder-Source@101-10::Invoke(Microsoft.FSharp.Control.AsyncActivation`1<Microsoft.FSharp.Core.FSharpOption`1<t>>)
FN:8,System.Void FsToolkit.ErrorHandling.AsyncOptionCE/AsyncOptionBuilder::.ctor()
FN:10,Microsoft.FSharp.Control.FSharpAsync`1<Microsoft.FSharp.Core.FSharpOption`1<T>> FsToolkit.ErrorHandling.AsyncOptionCE/AsyncOptionBuilder::Return(T)
FN:12,Microsoft.FSharp.Control.FSharpAsync`1<Microsoft.FSharp.Core.FSharpOption`1<j>> FsToolkit.ErrorHandling.AsyncOptionCE/AsyncOptionBuilder::ReturnFrom(Microsoft.FSharp.Control.FSharpAsync`1<Microsoft.FSharp.Core.FSharpOption`1<j>>)
FN:14,Microsoft.FSharp.Control.FSharpAsync`1<Microsoft.FSharp.Core.FSharpOption`1<Microsoft.FSharp.Core.Unit>> FsToolkit.ErrorHandling.AsyncOptionCE/AsyncOptionBuilder::Zero()
FN:17,Microsoft.FSharp.Control.FSharpAsync`1<Microsoft.FSharp.Core.FSharpOption`1<i>> FsToolkit.ErrorHandling.AsyncOptionCE/AsyncOptionBuilder::Bind(Microsoft.FSharp.Control.FSharpAsync`1<Microsoft.FSharp.Core.FSharpOption`1<T>>,Microsoft.FSharp.Core.FSharpFunc`2<T,Microsoft.FSharp.Control.FSharpAsync`1<Microsoft.FSharp.Core.FSharpOption`1<i>>>)
FN:25,Microsoft.FSharp.Control.FSharpAsync`1<Microsoft.FSharp.Core.FSharpOption`1<h>> FsToolkit.ErrorHandling.AsyncOptionCE/AsyncOptionBuilder::Delay(Microsoft.FSharp.Core.FSharpFunc`2<Microsoft.FSharp.Core.Unit,Microsoft.FSharp.Control.FSharpAsync`1<Microsoft.FSharp.Core.FSharpOption`1<h>>>)
FN:28,Microsoft.FSharp.Control.FSharpAsync`1<Microsoft.FSharp.Core.FSharpOption`1<g>> FsToolkit.ErrorHandling.AsyncOptionCE/AsyncOptionBuilder::Combine(Microsoft.FSharp.Control.FSharpAsync`1<Microsoft.FSharp.Core.FSharpOption`1<Microsoft.FSharp.Core.Unit>>,Microsoft.FSharp.Control.FSharpAsync`1<Microsoft.FSharp.Core.FSharpOption`1<g>>)
FN:35,Microsoft.FSharp.Control.FSharpAsync`1<Microsoft.FSharp.Core.FSharpOption`1<f>> FsToolkit.ErrorHandling.AsyncOptionCE/AsyncOptionBuilder::TryWith(Microsoft.FSharp.Control.FSharpAsync`1<Microsoft.FSharp.Core.FSharpOption`1<f>>,Microsoft.FSharp.Core.FSharpFunc`2<System.Exception,Microsoft.FSharp.Control.FSharpAsync`1<Microsoft.FSharp.Core.FSharpOption`1<f>>>)
FN:38,Microsoft.FSharp.Control.FSharpAsync`1<Microsoft.FSharp.Core.FSharpOption`1<e>> FsToolkit.ErrorHandling.AsyncOptionCE/AsyncOptionBuilder::TryFinally(Microsoft.FSharp.Control.FSharpAsync`1<Microsoft.FSharp.Core.FSharpOption`1<e>>,Microsoft.FSharp.Core.FSharpFunc`2<Microsoft.FSharp.Core.Unit,Microsoft.FSharp.Core.Unit>)
FN:41,Microsoft.FSharp.Control.FSharpAsync`1<Microsoft.FSharp.Core.FSharpOption`1<d>> FsToolkit.ErrorHandling.AsyncOptionCE/AsyncOptionBuilder::Using(T,Microsoft.FSharp.Core.FSharpFunc`2<T,Microsoft.FSharp.Control.FSharpAsync`1<Microsoft.FSharp.Core.FSharpOption`1<d>>>)
FN:49,Microsoft.FSharp.Control.FSharpAsync`1<Microsoft.FSharp.Core.FSharpOption`1<Microsoft.FSharp.Core.Unit>> FsToolkit.ErrorHandling.AsyncOptionCE/AsyncOptionBuilder::While(Microsoft.FSharp.Core.FSharpFunc`2<Microsoft.FSharp.Core.Unit,System.Boolean>,Microsoft.FSharp.Control.FSharpAsync`1<Microsoft.FSharp.Core.FSharpOption`1<Microsoft.FSharp.Core.Unit>>)
FN:55,Microsoft.FSharp.Control.FSharpAsync`1<Microsoft.FSharp.Core.FSharpOption`1<Microsoft.FSharp.Core.Unit>> FsToolkit.ErrorHandling.AsyncOptionCE/AsyncOptionBuilder::For(c,Microsoft.FSharp.Core.FSharpFunc`2<T,Microsoft.FSharp.Control.FSharpAsync`1<Microsoft.FSharp.Core.FSharpOption`1<Microsoft.FSharp.Core.Unit>>>)
FN:65,Microsoft.FSharp.Control.FSharpAsync`1<Microsoft.FSharp.Core.FSharpOption`1<b>> FsToolkit.ErrorHandling.AsyncOptionCE/AsyncOptionBuilder::Source(Microsoft.FSharp.Control.FSharpAsync`1<Microsoft.FSharp.Core.FSharpOption`1<b>>)
FN:71,Microsoft.FSharp.Control.FSharpAsync`1<Microsoft.FSharp.Core.FSharpOption`1<a>> FsToolkit.ErrorHandling.AsyncOptionCE/AsyncOptionBuilder::Source(System.Threading.Tasks.Task`1<Microsoft.FSharp.Core.FSharpOption`1<a>>)
FN:10,Microsoft.FSharp.Control.AsyncReturn FsToolkit.ErrorHandling.AsyncOptionCE/Return@10-1::Invoke(Microsoft.FSharp.Control.AsyncActivation`1<Microsoft.FSharp.Core.FSharpOption`1<T>>)
FN:14,Microsoft.FSharp.Control.AsyncReturn FsToolkit.ErrorHandling.AsyncOptionCE/Zero@14-1::Invoke(Microsoft.FSharp.Control.AsyncActivation`1<Microsoft.FSharp.Core.FSharpOption`1<Microsoft.FSharp.Core.Unit>>)
FN:22,Microsoft.FSharp.Control.AsyncReturn FsToolkit.ErrorHandling.AsyncOptionCE/Bind@22-6::Invoke(Microsoft.FSharp.Control.AsyncActivation`1<Microsoft.FSharp.Core.FSharpOption`1<i>>)
FN:22,Microsoft.FSharp.Control.FSharpAsync`1<Microsoft.FSharp.Core.FSharpOption`1<i>> FsToolkit.ErrorHandling.AsyncOptionCE/Bind@20-5::Invoke(Microsoft.FSharp.Core.FSharpOption`1<T>)
FN:18,Microsoft.FSharp.Control.AsyncReturn FsToolkit.ErrorHandling.AsyncOptionCE/Bind@18-7::Invoke(Microsoft.FSharp.Control.AsyncActivation`1<Microsoft.FSharp.Core.FSharpOption`1<i>>)
FN:28,Microsoft.FSharp.Control.AsyncReturn FsToolkit.ErrorHandling.AsyncOptionCE/Combine@28-10::Invoke(Microsoft.FSharp.Control.AsyncActivation`1<Microsoft.FSharp.Core.FSharpOption`1<g>>)
FN:28,Microsoft.FSharp.Control.AsyncReturn FsToolkit.ErrorHandling.AsyncOptionCE/Combine@28-11::Invoke(Microsoft.FSharp.Control.AsyncActivation`1<Microsoft.FSharp.Core.FSharpOption`1<g>>)
FN:35,Microsoft.FSharp.Core.FSharpOption`1<Microsoft.FSharp.Control.FSharpAsync`1<Microsoft.FSharp.Core.FSharpOption`1<f>>> FsToolkit.ErrorHandling.AsyncOptionCE/TryWith@35-3::Invoke(System.Exception)
FN:35,Microsoft.FSharp.Control.AsyncReturn FsToolkit.ErrorHandling.AsyncOptionCE/TryWith@35-2::Invoke(Microsoft.FSharp.Control.AsyncActivation`1<Microsoft.FSharp.Core.FSharpOption`1<f>>)
FN:38,Microsoft.FSharp.Control.AsyncReturn FsToolkit.ErrorHandling.AsyncOptionCE/TryFinally@38-1::Invoke(Microsoft.FSharp.Control.AsyncActivation`1<Microsoft.FSharp.Core.FSharpOption`1<e>>)
FN:44,Microsoft.FSharp.Core.Unit FsToolkit.ErrorHandling.AsyncOptionCE/Using@43-7::Invoke(Microsoft.FSharp.Core.Unit)
FN:52,Microsoft.FSharp.Control.AsyncReturn FsToolkit.ErrorHandling.AsyncOptionCE/While@52-10::Invoke(Microsoft.FSharp.Control.AsyncActivation`1<Microsoft.FSharp.Core.FSharpOption`1<Microsoft.FSharp.Core.Unit>>)
FN:52,Microsoft.FSharp.Control.AsyncReturn FsToolkit.ErrorHandling.AsyncOptionCE/While@52-11::Invoke(Microsoft.FSharp.Control.AsyncActivation`1<Microsoft.FSharp.Core.FSharpOption`1<Microsoft.FSharp.Core.Unit>>)
FN:57,System.Boolean FsToolkit.ErrorHandling.AsyncOptionCE/For@57-20::Invoke(Microsoft.FSharp.Core.Unit)
FN:57,Microsoft.FSharp.Control.FSharpAsync`1<Microsoft.FSharp.Core.FSharpOption`1<Microsoft.FSharp.Core.Unit>> FsToolkit.ErrorHandling.AsyncOptionCE/For@57-21::Invoke(Microsoft.FSharp.Core.Unit)
FN:57,Microsoft.FSharp.Control.FSharpAsync`1<Microsoft.FSharp.Core.FSharpOption`1<Microsoft.FSharp.Core.Unit>> FsToolkit.ErrorHandling.AsyncOptionCE/For@57-19::Invoke(System.Collections.Generic.IEnumerator`1<T>)
FN:74,System.Void <StartupCode$FsToolkit-ErrorHandling>.$AsyncOptionCE::.cctor()
FNDA:0,a FsToolkit.ErrorHandling.AsyncOptionCEExtensions::AsyncOptionBuilder.Source(FsToolkit.ErrorHandling.AsyncOptionCE/AsyncOptionBuilder,a)
FNDA:0,Microsoft.FSharp.Control.FSharpAsync`1<Microsoft.FSharp.Core.FSharpOption`1<t>> FsToolkit.ErrorHandling.AsyncOptionCEExtensions::AsyncOptionBuilder.Source(FsToolkit.ErrorHandling.AsyncOptionCE/AsyncOptionBuilder,Microsoft.FSharp.Core.FSharpOption`1<t>)
FNDA:0,Microsoft.FSharp.Control.FSharpAsync`1<Microsoft.FSharp.Core.FSharpOption`1<t>> FsToolkit.ErrorHandling.AsyncOptionCEExtensions::AsyncOptionBuilder.Source(FsToolkit.ErrorHandling.AsyncOptionCE/AsyncOptionBuilder,System.Threading.Tasks.Task`1<t>)
FNDA:0,Microsoft.FSharp.Control.AsyncReturn FsToolkit.ErrorHandling.AsyncOptionCEExtensions/AsyncOptionBuilder-Source@91::Invoke(Microsoft.FSharp.Control.AsyncActivation`1<Microsoft.FSharp.Core.FSharpOption`1<t>>)
FNDA:0,Microsoft.FSharp.Core.FSharpOption`1<t> FsToolkit.ErrorHandling.AsyncOptionCEExtensions/AsyncOptionBuilder-Source@95-1::Invoke(t)
FNDA:0,Microsoft.FSharp.Control.AsyncReturn FsToolkit.ErrorHandling.AsyncOptionCEExtensions/AsyncOptionBuilder-Source@95-3::Invoke(Microsoft.FSharp.Control.AsyncActivation`1<Microsoft.FSharp.Core.FSharpOption`1<t>>)
FNDA:0,Microsoft.FSharp.Control.FSharpAsync`1<Microsoft.FSharp.Core.FSharpOption`1<t>> FsToolkit.ErrorHandling.AsyncOptionCEExtensions/AsyncOptionBuilder-Source@95-2::Invoke(Microsoft.FSharp.Core.FSharpOption`1<t>)
FNDA:0,Microsoft.FSharp.Control.FSharpAsync`1<Microsoft.FSharp.Core.FSharpOption`1<t>> FsToolkit.ErrorHandling.AsyncOptionCEExtensions/AsyncOptionBuilder-Source@95-4::Invoke(t)
FNDA:0,Microsoft.FSharp.Control.AsyncReturn FsToolkit.ErrorHandling.AsyncOptionCEExtensions/AsyncOptionBuilder-Source@95-5::Invoke(Microsoft.FSharp.Control.AsyncActivation`1<Microsoft.FSharp.Core.FSharpOption`1<t>>)
FNDA:0,Microsoft.FSharp.Core.FSharpOption`1<t> FsToolkit.ErrorHandling.AsyncOptionCEExtensions/AsyncOptionBuilder-Source@101-6::Invoke(t)
FNDA:0,Microsoft.FSharp.Control.AsyncReturn FsToolkit.ErrorHandling.AsyncOptionCEExtensions/AsyncOptionBuilder-Source@101-8::Invoke(Microsoft.FSharp.Control.AsyncActivation`1<Microsoft.FSharp.Core.FSharpOption`1<t>>)
FNDA:0,Microsoft.FSharp.Control.FSharpAsync`1<Microsoft.FSharp.Core.FSharpOption`1<t>> FsToolkit.ErrorHandling.AsyncOptionCEExtensions/AsyncOptionBuilder-Source@101-7::Invoke(Microsoft.FSharp.Core.FSharpOption`1<t>)
FNDA:0,Microsoft.FSharp.Control.FSharpAsync`1<Microsoft.FSharp.Core.FSharpOption`1<t>> FsToolkit.ErrorHandling.AsyncOptionCEExtensions/AsyncOptionBuilder-Source@101-9::Invoke(t)
FNDA:0,Microsoft.FSharp.Control.AsyncReturn FsToolkit.ErrorHandling.AsyncOptionCEExtensions/AsyncOptionBuilder-Source@101-10::Invoke(Microsoft.FSharp.Control.AsyncActivation`1<Microsoft.FSharp.Core.FSharpOption`1<t>>)
FNDA:0,System.Void FsToolkit.ErrorHandling.AsyncOptionCE/AsyncOptionBuilder::.ctor()
FNDA:0,Microsoft.FSharp.Control.FSharpAsync`1<Microsoft.FSharp.Core.FSharpOption`1<T>> FsToolkit.ErrorHandling.AsyncOptionCE/AsyncOptionBuilder::Return(T)
FNDA:0,Microsoft.FSharp.Control.FSharpAsync`1<Microsoft.FSharp.Core.FSharpOption`1<j>> FsToolkit.ErrorHandling.AsyncOptionCE/AsyncOptionBuilder::ReturnFrom(Microsoft.FSharp.Control.FSharpAsync`1<Microsoft.FSharp.Core.FSharpOption`1<j>>)
FNDA:0,Microsoft.FSharp.Control.FSharpAsync`1<Microsoft.FSharp.Core.FSharpOption`1<Microsoft.FSharp.Core.Unit>> FsToolkit.ErrorHandling.AsyncOptionCE/AsyncOptionBuilder::Zero()
FNDA:0,Microsoft.FSharp.Control.FSharpAsync`1<Microsoft.FSharp.Core.FSharpOption`1<i>> FsToolkit.ErrorHandling.AsyncOptionCE/AsyncOptionBuilder::Bind(Microsoft.FSharp.Control.FSharpAsync`1<Microsoft.FSharp.Core.FSharpOption`1<T>>,Microsoft.FSharp.Core.FSharpFunc`2<T,Microsoft.FSharp.Control.FSharpAsync`1<Microsoft.FSharp.Core.FSharpOption`1<i>>>)
FNDA:0,Microsoft.FSharp.Control.FSharpAsync`1<Microsoft.FSharp.Core.FSharpOption`1<h>> FsToolkit.ErrorHandling.AsyncOptionCE/AsyncOptionBuilder::Delay(Microsoft.FSharp.Core.FSharpFunc`2<Microsoft.FSharp.Core.Unit,Microsoft.FSharp.Control.FSharpAsync`1<Microsoft.FSharp.Core.FSharpOption`1<h>>>)
FNDA:0,Microsoft.FSharp.Control.FSharpAsync`1<Microsoft.FSharp.Core.FSharpOption`1<g>> FsToolkit.ErrorHandling.AsyncOptionCE/AsyncOptionBuilder::Combine(Microsoft.FSharp.Control.FSharpAsync`1<Microsoft.FSharp.Core.FSharpOption`1<Microsoft.FSharp.Core.Unit>>,Microsoft.FSharp.Control.FSharpAsync`1<Microsoft.FSharp.Core.FSharpOption`1<g>>)
FNDA:0,Microsoft.FSharp.Control.FSharpAsync`1<Microsoft.FSharp.Core.FSharpOption`1<f>> FsToolkit.ErrorHandling.AsyncOptionCE/AsyncOptionBuilder::TryWith(Microsoft.FSharp.Control.FSharpAsync`1<Microsoft.FSharp.Core.FSharpOption`1<f>>,Microsoft.FSharp.Core.FSharpFunc`2<System.Exception,Microsoft.FSharp.Control.FSharpAsync`1<Microsoft.FSharp.Core.FSharpOption`1<f>>>)
FNDA:0,Microsoft.FSharp.Control.FSharpAsync`1<Microsoft.FSharp.Core.FSharpOption`1<e>> FsToolkit.ErrorHandling.AsyncOptionCE/AsyncOptionBuilder::TryFinally(Microsoft.FSharp.Control.FSharpAsync`1<Microsoft.FSharp.Core.FSharpOption`1<e>>,Microsoft.FSharp.Core.FSharpFunc`2<Microsoft.FSharp.Core.Unit,Microsoft.FSharp.Core.Unit>)
FNDA:0,Microsoft.FSharp.Control.FSharpAsync`1<Microsoft.FSharp.Core.FSharpOption`1<d>> FsToolkit.ErrorHandling.AsyncOptionCE/AsyncOptionBuilder::Using(T,Microsoft.FSharp.Core.FSharpFunc`2<T,Microsoft.FSharp.Control.FSharpAsync`1<Microsoft.FSharp.Core.FSharpOption`1<d>>>)
FNDA:0,Microsoft.FSharp.Control.FSharpAsync`1<Microsoft.FSharp.Core.FSharpOption`1<Microsoft.FSharp.Core.Unit>> FsToolkit.ErrorHandling.AsyncOptionCE/AsyncOptionBuilder::While(Microsoft.FSharp.Core.FSharpFunc`2<Microsoft.FSharp.Core.Unit,System.Boolean>,Microsoft.FSharp.Control.FSharpAsync`1<Microsoft.FSharp.Core.FSharpOption`1<Microsoft.FSharp.Core.Unit>>)
FNDA:0,Microsoft.FSharp.Control.FSharpAsync`1<Microsoft.FSharp.Core.FSharpOption`1<Microsoft.FSharp.Core.Unit>> FsToolkit.ErrorHandling.AsyncOptionCE/AsyncOptionBuilder::For(c,Microsoft.FSharp.Core.FSharpFunc`2<T,Microsoft.FSharp.Control.FSharpAsync`1<Microsoft.FSharp.Core.FSharpOption`1<Microsoft.FSharp.Core.Unit>>>)
FNDA:0,Microsoft.FSharp.Control.FSharpAsync`1<Microsoft.FSharp.Core.FSharpOption`1<b>> FsToolkit.ErrorHandling.AsyncOptionCE/AsyncOptionBuilder::Source(Microsoft.FSharp.Control.FSharpAsync`1<Microsoft.FSharp.Core.FSharpOption`1<b>>)
FNDA:0,Microsoft.FSharp.Control.FSharpAsync`1<Microsoft.FSharp.Core.FSharpOption`1<a>> FsToolkit.ErrorHandling.AsyncOptionCE/AsyncOptionBuilder::Source(System.Threading.Tasks.Task`1<Microsoft.FSharp.Core.FSharpOption`1<a>>)
FNDA:0,Microsoft.FSharp.Control.AsyncReturn FsToolkit.ErrorHandling.AsyncOptionCE/Return@10-1::Invoke(Microsoft.FSharp.Control.AsyncActivation`1<Microsoft.FSharp.Core.FSharpOption`1<T>>)
FNDA:0,Microsoft.FSharp.Control.AsyncReturn FsToolkit.ErrorHandling.AsyncOptionCE/Zero@14-1::Invoke(Microsoft.FSharp.Control.AsyncActivation`1<Microsoft.FSharp.Core.FSharpOption`1<Microsoft.FSharp.Core.Unit>>)
FNDA:0,Microsoft.FSharp.Control.AsyncReturn FsToolkit.ErrorHandling.AsyncOptionCE/Bind@22-6::Invoke(Microsoft.FSharp.Control.AsyncActivation`1<Microsoft.FSharp.Core.FSharpOption`1<i>>)
FNDA:0,Microsoft.FSharp.Control.FSharpAsync`1<Microsoft.FSharp.Core.FSharpOption`1<i>> FsToolkit.ErrorHandling.AsyncOptionCE/Bind@20-5::Invoke(Microsoft.FSharp.Core.FSharpOption`1<T>)
FNDA:0,Microsoft.FSharp.Control.AsyncReturn FsToolkit.ErrorHandling.AsyncOptionCE/Bind@18-7::Invoke(Microsoft.FSharp.Control.AsyncActivation`1<Microsoft.FSharp.Core.FSharpOption`1<i>>)
FNDA:0,Microsoft.FSharp.Control.AsyncReturn FsToolkit.ErrorHandling.AsyncOptionCE/Combine@28-10::Invoke(Microsoft.FSharp.Control.AsyncActivation`1<Microsoft.FSharp.Core.FSharpOption`1<g>>)
FNDA:0,Microsoft.FSharp.Control.AsyncReturn FsToolkit.ErrorHandling.AsyncOptionCE/Combine@28-11::Invoke(Microsoft.FSharp.Control.AsyncActivation`1<Microsoft.FSharp.Core.FSharpOption`1<g>>)
FNDA:0,Microsoft.FSharp.Core.FSharpOption`1<Microsoft.FSharp.Control.FSharpAsync`1<Microsoft.FSharp.Core.FSharpOption`1<f>>> FsToolkit.ErrorHandling.AsyncOptionCE/TryWith@35-3::Invoke(System.Exception)
FNDA:0,Microsoft.FSharp.Control.AsyncReturn FsToolkit.ErrorHandling.AsyncOptionCE/TryWith@35-2::Invoke(Microsoft.FSharp.Control.AsyncActivation`1<Microsoft.FSharp.Core.FSharpOption`1<f>>)
FNDA:0,Microsoft.FSharp.Control.AsyncReturn FsToolkit.ErrorHandling.AsyncOptionCE/TryFinally@38-1::Invoke(Microsoft.FSharp.Control.AsyncActivation`1<Microsoft.FSharp.Core.FSharpOption`1<e>>)
FNDA:0,Microsoft.FSharp.Core.Unit FsToolkit.ErrorHandling.AsyncOptionCE/Using@43-7::Invoke(Microsoft.FSharp.Core.Unit)
FNDA:0,Microsoft.FSharp.Control.AsyncReturn FsToolkit.ErrorHandling.AsyncOptionCE/While@52-10::Invoke(Microsoft.FSharp.Control.AsyncActivation`1<Microsoft.FSharp.Core.FSharpOption`1<Microsoft.FSharp.Core.Unit>>)
FNDA:0,Microsoft.FSharp.Control.AsyncReturn FsToolkit.ErrorHandling.AsyncOptionCE/While@52-11::Invoke(Microsoft.FSharp.Control.AsyncActivation`1<Microsoft.FSharp.Core.FSharpOption`1<Microsoft.FSharp.Core.Unit>>)
FNDA:0,System.Boolean FsToolkit.ErrorHandling.AsyncOptionCE/For@57-20::Invoke(Microsoft.FSharp.Core.Unit)
FNDA:0,Microsoft.FSharp.Control.FSharpAsync`1<Microsoft.FSharp.Core.FSharpOption`1<Microsoft.FSharp.Core.Unit>> FsToolkit.ErrorHandling.AsyncOptionCE/For@57-21::Invoke(Microsoft.FSharp.Core.Unit)
FNDA:0,Microsoft.FSharp.Control.FSharpAsync`1<Microsoft.FSharp.Core.FSharpOption`1<Microsoft.FSharp.Core.Unit>> FsToolkit.ErrorHandling.AsyncOptionCE/For@57-19::Invoke(System.Collections.Generic.IEnumerator`1<T>)
FNDA:0,System.Void <StartupCode$FsToolkit-ErrorHandling>.$AsyncOptionCE::.cctor()
FNF:45
FNH:0
BRDA:49,18,0,-
BRDA:49,18,1,-
BRDA:44,20,0,-
BRDA:44,20,1,-
BRF:4
BRH:0
DA:8,0
DA:10,0
DA:12,0
DA:14,0
DA:17,0
DA:18,0
DA:21,0
DA:22,0
DA:25,0
DA:28,0
DA:35,0
DA:38,0
DA:41,0
DA:44,0
DA:45,0
DA:49,0
DA:50,0
DA:52,0
DA:55,0
DA:57,0
DA:65,0
DA:71,0
DA:74,0
DA:86,0
DA:91,0
DA:95,0
DA:101,0
LH:0
LF:27
end_of_record
TN: FsToolkit.ErrorHandling
SF:/Users/jimmybyrd/Documents/repos/public/demystifyfp/FsToolkit.ErrorHandling/src/FsToolkit.ErrorHandling/AsyncOptionOp.fs
FN:9,Microsoft.FSharp.Control.FSharpAsync`1<Microsoft.FSharp.Core.FSharpOption`1<b>> FsToolkit.ErrorHandling.Operator.AsyncOption.AsyncOption::op_LessMultiplyGreater(Microsoft.FSharp.Control.FSharpAsync`1<Microsoft.FSharp.Core.FSharpOption`1<Microsoft.FSharp.Core.FSharpFunc`2<a,b>>>,Microsoft.FSharp.Control.FSharpAsync`1<Microsoft.FSharp.Core.FSharpOption`1<a>>)
FN:10,Microsoft.FSharp.Control.FSharpAsync`1<Microsoft.FSharp.Core.FSharpOption`1<b>> FsToolkit.ErrorHandling.Operator.AsyncOption.AsyncOption::op_GreaterGreaterEquals(Microsoft.FSharp.Control.FSharpAsync`1<Microsoft.FSharp.Core.FSharpOption`1<a>>,Microsoft.FSharp.Core.FSharpFunc`2<a,Microsoft.FSharp.Control.FSharpAsync`1<Microsoft.FSharp.Core.FSharpOption`1<b>>>)
FN:8,Microsoft.FSharp.Core.FSharpOption`1<b> FsToolkit.ErrorHandling.Operator.AsyncOption.AsyncOption/op_LessBangGreater@8-9::Invoke(Microsoft.FSharp.Core.FSharpOption`1<a>)
FN:8,Microsoft.FSharp.Control.AsyncReturn FsToolkit.ErrorHandling.Operator.AsyncOption.AsyncOption/op_LessBangGreater@8-11::Invoke(Microsoft.FSharp.Control.AsyncActivation`1<Microsoft.FSharp.Core.FSharpOption`1<b>>)
FN:8,Microsoft.FSharp.Control.FSharpAsync`1<Microsoft.FSharp.Core.FSharpOption`1<b>> FsToolkit.ErrorHandling.Operator.AsyncOption.AsyncOption/op_LessBangGreater@8-10::Invoke(Microsoft.FSharp.Core.FSharpOption`1<b>)
FN:8,Microsoft.FSharp.Control.FSharpAsync`1<Microsoft.FSharp.Core.FSharpOption`1<b>> FsToolkit.ErrorHandling.Operator.AsyncOption.AsyncOption/op_LessBangGreater@8-12::Invoke(Microsoft.FSharp.Core.FSharpOption`1<a>)
FN:8,Microsoft.FSharp.Control.AsyncReturn FsToolkit.ErrorHandling.Operator.AsyncOption.AsyncOption/op_LessBangGreater@8-13::Invoke(Microsoft.FSharp.Control.AsyncActivation`1<Microsoft.FSharp.Core.FSharpOption`1<b>>)
FNDA:0,Microsoft.FSharp.Control.FSharpAsync`1<Microsoft.FSharp.Core.FSharpOption`1<b>> FsToolkit.ErrorHandling.Operator.AsyncOption.AsyncOption::op_LessMultiplyGreater(Microsoft.FSharp.Control.FSharpAsync`1<Microsoft.FSharp.Core.FSharpOption`1<Microsoft.FSharp.Core.FSharpFunc`2<a,b>>>,Microsoft.FSharp.Control.FSharpAsync`1<Microsoft.FSharp.Core.FSharpOption`1<a>>)
FNDA:0,Microsoft.FSharp.Control.FSharpAsync`1<Microsoft.FSharp.Core.FSharpOption`1<b>> FsToolkit.ErrorHandling.Operator.AsyncOption.AsyncOption::op_GreaterGreaterEquals(Microsoft.FSharp.Control.FSharpAsync`1<Microsoft.FSharp.Core.FSharpOption`1<a>>,Microsoft.FSharp.Core.FSharpFunc`2<a,Microsoft.FSharp.Control.FSharpAsync`1<Microsoft.FSharp.Core.FSharpOption`1<b>>>)
FNDA:0,Microsoft.FSharp.Core.FSharpOption`1<b> FsToolkit.ErrorHandling.Operator.AsyncOption.AsyncOption/op_LessBangGreater@8-9::Invoke(Microsoft.FSharp.Core.FSharpOption`1<a>)
FNDA:0,Microsoft.FSharp.Control.AsyncReturn FsToolkit.ErrorHandling.Operator.AsyncOption.AsyncOption/op_LessBangGreater@8-11::Invoke(Microsoft.FSharp.Control.AsyncActivation`1<Microsoft.FSharp.Core.FSharpOption`1<b>>)
FNDA:0,Microsoft.FSharp.Control.FSharpAsync`1<Microsoft.FSharp.Core.FSharpOption`1<b>> FsToolkit.ErrorHandling.Operator.AsyncOption.AsyncOption/op_LessBangGreater@8-10::Invoke(Microsoft.FSharp.Core.FSharpOption`1<b>)
FNDA:0,Microsoft.FSharp.Control.FSharpAsync`1<Microsoft.FSharp.Core.FSharpOption`1<b>> FsToolkit.ErrorHandling.Operator.AsyncOption.AsyncOption/op_LessBangGreater@8-12::Invoke(Microsoft.FSharp.Core.FSharpOption`1<a>)
FNDA:0,Microsoft.FSharp.Control.AsyncReturn FsToolkit.ErrorHandling.Operator.AsyncOption.AsyncOption/op_LessBangGreater@8-13::Invoke(Microsoft.FSharp.Control.AsyncActivation`1<Microsoft.FSharp.Core.FSharpOption`1<b>>)
FNF:7
FNH:0
BRF:0
BRH:0
DA:8,0
DA:9,0
DA:10,0
LH:0
LF:3
end_of_record
TN: FsToolkit.ErrorHandling
SF:/Users/jimmybyrd/Documents/repos/public/demystifyfp/FsToolkit.ErrorHandling/src/FsToolkit.ErrorHandling/AsyncResult.fs
FN:10,Microsoft.FSharp.Control.FSharpAsync`1<Microsoft.FSharp.Core.FSharpResult`2<c,b>> FsToolkit.ErrorHandling.AsyncResult::func2@1(Microsoft.FSharp.Core.FSharpResult`2<c,b>)
FN:10,Microsoft.FSharp.Control.FSharpAsync`1<Microsoft.FSharp.Core.FSharpResult`2<c,b>> FsToolkit.ErrorHandling.AsyncResult::mapError(Microsoft.FSharp.Core.FSharpFunc`2<a,b>,Microsoft.FSharp.Control.FSharpAsync`1<Microsoft.FSharp.Core.FSharpResult`2<c,a>>)
FN:14,Microsoft.FSharp.Control.FSharpAsync`1<Microsoft.FSharp.Core.FSharpResult`2<b,c>> FsToolkit.ErrorHandling.AsyncResult::func2@1-1(Microsoft.FSharp.Core.FSharpResult`2<b,c>)
FN:14,Microsoft.FSharp.Control.FSharpAsync`1<Microsoft.FSharp.Core.FSharpResult`2<b,c>> FsToolkit.ErrorHandling.AsyncResult::bind(Microsoft.FSharp.Core.FSharpFunc`2<a,Microsoft.FSharp.Control.FSharpAsync`1<Microsoft.FSharp.Core.FSharpResult`2<b,c>>>,Microsoft.FSharp.Control.FSharpAsync`1<Microsoft.FSharp.Core.FSharpResult`2<a,c>>)
FN:17,Microsoft.FSharp.Control.FSharpAsync`1<b> FsToolkit.ErrorHandling.AsyncResult::func2@1-2(b)
FN:17,Microsoft.FSharp.Control.FSharpAsync`1<b> FsToolkit.ErrorHandling.AsyncResult::foldResult(Microsoft.FSharp.Core.FSharpFunc`2<a,b>,Microsoft.FSharp.Core.FSharpFunc`2<c,b>,Microsoft.FSharp.Control.FSharpAsync`1<Microsoft.FSharp.Core.FSharpResult`2<a,c>>)
FN:27,Microsoft.FSharp.Control.FSharpAsync`1<Microsoft.FSharp.Core.FSharpResult`2<a,System.Exception>> FsToolkit.ErrorHandling.AsyncResult::func2@1-3(Microsoft.FSharp.Core.FSharpResult`2<a,System.Exception>)
FN:22,Microsoft.FSharp.Control.FSharpAsync`1<Microsoft.FSharp.Core.FSharpResult`2<a,System.Exception>> FsToolkit.ErrorHandling.AsyncResult::ofTask(System.Threading.Tasks.Task`1<a>)
FN:35,Microsoft.FSharp.Control.FSharpAsync`1<Microsoft.FSharp.Core.FSharpResult`2<Microsoft.FSharp.Core.Unit,System.Exception>> FsToolkit.ErrorHandling.AsyncResult::func2@1-4(Microsoft.FSharp.Core.FSharpResult`2<Microsoft.FSharp.Core.Unit,System.Exception>)
FN:30,Microsoft.FSharp.Control.FSharpAsync`1<Microsoft.FSharp.Core.FSharpResult`2<Microsoft.FSharp.Core.Unit,System.Exception>> FsToolkit.ErrorHandling.AsyncResult::ofTaskAction(System.Threading.Tasks.Task)
FN:39,Microsoft.FSharp.Control.FSharpAsync`1<Microsoft.FSharp.Core.FSharpResult`2<a,b>> FsToolkit.ErrorHandling.AsyncResult::retn(a)
FN:41,Microsoft.FSharp.Core.FSharpFunc`2<a,Microsoft.FSharp.Control.FSharpAsync`1<Microsoft.FSharp.Core.FSharpResult`2<a,b>>> FsToolkit.ErrorHandling.AsyncResult::ok()
FN:43,Microsoft.FSharp.Control.FSharpAsync`1<Microsoft.FSharp.Core.FSharpResult`2<b,a>> FsToolkit.ErrorHandling.AsyncResult::returnError(a)
FN:45,Microsoft.FSharp.Core.FSharpFunc`2<a,Microsoft.FSharp.Control.FSharpAsync`1<Microsoft.FSharp.Core.FSharpResult`2<b,a>>> FsToolkit.ErrorHandling.AsyncResult::error()
FN:47,Microsoft.FSharp.Control.FSharpAsync`1<Microsoft.FSharp.Core.FSharpResult`2<c,d>> FsToolkit.ErrorHandling.AsyncResult::map2(Microsoft.FSharp.Core.FSharpFunc`2<a,Microsoft.FSharp.Core.FSharpFunc`2<b,c>>,Microsoft.FSharp.Control.FSharpAsync`1<Microsoft.FSharp.Core.FSharpResult`2<a,d>>,Microsoft.FSharp.Control.FSharpAsync`1<Microsoft.FSharp.Core.FSharpResult`2<b,d>>)
FN:74,Microsoft.FSharp.Control.FSharpAsync`1<Microsoft.FSharp.Core.FSharpResult`2<ok,error2>> FsToolkit.ErrorHandling.AsyncResult::orElse(Microsoft.FSharp.Control.FSharpAsync`1<Microsoft.FSharp.Core.FSharpResult`2<ok,error2>>,Microsoft.FSharp.Control.FSharpAsync`1<Microsoft.FSharp.Core.FSharpResult`2<ok,error>>)
FN:97,Microsoft.FSharp.Control.FSharpAsync`1<Microsoft.FSharp.Core.FSharpResult`2<ok,error2>> FsToolkit.ErrorHandling.AsyncResult::orElseWith(Microsoft.FSharp.Core.FSharpFunc`2<error,Microsoft.FSharp.Control.FSharpAsync`1<Microsoft.FSharp.Core.FSharpResult`2<ok,error2>>>,Microsoft.FSharp.Control.FSharpAsync`1<Microsoft.FSharp.Core.FSharpResult`2<ok,error>>)
FN:100,Microsoft.FSharp.Control.FSharpAsync`1<Microsoft.FSharp.Core.FSharpResult`2<Microsoft.FSharp.Core.Unit,b>> FsToolkit.ErrorHandling.AsyncResult::func2@1-5(Microsoft.FSharp.Core.FSharpResult`2<Microsoft.FSharp.Core.Unit,b>)
FN:104,Microsoft.FSharp.Control.FSharpAsync`1<Microsoft.FSharp.Core.FSharpResult`2<Microsoft.FSharp.Core.Unit,a>> FsToolkit.ErrorHandling.AsyncResult::func2@1-6(Microsoft.FSharp.Core.FSharpResult`2<Microsoft.FSharp.Core.Unit,a>)
FN:104,Microsoft.FSharp.Control.FSharpAsync`1<Microsoft.FSharp.Core.FSharpResult`2<Microsoft.FSharp.Core.Unit,a>> FsToolkit.ErrorHandling.AsyncResult::requireTrue(a,Microsoft.FSharp.Control.FSharpAsync`1<System.Boolean>)
FN:108,Microsoft.FSharp.Control.FSharpAsync`1<Microsoft.FSharp.Core.FSharpResult`2<Microsoft.FSharp.Core.Unit,a>> FsToolkit.ErrorHandling.AsyncResult::func2@1-7(Microsoft.FSharp.Core.FSharpResult`2<Microsoft.FSharp.Core.Unit,a>)
FN:108,Microsoft.FSharp.Control.FSharpAsync`1<Microsoft.FSharp.Core.FSharpResult`2<Microsoft.FSharp.Core.Unit,a>> FsToolkit.ErrorHandling.AsyncResult::requireFalse(a,Microsoft.FSharp.Control.FSharpAsync`1<System.Boolean>)
FN:112,Microsoft.FSharp.Control.FSharpAsync`1<Microsoft.FSharp.Core.FSharpResult`2<b,a>> FsToolkit.ErrorHandling.AsyncResult::func2@1-8(Microsoft.FSharp.Core.FSharpResult`2<b,a>)
FN:112,Microsoft.FSharp.Control.FSharpAsync`1<Microsoft.FSharp.Core.FSharpResult`2<b,a>> FsToolkit.ErrorHandling.AsyncResult::requireSome(a,Microsoft.FSharp.Control.FSharpAsync`1<Microsoft.FSharp.Core.FSharpOption`1<b>>)
FN:116,Microsoft.FSharp.Control.FSharpAsync`1<Microsoft.FSharp.Core.FSharpResult`2<Microsoft.FSharp.Core.Unit,a>> FsToolkit.ErrorHandling.AsyncResult::func2@1-9(Microsoft.FSharp.Core.FSharpResult`2<Microsoft.FSharp.Core.Unit,a>)
FN:116,Microsoft.FSharp.Control.FSharpAsync`1<Microsoft.FSharp.Core.FSharpResult`2<Microsoft.FSharp.Core.Unit,a>> FsToolkit.ErrorHandling.AsyncResult::requireNone(a,Microsoft.FSharp.Control.FSharpAsync`1<Microsoft.FSharp.Core.FSharpOption`1<b>>)
FN:121,Microsoft.FSharp.Control.FSharpAsync`1<Microsoft.FSharp.Core.FSharpResult`2<Microsoft.FSharp.Core.Unit,b>> FsToolkit.ErrorHandling.AsyncResult::func2@1-10(Microsoft.FSharp.Core.FSharpResult`2<Microsoft.FSharp.Core.Unit,b>)
FN:121,Microsoft.FSharp.Control.FSharpAsync`1<Microsoft.FSharp.Core.FSharpResult`2<Microsoft.FSharp.Core.Unit,b>> FsToolkit.ErrorHandling.AsyncResult::requireEqual(a,Microsoft.FSharp.Control.FSharpAsync`1<a>,b)
FN:126,Microsoft.FSharp.Control.FSharpAsync`1<Microsoft.FSharp.Core.FSharpResult`2<Microsoft.FSharp.Core.Unit,b>> FsToolkit.ErrorHandling.AsyncResult::func2@1-11(Microsoft.FSharp.Core.FSharpResult`2<Microsoft.FSharp.Core.Unit,b>)
FN:126,Microsoft.FSharp.Control.FSharpAsync`1<Microsoft.FSharp.Core.FSharpResult`2<Microsoft.FSharp.Core.Unit,b>> FsToolkit.ErrorHandling.AsyncResult::requireEqualTo(a,b,Microsoft.FSharp.Control.FSharpAsync`1<a>)
FN:130,Microsoft.FSharp.Control.FSharpAsync`1<Microsoft.FSharp.Core.FSharpResult`2<Microsoft.FSharp.Core.Unit,a>> FsToolkit.ErrorHandling.AsyncResult::func2@1-12(Microsoft.FSharp.Core.FSharpResult`2<Microsoft.FSharp.Core.Unit,a>)
FN:130,Microsoft.FSharp.Control.FSharpAsync`1<Microsoft.FSharp.Core.FSharpResult`2<Microsoft.FSharp.Core.Unit,a>> FsToolkit.ErrorHandling.AsyncResult::requireEmpty(a,Microsoft.FSharp.Control.FSharpAsync`1<b>)
FN:134,Microsoft.FSharp.Control.FSharpAsync`1<Microsoft.FSharp.Core.FSharpResult`2<Microsoft.FSharp.Core.Unit,a>> FsToolkit.ErrorHandling.AsyncResult::func2@1-13(Microsoft.FSharp.Core.FSharpResult`2<Microsoft.FSharp.Core.Unit,a>)
FN:134,Microsoft.FSharp.Control.FSharpAsync`1<Microsoft.FSharp.Core.FSharpResult`2<Microsoft.FSharp.Core.Unit,a>> FsToolkit.ErrorHandling.AsyncResult::requireNotEmpty(a,Microsoft.FSharp.Control.FSharpAsync`1<b>)
FN:139,Microsoft.FSharp.Control.FSharpAsync`1<Microsoft.FSharp.Core.FSharpResult`2<c,a>> FsToolkit.ErrorHandling.AsyncResult::func2@1-14(Microsoft.FSharp.Core.FSharpResult`2<c,a>)
FN:139,Microsoft.FSharp.Control.FSharpAsync`1<Microsoft.FSharp.Core.FSharpResult`2<c,a>> FsToolkit.ErrorHandling.AsyncResult::requireHead(a,Microsoft.FSharp.Control.FSharpAsync`1<b>)
FN:144,Microsoft.FSharp.Control.FSharpAsync`1<Microsoft.FSharp.Core.FSharpResult`2<b,a>> FsToolkit.ErrorHandling.AsyncResult::func2@1-15(Microsoft.FSharp.Core.FSharpResult`2<b,a>)
FN:144,Microsoft.FSharp.Control.FSharpAsync`1<Microsoft.FSharp.Core.FSharpResult`2<b,a>> FsToolkit.ErrorHandling.AsyncResult::setError(a,Microsoft.FSharp.Control.FSharpAsync`1<Microsoft.FSharp.Core.FSharpResult`2<b,c>>)
FN:149,Microsoft.FSharp.Control.FSharpAsync`1<Microsoft.FSharp.Core.FSharpResult`2<b,a>> FsToolkit.ErrorHandling.AsyncResult::func2@1-16(Microsoft.FSharp.Core.FSharpResult`2<b,a>)
FN:149,Microsoft.FSharp.Control.FSharpAsync`1<Microsoft.FSharp.Core.FSharpResult`2<b,a>> FsToolkit.ErrorHandling.AsyncResult::withError(a,Microsoft.FSharp.Control.FSharpAsync`1<Microsoft.FSharp.Core.FSharpResult`2<b,Microsoft.FSharp.Core.Unit>>)
FN:155,Microsoft.FSharp.Control.FSharpAsync`1<a> FsToolkit.ErrorHandling.AsyncResult::func2@1-17(a)
FN:161,Microsoft.FSharp.Control.FSharpAsync`1<a> FsToolkit.ErrorHandling.AsyncResult::func2@1-18(a)
FN:167,Microsoft.FSharp.Control.FSharpAsync`1<a> FsToolkit.ErrorHandling.AsyncResult::func2@1-19(a)
FN:171,Microsoft.FSharp.Control.FSharpAsync`1<Microsoft.FSharp.Core.Unit> FsToolkit.ErrorHandling.AsyncResult::ignoreError(Microsoft.FSharp.Control.FSharpAsync`1<Microsoft.FSharp.Core.FSharpResult`2<Microsoft.FSharp.Core.Unit,a>>)
FN:175,Microsoft.FSharp.Control.FSharpAsync`1<Microsoft.FSharp.Core.FSharpResult`2<a,b>> FsToolkit.ErrorHandling.AsyncResult::func2@1-20(Microsoft.FSharp.Core.FSharpResult`2<a,b>)
FN:175,Microsoft.FSharp.Control.FSharpAsync`1<Microsoft.FSharp.Core.FSharpResult`2<a,b>> FsToolkit.ErrorHandling.AsyncResult::tee(Microsoft.FSharp.Core.FSharpFunc`2<a,Microsoft.FSharp.Core.Unit>,Microsoft.FSharp.Control.FSharpAsync`1<Microsoft.FSharp.Core.FSharpResult`2<a,b>>)
FN:181,Microsoft.FSharp.Control.FSharpAsync`1<Microsoft.FSharp.Core.FSharpResult`2<a,b>> FsToolkit.ErrorHandling.AsyncResult::func2@1-21(Microsoft.FSharp.Core.FSharpResult`2<a,b>)
FN:181,Microsoft.FSharp.Control.FSharpAsync`1<Microsoft.FSharp.Core.FSharpResult`2<a,b>> FsToolkit.ErrorHandling.AsyncResult::teeIf(Microsoft.FSharp.Core.FSharpFunc`2<a,System.Boolean>,Microsoft.FSharp.Core.FSharpFunc`2<a,Microsoft.FSharp.Core.Unit>,Microsoft.FSharp.Control.FSharpAsync`1<Microsoft.FSharp.Core.FSharpResult`2<a,b>>)
FN:186,Microsoft.FSharp.Control.FSharpAsync`1<Microsoft.FSharp.Core.FSharpResult`2<b,a>> FsToolkit.ErrorHandling.AsyncResult::func2@1-22(Microsoft.FSharp.Core.FSharpResult`2<b,a>)
FN:186,Microsoft.FSharp.Control.FSharpAsync`1<Microsoft.FSharp.Core.FSharpResult`2<b,a>> FsToolkit.ErrorHandling.AsyncResult::teeError(Microsoft.FSharp.Core.FSharpFunc`2<a,Microsoft.FSharp.Core.Unit>,Microsoft.FSharp.Control.FSharpAsync`1<Microsoft.FSharp.Core.FSharpResult`2<b,a>>)
FN:192,Microsoft.FSharp.Control.FSharpAsync`1<Microsoft.FSharp.Core.FSharpResult`2<b,a>> FsToolkit.ErrorHandling.AsyncResult::func2@1-23(Microsoft.FSharp.Core.FSharpResult`2<b,a>)
FN:192,Microsoft.FSharp.Control.FSharpAsync`1<Microsoft.FSharp.Core.FSharpResult`2<b,a>> FsToolkit.ErrorHandling.AsyncResult::teeErrorIf(Microsoft.FSharp.Core.FSharpFunc`2<a,System.Boolean>,Microsoft.FSharp.Core.FSharpFunc`2<a,Microsoft.FSharp.Core.Unit>,Microsoft.FSharp.Control.FSharpAsync`1<Microsoft.FSharp.Core.FSharpResult`2<b,a>>)
FN:198,Microsoft.FSharp.Control.FSharpAsync`1<Microsoft.FSharp.Core.FSharpResult`2<System.Tuple`2<a,c>,b>> FsToolkit.ErrorHandling.AsyncResult::func2@1-24(Microsoft.FSharp.Core.FSharpResult`2<System.Tuple`2<a,c>,b>)
FN:197,Microsoft.FSharp.Control.FSharpAsync`1<Microsoft.FSharp.Core.FSharpResult`2<System.Tuple`2<a,c>,b>> FsToolkit.ErrorHandling.AsyncResult::zip(Microsoft.FSharp.Control.FSharpAsync`1<Microsoft.FSharp.Core.FSharpResult`2<a,b>>,Microsoft.FSharp.Control.FSharpAsync`1<Microsoft.FSharp.Core.FSharpResult`2<c,b>>)
FN:203,Microsoft.FSharp.Control.FSharpAsync`1<Microsoft.FSharp.Core.FSharpResult`2<a,System.Tuple`2<b,c>>> FsToolkit.ErrorHandling.AsyncResult::func2@1-25(Microsoft.FSharp.Core.FSharpResult`2<a,System.Tuple`2<b,c>>)
FN:202,Microsoft.FSharp.Control.FSharpAsync`1<Microsoft.FSharp.Core.FSharpResult`2<a,System.Tuple`2<b,c>>> FsToolkit.ErrorHandling.AsyncResult::zipError(Microsoft.FSharp.Control.FSharpAsync`1<Microsoft.FSharp.Core.FSharpResult`2<a,b>>,Microsoft.FSharp.Control.FSharpAsync`1<Microsoft.FSharp.Core.FSharpResult`2<a,c>>)
FN:213,Microsoft.FSharp.Core.FSharpResult`2<b,a> FsToolkit.ErrorHandling.AsyncResult::f@13(Microsoft.FSharp.Core.FSharpFunc`2<System.Exception,a>,Microsoft.FSharp.Core.FSharpChoice`2<Microsoft.FSharp.Core.FSharpResult`2<b,a>,System.Exception>)
FN:209,Microsoft.FSharp.Control.FSharpAsync`1<Microsoft.FSharp.Core.FSharpResult`2<b,a>> FsToolkit.ErrorHandling.AsyncResult::func2@1-26(Microsoft.FSharp.Core.FSharpResult`2<b,a>)
FN:207,Microsoft.FSharp.Control.FSharpAsync`1<Microsoft.FSharp.Core.FSharpResult`2<b,a>> FsToolkit.ErrorHandling.AsyncResult::catch(Microsoft.FSharp.Core.FSharpFunc`2<System.Exception,a>,Microsoft.FSharp.Control.FSharpAsync`1<Microsoft.FSharp.Core.FSharpResult`2<b,a>>)
FN:216,Microsoft.FSharp.Control.FSharpAsync`1<Microsoft.FSharp.Core.FSharpResult`2<a,b>> FsToolkit.ErrorHandling.AsyncResult::func2@1-27(Microsoft.FSharp.Core.FSharpResult`2<a,b>)
FN:216,Microsoft.FSharp.Control.FSharpAsync`1<Microsoft.FSharp.Core.FSharpResult`2<a,b>> FsToolkit.ErrorHandling.AsyncResult::ofAsync(Microsoft.FSharp.Control.FSharpAsync`1<a>)
FN:219,Microsoft.FSharp.Control.FSharpAsync`1<Microsoft.FSharp.Core.FSharpResult`2<a,b>> FsToolkit.ErrorHandling.AsyncResult::ofResult(Microsoft.FSharp.Core.FSharpResult`2<a,b>)
FN:8,Microsoft.FSharp.Core.FSharpResult`2<b,c> FsToolkit.ErrorHandling.AsyncResult/map@8-5::Invoke(Microsoft.FSharp.Core.FSharpResult`2<a,c>)
FN:8,Microsoft.FSharp.Control.AsyncReturn FsToolkit.ErrorHandling.AsyncResult/map@8-7::Invoke(Microsoft.FSharp.Control.AsyncActivation`1<Microsoft.FSharp.Core.FSharpResult`2<b,c>>)
FN:8,Microsoft.FSharp.Control.FSharpAsync`1<Microsoft.FSharp.Core.FSharpResult`2<b,c>> FsToolkit.ErrorHandling.AsyncResult/map@8-6::Invoke(Microsoft.FSharp.Core.FSharpResult`2<b,c>)
FN:8,Microsoft.FSharp.Control.FSharpAsync`1<Microsoft.FSharp.Core.FSharpResult`2<b,c>> FsToolkit.ErrorHandling.AsyncResult/map@8-8::Invoke(Microsoft.FSharp.Core.FSharpResult`2<a,c>)
FN:8,Microsoft.FSharp.Control.AsyncReturn FsToolkit.ErrorHandling.AsyncResult/map@8-9::Invoke(Microsoft.FSharp.Control.AsyncActivation`1<Microsoft.FSharp.Core.FSharpResult`2<b,c>>)
FN:10,Microsoft.FSharp.Control.FSharpAsync`1<Microsoft.FSharp.Core.FSharpResult`2<c,b>> FsToolkit.ErrorHandling.AsyncResult/mapError@10::Invoke(Microsoft.FSharp.Core.FSharpResult`2<c,a>)
FN:10,Microsoft.FSharp.Control.AsyncReturn FsToolkit.ErrorHandling.AsyncResult/mapError@10-1::Invoke(Microsoft.FSharp.Control.AsyncActivation`1<Microsoft.FSharp.Core.FSharpResult`2<c,b>>)
FN:10,Microsoft.FSharp.Control.AsyncReturn FsToolkit.ErrorHandling.AsyncResult/mapError@10-2::Invoke(Microsoft.FSharp.Control.AsyncActivation`1<Microsoft.FSharp.Core.FSharpResult`2<c,b>>)
FN:14,Microsoft.FSharp.Control.FSharpAsync`1<Microsoft.FSharp.Core.FSharpResult`2<b,c>> FsToolkit.ErrorHandling.AsyncResult/bind@14-2::Invoke(c)
FN:14,Microsoft.FSharp.Control.FSharpAsync`1<Microsoft.FSharp.Core.FSharpResult`2<b,c>> FsToolkit.ErrorHandling.AsyncResult/bind@14-3::Invoke(Microsoft.FSharp.Core.FSharpResult`2<a,c>)
FN:14,Microsoft.FSharp.Control.AsyncReturn FsToolkit.ErrorHandling.AsyncResult/bind@14-4::Invoke(Microsoft.FSharp.Control.AsyncActivation`1<Microsoft.FSharp.Core.FSharpResult`2<b,c>>)
FN:14,Microsoft.FSharp.Control.AsyncReturn FsToolkit.ErrorHandling.AsyncResult/bind@14-5::Invoke(Microsoft.FSharp.Control.AsyncActivation`1<Microsoft.FSharp.Core.FSharpResult`2<b,c>>)
FN:17,Microsoft.FSharp.Control.FSharpAsync`1<b> FsToolkit.ErrorHandling.AsyncResult/foldResult@17::Invoke(Microsoft.FSharp.Core.FSharpResult`2<a,c>)
FN:17,Microsoft.FSharp.Control.AsyncReturn FsToolkit.ErrorHandling.AsyncResult/foldResult@17-1::Invoke(Microsoft.FSharp.Control.AsyncActivation`1<b>)
FN:17,Microsoft.FSharp.Control.AsyncReturn FsToolkit.ErrorHandling.AsyncResult/foldResult@17-2::Invoke(Microsoft.FSharp.Control.AsyncActivation`1<b>)
FN:27,Microsoft.FSharp.Control.FSharpAsync`1<Microsoft.FSharp.Core.FSharpResult`2<a,System.Exception>> FsToolkit.ErrorHandling.AsyncResult/ofTask@27-1::Invoke(Microsoft.FSharp.Core.FSharpChoice`2<a,System.Exception>)
FN:27,Microsoft.FSharp.Control.AsyncReturn FsToolkit.ErrorHandling.AsyncResult/ofTask@27-2::Invoke(Microsoft.FSharp.Control.AsyncActivation`1<Microsoft.FSharp.Core.FSharpResult`2<a,System.Exception>>)
FN:24,Microsoft.FSharp.Control.FSharpAsync`1<Microsoft.FSharp.Core.FSharpResult`2<a,System.Exception>> FsToolkit.ErrorHandling.AsyncResult/ofTask@23::Invoke(Microsoft.FSharp.Core.Unit)
FN:27,Microsoft.FSharp.Control.AsyncReturn FsToolkit.ErrorHandling.AsyncResult/ofTask@27-3::Invoke(Microsoft.FSharp.Control.AsyncActivation`1<Microsoft.FSharp.Core.FSharpResult`2<a,System.Exception>>)
FN:35,Microsoft.FSharp.Control.FSharpAsync`1<Microsoft.FSharp.Core.FSharpResult`2<Microsoft.FSharp.Core.Unit,System.Exception>> FsToolkit.ErrorHandling.AsyncResult/ofTaskAction@35-1::Invoke(Microsoft.FSharp.Core.FSharpChoice`2<Microsoft.FSharp.Core.Unit,System.Exception>)
FN:35,Microsoft.FSharp.Control.AsyncReturn FsToolkit.ErrorHandling.AsyncResult/ofTaskAction@35-2::Invoke(Microsoft.FSharp.Control.AsyncActivation`1<Microsoft.FSharp.Core.FSharpResult`2<Microsoft.FSharp.Core.Unit,System.Exception>>)
FN:32,Microsoft.FSharp.Control.FSharpAsync`1<Microsoft.FSharp.Core.FSharpResult`2<Microsoft.FSharp.Core.Unit,System.Exception>> FsToolkit.ErrorHandling.AsyncResult/ofTaskAction@31::Invoke(Microsoft.FSharp.Core.Unit)
FN:35,Microsoft.FSharp.Control.AsyncReturn FsToolkit.ErrorHandling.AsyncResult/ofTaskAction@35-3::Invoke(Microsoft.FSharp.Control.AsyncActivation`1<Microsoft.FSharp.Core.FSharpResult`2<Microsoft.FSharp.Core.Unit,System.Exception>>)
FN:39,Microsoft.FSharp.Control.AsyncReturn FsToolkit.ErrorHandling.AsyncResult/retn@39::Invoke(Microsoft.FSharp.Control.AsyncActivation`1<Microsoft.FSharp.Core.FSharpResult`2<a,b>>)
FN:41,Microsoft.FSharp.Control.FSharpAsync`1<Microsoft.FSharp.Core.FSharpResult`2<a,b>> FsToolkit.ErrorHandling.AsyncResult/ok@41::Invoke(a)
FN:43,Microsoft.FSharp.Control.AsyncReturn FsToolkit.ErrorHandling.AsyncResult/returnError@43::Invoke(Microsoft.FSharp.Control.AsyncActivation`1<Microsoft.FSharp.Core.FSharpResult`2<b,a>>)
FN:45,Microsoft.FSharp.Control.FSharpAsync`1<Microsoft.FSharp.Core.FSharpResult`2<b,a>> FsToolkit.ErrorHandling.AsyncResult/error@45::Invoke(a)
FN:47,Microsoft.FSharp.Core.FSharpResult`2<c,d> FsToolkit.ErrorHandling.AsyncResult/map2@47-1::Invoke(Microsoft.FSharp.Core.FSharpResult`2<a,d>,Microsoft.FSharp.Core.FSharpResult`2<b,d>)
FN:49,Microsoft.FSharp.Core.FSharpResult`2<d,e> FsToolkit.ErrorHandling.AsyncResult/map3@49::Invoke(Microsoft.FSharp.Core.FSharpResult`2<a,e>,Microsoft.FSharp.Core.FSharpResult`2<b,e>,Microsoft.FSharp.Core.FSharpResult`2<c,e>)
FN:51,b FsToolkit.ErrorHandling.AsyncResult/apply@51-9::Invoke(Microsoft.FSharp.Core.FSharpFunc`2<a,b>,a)
FN:51,Microsoft.FSharp.Core.FSharpResult`2<b,c> FsToolkit.ErrorHandling.AsyncResult/apply@51-10::Invoke(Microsoft.FSharp.Core.FSharpResult`2<Microsoft.FSharp.Core.FSharpFunc`2<a,b>,c>,Microsoft.FSharp.Core.FSharpResult`2<a,c>)
FN:74,Microsoft.FSharp.Control.FSharpAsync`1<Microsoft.FSharp.Core.FSharpResult`2<ok,error2>> FsToolkit.ErrorHandling.AsyncResult/orElse@74-2::Invoke(error)
FN:74,Microsoft.FSharp.Control.FSharpAsync`1<Microsoft.FSharp.Core.FSharpResult`2<ok,error2>> FsToolkit.ErrorHandling.AsyncResult/orElse@74-3::Invoke(Microsoft.FSharp.Core.FSharpResult`2<ok,error>)
FN:74,Microsoft.FSharp.Control.AsyncReturn FsToolkit.ErrorHandling.AsyncResult/orElse@74-4::Invoke(Microsoft.FSharp.Control.AsyncActivation`1<Microsoft.FSharp.Core.FSharpResult`2<ok,error2>>)
FN:97,Microsoft.FSharp.Control.FSharpAsync`1<Microsoft.FSharp.Core.FSharpResult`2<ok,error2>> FsToolkit.ErrorHandling.AsyncResult/orElseWith@97-1::Invoke(Microsoft.FSharp.Core.FSharpResult`2<ok,error>)
FN:97,Microsoft.FSharp.Control.AsyncReturn FsToolkit.ErrorHandling.AsyncResult/orElseWith@97-2::Invoke(Microsoft.FSharp.Control.AsyncActivation`1<Microsoft.FSharp.Core.FSharpResult`2<ok,error2>>)
FN:100,Microsoft.FSharp.Core.Unit FsToolkit.ErrorHandling.AsyncResult/ignore@100-2::Invoke(a)
FN:100,Microsoft.FSharp.Control.FSharpAsync`1<Microsoft.FSharp.Core.FSharpResult`2<Microsoft.FSharp.Core.Unit,b>> FsToolkit.ErrorHandling.AsyncResult/ignore@100-3::Invoke(Microsoft.FSharp.Core.FSharpResult`2<a,b>)
FN:100,Microsoft.FSharp.Control.AsyncReturn FsToolkit.ErrorHandling.AsyncResult/ignore@100-4::Invoke(Microsoft.FSharp.Control.AsyncActivation`1<Microsoft.FSharp.Core.FSharpResult`2<Microsoft.FSharp.Core.Unit,b>>)
FN:100,Microsoft.FSharp.Control.AsyncReturn FsToolkit.ErrorHandling.AsyncResult/ignore@100-5::Invoke(Microsoft.FSharp.Control.AsyncActivation`1<Microsoft.FSharp.Core.FSharpResult`2<Microsoft.FSharp.Core.Unit,b>>)
FN:104,Microsoft.FSharp.Control.FSharpAsync`1<Microsoft.FSharp.Core.FSharpResult`2<Microsoft.FSharp.Core.Unit,a>> FsToolkit.ErrorHandling.AsyncResult/requireTrue@104::Invoke(System.Boolean)
FN:104,Microsoft.FSharp.Control.AsyncReturn FsToolkit.ErrorHandling.AsyncResult/requireTrue@104-1::Invoke(Microsoft.FSharp.Control.AsyncActivation`1<Microsoft.FSharp.Core.FSharpResult`2<Microsoft.FSharp.Core.Unit,a>>)
FN:104,Microsoft.FSharp.Control.AsyncReturn FsToolkit.ErrorHandling.AsyncResult/requireTrue@104-2::Invoke(Microsoft.FSharp.Control.AsyncActivation`1<Microsoft.FSharp.Core.FSharpResult`2<Microsoft.FSharp.Core.Unit,a>>)
FN:108,Microsoft.FSharp.Control.FSharpAsync`1<Microsoft.FSharp.Core.FSharpResult`2<Microsoft.FSharp.Core.Unit,a>> FsToolkit.ErrorHandling.AsyncResult/requireFalse@108::Invoke(System.Boolean)
FN:108,Microsoft.FSharp.Control.AsyncReturn FsToolkit.ErrorHandling.AsyncResult/requireFalse@108-1::Invoke(Microsoft.FSharp.Control.AsyncActivation`1<Microsoft.FSharp.Core.FSharpResult`2<Microsoft.FSharp.Core.Unit,a>>)
FN:108,Microsoft.FSharp.Control.AsyncReturn FsToolkit.ErrorHandling.AsyncResult/requireFalse@108-2::Invoke(Microsoft.FSharp.Control.AsyncActivation`1<Microsoft.FSharp.Core.FSharpResult`2<Microsoft.FSharp.Core.Unit,a>>)
FN:112,Microsoft.FSharp.Control.FSharpAsync`1<Microsoft.FSharp.Core.FSharpResult`2<b,a>> FsToolkit.ErrorHandling.AsyncResult/requireSome@112::Invoke(Microsoft.FSharp.Core.FSharpOption`1<b>)
FN:112,Microsoft.FSharp.Control.AsyncReturn FsToolkit.ErrorHandling.AsyncResult/requireSome@112-1::Invoke(Microsoft.FSharp.Control.AsyncActivation`1<Microsoft.FSharp.Core.FSharpResult`2<b,a>>)
FN:112,Microsoft.FSharp.Control.AsyncReturn FsToolkit.ErrorHandling.AsyncResult/requireSome@112-2::Invoke(Microsoft.FSharp.Control.AsyncActivation`1<Microsoft.FSharp.Core.FSharpResult`2<b,a>>)
FN:116,Microsoft.FSharp.Control.FSharpAsync`1<Microsoft.FSharp.Core.FSharpResult`2<Microsoft.FSharp.Core.Unit,a>> FsToolkit.ErrorHandling.AsyncResult/requireNone@116::Invoke(Microsoft.FSharp.Core.FSharpOption`1<b>)
FN:116,Microsoft.FSharp.Control.AsyncReturn FsToolkit.ErrorHandling.AsyncResult/requireNone@116-1::Invoke(Microsoft.FSharp.Control.AsyncActivation`1<Microsoft.FSharp.Core.FSharpResult`2<Microsoft.FSharp.Core.Unit,a>>)
FN:116,Microsoft.FSharp.Control.AsyncReturn FsToolkit.ErrorHandling.AsyncResult/requireNone@116-2::Invoke(Microsoft.FSharp.Control.AsyncActivation`1<Microsoft.FSharp.Core.FSharpResult`2<Microsoft.FSharp.Core.Unit,a>>)
FN:121,Microsoft.FSharp.Control.FSharpAsync`1<Microsoft.FSharp.Core.FSharpResult`2<Microsoft.FSharp.Core.Unit,b>> FsToolkit.ErrorHandling.AsyncResult/requireEqual@121::Invoke(a)
FN:121,Microsoft.FSharp.Control.AsyncReturn FsToolkit.ErrorHandling.AsyncResult/requireEqual@121-1::Invoke(Microsoft.FSharp.Control.AsyncActivation`1<Microsoft.FSharp.Core.FSharpResult`2<Microsoft.FSharp.Core.Unit,b>>)
FN:121,Microsoft.FSharp.Control.AsyncReturn FsToolkit.ErrorHandling.AsyncResult/requireEqual@121-2::Invoke(Microsoft.FSharp.Control.AsyncActivation`1<Microsoft.FSharp.Core.FSharpResult`2<Microsoft.FSharp.Core.Unit,b>>)
FN:126,Microsoft.FSharp.Control.FSharpAsync`1<Microsoft.FSharp.Core.FSharpResult`2<Microsoft.FSharp.Core.Unit,b>> FsToolkit.ErrorHandling.AsyncResult/requireEqualTo@126::Invoke(a)
FN:126,Microsoft.FSharp.Control.AsyncReturn FsToolkit.ErrorHandling.AsyncResult/requireEqualTo@126-1::Invoke(Microsoft.FSharp.Control.AsyncActivation`1<Microsoft.FSharp.Core.FSharpResult`2<Microsoft.FSharp.Core.Unit,b>>)
FN:126,Microsoft.FSharp.Control.AsyncReturn FsToolkit.ErrorHandling.AsyncResult/requireEqualTo@126-2::Invoke(Microsoft.FSharp.Control.AsyncActivation`1<Microsoft.FSharp.Core.FSharpResult`2<Microsoft.FSharp.Core.Unit,b>>)
FN:130,Microsoft.FSharp.Control.FSharpAsync`1<Microsoft.FSharp.Core.FSharpResult`2<Microsoft.FSharp.Core.Unit,a>> FsToolkit.ErrorHandling.AsyncResult/requireEmpty@130::Invoke(b)
FN:130,Microsoft.FSharp.Control.AsyncReturn FsToolkit.ErrorHandling.AsyncResult/requireEmpty@130-1::Invoke(Microsoft.FSharp.Control.AsyncActivation`1<Microsoft.FSharp.Core.FSharpResult`2<Microsoft.FSharp.Core.Unit,a>>)
FN:130,Microsoft.FSharp.Control.AsyncReturn FsToolkit.ErrorHandling.AsyncResult/requireEmpty@130-2::Invoke(Microsoft.FSharp.Control.AsyncActivation`1<Microsoft.FSharp.Core.FSharpResult`2<Microsoft.FSharp.Core.Unit,a>>)
FN:134,Microsoft.FSharp.Control.FSharpAsync`1<Microsoft.FSharp.Core.FSharpResult`2<Microsoft.FSharp.Core.Unit,a>> FsToolkit.ErrorHandling.AsyncResult/requireNotEmpty@134::Invoke(b)
FN:134,Microsoft.FSharp.Control.AsyncReturn FsToolkit.ErrorHandling.AsyncResult/requireNotEmpty@134-1::Invoke(Microsoft.FSharp.Control.AsyncActivation`1<Microsoft.FSharp.Core.FSharpResult`2<Microsoft.FSharp.Core.Unit,a>>)
FN:134,Microsoft.FSharp.Control.AsyncReturn FsToolkit.ErrorHandling.AsyncResult/requireNotEmpty@134-2::Invoke(Microsoft.FSharp.Control.AsyncActivation`1<Microsoft.FSharp.Core.FSharpResult`2<Microsoft.FSharp.Core.Unit,a>>)
FN:139,Microsoft.FSharp.Control.FSharpAsync`1<Microsoft.FSharp.Core.FSharpResult`2<c,a>> FsToolkit.ErrorHandling.AsyncResult/requireHead@139::Invoke(b)
FN:139,Microsoft.FSharp.Control.AsyncReturn FsToolkit.ErrorHandling.AsyncResult/requireHead@139-1::Invoke(Microsoft.FSharp.Control.AsyncActivation`1<Microsoft.FSharp.Core.FSharpResult`2<c,a>>)
FN:139,Microsoft.FSharp.Control.AsyncReturn FsToolkit.ErrorHandling.AsyncResult/requireHead@139-2::Invoke(Microsoft.FSharp.Control.AsyncActivation`1<Microsoft.FSharp.Core.FSharpResult`2<c,a>>)
FN:144,Microsoft.FSharp.Control.FSharpAsync`1<Microsoft.FSharp.Core.FSharpResult`2<b,a>> FsToolkit.ErrorHandling.AsyncResult/setError@144-1::Invoke(Microsoft.FSharp.Core.FSharpResult`2<b,c>)
FN:144,Microsoft.FSharp.Control.AsyncReturn FsToolkit.ErrorHandling.AsyncResult/setError@144-2::Invoke(Microsoft.FSharp.Control.AsyncActivation`1<Microsoft.FSharp.Core.FSharpResult`2<b,a>>)
FN:144,Microsoft.FSharp.Control.AsyncReturn FsToolkit.ErrorHandling.AsyncResult/setError@144-3::Invoke(Microsoft.FSharp.Control.AsyncActivation`1<Microsoft.FSharp.Core.FSharpResult`2<b,a>>)
FN:149,Microsoft.FSharp.Control.FSharpAsync`1<Microsoft.FSharp.Core.FSharpResult`2<b,a>> FsToolkit.ErrorHandling.AsyncResult/withError@149-1::Invoke(Microsoft.FSharp.Core.FSharpResult`2<b,Microsoft.FSharp.Core.Unit>)
FN:149,Microsoft.FSharp.Control.AsyncReturn FsToolkit.ErrorHandling.AsyncResult/withError@149-2::Invoke(Microsoft.FSharp.Control.AsyncActivation`1<Microsoft.FSharp.Core.FSharpResult`2<b,a>>)
FN:149,Microsoft.FSharp.Control.AsyncReturn FsToolkit.ErrorHandling.AsyncResult/withError@149-3::Invoke(Microsoft.FSharp.Control.AsyncActivation`1<Microsoft.FSharp.Core.FSharpResult`2<b,a>>)
FN:155,Microsoft.FSharp.Control.FSharpAsync`1<a> FsToolkit.ErrorHandling.AsyncResult/defaultValue@155-1::Invoke(Microsoft.FSharp.Core.FSharpResult`2<a,b>)
FN:155,Microsoft.FSharp.Control.AsyncReturn FsToolkit.ErrorHandling.AsyncResult/defaultValue@155-2::Invoke(Microsoft.FSharp.Control.AsyncActivation`1<a>)
FN:155,Microsoft.FSharp.Control.AsyncReturn FsToolkit.ErrorHandling.AsyncResult/defaultValue@155-3::Invoke(Microsoft.FSharp.Control.AsyncActivation`1<a>)
FN:161,Microsoft.FSharp.Control.FSharpAsync`1<a> FsToolkit.ErrorHandling.AsyncResult/defaultError@161-1::Invoke(Microsoft.FSharp.Core.FSharpResult`2<b,a>)
FN:161,Microsoft.FSharp.Control.AsyncReturn FsToolkit.ErrorHandling.AsyncResult/defaultError@161-2::Invoke(Microsoft.FSharp.Control.AsyncActivation`1<a>)
FN:161,Microsoft.FSharp.Control.AsyncReturn FsToolkit.ErrorHandling.AsyncResult/defaultError@161-3::Invoke(Microsoft.FSharp.Control.AsyncActivation`1<a>)
FN:167,Microsoft.FSharp.Control.FSharpAsync`1<a> FsToolkit.ErrorHandling.AsyncResult/defaultWith@167-1::Invoke(Microsoft.FSharp.Core.FSharpResult`2<a,b>)
FN:167,Microsoft.FSharp.Control.AsyncReturn FsToolkit.ErrorHandling.AsyncResult/defaultWith@167-2::Invoke(Microsoft.FSharp.Control.AsyncActivation`1<a>)
FN:167,Microsoft.FSharp.Control.AsyncReturn FsToolkit.ErrorHandling.AsyncResult/defaultWith@167-3::Invoke(Microsoft.FSharp.Control.AsyncActivation`1<a>)
FN:175,Microsoft.FSharp.Control.FSharpAsync`1<Microsoft.FSharp.Core.FSharpResult`2<a,b>> FsToolkit.ErrorHandling.AsyncResult/tee@175-1::Invoke(Microsoft.FSharp.Core.FSharpResult`2<a,b>)
FN:175,Microsoft.FSharp.Control.AsyncReturn FsToolkit.ErrorHandling.AsyncResult/tee@175-2::Invoke(Microsoft.FSharp.Control.AsyncActivation`1<Microsoft.FSharp.Core.FSharpResult`2<a,b>>)
FN:175,Microsoft.FSharp.Control.AsyncReturn FsToolkit.ErrorHandling.AsyncResult/tee@175-3::Invoke(Microsoft.FSharp.Control.AsyncActivation`1<Microsoft.FSharp.Core.FSharpResult`2<a,b>>)
FN:181,Microsoft.FSharp.Control.FSharpAsync`1<Microsoft.FSharp.Core.FSharpResult`2<a,b>> FsToolkit.ErrorHandling.AsyncResult/teeIf@181::Invoke(Microsoft.FSharp.Core.FSharpResult`2<a,b>)
FN:181,Microsoft.FSharp.Control.AsyncReturn FsToolkit.ErrorHandling.AsyncResult/teeIf@181-1::Invoke(Microsoft.FSharp.Control.AsyncActivation`1<Microsoft.FSharp.Core.FSharpResult`2<a,b>>)
FN:181,Microsoft.FSharp.Control.AsyncReturn FsToolkit.ErrorHandling.AsyncResult/teeIf@181-2::Invoke(Microsoft.FSharp.Control.AsyncActivation`1<Microsoft.FSharp.Core.FSharpResult`2<a,b>>)
FN:186,Microsoft.FSharp.Control.FSharpAsync`1<Microsoft.FSharp.Core.FSharpResult`2<b,a>> FsToolkit.ErrorHandling.AsyncResult/teeError@186-1::Invoke(Microsoft.FSharp.Core.FSharpResult`2<b,a>)
FN:186,Microsoft.FSharp.Control.AsyncReturn FsToolkit.ErrorHandling.AsyncResult/teeError@186-2::Invoke(Microsoft.FSharp.Control.AsyncActivation`1<Microsoft.FSharp.Core.FSharpResult`2<b,a>>)
FN:186,Microsoft.FSharp.Control.AsyncReturn FsToolkit.ErrorHandling.AsyncResult/teeError@186-3::Invoke(Microsoft.FSharp.Control.AsyncActivation`1<Microsoft.FSharp.Core.FSharpResult`2<b,a>>)
FN:192,Microsoft.FSharp.Control.FSharpAsync`1<Microsoft.FSharp.Core.FSharpResult`2<b,a>> FsToolkit.ErrorHandling.AsyncResult/teeErrorIf@192::Invoke(Microsoft.FSharp.Core.FSharpResult`2<b,a>)
FN:192,Microsoft.FSharp.Control.AsyncReturn FsToolkit.ErrorHandling.AsyncResult/teeErrorIf@192-1::Invoke(Microsoft.FSharp.Control.AsyncActivation`1<Microsoft.FSharp.Core.FSharpResult`2<b,a>>)
FN:192,Microsoft.FSharp.Control.AsyncReturn FsToolkit.ErrorHandling.AsyncResult/teeErrorIf@192-2::Invoke(Microsoft.FSharp.Control.AsyncActivation`1<Microsoft.FSharp.Core.FSharpResult`2<b,a>>)
FN:198,Microsoft.FSharp.Control.FSharpAsync`1<Microsoft.FSharp.Core.FSharpResult`2<System.Tuple`2<a,c>,b>> FsToolkit.ErrorHandling.AsyncResult/zip@198-6::Invoke(System.Tuple`2<Microsoft.FSharp.Core.FSharpResult`2<a,b>,Microsoft.FSharp.Core.FSharpResult`2<c,b>>)
FN:198,Microsoft.FSharp.Control.AsyncReturn FsToolkit.ErrorHandling.AsyncResult/zip@198-7::Invoke(Microsoft.FSharp.Control.AsyncActivation`1<Microsoft.FSharp.Core.FSharpResult`2<System.Tuple`2<a,c>,b>>)
FN:198,Microsoft.FSharp.Control.AsyncReturn FsToolkit.ErrorHandling.AsyncResult/zip@198-8::Invoke(Microsoft.FSharp.Control.AsyncActivation`1<Microsoft.FSharp.Core.FSharpResult`2<System.Tuple`2<a,c>,b>>)
FN:203,Microsoft.FSharp.Control.FSharpAsync`1<Microsoft.FSharp.Core.FSharpResult`2<a,System.Tuple`2<b,c>>> FsToolkit.ErrorHandling.AsyncResult/zipError@203::Invoke(System.Tuple`2<Microsoft.FSharp.Core.FSharpResult`2<a,b>,Microsoft.FSharp.Core.FSharpResult`2<a,c>>)
FN:203,Microsoft.FSharp.Control.AsyncReturn FsToolkit.ErrorHandling.AsyncResult/zipError@203-1::Invoke(Microsoft.FSharp.Control.AsyncActivation`1<Microsoft.FSharp.Core.FSharpResult`2<a,System.Tuple`2<b,c>>>)
FN:203,Microsoft.FSharp.Control.AsyncReturn FsToolkit.ErrorHandling.AsyncResult/zipError@203-2::Invoke(Microsoft.FSharp.Control.AsyncActivation`1<Microsoft.FSharp.Core.FSharpResult`2<a,System.Tuple`2<b,c>>>)
FN:209,Microsoft.FSharp.Control.FSharpAsync`1<Microsoft.FSharp.Core.FSharpResult`2<b,a>> FsToolkit.ErrorHandling.AsyncResult/catch@209::Invoke(Microsoft.FSharp.Core.FSharpChoice`2<Microsoft.FSharp.Core.FSharpResult`2<b,a>,System.Exception>)
FN:209,Microsoft.FSharp.Control.AsyncReturn FsToolkit.ErrorHandling.AsyncResult/catch@209-1::Invoke(Microsoft.FSharp.Control.AsyncActivation`1<Microsoft.FSharp.Core.FSharpResult`2<b,a>>)
FN:209,Microsoft.FSharp.Control.AsyncReturn FsToolkit.ErrorHandling.AsyncResult/catch@209-2::Invoke(Microsoft.FSharp.Control.AsyncActivation`1<Microsoft.FSharp.Core.FSharpResult`2<b,a>>)
FN:216,Microsoft.FSharp.Control.FSharpAsync`1<Microsoft.FSharp.Core.FSharpResult`2<a,b>> FsToolkit.ErrorHandling.AsyncResult/ofAsync@216::Invoke(a)
FN:216,Microsoft.FSharp.Control.AsyncReturn FsToolkit.ErrorHandling.AsyncResult/ofAsync@216-1::Invoke(Microsoft.FSharp.Control.AsyncActivation`1<Microsoft.FSharp.Core.FSharpResult`2<a,b>>)
FN:216,Microsoft.FSharp.Control.AsyncReturn FsToolkit.ErrorHandling.AsyncResult/ofAsync@216-2::Invoke(Microsoft.FSharp.Control.AsyncActivation`1<Microsoft.FSharp.Core.FSharpResult`2<a,b>>)
FN:219,Microsoft.FSharp.Control.AsyncReturn FsToolkit.ErrorHandling.AsyncResult/ofResult@219::Invoke(Microsoft.FSharp.Control.AsyncActivation`1<Microsoft.FSharp.Core.FSharpResult`2<a,b>>)
FNDA:0,Microsoft.FSharp.Control.FSharpAsync`1<Microsoft.FSharp.Core.FSharpResult`2<c,b>> FsToolkit.ErrorHandling.AsyncResult::func2@1(Microsoft.FSharp.Core.FSharpResult`2<c,b>)
FNDA:0,Microsoft.FSharp.Control.FSharpAsync`1<Microsoft.FSharp.Core.FSharpResult`2<c,b>> FsToolkit.ErrorHandling.AsyncResult::mapError(Microsoft.FSharp.Core.FSharpFunc`2<a,b>,Microsoft.FSharp.Control.FSharpAsync`1<Microsoft.FSharp.Core.FSharpResult`2<c,a>>)
FNDA:0,Microsoft.FSharp.Control.FSharpAsync`1<Microsoft.FSharp.Core.FSharpResult`2<b,c>> FsToolkit.ErrorHandling.AsyncResult::func2@1-1(Microsoft.FSharp.Core.FSharpResult`2<b,c>)
FNDA:0,Microsoft.FSharp.Control.FSharpAsync`1<Microsoft.FSharp.Core.FSharpResult`2<b,c>> FsToolkit.ErrorHandling.AsyncResult::bind(Microsoft.FSharp.Core.FSharpFunc`2<a,Microsoft.FSharp.Control.FSharpAsync`1<Microsoft.FSharp.Core.FSharpResult`2<b,c>>>,Microsoft.FSharp.Control.FSharpAsync`1<Microsoft.FSharp.Core.FSharpResult`2<a,c>>)
FNDA:0,Microsoft.FSharp.Control.FSharpAsync`1<b> FsToolkit.ErrorHandling.AsyncResult::func2@1-2(b)
FNDA:0,Microsoft.FSharp.Control.FSharpAsync`1<b> FsToolkit.ErrorHandling.AsyncResult::foldResult(Microsoft.FSharp.Core.FSharpFunc`2<a,b>,Microsoft.FSharp.Core.FSharpFunc`2<c,b>,Microsoft.FSharp.Control.FSharpAsync`1<Microsoft.FSharp.Core.FSharpResult`2<a,c>>)
FNDA:0,Microsoft.FSharp.Control.FSharpAsync`1<Microsoft.FSharp.Core.FSharpResult`2<a,System.Exception>> FsToolkit.ErrorHandling.AsyncResult::func2@1-3(Microsoft.FSharp.Core.FSharpResult`2<a,System.Exception>)
FNDA:0,Microsoft.FSharp.Control.FSharpAsync`1<Microsoft.FSharp.Core.FSharpResult`2<a,System.Exception>> FsToolkit.ErrorHandling.AsyncResult::ofTask(System.Threading.Tasks.Task`1<a>)
FNDA:0,Microsoft.FSharp.Control.FSharpAsync`1<Microsoft.FSharp.Core.FSharpResult`2<Microsoft.FSharp.Core.Unit,System.Exception>> FsToolkit.ErrorHandling.AsyncResult::func2@1-4(Microsoft.FSharp.Core.FSharpResult`2<Microsoft.FSharp.Core.Unit,System.Exception>)
FNDA:0,Microsoft.FSharp.Control.FSharpAsync`1<Microsoft.FSharp.Core.FSharpResult`2<Microsoft.FSharp.Core.Unit,System.Exception>> FsToolkit.ErrorHandling.AsyncResult::ofTaskAction(System.Threading.Tasks.Task)
FNDA:3,Microsoft.FSharp.Control.FSharpAsync`1<Microsoft.FSharp.Core.FSharpResult`2<a,b>> FsToolkit.ErrorHandling.AsyncResult::retn(a)
FNDA:0,Microsoft.FSharp.Core.FSharpFunc`2<a,Microsoft.FSharp.Control.FSharpAsync`1<Microsoft.FSharp.Core.FSharpResult`2<a,b>>> FsToolkit.ErrorHandling.AsyncResult::ok()
FNDA:0,Microsoft.FSharp.Control.FSharpAsync`1<Microsoft.FSharp.Core.FSharpResult`2<b,a>> FsToolkit.ErrorHandling.AsyncResult::returnError(a)
FNDA:0,Microsoft.FSharp.Core.FSharpFunc`2<a,Microsoft.FSharp.Control.FSharpAsync`1<Microsoft.FSharp.Core.FSharpResult`2<b,a>>> FsToolkit.ErrorHandling.AsyncResult::error()
FNDA:0,Microsoft.FSharp.Control.FSharpAsync`1<Microsoft.FSharp.Core.FSharpResult`2<c,d>> FsToolkit.ErrorHandling.AsyncResult::map2(Microsoft.FSharp.Core.FSharpFunc`2<a,Microsoft.FSharp.Core.FSharpFunc`2<b,c>>,Microsoft.FSharp.Control.FSharpAsync`1<Microsoft.FSharp.Core.FSharpResult`2<a,d>>,Microsoft.FSharp.Control.FSharpAsync`1<Microsoft.FSharp.Core.FSharpResult`2<b,d>>)
FNDA:0,Microsoft.FSharp.Control.FSharpAsync`1<Microsoft.FSharp.Core.FSharpResult`2<ok,error2>> FsToolkit.ErrorHandling.AsyncResult::orElse(Microsoft.FSharp.Control.FSharpAsync`1<Microsoft.FSharp.Core.FSharpResult`2<ok,error2>>,Microsoft.FSharp.Control.FSharpAsync`1<Microsoft.FSharp.Core.FSharpResult`2<ok,error>>)
FNDA:0,Microsoft.FSharp.Control.FSharpAsync`1<Microsoft.FSharp.Core.FSharpResult`2<ok,error2>> FsToolkit.ErrorHandling.AsyncResult::orElseWith(Microsoft.FSharp.Core.FSharpFunc`2<error,Microsoft.FSharp.Control.FSharpAsync`1<Microsoft.FSharp.Core.FSharpResult`2<ok,error2>>>,Microsoft.FSharp.Control.FSharpAsync`1<Microsoft.FSharp.Core.FSharpResult`2<ok,error>>)
FNDA:0,Microsoft.FSharp.Control.FSharpAsync`1<Microsoft.FSharp.Core.FSharpResult`2<Microsoft.FSharp.Core.Unit,b>> FsToolkit.ErrorHandling.AsyncResult::func2@1-5(Microsoft.FSharp.Core.FSharpResult`2<Microsoft.FSharp.Core.Unit,b>)
FNDA:0,Microsoft.FSharp.Control.FSharpAsync`1<Microsoft.FSharp.Core.FSharpResult`2<Microsoft.FSharp.Core.Unit,a>> FsToolkit.ErrorHandling.AsyncResult::func2@1-6(Microsoft.FSharp.Core.FSharpResult`2<Microsoft.FSharp.Core.Unit,a>)
FNDA:0,Microsoft.FSharp.Control.FSharpAsync`1<Microsoft.FSharp.Core.FSharpResult`2<Microsoft.FSharp.Core.Unit,a>> FsToolkit.ErrorHandling.AsyncResult::requireTrue(a,Microsoft.FSharp.Control.FSharpAsync`1<System.Boolean>)
FNDA:0,Microsoft.FSharp.Control.FSharpAsync`1<Microsoft.FSharp.Core.FSharpResult`2<Microsoft.FSharp.Core.Unit,a>> FsToolkit.ErrorHandling.AsyncResult::func2@1-7(Microsoft.FSharp.Core.FSharpResult`2<Microsoft.FSharp.Core.Unit,a>)
FNDA:0,Microsoft.FSharp.Control.FSharpAsync`1<Microsoft.FSharp.Core.FSharpResult`2<Microsoft.FSharp.Core.Unit,a>> FsToolkit.ErrorHandling.AsyncResult::requireFalse(a,Microsoft.FSharp.Control.FSharpAsync`1<System.Boolean>)
FNDA:0,Microsoft.FSharp.Control.FSharpAsync`1<Microsoft.FSharp.Core.FSharpResult`2<b,a>> FsToolkit.ErrorHandling.AsyncResult::func2@1-8(Microsoft.FSharp.Core.FSharpResult`2<b,a>)
FNDA:0,Microsoft.FSharp.Control.FSharpAsync`1<Microsoft.FSharp.Core.FSharpResult`2<b,a>> FsToolkit.ErrorHandling.AsyncResult::requireSome(a,Microsoft.FSharp.Control.FSharpAsync`1<Microsoft.FSharp.Core.FSharpOption`1<b>>)
FNDA:0,Microsoft.FSharp.Control.FSharpAsync`1<Microsoft.FSharp.Core.FSharpResult`2<Microsoft.FSharp.Core.Unit,a>> FsToolkit.ErrorHandling.AsyncResult::func2@1-9(Microsoft.FSharp.Core.FSharpResult`2<Microsoft.FSharp.Core.Unit,a>)
FNDA:0,Microsoft.FSharp.Control.FSharpAsync`1<Microsoft.FSharp.Core.FSharpResult`2<Microsoft.FSharp.Core.Unit,a>> FsToolkit.ErrorHandling.AsyncResult::requireNone(a,Microsoft.FSharp.Control.FSharpAsync`1<Microsoft.FSharp.Core.FSharpOption`1<b>>)
FNDA:0,Microsoft.FSharp.Control.FSharpAsync`1<Microsoft.FSharp.Core.FSharpResult`2<Microsoft.FSharp.Core.Unit,b>> FsToolkit.ErrorHandling.AsyncResult::func2@1-10(Microsoft.FSharp.Core.FSharpResult`2<Microsoft.FSharp.Core.Unit,b>)
FNDA:0,Microsoft.FSharp.Control.FSharpAsync`1<Microsoft.FSharp.Core.FSharpResult`2<Microsoft.FSharp.Core.Unit,b>> FsToolkit.ErrorHandling.AsyncResult::requireEqual(a,Microsoft.FSharp.Control.FSharpAsync`1<a>,b)
[...]
FN:197,Microsoft.FSharp.Control.AsyncReturn SampleDomain/allowedToPostOptional@197-2::Invoke(Microsoft.FSharp.Control.AsyncActivation`1<Microsoft.FSharp.Core.FSharpOption`1<System.Boolean>>)
FN:194,Microsoft.FSharp.Control.FSharpAsync`1<Microsoft.FSharp.Core.FSharpOption`1<System.Boolean>> SampleDomain/allowedToPostOptional@194::Invoke(Microsoft.FSharp.Core.Unit)
FN:214,Microsoft.FSharp.Control.AsyncReturn SampleDomain/createPostSuccess@214-1::Invoke(Microsoft.FSharp.Control.AsyncActivation`1<Microsoft.FSharp.Core.FSharpResult`2<SampleDomain/PostId,a>>)
FN:214,Microsoft.FSharp.Control.FSharpAsync`1<Microsoft.FSharp.Core.FSharpResult`2<SampleDomain/PostId,a>> SampleDomain/createPostSuccess@214::Invoke(Microsoft.FSharp.Core.Unit)
FN:216,Microsoft.FSharp.Control.AsyncReturn SampleDomain/createPostSome@216-1::Invoke(Microsoft.FSharp.Control.AsyncActivation`1<Microsoft.FSharp.Core.FSharpOption`1<SampleDomain/PostId>>)
FN:216,Microsoft.FSharp.Control.FSharpAsync`1<Microsoft.FSharp.Core.FSharpOption`1<SampleDomain/PostId>> SampleDomain/createPostSome@216::Invoke(Microsoft.FSharp.Core.Unit)
FN:222,Microsoft.FSharp.Control.AsyncReturn SampleDomain/getFollowersSuccess@222-1::Invoke(Microsoft.FSharp.Control.AsyncActivation`1<Microsoft.FSharp.Core.FSharpResult`2<Microsoft.FSharp.Collections.FSharpList`1<SampleDomain/UserId>,a>>)
FN:222,Microsoft.FSharp.Control.FSharpAsync`1<Microsoft.FSharp.Core.FSharpResult`2<Microsoft.FSharp.Collections.FSharpList`1<SampleDomain/UserId>,a>> SampleDomain/getFollowersSuccess@222::Invoke(Microsoft.FSharp.Core.Unit)
FN:224,Microsoft.FSharp.Control.AsyncReturn SampleDomain/getFollowersSome@224-1::Invoke(Microsoft.FSharp.Control.AsyncActivation`1<Microsoft.FSharp.Core.FSharpOption`1<Microsoft.FSharp.Collections.FSharpList`1<SampleDomain/UserId>>>)
FN:224,Microsoft.FSharp.Control.FSharpAsync`1<Microsoft.FSharp.Core.FSharpOption`1<Microsoft.FSharp.Collections.FSharpList`1<SampleDomain/UserId>>> SampleDomain/getFollowersSome@224::Invoke(Microsoft.FSharp.Core.Unit)
FN:226,Microsoft.FSharp.Control.AsyncReturn SampleDomain/getFollowersFailure@226-1::Invoke(Microsoft.FSharp.Control.AsyncActivation`1<Microsoft.FSharp.Core.FSharpResult`2<a,System.Exception>>)
FN:226,Microsoft.FSharp.Control.FSharpAsync`1<Microsoft.FSharp.Core.FSharpResult`2<a,System.Exception>> SampleDomain/getFollowersFailure@226::Invoke(Microsoft.FSharp.Core.Unit)
FN:228,Microsoft.FSharp.Control.AsyncReturn SampleDomain/createPostFailure@228-1::Invoke(Microsoft.FSharp.Control.AsyncActivation`1<Microsoft.FSharp.Core.FSharpResult`2<a,System.Exception>>)
FN:228,Microsoft.FSharp.Control.FSharpAsync`1<Microsoft.FSharp.Core.FSharpResult`2<a,System.Exception>> SampleDomain/createPostFailure@228::Invoke(Microsoft.FSharp.Core.Unit)
FN:231,Microsoft.FSharp.Control.AsyncReturn SampleDomain/notifyNewPostSuccess@231-1::Invoke(Microsoft.FSharp.Control.AsyncActivation`1<Microsoft.FSharp.Core.FSharpResult`2<System.Tuple`2<System.Guid,System.Guid>,a>>)
FN:231,Microsoft.FSharp.Control.FSharpAsync`1<Microsoft.FSharp.Core.FSharpResult`2<System.Tuple`2<System.Guid,System.Guid>,a>> SampleDomain/notifyNewPostSuccess@231::Invoke(Microsoft.FSharp.Core.Unit)
FN:234,Microsoft.FSharp.Control.AsyncReturn SampleDomain/notifyNewPostFailure@234-1::Invoke(Microsoft.FSharp.Control.AsyncActivation`1<Microsoft.FSharp.Core.FSharpResult`2<a,System.String>>)
FN:234,Microsoft.FSharp.Control.FSharpAsync`1<Microsoft.FSharp.Core.FSharpResult`2<a,System.String>> SampleDomain/notifyNewPostFailure@234::Invoke(Microsoft.FSharp.Core.Unit)
FN:249,Microsoft.FSharp.Core.FSharpResult`2<SampleDomain/Location,System.String> SampleDomain/LocationDto::ToLocation(SampleDomain/LocationDto)
FN:253,SampleDomain/Location SampleDomain/ToLocation@252-1::Invoke(SampleDomain/Longitude)
FN:250,Microsoft.FSharp.Core.FSharpResult`2<SampleDomain/Location,System.String> SampleDomain/ToLocation@250::Invoke(SampleDomain/Latitude)
FN:268,Microsoft.FSharp.Core.FSharpResult`2<SampleDomain/Post,System.String> SampleDomain/PostDto::ToPost(SampleDomain/PostDto)
FN:275,SampleDomain/Post SampleDomain/ToPost@274-1::Invoke(SampleDomain/Tweet)
FN:272,Microsoft.FSharp.Core.FSharpResult`2<SampleDomain/Post,System.String> SampleDomain/ToPost@272::Invoke(Microsoft.FSharp.Core.FSharpOption`1<SampleDomain/Location>)
FN:270,Microsoft.FSharp.Core.FSharpOption`1<SampleDomain/Location> SampleDomain/ToPost@270-2::Invoke(SampleDomain/Location)
FN:290,Microsoft.FSharp.Core.FSharpOption`1<SampleDomain/Post> SampleDomain/getPostById@290-1::Invoke(SampleDomain/Post)
FN:290,Microsoft.FSharp.Control.AsyncReturn SampleDomain/getPostById@290-2::Invoke(Microsoft.FSharp.Control.AsyncActivation`1<Microsoft.FSharp.Core.FSharpResult`2<Microsoft.FSharp.Core.FSharpOption`1<SampleDomain/Post>,System.String>>)
FN:292,Microsoft.FSharp.Control.AsyncReturn SampleDomain/getPostById@292-3::Invoke(Microsoft.FSharp.Control.AsyncActivation`1<Microsoft.FSharp.Core.FSharpResult`2<Microsoft.FSharp.Core.FSharpOption`1<SampleDomain/Post>,System.String>>)
FN:294,Microsoft.FSharp.Control.AsyncReturn SampleDomain/getPostById@294-4::Invoke(Microsoft.FSharp.Control.AsyncActivation`1<Microsoft.FSharp.Core.FSharpResult`2<Microsoft.FSharp.Core.FSharpOption`1<SampleDomain/Post>,System.String>>)
FN:289,Microsoft.FSharp.Control.FSharpAsync`1<Microsoft.FSharp.Core.FSharpResult`2<Microsoft.FSharp.Core.FSharpOption`1<SampleDomain/Post>,System.String>> SampleDomain/getPostById@289::Invoke(Microsoft.FSharp.Core.Unit)
FN:130,System.Void <StartupCode$FsToolkit-ErrorHandling-JobResult-Tests>.$SampleDomain::.cctor()
FNDA:0,a SampleDomain::okOrFail(Microsoft.FSharp.Core.FSharpResult`2<a,b>)
FNDA:0,SampleDomain/Location SampleDomain::location(SampleDomain/Latitude,SampleDomain/Longitude)
FNDA:0,System.Boolean SampleDomain::isWellFormedUrl(System.String)
FNDA:0,System.Int32 SampleDomain::remainingCharacters(SampleDomain/Tweet)
FNDA:0,Microsoft.FSharp.Core.FSharpResult`2<Microsoft.FSharp.Core.FSharpOption`1<SampleDomain/Url>,System.String> SampleDomain::firstURLInTweet(SampleDomain/Tweet)
FNDA:0,SampleDomain/CreateUserRequest SampleDomain::createUserRequest(SampleDomain/PersonName,SampleDomain/DateOfBirth)
FNDA:18,Microsoft.FSharp.Control.FSharpAsync`1<Microsoft.FSharp.Core.FSharpResult`2<Microsoft.FSharp.Core.FSharpOption`1<SampleDomain/User>,System.String>> SampleDomain::getUserById(SampleDomain/UserId)
FNDA:0,SampleDomain/CreatePostRequest SampleDomain::createPostRequest(SampleDomain/Latitude,SampleDomain/Longitude,SampleDomain/Tweet)
FNDA:3,Microsoft.FSharp.Control.FSharpAsync`1<Microsoft.FSharp.Core.FSharpResult`2<System.Boolean,System.Exception>> SampleDomain::allowedToPost(SampleDomain/UserId)
FNDA:0,Microsoft.FSharp.Control.FSharpAsync`1<Microsoft.FSharp.Core.FSharpOption`1<System.Boolean>> SampleDomain::allowedToPostOptional(SampleDomain/UserId)
FNDA:7,Microsoft.FSharp.Control.FSharpAsync`1<Microsoft.FSharp.Core.FSharpResult`2<SampleDomain/PostId,a>> SampleDomain::createPostSuccess(SampleDomain/CreatePostRequest)
FNDA:0,Microsoft.FSharp.Control.FSharpAsync`1<Microsoft.FSharp.Core.FSharpOption`1<SampleDomain/PostId>> SampleDomain::createPostSome(SampleDomain/CreatePostRequest)
FNDA:2,Microsoft.FSharp.Control.FSharpAsync`1<Microsoft.FSharp.Core.FSharpResult`2<Microsoft.FSharp.Collections.FSharpList`1<SampleDomain/UserId>,a>> SampleDomain::getFollowersSuccess(SampleDomain/UserId)
FNDA:0,Microsoft.FSharp.Control.FSharpAsync`1<Microsoft.FSharp.Core.FSharpOption`1<Microsoft.FSharp.Collections.FSharpList`1<SampleDomain/UserId>>> SampleDomain::getFollowersSome(SampleDomain/UserId)
FNDA:2,Microsoft.FSharp.Control.FSharpAsync`1<Microsoft.FSharp.Core.FSharpResult`2<a,System.Exception>> SampleDomain::getFollowersFailure(SampleDomain/UserId)
FNDA:6,Microsoft.FSharp.Control.FSharpAsync`1<Microsoft.FSharp.Core.FSharpResult`2<a,System.Exception>> SampleDomain::createPostFailure(SampleDomain/CreatePostRequest)
FNDA:15,Microsoft.FSharp.Control.FSharpAsync`1<Microsoft.FSharp.Core.FSharpResult`2<System.Tuple`2<System.Guid,System.Guid>,a>> SampleDomain::notifyNewPostSuccess(SampleDomain/PostId,SampleDomain/UserId)
FNDA:1,Microsoft.FSharp.Control.FSharpAsync`1<Microsoft.FSharp.Core.FSharpResult`2<a,System.String>> SampleDomain::notifyNewPostFailure(SampleDomain/PostId,SampleDomain/UserId)
FNDA:0,SampleDomain/NotifyNewPostRequest SampleDomain::newPostRequest(Microsoft.FSharp.Collections.FSharpList`1<SampleDomain/UserId>,SampleDomain/PostId)
FNDA:17,Microsoft.FSharp.Control.FSharpAsync`1<Microsoft.FSharp.Core.FSharpResult`2<Microsoft.FSharp.Core.FSharpOption`1<SampleDomain/Post>,System.String>> SampleDomain::getPostById(SampleDomain/PostId)
FNDA:0,System.Double SampleDomain/Latitude::get_Value()
FNDA:3,Microsoft.FSharp.Core.FSharpResult`2<SampleDomain/Latitude,System.String> SampleDomain/Latitude::TryCreate(System.Double)
FNDA:0,System.Double SampleDomain/Longitude::get_Value()
FNDA:2,Microsoft.FSharp.Core.FSharpResult`2<SampleDomain/Longitude,System.String> SampleDomain/Longitude::TryCreate(System.Double)
FNDA:0,System.String SampleDomain/Url::get_Value()
FNDA:1,Microsoft.FSharp.Core.FSharpResult`2<SampleDomain/Url,System.String> SampleDomain/Url::TryCreate(System.String)
FNDA:0,System.String SampleDomain/Tweet::get_Value()
FNDA:1,Microsoft.FSharp.Core.FSharpResult`2<SampleDomain/Tweet,System.String> SampleDomain/Tweet::TryCreate(System.String)
FNDA:0,System.Boolean SampleDomain/firstURLInTweet@90::Invoke(System.String)
FNDA:0,Microsoft.FSharp.Core.FSharpOption`1<SampleDomain/Url> SampleDomain/firstURLInTweet@91-1::Invoke(SampleDomain/Url)
FNDA:0,System.String SampleDomain/PersonName::get_Value()
FNDA:0,Microsoft.FSharp.Core.FSharpResult`2<SampleDomain/PersonName,System.String> SampleDomain/PersonName::TryCreate(System.String)
FNDA:0,Microsoft.FSharp.Core.FSharpResult`2<SampleDomain/DateOfBirth,System.String> SampleDomain/DateOfBirth::TryCreate(System.DateTime)
FNDA:0,System.DateTime SampleDomain/DateOfBirth::get_Value()
FNDA:9,Microsoft.FSharp.Core.FSharpResult`2<SampleDomain/User,System.String> SampleDomain/UserDto::ToUser(SampleDomain/UserDto)
FNDA:9,SampleDomain/User SampleDomain/ToUser@140::Invoke(SampleDomain/PersonName)
FNDA:8,Microsoft.FSharp.Core.FSharpOption`1<SampleDomain/User> SampleDomain/getUserById@160-1::Invoke(SampleDomain/User)
FNDA:8,Microsoft.FSharp.Control.AsyncReturn SampleDomain/getUserById@160-2::Invoke(Microsoft.FSharp.Control.AsyncActivation`1<Microsoft.FSharp.Core.FSharpResult`2<Microsoft.FSharp.Core.FSharpOption`1<SampleDomain/User>,System.String>>)
FNDA:3,Microsoft.FSharp.Control.AsyncReturn SampleDomain/getUserById@162-3::Invoke(Microsoft.FSharp.Control.AsyncActivation`1<Microsoft.FSharp.Core.FSharpResult`2<Microsoft.FSharp.Core.FSharpOption`1<SampleDomain/User>,System.String>>)
FNDA:7,Microsoft.FSharp.Control.AsyncReturn SampleDomain/getUserById@164-4::Invoke(Microsoft.FSharp.Control.AsyncActivation`1<Microsoft.FSharp.Core.FSharpResult`2<Microsoft.FSharp.Core.FSharpOption`1<SampleDomain/User>,System.String>>)
FNDA:18,Microsoft.FSharp.Control.FSharpAsync`1<Microsoft.FSharp.Core.FSharpResult`2<Microsoft.FSharp.Core.FSharpOption`1<SampleDomain/User>,System.String>> SampleDomain/getUserById@158::Invoke(Microsoft.FSharp.Core.Unit)
FNDA:2,Microsoft.FSharp.Control.AsyncReturn SampleDomain/allowedToPost@187-1::Invoke(Microsoft.FSharp.Control.AsyncActivation`1<Microsoft.FSharp.Core.FSharpResult`2<System.Boolean,System.Exception>>)
FNDA:1,Microsoft.FSharp.Control.AsyncReturn SampleDomain/allowedToPost@189-2::Invoke(Microsoft.FSharp.Control.AsyncActivation`1<Microsoft.FSharp.Core.FSharpResult`2<System.Boolean,System.Exception>>)
FNDA:3,Microsoft.FSharp.Control.FSharpAsync`1<Microsoft.FSharp.Core.FSharpResult`2<System.Boolean,System.Exception>> SampleDomain/allowedToPost@186::Invoke(Microsoft.FSharp.Core.Unit)
FNDA:0,Microsoft.FSharp.Control.AsyncReturn SampleDomain/allowedToPostOptional@195-1::Invoke(Microsoft.FSharp.Control.AsyncActivation`1<Microsoft.FSharp.Core.FSharpOption`1<System.Boolean>>)
FNDA:0,Microsoft.FSharp.Control.AsyncReturn SampleDomain/allowedToPostOptional@197-2::Invoke(Microsoft.FSharp.Control.AsyncActivation`1<Microsoft.FSharp.Core.FSharpOption`1<System.Boolean>>)
FNDA:0,Microsoft.FSharp.Control.FSharpAsync`1<Microsoft.FSharp.Core.FSharpOption`1<System.Boolean>> SampleDomain/allowedToPostOptional@194::Invoke(Microsoft.FSharp.Core.Unit)
FNDA:7,Microsoft.FSharp.Control.AsyncReturn SampleDomain/createPostSuccess@214-1::Invoke(Microsoft.FSharp.Control.AsyncActivation`1<Microsoft.FSharp.Core.FSharpResult`2<SampleDomain/PostId,a>>)
FNDA:7,Microsoft.FSharp.Control.FSharpAsync`1<Microsoft.FSharp.Core.FSharpResult`2<SampleDomain/PostId,a>> SampleDomain/createPostSuccess@214::Invoke(Microsoft.FSharp.Core.Unit)
FNDA:0,Microsoft.FSharp.Control.AsyncReturn SampleDomain/createPostSome@216-1::Invoke(Microsoft.FSharp.Control.AsyncActivation`1<Microsoft.FSharp.Core.FSharpOption`1<SampleDomain/PostId>>)
FNDA:0,Microsoft.FSharp.Control.FSharpAsync`1<Microsoft.FSharp.Core.FSharpOption`1<SampleDomain/PostId>> SampleDomain/createPostSome@216::Invoke(Microsoft.FSharp.Core.Unit)
FNDA:2,Microsoft.FSharp.Control.AsyncReturn SampleDomain/getFollowersSuccess@222-1::Invoke(Microsoft.FSharp.Control.AsyncActivation`1<Microsoft.FSharp.Core.FSharpResult`2<Microsoft.FSharp.Collections.FSharpList`1<SampleDomain/UserId>,a>>)
FNDA:2,Microsoft.FSharp.Control.FSharpAsync`1<Microsoft.FSharp.Core.FSharpResult`2<Microsoft.FSharp.Collections.FSharpList`1<SampleDomain/UserId>,a>> SampleDomain/getFollowersSuccess@222::Invoke(Microsoft.FSharp.Core.Unit)
FNDA:0,Microsoft.FSharp.Control.AsyncReturn SampleDomain/getFollowersSome@224-1::Invoke(Microsoft.FSharp.Control.AsyncActivation`1<Microsoft.FSharp.Core.FSharpOption`1<Microsoft.FSharp.Collections.FSharpList`1<SampleDomain/UserId>>>)
FNDA:0,Microsoft.FSharp.Control.FSharpAsync`1<Microsoft.FSharp.Core.FSharpOption`1<Microsoft.FSharp.Collections.FSharpList`1<SampleDomain/UserId>>> SampleDomain/getFollowersSome@224::Invoke(Microsoft.FSharp.Core.Unit)
FNDA:2,Microsoft.FSharp.Control.AsyncReturn SampleDomain/getFollowersFailure@226-1::Invoke(Microsoft.FSharp.Control.AsyncActivation`1<Microsoft.FSharp.Core.FSharpResult`2<a,System.Exception>>)
FNDA:2,Microsoft.FSharp.Control.FSharpAsync`1<Microsoft.FSharp.Core.FSharpResult`2<a,System.Exception>> SampleDomain/getFollowersFailure@226::Invoke(Microsoft.FSharp.Core.Unit)
FNDA:6,Microsoft.FSharp.Control.AsyncReturn SampleDomain/createPostFailure@228-1::Invoke(Microsoft.FSharp.Control.AsyncActivation`1<Microsoft.FSharp.Core.FSharpResult`2<a,System.Exception>>)
FNDA:6,Microsoft.FSharp.Control.FSharpAsync`1<Microsoft.FSharp.Core.FSharpResult`2<a,System.Exception>> SampleDomain/createPostFailure@228::Invoke(Microsoft.FSharp.Core.Unit)
FNDA:15,Microsoft.FSharp.Control.AsyncReturn SampleDomain/notifyNewPostSuccess@231-1::Invoke(Microsoft.FSharp.Control.AsyncActivation`1<Microsoft.FSharp.Core.FSharpResult`2<System.Tuple`2<System.Guid,System.Guid>,a>>)
FNDA:15,Microsoft.FSharp.Control.FSharpAsync`1<Microsoft.FSharp.Core.FSharpResult`2<System.Tuple`2<System.Guid,System.Guid>,a>> SampleDomain/notifyNewPostSuccess@231::Invoke(Microsoft.FSharp.Core.Unit)
FNDA:1,Microsoft.FSharp.Control.AsyncReturn SampleDomain/notifyNewPostFailure@234-1::Invoke(Microsoft.FSharp.Control.AsyncActivation`1<Microsoft.FSharp.Core.FSharpResult`2<a,System.String>>)
FNDA:1,Microsoft.FSharp.Control.FSharpAsync`1<Microsoft.FSharp.Core.FSharpResult`2<a,System.String>> SampleDomain/notifyNewPostFailure@234::Invoke(Microsoft.FSharp.Core.Unit)
FNDA:0,Microsoft.FSharp.Core.FSharpResult`2<SampleDomain/Location,System.String> SampleDomain/LocationDto::ToLocation(SampleDomain/LocationDto)
FNDA:0,SampleDomain/Location SampleDomain/ToLocation@252-1::Invoke(SampleDomain/Longitude)
FNDA:0,Microsoft.FSharp.Core.FSharpResult`2<SampleDomain/Location,System.String> SampleDomain/ToLocation@250::Invoke(SampleDomain/Latitude)
FNDA:8,Microsoft.FSharp.Core.FSharpResult`2<SampleDomain/Post,System.String> SampleDomain/PostDto::ToPost(SampleDomain/PostDto)
FNDA:8,SampleDomain/Post SampleDomain/ToPost@274-1::Invoke(SampleDomain/Tweet)
FNDA:8,Microsoft.FSharp.Core.FSharpResult`2<SampleDomain/Post,System.String> SampleDomain/ToPost@272::Invoke(Microsoft.FSharp.Core.FSharpOption`1<SampleDomain/Location>)
FNDA:0,Microsoft.FSharp.Core.FSharpOption`1<SampleDomain/Location> SampleDomain/ToPost@270-2::Invoke(SampleDomain/Location)
FNDA:8,Microsoft.FSharp.Core.FSharpOption`1<SampleDomain/Post> SampleDomain/getPostById@290-1::Invoke(SampleDomain/Post)
FNDA:8,Microsoft.FSharp.Control.AsyncReturn SampleDomain/getPostById@290-2::Invoke(Microsoft.FSharp.Control.AsyncActivation`1<Microsoft.FSharp.Core.FSharpResult`2<Microsoft.FSharp.Core.FSharpOption`1<SampleDomain/Post>,System.String>>)
FNDA:4,Microsoft.FSharp.Control.AsyncReturn SampleDomain/getPostById@292-3::Invoke(Microsoft.FSharp.Control.AsyncActivation`1<Microsoft.FSharp.Core.FSharpResult`2<Microsoft.FSharp.Core.FSharpOption`1<SampleDomain/Post>,System.String>>)
FNDA:5,Microsoft.FSharp.Control.AsyncReturn SampleDomain/getPostById@294-4::Invoke(Microsoft.FSharp.Control.AsyncActivation`1<Microsoft.FSharp.Core.FSharpResult`2<Microsoft.FSharp.Core.FSharpOption`1<SampleDomain/Post>,System.String>>)
FNDA:17,Microsoft.FSharp.Control.FSharpAsync`1<Microsoft.FSharp.Core.FSharpResult`2<Microsoft.FSharp.Core.FSharpOption`1<SampleDomain/Post>,System.String>> SampleDomain/getPostById@289::Invoke(Microsoft.FSharp.Core.Unit)
FNDA:1,System.Void <StartupCode$FsToolkit-ErrorHandling-JobResult-Tests>.$SampleDomain::.cctor()
FNF:76
FNH:47
BRDA:89,166,0,-
BRDA:89,166,1,-
BRDA:20,168,0,3
BRDA:20,168,1,-
BRDA:20,170,0,2
BRDA:20,170,1,1
BRDA:34,172,0,2
BRDA:34,172,1,-
BRDA:34,174,0,1
BRDA:34,174,1,1
BRDA:66,176,0,1
BRDA:66,176,1,-
BRDA:82,180,0,-
BRDA:82,180,1,10
BRDA:104,182,0,-
BRDA:104,182,1,9
BRDA:114,184,0,8
BRDA:114,184,1,10
BRDA:158,184,0,8
BRDA:158,184,1,10
BRDA:161,186,0,3
BRDA:161,186,1,7
BRDA:186,188,0,2
BRDA:186,188,1,1
BRDA:194,188,0,-
BRDA:194,188,1,-
BRDA:289,188,0,8
BRDA:289,188,1,9
BRDA:291,194,0,4
BRDA:291,194,1,5
BRF:30
BRH:21
DA:9,7
DA:10,0
DA:16,0
DA:20,3
DA:21,2
DA:23,1
DA:30,0
DA:34,2
DA:35,1
DA:37,1
DA:45,0
DA:55,0
DA:62,0
DA:66,1
DA:67,1
DA:69,0
DA:77,0
DA:82,1
DA:83,0
DA:84,10
DA:86,0
DA:89,0
DA:90,0
DA:91,0
DA:99,0
DA:104,0
DA:105,0
DA:106,9
DA:114,0
DA:115,0
DA:116,0
DA:119,0
DA:126,0
DA:130,1
DA:139,9
DA:140,9
DA:143,1
DA:144,1
DA:146,1
DA:150,1
DA:157,18
DA:158,18
DA:160,8
DA:161,10
DA:162,3
DA:164,7
DA:176,0
DA:181,1
DA:185,3
DA:186,3
DA:187,2
DA:189,1
DA:193,0
DA:194,0
DA:195,0
DA:197,0
DA:200,1
DA:203,1
DA:214,7
DA:216,0
DA:218,1
DA:222,2
DA:224,0
DA:226,2
DA:228,6
DA:231,15
DA:234,1
DA:241,0
DA:249,0
DA:250,0
DA:253,0
DA:268,8
DA:270,0
DA:272,8
DA:275,8
DA:281,1
DA:288,17
DA:289,17
DA:290,8
DA:291,9
DA:292,4
DA:294,5
LH:49
LF:82
end_of_record
TN: FsToolkit.ErrorHandling.JobResult.Tests
SF:/Users/jimmybyrd/Documents/repos/public/demystifyfp/FsToolkit.ErrorHandling/tests/FsToolkit.ErrorHandling.Tests/TestData.fs
FN:5,c TestData::flip(Microsoft.FSharp.Core.FSharpFunc`2<a,Microsoft.FSharp.Core.FSharpFunc`2<b,c>>,b,a)
FN:40,SampleDomain/Tweet TestData::tweet(System.String)
FN:58,System.String TestData/aLongerInvalidTweet@58::Invoke(System.Int32)
FN:12,System.Void <StartupCode$FsToolkit-ErrorHandling-JobResult-Tests>.$TestData::.cctor()
FNDA:0,c TestData::flip(Microsoft.FSharp.Core.FSharpFunc`2<a,Microsoft.FSharp.Core.FSharpFunc`2<b,c>>,b,a)
FNDA:0,SampleDomain/Tweet TestData::tweet(System.String)
FNDA:100,System.String TestData/aLongerInvalidTweet@58::Invoke(System.Int32)
FNDA:1,System.Void <StartupCode$FsToolkit-ErrorHandling-JobResult-Tests>.$TestData::.cctor()
FNF:4
FNH:2
BRDA:58,162,0,100
BRDA:58,162,1,-
BRDA:58,164,0,100
BRDA:58,164,1,-
BRF:4
BRH:2
DA:5,0
DA:12,1
DA:13,1
DA:14,1
DA:15,1
DA:16,1
DA:18,1
DA:21,1
DA:22,1
DA:23,1
DA:25,1
DA:28,1
DA:32,1
DA:34,1
DA:37,1
DA:38,1
DA:40,0
DA:42,1
DA:45,1
DA:50,1
DA:51,1
DA:53,1
DA:56,1
DA:58,100
LH:22
LF:24
end_of_record
