TN: FsToolkit.ErrorHandling
SF:/Users/jimmybyrd/Documents/repos/public/demystifyfp/FsToolkit.ErrorHandling/src/FsToolkit.ErrorHandling/Async.fs
FN:30,Microsoft.FSharp.Control.FSharpAsync`1<b> FsToolkit.ErrorHandling.AsyncOperators::op_LessBangGreater(Microsoft.FSharp.Core.FSharpFunc`2<a,b>,Microsoft.FSharp.Control.FSharpAsync`1<a>)
FN:31,Microsoft.FSharp.Control.FSharpAsync`1<b> FsToolkit.ErrorHandling.AsyncOperators::op_LessMultiplyGreater(Microsoft.FSharp.Control.FSharpAsync`1<Microsoft.FSharp.Core.FSharpFunc`2<a,b>>,Microsoft.FSharp.Control.FSharpAsync`1<a>)
FN:32,Microsoft.FSharp.Control.FSharpAsync`1<b> FsToolkit.ErrorHandling.AsyncOperators::op_GreaterGreaterEquals(Microsoft.FSharp.Control.FSharpAsync`1<a>,Microsoft.FSharp.Core.FSharpFunc`2<a,Microsoft.FSharp.Control.FSharpAsync`1<b>>)
FN:30,Microsoft.FSharp.Control.AsyncReturn FsToolkit.ErrorHandling.AsyncOperators/op_LessBangGreater@30-1::Invoke(Microsoft.FSharp.Control.AsyncActivation`1<b>)
FN:30,Microsoft.FSharp.Control.FSharpAsync`1<b> FsToolkit.ErrorHandling.AsyncOperators/op_LessBangGreater@30::Invoke(b)
FN:30,Microsoft.FSharp.Control.FSharpAsync`1<b> FsToolkit.ErrorHandling.AsyncOperators/op_LessBangGreater@30-2::Invoke(a)
FN:30,Microsoft.FSharp.Control.AsyncReturn FsToolkit.ErrorHandling.AsyncOperators/op_LessBangGreater@30-3::Invoke(Microsoft.FSharp.Control.AsyncActivation`1<b>)
FN:32,Microsoft.FSharp.Control.AsyncReturn FsToolkit.ErrorHandling.AsyncOperators/op_GreaterGreaterEquals@32::Invoke(Microsoft.FSharp.Control.AsyncActivation`1<b>)
FN:6,Microsoft.FSharp.Control.FSharpAsync`1<a> FsToolkit.ErrorHandling.Async::singleton(a)
FN:8,Microsoft.FSharp.Control.FSharpAsync`1<b> FsToolkit.ErrorHandling.Async::bind(Microsoft.FSharp.Core.FSharpFunc`2<a,Microsoft.FSharp.Control.FSharpAsync`1<b>>,Microsoft.FSharp.Control.FSharpAsync`1<a>)
FN:13,Microsoft.FSharp.Control.FSharpAsync`1<b> FsToolkit.ErrorHandling.Async::map(Microsoft.FSharp.Core.FSharpFunc`2<a,b>,Microsoft.FSharp.Control.FSharpAsync`1<a>)
FN:15,Microsoft.FSharp.Control.FSharpAsync`1<c> FsToolkit.ErrorHandling.Async::map2(Microsoft.FSharp.Core.FSharpFunc`2<a,Microsoft.FSharp.Core.FSharpFunc`2<b,c>>,Microsoft.FSharp.Control.FSharpAsync`1<a>,Microsoft.FSharp.Control.FSharpAsync`1<b>)
FN:17,Microsoft.FSharp.Control.FSharpAsync`1<d> FsToolkit.ErrorHandling.Async::map3(Microsoft.FSharp.Core.FSharpFunc`2<a,Microsoft.FSharp.Core.FSharpFunc`2<b,Microsoft.FSharp.Core.FSharpFunc`2<c,d>>>,Microsoft.FSharp.Control.FSharpAsync`1<a>,Microsoft.FSharp.Control.FSharpAsync`1<b>,Microsoft.FSharp.Control.FSharpAsync`1<c>)
FN:22,Microsoft.FSharp.Control.FSharpAsync`1<System.Tuple`2<a,b>> FsToolkit.ErrorHandling.Async::zip(Microsoft.FSharp.Control.FSharpAsync`1<a>,Microsoft.FSharp.Control.FSharpAsync`1<b>)
FN:6,Microsoft.FSharp.Control.AsyncReturn FsToolkit.ErrorHandling.Async/singleton@6::Invoke(Microsoft.FSharp.Control.AsyncActivation`1<a>)
FN:8,Microsoft.FSharp.Control.AsyncReturn FsToolkit.ErrorHandling.Async/bind@8-1::Invoke(Microsoft.FSharp.Control.AsyncActivation`1<b>)
FN:11,Microsoft.FSharp.Control.AsyncReturn FsToolkit.ErrorHandling.Async/apply@11-6::Invoke(Microsoft.FSharp.Control.AsyncActivation`1<b>)
FN:11,Microsoft.FSharp.Control.FSharpAsync`1<b> FsToolkit.ErrorHandling.Async/apply@11-5::Invoke(a)
FN:11,Microsoft.FSharp.Control.AsyncReturn FsToolkit.ErrorHandling.Async/apply@11-7::Invoke(Microsoft.FSharp.Control.AsyncActivation`1<b>)
FN:11,Microsoft.FSharp.Control.AsyncReturn FsToolkit.ErrorHandling.Async/apply@11-8::Invoke(Microsoft.FSharp.Control.AsyncActivation`1<b>)
FN:13,Microsoft.FSharp.Control.AsyncReturn FsToolkit.ErrorHandling.Async/map@13-2::Invoke(Microsoft.FSharp.Control.AsyncActivation`1<b>)
FN:13,Microsoft.FSharp.Control.FSharpAsync`1<b> FsToolkit.ErrorHandling.Async/map@13-1::Invoke(b)
FN:13,Microsoft.FSharp.Control.FSharpAsync`1<b> FsToolkit.ErrorHandling.Async/map@13-3::Invoke(a)
FN:13,Microsoft.FSharp.Control.AsyncReturn FsToolkit.ErrorHandling.Async/map@13-4::Invoke(Microsoft.FSharp.Control.AsyncActivation`1<b>)
FN:15,Microsoft.FSharp.Control.AsyncReturn FsToolkit.ErrorHandling.Async/map2@15::Invoke(Microsoft.FSharp.Control.AsyncActivation`1<Microsoft.FSharp.Core.FSharpFunc`2<a,Microsoft.FSharp.Core.FSharpFunc`2<b,c>>>)
FN:25,Microsoft.FSharp.Control.AsyncReturn FsToolkit.ErrorHandling.Async/zip@25-3::Invoke(Microsoft.FSharp.Control.AsyncActivation`1<System.Tuple`2<a,b>>)
FN:25,Microsoft.FSharp.Control.FSharpAsync`1<System.Tuple`2<a,b>> FsToolkit.ErrorHandling.Async/zip@25-2::Invoke(b)
FN:24,Microsoft.FSharp.Control.AsyncReturn FsToolkit.ErrorHandling.Async/zip@24-4::Invoke(Microsoft.FSharp.Control.AsyncActivation`1<System.Tuple`2<a,b>>)
FN:23,Microsoft.FSharp.Control.AsyncReturn FsToolkit.ErrorHandling.Async/zip@23-5::Invoke(Microsoft.FSharp.Control.AsyncActivation`1<System.Tuple`2<a,b>>)
FNDA:0,Microsoft.FSharp.Control.FSharpAsync`1<b> FsToolkit.ErrorHandling.AsyncOperators::op_LessBangGreater(Microsoft.FSharp.Core.FSharpFunc`2<a,b>,Microsoft.FSharp.Control.FSharpAsync`1<a>)
FNDA:0,Microsoft.FSharp.Control.FSharpAsync`1<b> FsToolkit.ErrorHandling.AsyncOperators::op_LessMultiplyGreater(Microsoft.FSharp.Control.FSharpAsync`1<Microsoft.FSharp.Core.FSharpFunc`2<a,b>>,Microsoft.FSharp.Control.FSharpAsync`1<a>)
FNDA:0,Microsoft.FSharp.Control.FSharpAsync`1<b> FsToolkit.ErrorHandling.AsyncOperators::op_GreaterGreaterEquals(Microsoft.FSharp.Control.FSharpAsync`1<a>,Microsoft.FSharp.Core.FSharpFunc`2<a,Microsoft.FSharp.Control.FSharpAsync`1<b>>)
FNDA:0,Microsoft.FSharp.Control.AsyncReturn FsToolkit.ErrorHandling.AsyncOperators/op_LessBangGreater@30-1::Invoke(Microsoft.FSharp.Control.AsyncActivation`1<b>)
FNDA:0,Microsoft.FSharp.Control.FSharpAsync`1<b> FsToolkit.ErrorHandling.AsyncOperators/op_LessBangGreater@30::Invoke(b)
FNDA:0,Microsoft.FSharp.Control.FSharpAsync`1<b> FsToolkit.ErrorHandling.AsyncOperators/op_LessBangGreater@30-2::Invoke(a)
FNDA:0,Microsoft.FSharp.Control.AsyncReturn FsToolkit.ErrorHandling.AsyncOperators/op_LessBangGreater@30-3::Invoke(Microsoft.FSharp.Control.AsyncActivation`1<b>)
FNDA:0,Microsoft.FSharp.Control.AsyncReturn FsToolkit.ErrorHandling.AsyncOperators/op_GreaterGreaterEquals@32::Invoke(Microsoft.FSharp.Control.AsyncActivation`1<b>)
FNDA:0,Microsoft.FSharp.Control.FSharpAsync`1<a> FsToolkit.ErrorHandling.Async::singleton(a)
FNDA:0,Microsoft.FSharp.Control.FSharpAsync`1<b> FsToolkit.ErrorHandling.Async::bind(Microsoft.FSharp.Core.FSharpFunc`2<a,Microsoft.FSharp.Control.FSharpAsync`1<b>>,Microsoft.FSharp.Control.FSharpAsync`1<a>)
FNDA:0,Microsoft.FSharp.Control.FSharpAsync`1<b> FsToolkit.ErrorHandling.Async::map(Microsoft.FSharp.Core.FSharpFunc`2<a,b>,Microsoft.FSharp.Control.FSharpAsync`1<a>)
FNDA:12,Microsoft.FSharp.Control.FSharpAsync`1<c> FsToolkit.ErrorHandling.Async::map2(Microsoft.FSharp.Core.FSharpFunc`2<a,Microsoft.FSharp.Core.FSharpFunc`2<b,c>>,Microsoft.FSharp.Control.FSharpAsync`1<a>,Microsoft.FSharp.Control.FSharpAsync`1<b>)
FNDA:0,Microsoft.FSharp.Control.FSharpAsync`1<d> FsToolkit.ErrorHandling.Async::map3(Microsoft.FSharp.Core.FSharpFunc`2<a,Microsoft.FSharp.Core.FSharpFunc`2<b,Microsoft.FSharp.Core.FSharpFunc`2<c,d>>>,Microsoft.FSharp.Control.FSharpAsync`1<a>,Microsoft.FSharp.Control.FSharpAsync`1<b>,Microsoft.FSharp.Control.FSharpAsync`1<c>)
FNDA:28,Microsoft.FSharp.Control.FSharpAsync`1<System.Tuple`2<a,b>> FsToolkit.ErrorHandling.Async::zip(Microsoft.FSharp.Control.FSharpAsync`1<a>,Microsoft.FSharp.Control.FSharpAsync`1<b>)
FNDA:0,Microsoft.FSharp.Control.AsyncReturn FsToolkit.ErrorHandling.Async/singleton@6::Invoke(Microsoft.FSharp.Control.AsyncActivation`1<a>)
FNDA:0,Microsoft.FSharp.Control.AsyncReturn FsToolkit.ErrorHandling.Async/bind@8-1::Invoke(Microsoft.FSharp.Control.AsyncActivation`1<b>)
FNDA:24,Microsoft.FSharp.Control.AsyncReturn FsToolkit.ErrorHandling.Async/apply@11-6::Invoke(Microsoft.FSharp.Control.AsyncActivation`1<b>)
FNDA:24,Microsoft.FSharp.Control.FSharpAsync`1<b> FsToolkit.ErrorHandling.Async/apply@11-5::Invoke(a)
FNDA:24,Microsoft.FSharp.Control.AsyncReturn FsToolkit.ErrorHandling.Async/apply@11-7::Invoke(Microsoft.FSharp.Control.AsyncActivation`1<b>)
FNDA:24,Microsoft.FSharp.Control.AsyncReturn FsToolkit.ErrorHandling.Async/apply@11-8::Invoke(Microsoft.FSharp.Control.AsyncActivation`1<b>)
FNDA:0,Microsoft.FSharp.Control.AsyncReturn FsToolkit.ErrorHandling.Async/map@13-2::Invoke(Microsoft.FSharp.Control.AsyncActivation`1<b>)
FNDA:0,Microsoft.FSharp.Control.FSharpAsync`1<b> FsToolkit.ErrorHandling.Async/map@13-1::Invoke(b)
FNDA:0,Microsoft.FSharp.Control.FSharpAsync`1<b> FsToolkit.ErrorHandling.Async/map@13-3::Invoke(a)
FNDA:0,Microsoft.FSharp.Control.AsyncReturn FsToolkit.ErrorHandling.Async/map@13-4::Invoke(Microsoft.FSharp.Control.AsyncActivation`1<b>)
FNDA:12,Microsoft.FSharp.Control.AsyncReturn FsToolkit.ErrorHandling.Async/map2@15::Invoke(Microsoft.FSharp.Control.AsyncActivation`1<Microsoft.FSharp.Core.FSharpFunc`2<a,Microsoft.FSharp.Core.FSharpFunc`2<b,c>>>)
FNDA:28,Microsoft.FSharp.Control.AsyncReturn FsToolkit.ErrorHandling.Async/zip@25-3::Invoke(Microsoft.FSharp.Control.AsyncActivation`1<System.Tuple`2<a,b>>)
FNDA:28,Microsoft.FSharp.Control.FSharpAsync`1<System.Tuple`2<a,b>> FsToolkit.ErrorHandling.Async/zip@25-2::Invoke(b)
FNDA:28,Microsoft.FSharp.Control.AsyncReturn FsToolkit.ErrorHandling.Async/zip@24-4::Invoke(Microsoft.FSharp.Control.AsyncActivation`1<System.Tuple`2<a,b>>)
FNDA:28,Microsoft.FSharp.Control.AsyncReturn FsToolkit.ErrorHandling.Async/zip@23-5::Invoke(Microsoft.FSharp.Control.AsyncActivation`1<System.Tuple`2<a,b>>)
FNF:29
FNH:11
BRF:0
BRH:0
DA:6,0
DA:8,0
DA:11,24
DA:13,0
DA:15,12
DA:17,0
DA:22,28
DA:23,28
DA:24,28
DA:25,28
DA:30,0
DA:31,0
DA:32,0
LH:6
LF:13
end_of_record
TN: FsToolkit.ErrorHandling
SF:/Users/jimmybyrd/Documents/repos/public/demystifyfp/FsToolkit.ErrorHandling/src/FsToolkit.ErrorHandling/AsyncOption.fs
FN:11,Microsoft.FSharp.Control.FSharpAsync`1<Microsoft.FSharp.Core.FSharpOption`1<b>> FsToolkit.ErrorHandling.AsyncOption::bind(Microsoft.FSharp.Core.FSharpFunc`2<a,Microsoft.FSharp.Control.FSharpAsync`1<Microsoft.FSharp.Core.FSharpOption`1<b>>>,Microsoft.FSharp.Control.FSharpAsync`1<Microsoft.FSharp.Core.FSharpOption`1<a>>)
FN:22,Microsoft.FSharp.Control.FSharpAsync`1<Microsoft.FSharp.Core.FSharpOption`1<a>> FsToolkit.ErrorHandling.AsyncOption::retn(a)
FN:25,Microsoft.FSharp.Control.FSharpAsync`1<Microsoft.FSharp.Core.FSharpOption`1<b>> FsToolkit.ErrorHandling.AsyncOption::apply(Microsoft.FSharp.Control.FSharpAsync`1<Microsoft.FSharp.Core.FSharpOption`1<Microsoft.FSharp.Core.FSharpFunc`2<a,b>>>,Microsoft.FSharp.Control.FSharpAsync`1<Microsoft.FSharp.Core.FSharpOption`1<a>>)
FN:8,Microsoft.FSharp.Core.FSharpOption`1<b> FsToolkit.ErrorHandling.AsyncOption/map@8-14::Invoke(Microsoft.FSharp.Core.FSharpOption`1<a>)
FN:8,Microsoft.FSharp.Control.AsyncReturn FsToolkit.ErrorHandling.AsyncOption/map@8-16::Invoke(Microsoft.FSharp.Control.AsyncActivation`1<Microsoft.FSharp.Core.FSharpOption`1<b>>)
FN:8,Microsoft.FSharp.Control.FSharpAsync`1<Microsoft.FSharp.Core.FSharpOption`1<b>> FsToolkit.ErrorHandling.AsyncOption/map@8-15::Invoke(Microsoft.FSharp.Core.FSharpOption`1<b>)
FN:8,Microsoft.FSharp.Control.FSharpAsync`1<Microsoft.FSharp.Core.FSharpOption`1<b>> FsToolkit.ErrorHandling.AsyncOption/map@8-17::Invoke(Microsoft.FSharp.Core.FSharpOption`1<a>)
FN:8,Microsoft.FSharp.Control.AsyncReturn FsToolkit.ErrorHandling.AsyncOption/map@8-18::Invoke(Microsoft.FSharp.Control.AsyncActivation`1<Microsoft.FSharp.Core.FSharpOption`1<b>>)
FN:17,Microsoft.FSharp.Control.AsyncReturn FsToolkit.ErrorHandling.AsyncOption/bind@17-10::Invoke(Microsoft.FSharp.Control.AsyncActivation`1<Microsoft.FSharp.Core.FSharpOption`1<b>>)
FN:17,Microsoft.FSharp.Control.FSharpAsync`1<Microsoft.FSharp.Core.FSharpOption`1<b>> FsToolkit.ErrorHandling.AsyncOption/bind@17-9::Invoke(Microsoft.FSharp.Core.Unit)
FN:17,Microsoft.FSharp.Control.FSharpAsync`1<Microsoft.FSharp.Core.FSharpOption`1<b>> FsToolkit.ErrorHandling.AsyncOption/bind@14-8::Invoke(Microsoft.FSharp.Core.FSharpOption`1<a>)
FN:12,Microsoft.FSharp.Control.AsyncReturn FsToolkit.ErrorHandling.AsyncOption/bind@12-11::Invoke(Microsoft.FSharp.Control.AsyncActivation`1<Microsoft.FSharp.Core.FSharpOption`1<b>>)
FN:22,Microsoft.FSharp.Control.AsyncReturn FsToolkit.ErrorHandling.AsyncOption/retn@22-4::Invoke(Microsoft.FSharp.Control.AsyncActivation`1<Microsoft.FSharp.Core.FSharpOption`1<a>>)
FN:22,Microsoft.FSharp.Control.FSharpAsync`1<Microsoft.FSharp.Core.FSharpOption`1<a>> FsToolkit.ErrorHandling.AsyncOption/retn@22-3::Invoke(Microsoft.FSharp.Core.Unit)
FN:25,Microsoft.FSharp.Control.FSharpAsync`1<Microsoft.FSharp.Core.FSharpOption`1<b>> FsToolkit.ErrorHandling.AsyncOption/apply@25-13::Invoke(a)
FN:25,Microsoft.FSharp.Control.FSharpAsync`1<Microsoft.FSharp.Core.FSharpOption`1<b>> FsToolkit.ErrorHandling.AsyncOption/apply@25-12::Invoke(Microsoft.FSharp.Core.FSharpFunc`2<a,b>)
FNDA:10,Microsoft.FSharp.Control.FSharpAsync`1<Microsoft.FSharp.Core.FSharpOption`1<b>> FsToolkit.ErrorHandling.AsyncOption::bind(Microsoft.FSharp.Core.FSharpFunc`2<a,Microsoft.FSharp.Control.FSharpAsync`1<Microsoft.FSharp.Core.FSharpOption`1<b>>>,Microsoft.FSharp.Control.FSharpAsync`1<Microsoft.FSharp.Core.FSharpOption`1<a>>)
FNDA:3,Microsoft.FSharp.Control.FSharpAsync`1<Microsoft.FSharp.Core.FSharpOption`1<a>> FsToolkit.ErrorHandling.AsyncOption::retn(a)
FNDA:3,Microsoft.FSharp.Control.FSharpAsync`1<Microsoft.FSharp.Core.FSharpOption`1<b>> FsToolkit.ErrorHandling.AsyncOption::apply(Microsoft.FSharp.Control.FSharpAsync`1<Microsoft.FSharp.Core.FSharpOption`1<Microsoft.FSharp.Core.FSharpFunc`2<a,b>>>,Microsoft.FSharp.Control.FSharpAsync`1<Microsoft.FSharp.Core.FSharpOption`1<a>>)
FNDA:0,Microsoft.FSharp.Core.FSharpOption`1<b> FsToolkit.ErrorHandling.AsyncOption/map@8-14::Invoke(Microsoft.FSharp.Core.FSharpOption`1<a>)
FNDA:0,Microsoft.FSharp.Control.AsyncReturn FsToolkit.ErrorHandling.AsyncOption/map@8-16::Invoke(Microsoft.FSharp.Control.AsyncActivation`1<Microsoft.FSharp.Core.FSharpOption`1<b>>)
FNDA:0,Microsoft.FSharp.Control.FSharpAsync`1<Microsoft.FSharp.Core.FSharpOption`1<b>> FsToolkit.ErrorHandling.AsyncOption/map@8-15::Invoke(Microsoft.FSharp.Core.FSharpOption`1<b>)
FNDA:0,Microsoft.FSharp.Control.FSharpAsync`1<Microsoft.FSharp.Core.FSharpOption`1<b>> FsToolkit.ErrorHandling.AsyncOption/map@8-17::Invoke(Microsoft.FSharp.Core.FSharpOption`1<a>)
FNDA:0,Microsoft.FSharp.Control.AsyncReturn FsToolkit.ErrorHandling.AsyncOption/map@8-18::Invoke(Microsoft.FSharp.Control.AsyncActivation`1<Microsoft.FSharp.Core.FSharpOption`1<b>>)
FNDA:2,Microsoft.FSharp.Control.AsyncReturn FsToolkit.ErrorHandling.AsyncOption/bind@17-10::Invoke(Microsoft.FSharp.Control.AsyncActivation`1<Microsoft.FSharp.Core.FSharpOption`1<b>>)
FNDA:2,Microsoft.FSharp.Control.FSharpAsync`1<Microsoft.FSharp.Core.FSharpOption`1<b>> FsToolkit.ErrorHandling.AsyncOption/bind@17-9::Invoke(Microsoft.FSharp.Core.Unit)
FNDA:2,Microsoft.FSharp.Control.FSharpAsync`1<Microsoft.FSharp.Core.FSharpOption`1<b>> FsToolkit.ErrorHandling.AsyncOption/bind@14-8::Invoke(Microsoft.FSharp.Core.FSharpOption`1<a>)
FNDA:10,Microsoft.FSharp.Control.AsyncReturn FsToolkit.ErrorHandling.AsyncOption/bind@12-11::Invoke(Microsoft.FSharp.Control.AsyncActivation`1<Microsoft.FSharp.Core.FSharpOption`1<b>>)
FNDA:3,Microsoft.FSharp.Control.AsyncReturn FsToolkit.ErrorHandling.AsyncOption/retn@22-4::Invoke(Microsoft.FSharp.Control.AsyncActivation`1<Microsoft.FSharp.Core.FSharpOption`1<a>>)
FNDA:3,Microsoft.FSharp.Control.FSharpAsync`1<Microsoft.FSharp.Core.FSharpOption`1<a>> FsToolkit.ErrorHandling.AsyncOption/retn@22-3::Invoke(Microsoft.FSharp.Core.Unit)
FNDA:2,Microsoft.FSharp.Control.FSharpAsync`1<Microsoft.FSharp.Core.FSharpOption`1<b>> FsToolkit.ErrorHandling.AsyncOption/apply@25-13::Invoke(a)
FNDA:3,Microsoft.FSharp.Control.FSharpAsync`1<Microsoft.FSharp.Core.FSharpOption`1<b>> FsToolkit.ErrorHandling.AsyncOption/apply@25-12::Invoke(Microsoft.FSharp.Core.FSharpFunc`2<a,b>)
FNF:16
FNH:11
BRF:0
BRH:0
DA:8,0
DA:11,10
DA:12,10
DA:16,8
DA:17,2
DA:22,3
DA:25,3
LH:6
LF:7
end_of_record
TN: FsToolkit.ErrorHandling
SF:/Users/jimmybyrd/Documents/repos/public/demystifyfp/FsToolkit.ErrorHandling/src/FsToolkit.ErrorHandling/AsyncOptionCE.fs
FN:86,a FsToolkit.ErrorHandling.AsyncOptionCEExtensions::AsyncOptionBuilder.Source(FsToolkit.ErrorHandling.AsyncOptionCE/AsyncOptionBuilder,a)
FN:91,Microsoft.FSharp.Control.FSharpAsync`1<Microsoft.FSharp.Core.FSharpOption`1<t>> FsToolkit.ErrorHandling.AsyncOptionCEExtensions::AsyncOptionBuilder.Source(FsToolkit.ErrorHandling.AsyncOptionCE/AsyncOptionBuilder,Microsoft.FSharp.Core.FSharpOption`1<t>)
FN:101,Microsoft.FSharp.Control.FSharpAsync`1<Microsoft.FSharp.Core.FSharpOption`1<t>> FsToolkit.ErrorHandling.AsyncOptionCEExtensions::AsyncOptionBuilder.Source(FsToolkit.ErrorHandling.AsyncOptionCE/AsyncOptionBuilder,System.Threading.Tasks.Task`1<t>)
FN:91,Microsoft.FSharp.Control.AsyncReturn FsToolkit.ErrorHandling.AsyncOptionCEExtensions/AsyncOptionBuilder-Source@91::Invoke(Microsoft.FSharp.Control.AsyncActivation`1<Microsoft.FSharp.Core.FSharpOption`1<t>>)
FN:95,Microsoft.FSharp.Core.FSharpOption`1<t> FsToolkit.ErrorHandling.AsyncOptionCEExtensions/AsyncOptionBuilder-Source@95-1::Invoke(t)
FN:95,Microsoft.FSharp.Control.AsyncReturn FsToolkit.ErrorHandling.AsyncOptionCEExtensions/AsyncOptionBuilder-Source@95-3::Invoke(Microsoft.FSharp.Control.AsyncActivation`1<Microsoft.FSharp.Core.FSharpOption`1<t>>)
FN:95,Microsoft.FSharp.Control.FSharpAsync`1<Microsoft.FSharp.Core.FSharpOption`1<t>> FsToolkit.ErrorHandling.AsyncOptionCEExtensions/AsyncOptionBuilder-Source@95-2::Invoke(Microsoft.FSharp.Core.FSharpOption`1<t>)
FN:95,Microsoft.FSharp.Control.FSharpAsync`1<Microsoft.FSharp.Core.FSharpOption`1<t>> FsToolkit.ErrorHandling.AsyncOptionCEExtensions/AsyncOptionBuilder-Source@95-4::Invoke(t)
FN:95,Microsoft.FSharp.Control.AsyncReturn FsToolkit.ErrorHandling.AsyncOptionCEExtensions/AsyncOptionBuilder-Source@95-5::Invoke(Microsoft.FSharp.Control.AsyncActivation`1<Microsoft.FSharp.Core.FSharpOption`1<t>>)
FN:101,Microsoft.FSharp.Core.FSharpOption`1<t> FsToolkit.ErrorHandling.AsyncOptionCEExtensions/AsyncOptionBuilder-Source@101-6::Invoke(t)
FN:101,Microsoft.FSharp.Control.AsyncReturn FsToolkit.ErrorHandling.AsyncOptionCEExtensions/AsyncOptionBuilder-Source@101-8::Invoke(Microsoft.FSharp.Control.AsyncActivation`1<Microsoft.FSharp.Core.FSharpOption`1<t>>)
FN:101,Microsoft.FSharp.Control.FSharpAsync`1<Microsoft.FSharp.Core.FSharpOption`1<t>> FsToolkit.ErrorHandling.AsyncOptionCEExtensions/AsyncOptionBuilder-Source@101-7::Invoke(Microsoft.FSharp.Core.FSharpOption`1<t>)
FN:101,Microsoft.FSharp.Control.FSharpAsync`1<Microsoft.FSharp.Core.FSharpOption`1<t>> FsToolkit.ErrorHandling.AsyncOptionCEExtensions/AsyncOptionBuilder-Source@101-9::Invoke(t)
FN:101,Microsoft.FSharp.Control.AsyncReturn FsToolkit.ErrorHandling.AsyncOptionCEExtensions/AsyncOptionBuilder-Source@101-10::Invoke(Microsoft.FSharp.Control.AsyncActivation`1<Microsoft.FSharp.Core.FSharpOption`1<t>>)
FN:8,System.Void FsToolkit.ErrorHandling.AsyncOptionCE/AsyncOptionBuilder::.ctor()
FN:10,Microsoft.FSharp.Control.FSharpAsync`1<Microsoft.FSharp.Core.FSharpOption`1<T>> FsToolkit.ErrorHandling.AsyncOptionCE/AsyncOptionBuilder::Return(T)
FN:12,Microsoft.FSharp.Control.FSharpAsync`1<Microsoft.FSharp.Core.FSharpOption`1<j>> FsToolkit.ErrorHandling.AsyncOptionCE/AsyncOptionBuilder::ReturnFrom(Microsoft.FSharp.Control.FSharpAsync`1<Microsoft.FSharp.Core.FSharpOption`1<j>>)
FN:14,Microsoft.FSharp.Control.FSharpAsync`1<Microsoft.FSharp.Core.FSharpOption`1<Microsoft.FSharp.Core.Unit>> FsToolkit.ErrorHandling.AsyncOptionCE/AsyncOptionBuilder::Zero()
FN:17,Microsoft.FSharp.Control.FSharpAsync`1<Microsoft.FSharp.Core.FSharpOption`1<i>> FsToolkit.ErrorHandling.AsyncOptionCE/AsyncOptionBuilder::Bind(Microsoft.FSharp.Control.FSharpAsync`1<Microsoft.FSharp.Core.FSharpOption`1<T>>,Microsoft.FSharp.Core.FSharpFunc`2<T,Microsoft.FSharp.Control.FSharpAsync`1<Microsoft.FSharp.Core.FSharpOption`1<i>>>)
FN:25,Microsoft.FSharp.Control.FSharpAsync`1<Microsoft.FSharp.Core.FSharpOption`1<h>> FsToolkit.ErrorHandling.AsyncOptionCE/AsyncOptionBuilder::Delay(Microsoft.FSharp.Core.FSharpFunc`2<Microsoft.FSharp.Core.Unit,Microsoft.FSharp.Control.FSharpAsync`1<Microsoft.FSharp.Core.FSharpOption`1<h>>>)
FN:28,Microsoft.FSharp.Control.FSharpAsync`1<Microsoft.FSharp.Core.FSharpOption`1<g>> FsToolkit.ErrorHandling.AsyncOptionCE/AsyncOptionBuilder::Combine(Microsoft.FSharp.Control.FSharpAsync`1<Microsoft.FSharp.Core.FSharpOption`1<Microsoft.FSharp.Core.Unit>>,Microsoft.FSharp.Control.FSharpAsync`1<Microsoft.FSharp.Core.FSharpOption`1<g>>)
FN:35,Microsoft.FSharp.Control.FSharpAsync`1<Microsoft.FSharp.Core.FSharpOption`1<f>> FsToolkit.ErrorHandling.AsyncOptionCE/AsyncOptionBuilder::TryWith(Microsoft.FSharp.Control.FSharpAsync`1<Microsoft.FSharp.Core.FSharpOption`1<f>>,Microsoft.FSharp.Core.FSharpFunc`2<System.Exception,Microsoft.FSharp.Control.FSharpAsync`1<Microsoft.FSharp.Core.FSharpOption`1<f>>>)
FN:38,Microsoft.FSharp.Control.FSharpAsync`1<Microsoft.FSharp.Core.FSharpOption`1<e>> FsToolkit.ErrorHandling.AsyncOptionCE/AsyncOptionBuilder::TryFinally(Microsoft.FSharp.Control.FSharpAsync`1<Microsoft.FSharp.Core.FSharpOption`1<e>>,Microsoft.FSharp.Core.FSharpFunc`2<Microsoft.FSharp.Core.Unit,Microsoft.FSharp.Core.Unit>)
FN:41,Microsoft.FSharp.Control.FSharpAsync`1<Microsoft.FSharp.Core.FSharpOption`1<d>> FsToolkit.ErrorHandling.AsyncOptionCE/AsyncOptionBuilder::Using(T,Microsoft.FSharp.Core.FSharpFunc`2<T,Microsoft.FSharp.Control.FSharpAsync`1<Microsoft.FSharp.Core.FSharpOption`1<d>>>)
FN:49,Microsoft.FSharp.Control.FSharpAsync`1<Microsoft.FSharp.Core.FSharpOption`1<Microsoft.FSharp.Core.Unit>> FsToolkit.ErrorHandling.AsyncOptionCE/AsyncOptionBuilder::While(Microsoft.FSharp.Core.FSharpFunc`2<Microsoft.FSharp.Core.Unit,System.Boolean>,Microsoft.FSharp.Control.FSharpAsync`1<Microsoft.FSharp.Core.FSharpOption`1<Microsoft.FSharp.Core.Unit>>)
FN:55,Microsoft.FSharp.Control.FSharpAsync`1<Microsoft.FSharp.Core.FSharpOption`1<Microsoft.FSharp.Core.Unit>> FsToolkit.ErrorHandling.AsyncOptionCE/AsyncOptionBuilder::For(c,Microsoft.FSharp.Core.FSharpFunc`2<T,Microsoft.FSharp.Control.FSharpAsync`1<Microsoft.FSharp.Core.FSharpOption`1<Microsoft.FSharp.Core.Unit>>>)
FN:65,Microsoft.FSharp.Control.FSharpAsync`1<Microsoft.FSharp.Core.FSharpOption`1<b>> FsToolkit.ErrorHandling.AsyncOptionCE/AsyncOptionBuilder::Source(Microsoft.FSharp.Control.FSharpAsync`1<Microsoft.FSharp.Core.FSharpOption`1<b>>)
FN:71,Microsoft.FSharp.Control.FSharpAsync`1<Microsoft.FSharp.Core.FSharpOption`1<a>> FsToolkit.ErrorHandling.AsyncOptionCE/AsyncOptionBuilder::Source(System.Threading.Tasks.Task`1<Microsoft.FSharp.Core.FSharpOption`1<a>>)
FN:10,Microsoft.FSharp.Control.AsyncReturn FsToolkit.ErrorHandling.AsyncOptionCE/Return@10-1::Invoke(Microsoft.FSharp.Control.AsyncActivation`1<Microsoft.FSharp.Core.FSharpOption`1<T>>)
FN:14,Microsoft.FSharp.Control.AsyncReturn FsToolkit.ErrorHandling.AsyncOptionCE/Zero@14-1::Invoke(Microsoft.FSharp.Control.AsyncActivation`1<Microsoft.FSharp.Core.FSharpOption`1<Microsoft.FSharp.Core.Unit>>)
FN:22,Microsoft.FSharp.Control.AsyncReturn FsToolkit.ErrorHandling.AsyncOptionCE/Bind@22-6::Invoke(Microsoft.FSharp.Control.AsyncActivation`1<Microsoft.FSharp.Core.FSharpOption`1<i>>)
FN:22,Microsoft.FSharp.Control.FSharpAsync`1<Microsoft.FSharp.Core.FSharpOption`1<i>> FsToolkit.ErrorHandling.AsyncOptionCE/Bind@20-5::Invoke(Microsoft.FSharp.Core.FSharpOption`1<T>)
FN:18,Microsoft.FSharp.Control.AsyncReturn FsToolkit.ErrorHandling.AsyncOptionCE/Bind@18-7::Invoke(Microsoft.FSharp.Control.AsyncActivation`1<Microsoft.FSharp.Core.FSharpOption`1<i>>)
FN:28,Microsoft.FSharp.Control.AsyncReturn FsToolkit.ErrorHandling.AsyncOptionCE/Combine@28-10::Invoke(Microsoft.FSharp.Control.AsyncActivation`1<Microsoft.FSharp.Core.FSharpOption`1<g>>)
FN:28,Microsoft.FSharp.Control.AsyncReturn FsToolkit.ErrorHandling.AsyncOptionCE/Combine@28-11::Invoke(Microsoft.FSharp.Control.AsyncActivation`1<Microsoft.FSharp.Core.FSharpOption`1<g>>)
FN:35,Microsoft.FSharp.Core.FSharpOption`1<Microsoft.FSharp.Control.FSharpAsync`1<Microsoft.FSharp.Core.FSharpOption`1<f>>> FsToolkit.ErrorHandling.AsyncOptionCE/TryWith@35-3::Invoke(System.Exception)
FN:35,Microsoft.FSharp.Control.AsyncReturn FsToolkit.ErrorHandling.AsyncOptionCE/TryWith@35-2::Invoke(Microsoft.FSharp.Control.AsyncActivation`1<Microsoft.FSharp.Core.FSharpOption`1<f>>)
FN:38,Microsoft.FSharp.Control.AsyncReturn FsToolkit.ErrorHandling.AsyncOptionCE/TryFinally@38-1::Invoke(Microsoft.FSharp.Control.AsyncActivation`1<Microsoft.FSharp.Core.FSharpOption`1<e>>)
FN:44,Microsoft.FSharp.Core.Unit FsToolkit.ErrorHandling.AsyncOptionCE/Using@43-7::Invoke(Microsoft.FSharp.Core.Unit)
FN:52,Microsoft.FSharp.Control.AsyncReturn FsToolkit.ErrorHandling.AsyncOptionCE/While@52-10::Invoke(Microsoft.FSharp.Control.AsyncActivation`1<Microsoft.FSharp.Core.FSharpOption`1<Microsoft.FSharp.Core.Unit>>)
FN:52,Microsoft.FSharp.Control.AsyncReturn FsToolkit.ErrorHandling.AsyncOptionCE/While@52-11::Invoke(Microsoft.FSharp.Control.AsyncActivation`1<Microsoft.FSharp.Core.FSharpOption`1<Microsoft.FSharp.Core.Unit>>)
FN:57,System.Boolean FsToolkit.ErrorHandling.AsyncOptionCE/For@57-20::Invoke(Microsoft.FSharp.Core.Unit)
FN:57,Microsoft.FSharp.Control.FSharpAsync`1<Microsoft.FSharp.Core.FSharpOption`1<Microsoft.FSharp.Core.Unit>> FsToolkit.ErrorHandling.AsyncOptionCE/For@57-21::Invoke(Microsoft.FSharp.Core.Unit)
FN:57,Microsoft.FSharp.Control.FSharpAsync`1<Microsoft.FSharp.Core.FSharpOption`1<Microsoft.FSharp.Core.Unit>> FsToolkit.ErrorHandling.AsyncOptionCE/For@57-19::Invoke(System.Collections.Generic.IEnumerator`1<T>)
FN:74,System.Void <StartupCode$FsToolkit-ErrorHandling>.$AsyncOptionCE::.cctor()
FNDA:0,a FsToolkit.ErrorHandling.AsyncOptionCEExtensions::AsyncOptionBuilder.Source(FsToolkit.ErrorHandling.AsyncOptionCE/AsyncOptionBuilder,a)
FNDA:0,Microsoft.FSharp.Control.FSharpAsync`1<Microsoft.FSharp.Core.FSharpOption`1<t>> FsToolkit.ErrorHandling.AsyncOptionCEExtensions::AsyncOptionBuilder.Source(FsToolkit.ErrorHandling.AsyncOptionCE/AsyncOptionBuilder,Microsoft.FSharp.Core.FSharpOption`1<t>)
FNDA:0,Microsoft.FSharp.Control.FSharpAsync`1<Microsoft.FSharp.Core.FSharpOption`1<t>> FsToolkit.ErrorHandling.AsyncOptionCEExtensions::AsyncOptionBuilder.Source(FsToolkit.ErrorHandling.AsyncOptionCE/AsyncOptionBuilder,System.Threading.Tasks.Task`1<t>)
FNDA:0,Microsoft.FSharp.Control.AsyncReturn FsToolkit.ErrorHandling.AsyncOptionCEExtensions/AsyncOptionBuilder-Source@91::Invoke(Microsoft.FSharp.Control.AsyncActivation`1<Microsoft.FSharp.Core.FSharpOption`1<t>>)
FNDA:0,Microsoft.FSharp.Core.FSharpOption`1<t> FsToolkit.ErrorHandling.AsyncOptionCEExtensions/AsyncOptionBuilder-Source@95-1::Invoke(t)
FNDA:0,Microsoft.FSharp.Control.AsyncReturn FsToolkit.ErrorHandling.AsyncOptionCEExtensions/AsyncOptionBuilder-Source@95-3::Invoke(Microsoft.FSharp.Control.AsyncActivation`1<Microsoft.FSharp.Core.FSharpOption`1<t>>)
FNDA:0,Microsoft.FSharp.Control.FSharpAsync`1<Microsoft.FSharp.Core.FSharpOption`1<t>> FsToolkit.ErrorHandling.AsyncOptionCEExtensions/AsyncOptionBuilder-Source@95-2::Invoke(Microsoft.FSharp.Core.FSharpOption`1<t>)
FNDA:0,Microsoft.FSharp.Control.FSharpAsync`1<Microsoft.FSharp.Core.FSharpOption`1<t>> FsToolkit.ErrorHandling.AsyncOptionCEExtensions/AsyncOptionBuilder-Source@95-4::Invoke(t)
FNDA:0,Microsoft.FSharp.Control.AsyncReturn FsToolkit.ErrorHandling.AsyncOptionCEExtensions/AsyncOptionBuilder-Source@95-5::Invoke(Microsoft.FSharp.Control.AsyncActivation`1<Microsoft.FSharp.Core.FSharpOption`1<t>>)
FNDA:0,Microsoft.FSharp.Core.FSharpOption`1<t> FsToolkit.ErrorHandling.AsyncOptionCEExtensions/AsyncOptionBuilder-Source@101-6::Invoke(t)
FNDA:0,Microsoft.FSharp.Control.AsyncReturn FsToolkit.ErrorHandling.AsyncOptionCEExtensions/AsyncOptionBuilder-Source@101-8::Invoke(Microsoft.FSharp.Control.AsyncActivation`1<Microsoft.FSharp.Core.FSharpOption`1<t>>)
FNDA:0,Microsoft.FSharp.Control.FSharpAsync`1<Microsoft.FSharp.Core.FSharpOption`1<t>> FsToolkit.ErrorHandling.AsyncOptionCEExtensions/AsyncOptionBuilder-Source@101-7::Invoke(Microsoft.FSharp.Core.FSharpOption`1<t>)
FNDA:0,Microsoft.FSharp.Control.FSharpAsync`1<Microsoft.FSharp.Core.FSharpOption`1<t>> FsToolkit.ErrorHandling.AsyncOptionCEExtensions/AsyncOptionBuilder-Source@101-9::Invoke(t)
FNDA:0,Microsoft.FSharp.Control.AsyncReturn FsToolkit.ErrorHandling.AsyncOptionCEExtensions/AsyncOptionBuilder-Source@101-10::Invoke(Microsoft.FSharp.Control.AsyncActivation`1<Microsoft.FSharp.Core.FSharpOption`1<t>>)
FNDA:1,System.Void FsToolkit.ErrorHandling.AsyncOptionCE/AsyncOptionBuilder::.ctor()
FNDA:13,Microsoft.FSharp.Control.FSharpAsync`1<Microsoft.FSharp.Core.FSharpOption`1<T>> FsToolkit.ErrorHandling.AsyncOptionCE/AsyncOptionBuilder::Return(T)
FNDA:0,Microsoft.FSharp.Control.FSharpAsync`1<Microsoft.FSharp.Core.FSharpOption`1<j>> FsToolkit.ErrorHandling.AsyncOptionCE/AsyncOptionBuilder::ReturnFrom(Microsoft.FSharp.Control.FSharpAsync`1<Microsoft.FSharp.Core.FSharpOption`1<j>>)
FNDA:34,Microsoft.FSharp.Control.FSharpAsync`1<Microsoft.FSharp.Core.FSharpOption`1<Microsoft.FSharp.Core.Unit>> FsToolkit.ErrorHandling.AsyncOptionCE/AsyncOptionBuilder::Zero()
FNDA:0,Microsoft.FSharp.Control.FSharpAsync`1<Microsoft.FSharp.Core.FSharpOption`1<i>> FsToolkit.ErrorHandling.AsyncOptionCE/AsyncOptionBuilder::Bind(Microsoft.FSharp.Control.FSharpAsync`1<Microsoft.FSharp.Core.FSharpOption`1<T>>,Microsoft.FSharp.Core.FSharpFunc`2<T,Microsoft.FSharp.Control.FSharpAsync`1<Microsoft.FSharp.Core.FSharpOption`1<i>>>)
FNDA:0,Microsoft.FSharp.Control.FSharpAsync`1<Microsoft.FSharp.Core.FSharpOption`1<h>> FsToolkit.ErrorHandling.AsyncOptionCE/AsyncOptionBuilder::Delay(Microsoft.FSharp.Core.FSharpFunc`2<Microsoft.FSharp.Core.Unit,Microsoft.FSharp.Control.FSharpAsync`1<Microsoft.FSharp.Core.FSharpOption`1<h>>>)
FNDA:4,Microsoft.FSharp.Control.FSharpAsync`1<Microsoft.FSharp.Core.FSharpOption`1<g>> FsToolkit.ErrorHandling.AsyncOptionCE/AsyncOptionBuilder::Combine(Microsoft.FSharp.Control.FSharpAsync`1<Microsoft.FSharp.Core.FSharpOption`1<Microsoft.FSharp.Core.Unit>>,Microsoft.FSharp.Control.FSharpAsync`1<Microsoft.FSharp.Core.FSharpOption`1<g>>)
FNDA:1,Microsoft.FSharp.Control.FSharpAsync`1<Microsoft.FSharp.Core.FSharpOption`1<f>> FsToolkit.ErrorHandling.AsyncOptionCE/AsyncOptionBuilder::TryWith(Microsoft.FSharp.Control.FSharpAsync`1<Microsoft.FSharp.Core.FSharpOption`1<f>>,Microsoft.FSharp.Core.FSharpFunc`2<System.Exception,Microsoft.FSharp.Control.FSharpAsync`1<Microsoft.FSharp.Core.FSharpOption`1<f>>>)
FNDA:6,Microsoft.FSharp.Control.FSharpAsync`1<Microsoft.FSharp.Core.FSharpOption`1<e>> FsToolkit.ErrorHandling.AsyncOptionCE/AsyncOptionBuilder::TryFinally(Microsoft.FSharp.Control.FSharpAsync`1<Microsoft.FSharp.Core.FSharpOption`1<e>>,Microsoft.FSharp.Core.FSharpFunc`2<Microsoft.FSharp.Core.Unit,Microsoft.FSharp.Core.Unit>)
FNDA:5,Microsoft.FSharp.Control.FSharpAsync`1<Microsoft.FSharp.Core.FSharpOption`1<d>> FsToolkit.ErrorHandling.AsyncOptionCE/AsyncOptionBuilder::Using(T,Microsoft.FSharp.Core.FSharpFunc`2<T,Microsoft.FSharp.Control.FSharpAsync`1<Microsoft.FSharp.Core.FSharpOption`1<d>>>)
FNDA:33,Microsoft.FSharp.Control.FSharpAsync`1<Microsoft.FSharp.Core.FSharpOption`1<Microsoft.FSharp.Core.Unit>> FsToolkit.ErrorHandling.AsyncOptionCE/AsyncOptionBuilder::While(Microsoft.FSharp.Core.FSharpFunc`2<Microsoft.FSharp.Core.Unit,System.Boolean>,Microsoft.FSharp.Control.FSharpAsync`1<Microsoft.FSharp.Core.FSharpOption`1<Microsoft.FSharp.Core.Unit>>)
FNDA:2,Microsoft.FSharp.Control.FSharpAsync`1<Microsoft.FSharp.Core.FSharpOption`1<Microsoft.FSharp.Core.Unit>> FsToolkit.ErrorHandling.AsyncOptionCE/AsyncOptionBuilder::For(c,Microsoft.FSharp.Core.FSharpFunc`2<T,Microsoft.FSharp.Control.FSharpAsync`1<Microsoft.FSharp.Core.FSharpOption`1<Microsoft.FSharp.Core.Unit>>>)
FNDA:0,Microsoft.FSharp.Control.FSharpAsync`1<Microsoft.FSharp.Core.FSharpOption`1<b>> FsToolkit.ErrorHandling.AsyncOptionCE/AsyncOptionBuilder::Source(Microsoft.FSharp.Control.FSharpAsync`1<Microsoft.FSharp.Core.FSharpOption`1<b>>)
FNDA:0,Microsoft.FSharp.Control.FSharpAsync`1<Microsoft.FSharp.Core.FSharpOption`1<a>> FsToolkit.ErrorHandling.AsyncOptionCE/AsyncOptionBuilder::Source(System.Threading.Tasks.Task`1<Microsoft.FSharp.Core.FSharpOption`1<a>>)
FNDA:13,Microsoft.FSharp.Control.AsyncReturn FsToolkit.ErrorHandling.AsyncOptionCE/Return@10-1::Invoke(Microsoft.FSharp.Control.AsyncActivation`1<Microsoft.FSharp.Core.FSharpOption`1<T>>)
FNDA:34,Microsoft.FSharp.Control.AsyncReturn FsToolkit.ErrorHandling.AsyncOptionCE/Zero@14-1::Invoke(Microsoft.FSharp.Control.AsyncActivation`1<Microsoft.FSharp.Core.FSharpOption`1<Microsoft.FSharp.Core.Unit>>)
FNDA:0,Microsoft.FSharp.Control.AsyncReturn FsToolkit.ErrorHandling.AsyncOptionCE/Bind@22-6::Invoke(Microsoft.FSharp.Control.AsyncActivation`1<Microsoft.FSharp.Core.FSharpOption`1<i>>)
FNDA:0,Microsoft.FSharp.Control.FSharpAsync`1<Microsoft.FSharp.Core.FSharpOption`1<i>> FsToolkit.ErrorHandling.AsyncOptionCE/Bind@20-5::Invoke(Microsoft.FSharp.Core.FSharpOption`1<T>)
FNDA:0,Microsoft.FSharp.Control.AsyncReturn FsToolkit.ErrorHandling.AsyncOptionCE/Bind@18-7::Invoke(Microsoft.FSharp.Control.AsyncActivation`1<Microsoft.FSharp.Core.FSharpOption`1<i>>)
FNDA:0,Microsoft.FSharp.Control.AsyncReturn FsToolkit.ErrorHandling.AsyncOptionCE/Combine@28-10::Invoke(Microsoft.FSharp.Control.AsyncActivation`1<Microsoft.FSharp.Core.FSharpOption`1<g>>)
FNDA:4,Microsoft.FSharp.Control.AsyncReturn FsToolkit.ErrorHandling.AsyncOptionCE/Combine@28-11::Invoke(Microsoft.FSharp.Control.AsyncActivation`1<Microsoft.FSharp.Core.FSharpOption`1<g>>)
FNDA:0,Microsoft.FSharp.Core.FSharpOption`1<Microsoft.FSharp.Control.FSharpAsync`1<Microsoft.FSharp.Core.FSharpOption`1<f>>> FsToolkit.ErrorHandling.AsyncOptionCE/TryWith@35-3::Invoke(System.Exception)
FNDA:1,Microsoft.FSharp.Control.AsyncReturn FsToolkit.ErrorHandling.AsyncOptionCE/TryWith@35-2::Invoke(Microsoft.FSharp.Control.AsyncActivation`1<Microsoft.FSharp.Core.FSharpOption`1<f>>)
FNDA:6,Microsoft.FSharp.Control.AsyncReturn FsToolkit.ErrorHandling.AsyncOptionCE/TryFinally@38-1::Invoke(Microsoft.FSharp.Control.AsyncActivation`1<Microsoft.FSharp.Core.FSharpOption`1<e>>)
FNDA:5,Microsoft.FSharp.Core.Unit FsToolkit.ErrorHandling.AsyncOptionCE/Using@43-7::Invoke(Microsoft.FSharp.Core.Unit)
FNDA:0,Microsoft.FSharp.Control.AsyncReturn FsToolkit.ErrorHandling.AsyncOptionCE/While@52-10::Invoke(Microsoft.FSharp.Control.AsyncActivation`1<Microsoft.FSharp.Core.FSharpOption`1<Microsoft.FSharp.Core.Unit>>)
FNDA:30,Microsoft.FSharp.Control.AsyncReturn FsToolkit.ErrorHandling.AsyncOptionCE/While@52-11::Invoke(Microsoft.FSharp.Control.AsyncActivation`1<Microsoft.FSharp.Core.FSharpOption`1<Microsoft.FSharp.Core.Unit>>)
FNDA:22,System.Boolean FsToolkit.ErrorHandling.AsyncOptionCE/For@57-20::Invoke(Microsoft.FSharp.Core.Unit)
FNDA:20,Microsoft.FSharp.Control.FSharpAsync`1<Microsoft.FSharp.Core.FSharpOption`1<Microsoft.FSharp.Core.Unit>> FsToolkit.ErrorHandling.AsyncOptionCE/For@57-21::Invoke(Microsoft.FSharp.Core.Unit)
FNDA:2,Microsoft.FSharp.Control.FSharpAsync`1<Microsoft.FSharp.Core.FSharpOption`1<Microsoft.FSharp.Core.Unit>> FsToolkit.ErrorHandling.AsyncOptionCE/For@57-19::Invoke(System.Collections.Generic.IEnumerator`1<T>)
FNDA:1,System.Void <StartupCode$FsToolkit-ErrorHandling>.$AsyncOptionCE::.cctor()
FNF:45
FNH:20
BRDA:49,18,0,3
BRDA:49,18,1,30
BRDA:44,20,0,6
BRDA:44,20,1,9
BRF:4
BRH:4
DA:8,1
DA:10,13
DA:12,0
DA:14,34
DA:17,0
DA:18,0
DA:21,0
DA:22,0
DA:25,0
DA:28,4
DA:35,1
DA:38,6
DA:41,5
DA:44,5
DA:45,4
DA:49,33
DA:50,3
DA:52,30
DA:55,2
DA:57,22
DA:65,0
DA:71,0
DA:74,1
DA:86,0
DA:91,0
DA:95,0
DA:101,0
LH:15
LF:27
end_of_record
TN: FsToolkit.ErrorHandling
SF:/Users/jimmybyrd/Documents/repos/public/demystifyfp/FsToolkit.ErrorHandling/src/FsToolkit.ErrorHandling/AsyncOptionOp.fs
FN:9,Microsoft.FSharp.Control.FSharpAsync`1<Microsoft.FSharp.Core.FSharpOption`1<b>> FsToolkit.ErrorHandling.Operator.AsyncOption.AsyncOption::op_LessMultiplyGreater(Microsoft.FSharp.Control.FSharpAsync`1<Microsoft.FSharp.Core.FSharpOption`1<Microsoft.FSharp.Core.FSharpFunc`2<a,b>>>,Microsoft.FSharp.Control.FSharpAsync`1<Microsoft.FSharp.Core.FSharpOption`1<a>>)
FN:10,Microsoft.FSharp.Control.FSharpAsync`1<Microsoft.FSharp.Core.FSharpOption`1<b>> FsToolkit.ErrorHandling.Operator.AsyncOption.AsyncOption::op_GreaterGreaterEquals(Microsoft.FSharp.Control.FSharpAsync`1<Microsoft.FSharp.Core.FSharpOption`1<a>>,Microsoft.FSharp.Core.FSharpFunc`2<a,Microsoft.FSharp.Control.FSharpAsync`1<Microsoft.FSharp.Core.FSharpOption`1<b>>>)
FN:8,Microsoft.FSharp.Core.FSharpOption`1<b> FsToolkit.ErrorHandling.Operator.AsyncOption.AsyncOption/op_LessBangGreater@8-9::Invoke(Microsoft.FSharp.Core.FSharpOption`1<a>)
FN:8,Microsoft.FSharp.Control.AsyncReturn FsToolkit.ErrorHandling.Operator.AsyncOption.AsyncOption/op_LessBangGreater@8-11::Invoke(Microsoft.FSharp.Control.AsyncActivation`1<Microsoft.FSharp.Core.FSharpOption`1<b>>)
FN:8,Microsoft.FSharp.Control.FSharpAsync`1<Microsoft.FSharp.Core.FSharpOption`1<b>> FsToolkit.ErrorHandling.Operator.AsyncOption.AsyncOption/op_LessBangGreater@8-10::Invoke(Microsoft.FSharp.Core.FSharpOption`1<b>)
FN:8,Microsoft.FSharp.Control.FSharpAsync`1<Microsoft.FSharp.Core.FSharpOption`1<b>> FsToolkit.ErrorHandling.Operator.AsyncOption.AsyncOption/op_LessBangGreater@8-12::Invoke(Microsoft.FSharp.Core.FSharpOption`1<a>)
FN:8,Microsoft.FSharp.Control.AsyncReturn FsToolkit.ErrorHandling.Operator.AsyncOption.AsyncOption/op_LessBangGreater@8-13::Invoke(Microsoft.FSharp.Control.AsyncActivation`1<Microsoft.FSharp.Core.FSharpOption`1<b>>)
FNDA:0,Microsoft.FSharp.Control.FSharpAsync`1<Microsoft.FSharp.Core.FSharpOption`1<b>> FsToolkit.ErrorHandling.Operator.AsyncOption.AsyncOption::op_LessMultiplyGreater(Microsoft.FSharp.Control.FSharpAsync`1<Microsoft.FSharp.Core.FSharpOption`1<Microsoft.FSharp.Core.FSharpFunc`2<a,b>>>,Microsoft.FSharp.Control.FSharpAsync`1<Microsoft.FSharp.Core.FSharpOption`1<a>>)
FNDA:0,Microsoft.FSharp.Control.FSharpAsync`1<Microsoft.FSharp.Core.FSharpOption`1<b>> FsToolkit.ErrorHandling.Operator.AsyncOption.AsyncOption::op_GreaterGreaterEquals(Microsoft.FSharp.Control.FSharpAsync`1<Microsoft.FSharp.Core.FSharpOption`1<a>>,Microsoft.FSharp.Core.FSharpFunc`2<a,Microsoft.FSharp.Control.FSharpAsync`1<Microsoft.FSharp.Core.FSharpOption`1<b>>>)
FNDA:0,Microsoft.FSharp.Core.FSharpOption`1<b> FsToolkit.ErrorHandling.Operator.AsyncOption.AsyncOption/op_LessBangGreater@8-9::Invoke(Microsoft.FSharp.Core.FSharpOption`1<a>)
FNDA:0,Microsoft.FSharp.Control.AsyncReturn FsToolkit.ErrorHandling.Operator.AsyncOption.AsyncOption/op_LessBangGreater@8-11::Invoke(Microsoft.FSharp.Control.AsyncActivation`1<Microsoft.FSharp.Core.FSharpOption`1<b>>)
FNDA:0,Microsoft.FSharp.Control.FSharpAsync`1<Microsoft.FSharp.Core.FSharpOption`1<b>> FsToolkit.ErrorHandling.Operator.AsyncOption.AsyncOption/op_LessBangGreater@8-10::Invoke(Microsoft.FSharp.Core.FSharpOption`1<b>)
FNDA:0,Microsoft.FSharp.Control.FSharpAsync`1<Microsoft.FSharp.Core.FSharpOption`1<b>> FsToolkit.ErrorHandling.Operator.AsyncOption.AsyncOption/op_LessBangGreater@8-12::Invoke(Microsoft.FSharp.Core.FSharpOption`1<a>)
FNDA:0,Microsoft.FSharp.Control.AsyncReturn FsToolkit.ErrorHandling.Operator.AsyncOption.AsyncOption/op_LessBangGreater@8-13::Invoke(Microsoft.FSharp.Control.AsyncActivation`1<Microsoft.FSharp.Core.FSharpOption`1<b>>)
FNF:7
FNH:0
BRF:0
BRH:0
DA:8,0
DA:9,0
DA:10,0
LH:0
LF:3
end_of_record
TN: FsToolkit.ErrorHandling
SF:/Users/jimmybyrd/Documents/repos/public/demystifyfp/FsToolkit.ErrorHandling/src/FsToolkit.ErrorHandling/AsyncResult.fs
FN:10,Microsoft.FSharp.Control.FSharpAsync`1<Microsoft.FSharp.Core.FSharpResult`2<c,b>> FsToolkit.ErrorHandling.AsyncResult::func2@1(Microsoft.FSharp.Core.FSharpResult`2<c,b>)
FN:10,Microsoft.FSharp.Control.FSharpAsync`1<Microsoft.FSharp.Core.FSharpResult`2<c,b>> FsToolkit.ErrorHandling.AsyncResult::mapError(Microsoft.FSharp.Core.FSharpFunc`2<a,b>,Microsoft.FSharp.Control.FSharpAsync`1<Microsoft.FSharp.Core.FSharpResult`2<c,a>>)
FN:14,Microsoft.FSharp.Control.FSharpAsync`1<Microsoft.FSharp.Core.FSharpResult`2<b,c>> FsToolkit.ErrorHandling.AsyncResult::func2@1-1(Microsoft.FSharp.Core.FSharpResult`2<b,c>)
FN:14,Microsoft.FSharp.Control.FSharpAsync`1<Microsoft.FSharp.Core.FSharpResult`2<b,c>> FsToolkit.ErrorHandling.AsyncResult::bind(Microsoft.FSharp.Core.FSharpFunc`2<a,Microsoft.FSharp.Control.FSharpAsync`1<Microsoft.FSharp.Core.FSharpResult`2<b,c>>>,Microsoft.FSharp.Control.FSharpAsync`1<Microsoft.FSharp.Core.FSharpResult`2<a,c>>)
FN:17,Microsoft.FSharp.Control.FSharpAsync`1<b> FsToolkit.ErrorHandling.AsyncResult::func2@1-2(b)
FN:17,Microsoft.FSharp.Control.FSharpAsync`1<b> FsToolkit.ErrorHandling.AsyncResult::foldResult(Microsoft.FSharp.Core.FSharpFunc`2<a,b>,Microsoft.FSharp.Core.FSharpFunc`2<c,b>,Microsoft.FSharp.Control.FSharpAsync`1<Microsoft.FSharp.Core.FSharpResult`2<a,c>>)
FN:27,Microsoft.FSharp.Control.FSharpAsync`1<Microsoft.FSharp.Core.FSharpResult`2<a,System.Exception>> FsToolkit.ErrorHandling.AsyncResult::func2@1-3(Microsoft.FSharp.Core.FSharpResult`2<a,System.Exception>)
FN:22,Microsoft.FSharp.Control.FSharpAsync`1<Microsoft.FSharp.Core.FSharpResult`2<a,System.Exception>> FsToolkit.ErrorHandling.AsyncResult::ofTask(System.Threading.Tasks.Task`1<a>)
FN:35,Microsoft.FSharp.Control.FSharpAsync`1<Microsoft.FSharp.Core.FSharpResult`2<Microsoft.FSharp.Core.Unit,System.Exception>> FsToolkit.ErrorHandling.AsyncResult::func2@1-4(Microsoft.FSharp.Core.FSharpResult`2<Microsoft.FSharp.Core.Unit,System.Exception>)
FN:30,Microsoft.FSharp.Control.FSharpAsync`1<Microsoft.FSharp.Core.FSharpResult`2<Microsoft.FSharp.Core.Unit,System.Exception>> FsToolkit.ErrorHandling.AsyncResult::ofTaskAction(System.Threading.Tasks.Task)
FN:39,Microsoft.FSharp.Control.FSharpAsync`1<Microsoft.FSharp.Core.FSharpResult`2<a,b>> FsToolkit.ErrorHandling.AsyncResult::retn(a)
FN:41,Microsoft.FSharp.Core.FSharpFunc`2<a,Microsoft.FSharp.Control.FSharpAsync`1<Microsoft.FSharp.Core.FSharpResult`2<a,b>>> FsToolkit.ErrorHandling.AsyncResult::ok()
FN:43,Microsoft.FSharp.Control.FSharpAsync`1<Microsoft.FSharp.Core.FSharpResult`2<b,a>> FsToolkit.ErrorHandling.AsyncResult::returnError(a)
FN:45,Microsoft.FSharp.Core.FSharpFunc`2<a,Microsoft.FSharp.Control.FSharpAsync`1<Microsoft.FSharp.Core.FSharpResult`2<b,a>>> FsToolkit.ErrorHandling.AsyncResult::error()
FN:47,Microsoft.FSharp.Control.FSharpAsync`1<Microsoft.FSharp.Core.FSharpResult`2<c,d>> FsToolkit.ErrorHandling.AsyncResult::map2(Microsoft.FSharp.Core.FSharpFunc`2<a,Microsoft.FSharp.Core.FSharpFunc`2<b,c>>,Microsoft.FSharp.Control.FSharpAsync`1<Microsoft.FSharp.Core.FSharpResult`2<a,d>>,Microsoft.FSharp.Control.FSharpAsync`1<Microsoft.FSharp.Core.FSharpResult`2<b,d>>)
FN:74,Microsoft.FSharp.Control.FSharpAsync`1<Microsoft.FSharp.Core.FSharpResult`2<ok,error2>> FsToolkit.ErrorHandling.AsyncResult::orElse(Microsoft.FSharp.Control.FSharpAsync`1<Microsoft.FSharp.Core.FSharpResult`2<ok,error2>>,Microsoft.FSharp.Control.FSharpAsync`1<Microsoft.FSharp.Core.FSharpResult`2<ok,error>>)
FN:97,Microsoft.FSharp.Control.FSharpAsync`1<Microsoft.FSharp.Core.FSharpResult`2<ok,error2>> FsToolkit.ErrorHandling.AsyncResult::orElseWith(Microsoft.FSharp.Core.FSharpFunc`2<error,Microsoft.FSharp.Control.FSharpAsync`1<Microsoft.FSharp.Core.FSharpResult`2<ok,error2>>>,Microsoft.FSharp.Control.FSharpAsync`1<Microsoft.FSharp.Core.FSharpResult`2<ok,error>>)
FN:100,Microsoft.FSharp.Control.FSharpAsync`1<Microsoft.FSharp.Core.FSharpResult`2<Microsoft.FSharp.Core.Unit,b>> FsToolkit.ErrorHandling.AsyncResult::func2@1-5(Microsoft.FSharp.Core.FSharpResult`2<Microsoft.FSharp.Core.Unit,b>)
FN:104,Microsoft.FSharp.Control.FSharpAsync`1<Microsoft.FSharp.Core.FSharpResult`2<Microsoft.FSharp.Core.Unit,a>> FsToolkit.ErrorHandling.AsyncResult::func2@1-6(Microsoft.FSharp.Core.FSharpResult`2<Microsoft.FSharp.Core.Unit,a>)
FN:104,Microsoft.FSharp.Control.FSharpAsync`1<Microsoft.FSharp.Core.FSharpResult`2<Microsoft.FSharp.Core.Unit,a>> FsToolkit.ErrorHandling.AsyncResult::requireTrue(a,Microsoft.FSharp.Control.FSharpAsync`1<System.Boolean>)
FN:108,Microsoft.FSharp.Control.FSharpAsync`1<Microsoft.FSharp.Core.FSharpResult`2<Microsoft.FSharp.Core.Unit,a>> FsToolkit.ErrorHandling.AsyncResult::func2@1-7(Microsoft.FSharp.Core.FSharpResult`2<Microsoft.FSharp.Core.Unit,a>)
FN:108,Microsoft.FSharp.Control.FSharpAsync`1<Microsoft.FSharp.Core.FSharpResult`2<Microsoft.FSharp.Core.Unit,a>> FsToolkit.ErrorHandling.AsyncResult::requireFalse(a,Microsoft.FSharp.Control.FSharpAsync`1<System.Boolean>)
FN:112,Microsoft.FSharp.Control.FSharpAsync`1<Microsoft.FSharp.Core.FSharpResult`2<b,a>> FsToolkit.ErrorHandling.AsyncResult::func2@1-8(Microsoft.FSharp.Core.FSharpResult`2<b,a>)
FN:112,Microsoft.FSharp.Control.FSharpAsync`1<Microsoft.FSharp.Core.FSharpResult`2<b,a>> FsToolkit.ErrorHandling.AsyncResult::requireSome(a,Microsoft.FSharp.Control.FSharpAsync`1<Microsoft.FSharp.Core.FSharpOption`1<b>>)
FN:116,Microsoft.FSharp.Control.FSharpAsync`1<Microsoft.FSharp.Core.FSharpResult`2<Microsoft.FSharp.Core.Unit,a>> FsToolkit.ErrorHandling.AsyncResult::func2@1-9(Microsoft.FSharp.Core.FSharpResult`2<Microsoft.FSharp.Core.Unit,a>)
FN:116,Microsoft.FSharp.Control.FSharpAsync`1<Microsoft.FSharp.Core.FSharpResult`2<Microsoft.FSharp.Core.Unit,a>> FsToolkit.ErrorHandling.AsyncResult::requireNone(a,Microsoft.FSharp.Control.FSharpAsync`1<Microsoft.FSharp.Core.FSharpOption`1<b>>)
FN:121,Microsoft.FSharp.Control.FSharpAsync`1<Microsoft.FSharp.Core.FSharpResult`2<Microsoft.FSharp.Core.Unit,b>> FsToolkit.ErrorHandling.AsyncResult::func2@1-10(Microsoft.FSharp.Core.FSharpResult`2<Microsoft.FSharp.Core.Unit,b>)
FN:121,Microsoft.FSharp.Control.FSharpAsync`1<Microsoft.FSharp.Core.FSharpResult`2<Microsoft.FSharp.Core.Unit,b>> FsToolkit.ErrorHandling.AsyncResult::requireEqual(a,Microsoft.FSharp.Control.FSharpAsync`1<a>,b)
FN:126,Microsoft.FSharp.Control.FSharpAsync`1<Microsoft.FSharp.Core.FSharpResult`2<Microsoft.FSharp.Core.Unit,b>> FsToolkit.ErrorHandling.AsyncResult::func2@1-11(Microsoft.FSharp.Core.FSharpResult`2<Microsoft.FSharp.Core.Unit,b>)
FN:126,Microsoft.FSharp.Control.FSharpAsync`1<Microsoft.FSharp.Core.FSharpResult`2<Microsoft.FSharp.Core.Unit,b>> FsToolkit.ErrorHandling.AsyncResult::requireEqualTo(a,b,Microsoft.FSharp.Control.FSharpAsync`1<a>)
FN:130,Microsoft.FSharp.Control.FSharpAsync`1<Microsoft.FSharp.Core.FSharpResult`2<Microsoft.FSharp.Core.Unit,a>> FsToolkit.ErrorHandling.AsyncResult::func2@1-12(Microsoft.FSharp.Core.FSharpResult`2<Microsoft.FSharp.Core.Unit,a>)
FN:130,Microsoft.FSharp.Control.FSharpAsync`1<Microsoft.FSharp.Core.FSharpResult`2<Microsoft.FSharp.Core.Unit,a>> FsToolkit.ErrorHandling.AsyncResult::requireEmpty(a,Microsoft.FSharp.Control.FSharpAsync`1<b>)
FN:134,Microsoft.FSharp.Control.FSharpAsync`1<Microsoft.FSharp.Core.FSharpResult`2<Microsoft.FSharp.Core.Unit,a>> FsToolkit.ErrorHandling.AsyncResult::func2@1-13(Microsoft.FSharp.Core.FSharpResult`2<Microsoft.FSharp.Core.Unit,a>)
FN:134,Microsoft.FSharp.Control.FSharpAsync`1<Microsoft.FSharp.Core.FSharpResult`2<Microsoft.FSharp.Core.Unit,a>> FsToolkit.ErrorHandling.AsyncResult::requireNotEmpty(a,Microsoft.FSharp.Control.FSharpAsync`1<b>)
FN:139,Microsoft.FSharp.Control.FSharpAsync`1<Microsoft.FSharp.Core.FSharpResult`2<c,a>> FsToolkit.ErrorHandling.AsyncResult::func2@1-14(Microsoft.FSharp.Core.FSharpResult`2<c,a>)
FN:139,Microsoft.FSharp.Control.FSharpAsync`1<Microsoft.FSharp.Core.FSharpResult`2<c,a>> FsToolkit.ErrorHandling.AsyncResult::requireHead(a,Microsoft.FSharp.Control.FSharpAsync`1<b>)
FN:144,Microsoft.FSharp.Control.FSharpAsync`1<Microsoft.FSharp.Core.FSharpResult`2<b,a>> FsToolkit.ErrorHandling.AsyncResult::func2@1-15(Microsoft.FSharp.Core.FSharpResult`2<b,a>)
FN:144,Microsoft.FSharp.Control.FSharpAsync`1<Microsoft.FSharp.Core.FSharpResult`2<b,a>> FsToolkit.ErrorHandling.AsyncResult::setError(a,Microsoft.FSharp.Control.FSharpAsync`1<Microsoft.FSharp.Core.FSharpResult`2<b,c>>)
FN:149,Microsoft.FSharp.Control.FSharpAsync`1<Microsoft.FSharp.Core.FSharpResult`2<b,a>> FsToolkit.ErrorHandling.AsyncResult::func2@1-16(Microsoft.FSharp.Core.FSharpResult`2<b,a>)
FN:149,Microsoft.FSharp.Control.FSharpAsync`1<Microsoft.FSharp.Core.FSharpResult`2<b,a>> FsToolkit.ErrorHandling.AsyncResult::withError(a,Microsoft.FSharp.Control.FSharpAsync`1<Microsoft.FSharp.Core.FSharpResult`2<b,Microsoft.FSharp.Core.Unit>>)
FN:155,Microsoft.FSharp.Control.FSharpAsync`1<a> FsToolkit.ErrorHandling.AsyncResult::func2@1-17(a)
FN:161,Microsoft.FSharp.Control.FSharpAsync`1<a> FsToolkit.ErrorHandling.AsyncResult::func2@1-18(a)
FN:167,Microsoft.FSharp.Control.FSharpAsync`1<a> FsToolkit.ErrorHandling.AsyncResult::func2@1-19(a)
FN:171,Microsoft.FSharp.Control.FSharpAsync`1<Microsoft.FSharp.Core.Unit> FsToolkit.ErrorHandling.AsyncResult::ignoreError(Microsoft.FSharp.Control.FSharpAsync`1<Microsoft.FSharp.Core.FSharpResult`2<Microsoft.FSharp.Core.Unit,a>>)
FN:175,Microsoft.FSharp.Control.FSharpAsync`1<Microsoft.FSharp.Core.FSharpResult`2<a,b>> FsToolkit.ErrorHandling.AsyncResult::func2@1-20(Microsoft.FSharp.Core.FSharpResult`2<a,b>)
FN:175,Microsoft.FSharp.Control.FSharpAsync`1<Microsoft.FSharp.Core.FSharpResult`2<a,b>> FsToolkit.ErrorHandling.AsyncResult::tee(Microsoft.FSharp.Core.FSharpFunc`2<a,Microsoft.FSharp.Core.Unit>,Microsoft.FSharp.Control.FSharpAsync`1<Microsoft.FSharp.Core.FSharpResult`2<a,b>>)
FN:181,Microsoft.FSharp.Control.FSharpAsync`1<Microsoft.FSharp.Core.FSharpResult`2<a,b>> FsToolkit.ErrorHandling.AsyncResult::func2@1-21(Microsoft.FSharp.Core.FSharpResult`2<a,b>)
FN:181,Microsoft.FSharp.Control.FSharpAsync`1<Microsoft.FSharp.Core.FSharpResult`2<a,b>> FsToolkit.ErrorHandling.AsyncResult::teeIf(Microsoft.FSharp.Core.FSharpFunc`2<a,System.Boolean>,Microsoft.FSharp.Core.FSharpFunc`2<a,Microsoft.FSharp.Core.Unit>,Microsoft.FSharp.Control.FSharpAsync`1<Microsoft.FSharp.Core.FSharpResult`2<a,b>>)
FN:186,Microsoft.FSharp.Control.FSharpAsync`1<Microsoft.FSharp.Core.FSharpResult`2<b,a>> FsToolkit.ErrorHandling.AsyncResult::func2@1-22(Microsoft.FSharp.Core.FSharpResult`2<b,a>)
FN:186,Microsoft.FSharp.Control.FSharpAsync`1<Microsoft.FSharp.Core.FSharpResult`2<b,a>> FsToolkit.ErrorHandling.AsyncResult::teeError(Microsoft.FSharp.Core.FSharpFunc`2<a,Microsoft.FSharp.Core.Unit>,Microsoft.FSharp.Control.FSharpAsync`1<Microsoft.FSharp.Core.FSharpResult`2<b,a>>)
FN:192,Microsoft.FSharp.Control.FSharpAsync`1<Microsoft.FSharp.Core.FSharpResult`2<b,a>> FsToolkit.ErrorHandling.AsyncResult::func2@1-23(Microsoft.FSharp.Core.FSharpResult`2<b,a>)
FN:192,Microsoft.FSharp.Control.FSharpAsync`1<Microsoft.FSharp.Core.FSharpResult`2<b,a>> FsToolkit.ErrorHandling.AsyncResult::teeErrorIf(Microsoft.FSharp.Core.FSharpFunc`2<a,System.Boolean>,Microsoft.FSharp.Core.FSharpFunc`2<a,Microsoft.FSharp.Core.Unit>,Microsoft.FSharp.Control.FSharpAsync`1<Microsoft.FSharp.Core.FSharpResult`2<b,a>>)
FN:198,Microsoft.FSharp.Control.FSharpAsync`1<Microsoft.FSharp.Core.FSharpResult`2<System.Tuple`2<a,c>,b>> FsToolkit.ErrorHandling.AsyncResult::func2@1-24(Microsoft.FSharp.Core.FSharpResult`2<System.Tuple`2<a,c>,b>)
FN:197,Microsoft.FSharp.Control.FSharpAsync`1<Microsoft.FSharp.Core.FSharpResult`2<System.Tuple`2<a,c>,b>> FsToolkit.ErrorHandling.AsyncResult::zip(Microsoft.FSharp.Control.FSharpAsync`1<Microsoft.FSharp.Core.FSharpResult`2<a,b>>,Microsoft.FSharp.Control.FSharpAsync`1<Microsoft.FSharp.Core.FSharpResult`2<c,b>>)
FN:203,Microsoft.FSharp.Control.FSharpAsync`1<Microsoft.FSharp.Core.FSharpResult`2<a,System.Tuple`2<b,c>>> FsToolkit.ErrorHandling.AsyncResult::func2@1-25(Microsoft.FSharp.Core.FSharpResult`2<a,System.Tuple`2<b,c>>)
FN:202,Microsoft.FSharp.Control.FSharpAsync`1<Microsoft.FSharp.Core.FSharpResult`2<a,System.Tuple`2<b,c>>> FsToolkit.ErrorHandling.AsyncResult::zipError(Microsoft.FSharp.Control.FSharpAsync`1<Microsoft.FSharp.Core.FSharpResult`2<a,b>>,Microsoft.FSharp.Control.FSharpAsync`1<Microsoft.FSharp.Core.FSharpResult`2<a,c>>)
FN:213,Microsoft.FSharp.Core.FSharpResult`2<b,a> FsToolkit.ErrorHandling.AsyncResult::f@13(Microsoft.FSharp.Core.FSharpFunc`2<System.Exception,a>,Microsoft.FSharp.Core.FSharpChoice`2<Microsoft.FSharp.Core.FSharpResult`2<b,a>,System.Exception>)
FN:209,Microsoft.FSharp.Control.FSharpAsync`1<Microsoft.FSharp.Core.FSharpResult`2<b,a>> FsToolkit.ErrorHandling.AsyncResult::func2@1-26(Microsoft.FSharp.Core.FSharpResult`2<b,a>)
FN:207,Microsoft.FSharp.Control.FSharpAsync`1<Microsoft.FSharp.Core.FSharpResult`2<b,a>> FsToolkit.ErrorHandling.AsyncResult::catch(Microsoft.FSharp.Core.FSharpFunc`2<System.Exception,a>,Microsoft.FSharp.Control.FSharpAsync`1<Microsoft.FSharp.Core.FSharpResult`2<b,a>>)
FN:216,Microsoft.FSharp.Control.FSharpAsync`1<Microsoft.FSharp.Core.FSharpResult`2<a,b>> FsToolkit.ErrorHandling.AsyncResult::func2@1-27(Microsoft.FSharp.Core.FSharpResult`2<a,b>)
FN:216,Microsoft.FSharp.Control.FSharpAsync`1<Microsoft.FSharp.Core.FSharpResult`2<a,b>> FsToolkit.ErrorHandling.AsyncResult::ofAsync(Microsoft.FSharp.Control.FSharpAsync`1<a>)
FN:219,Microsoft.FSharp.Control.FSharpAsync`1<Microsoft.FSharp.Core.FSharpResult`2<a,b>> FsToolkit.ErrorHandling.AsyncResult::ofResult(Microsoft.FSharp.Core.FSharpResult`2<a,b>)
FN:8,Microsoft.FSharp.Core.FSharpResult`2<b,c> FsToolkit.ErrorHandling.AsyncResult/map@8-5::Invoke(Microsoft.FSharp.Core.FSharpResult`2<a,c>)
FN:8,Microsoft.FSharp.Control.AsyncReturn FsToolkit.ErrorHandling.AsyncResult/map@8-7::Invoke(Microsoft.FSharp.Control.AsyncActivation`1<Microsoft.FSharp.Core.FSharpResult`2<b,c>>)
FN:8,Microsoft.FSharp.Control.FSharpAsync`1<Microsoft.FSharp.Core.FSharpResult`2<b,c>> FsToolkit.ErrorHandling.AsyncResult/map@8-6::Invoke(Microsoft.FSharp.Core.FSharpResult`2<b,c>)
FN:8,Microsoft.FSharp.Control.FSharpAsync`1<Microsoft.FSharp.Core.FSharpResult`2<b,c>> FsToolkit.ErrorHandling.AsyncResult/map@8-8::Invoke(Microsoft.FSharp.Core.FSharpResult`2<a,c>)
FN:8,Microsoft.FSharp.Control.AsyncReturn FsToolkit.ErrorHandling.AsyncResult/map@8-9::Invoke(Microsoft.FSharp.Control.AsyncActivation`1<Microsoft.FSharp.Core.FSharpResult`2<b,c>>)
FN:10,Microsoft.FSharp.Control.FSharpAsync`1<Microsoft.FSharp.Core.FSharpResult`2<c,b>> FsToolkit.ErrorHandling.AsyncResult/mapError@10::Invoke(Microsoft.FSharp.Core.FSharpResult`2<c,a>)
FN:10,Microsoft.FSharp.Control.AsyncReturn FsToolkit.ErrorHandling.AsyncResult/mapError@10-1::Invoke(Microsoft.FSharp.Control.AsyncActivation`1<Microsoft.FSharp.Core.FSharpResult`2<c,b>>)
FN:10,Microsoft.FSharp.Control.AsyncReturn FsToolkit.ErrorHandling.AsyncResult/mapError@10-2::Invoke(Microsoft.FSharp.Control.AsyncActivation`1<Microsoft.FSharp.Core.FSharpResult`2<c,b>>)
FN:14,Microsoft.FSharp.Control.FSharpAsync`1<Microsoft.FSharp.Core.FSharpResult`2<b,c>> FsToolkit.ErrorHandling.AsyncResult/bind@14-2::Invoke(c)
FN:14,Microsoft.FSharp.Control.FSharpAsync`1<Microsoft.FSharp.Core.FSharpResult`2<b,c>> FsToolkit.ErrorHandling.AsyncResult/bind@14-3::Invoke(Microsoft.FSharp.Core.FSharpResult`2<a,c>)
FN:14,Microsoft.FSharp.Control.AsyncReturn FsToolkit.ErrorHandling.AsyncResult/bind@14-4::Invoke(Microsoft.FSharp.Control.AsyncActivation`1<Microsoft.FSharp.Core.FSharpResult`2<b,c>>)
FN:14,Microsoft.FSharp.Control.AsyncReturn FsToolkit.ErrorHandling.AsyncResult/bind@14-5::Invoke(Microsoft.FSharp.Control.AsyncActivation`1<Microsoft.FSharp.Core.FSharpResult`2<b,c>>)
FN:17,Microsoft.FSharp.Control.FSharpAsync`1<b> FsToolkit.ErrorHandling.AsyncResult/foldResult@17::Invoke(Microsoft.FSharp.Core.FSharpResult`2<a,c>)
FN:17,Microsoft.FSharp.Control.AsyncReturn FsToolkit.ErrorHandling.AsyncResult/foldResult@17-1::Invoke(Microsoft.FSharp.Control.AsyncActivation`1<b>)
FN:17,Microsoft.FSharp.Control.AsyncReturn FsToolkit.ErrorHandling.AsyncResult/foldResult@17-2::Invoke(Microsoft.FSharp.Control.AsyncActivation`1<b>)
FN:27,Microsoft.FSharp.Control.FSharpAsync`1<Microsoft.FSharp.Core.FSharpResult`2<a,System.Exception>> FsToolkit.ErrorHandling.AsyncResult/ofTask@27-1::Invoke(Microsoft.FSharp.Core.FSharpChoice`2<a,System.Exception>)
FN:27,Microsoft.FSharp.Control.AsyncReturn FsToolkit.ErrorHandling.AsyncResult/ofTask@27-2::Invoke(Microsoft.FSharp.Control.AsyncActivation`1<Microsoft.FSharp.Core.FSharpResult`2<a,System.Exception>>)
FN:24,Microsoft.FSharp.Control.FSharpAsync`1<Microsoft.FSharp.Core.FSharpResult`2<a,System.Exception>> FsToolkit.ErrorHandling.AsyncResult/ofTask@23::Invoke(Microsoft.FSharp.Core.Unit)
FN:27,Microsoft.FSharp.Control.AsyncReturn FsToolkit.ErrorHandling.AsyncResult/ofTask@27-3::Invoke(Microsoft.FSharp.Control.AsyncActivation`1<Microsoft.FSharp.Core.FSharpResult`2<a,System.Exception>>)
FN:35,Microsoft.FSharp.Control.FSharpAsync`1<Microsoft.FSharp.Core.FSharpResult`2<Microsoft.FSharp.Core.Unit,System.Exception>> FsToolkit.ErrorHandling.AsyncResult/ofTaskAction@35-1::Invoke(Microsoft.FSharp.Core.FSharpChoice`2<Microsoft.FSharp.Core.Unit,System.Exception>)
FN:35,Microsoft.FSharp.Control.AsyncReturn FsToolkit.ErrorHandling.AsyncResult/ofTaskAction@35-2::Invoke(Microsoft.FSharp.Control.AsyncActivation`1<Microsoft.FSharp.Core.FSharpResult`2<Microsoft.FSharp.Core.Unit,System.Exception>>)
FN:32,Microsoft.FSharp.Control.FSharpAsync`1<Microsoft.FSharp.Core.FSharpResult`2<Microsoft.FSharp.Core.Unit,System.Exception>> FsToolkit.ErrorHandling.AsyncResult/ofTaskAction@31::Invoke(Microsoft.FSharp.Core.Unit)
FN:35,Microsoft.FSharp.Control.AsyncReturn FsToolkit.ErrorHandling.AsyncResult/ofTaskAction@35-3::Invoke(Microsoft.FSharp.Control.AsyncActivation`1<Microsoft.FSharp.Core.FSharpResult`2<Microsoft.FSharp.Core.Unit,System.Exception>>)
FN:39,Microsoft.FSharp.Control.AsyncReturn FsToolkit.ErrorHandling.AsyncResult/retn@39::Invoke(Microsoft.FSharp.Control.AsyncActivation`1<Microsoft.FSharp.Core.FSharpResult`2<a,b>>)
FN:41,Microsoft.FSharp.Control.FSharpAsync`1<Microsoft.FSharp.Core.FSharpResult`2<a,b>> FsToolkit.ErrorHandling.AsyncResult/ok@41::Invoke(a)
FN:43,Microsoft.FSharp.Control.AsyncReturn FsToolkit.ErrorHandling.AsyncResult/returnError@43::Invoke(Microsoft.FSharp.Control.AsyncActivation`1<Microsoft.FSharp.Core.FSharpResult`2<b,a>>)
FN:45,Microsoft.FSharp.Control.FSharpAsync`1<Microsoft.FSharp.Core.FSharpResult`2<b,a>> FsToolkit.ErrorHandling.AsyncResult/error@45::Invoke(a)
FN:47,Microsoft.FSharp.Core.FSharpResult`2<c,d> FsToolkit.ErrorHandling.AsyncResult/map2@47-1::Invoke(Microsoft.FSharp.Core.FSharpResult`2<a,d>,Microsoft.FSharp.Core.FSharpResult`2<b,d>)
FN:49,Microsoft.FSharp.Core.FSharpResult`2<d,e> FsToolkit.ErrorHandling.AsyncResult/map3@49::Invoke(Microsoft.FSharp.Core.FSharpResult`2<a,e>,Microsoft.FSharp.Core.FSharpResult`2<b,e>,Microsoft.FSharp.Core.FSharpResult`2<c,e>)
FN:51,b FsToolkit.ErrorHandling.AsyncResult/apply@51-9::Invoke(Microsoft.FSharp.Core.FSharpFunc`2<a,b>,a)
FN:51,Microsoft.FSharp.Core.FSharpResult`2<b,c> FsToolkit.ErrorHandling.AsyncResult/apply@51-10::Invoke(Microsoft.FSharp.Core.FSharpResult`2<Microsoft.FSharp.Core.FSharpFunc`2<a,b>,c>,Microsoft.FSharp.Core.FSharpResult`2<a,c>)
FN:74,Microsoft.FSharp.Control.FSharpAsync`1<Microsoft.FSharp.Core.FSharpResult`2<ok,error2>> FsToolkit.ErrorHandling.AsyncResult/orElse@74-2::Invoke(error)
FN:74,Microsoft.FSharp.Control.FSharpAsync`1<Microsoft.FSharp.Core.FSharpResult`2<ok,error2>> FsToolkit.ErrorHandling.AsyncResult/orElse@74-3::Invoke(Microsoft.FSharp.Core.FSharpResult`2<ok,error>)
FN:74,Microsoft.FSharp.Control.AsyncReturn FsToolkit.ErrorHandling.AsyncResult/orElse@74-4::Invoke(Microsoft.FSharp.Control.AsyncActivation`1<Microsoft.FSharp.Core.FSharpResult`2<ok,error2>>)
FN:97,Microsoft.FSharp.Control.FSharpAsync`1<Microsoft.FSharp.Core.FSharpResult`2<ok,error2>> FsToolkit.ErrorHandling.AsyncResult/orElseWith@97-1::Invoke(Microsoft.FSharp.Core.FSharpResult`2<ok,error>)
FN:97,Microsoft.FSharp.Control.AsyncReturn FsToolkit.ErrorHandling.AsyncResult/orElseWith@97-2::Invoke(Microsoft.FSharp.Control.AsyncActivation`1<Microsoft.FSharp.Core.FSharpResult`2<ok,error2>>)
FN:100,Microsoft.FSharp.Core.Unit FsToolkit.ErrorHandling.AsyncResult/ignore@100-2::Invoke(a)
FN:100,Microsoft.FSharp.Control.FSharpAsync`1<Microsoft.FSharp.Core.FSharpResult`2<Microsoft.FSharp.Core.Unit,b>> FsToolkit.ErrorHandling.AsyncResult/ignore@100-3::Invoke(Microsoft.FSharp.Core.FSharpResult`2<a,b>)
FN:100,Microsoft.FSharp.Control.AsyncReturn FsToolkit.ErrorHandling.AsyncResult/ignore@100-4::Invoke(Microsoft.FSharp.Control.AsyncActivation`1<Microsoft.FSharp.Core.FSharpResult`2<Microsoft.FSharp.Core.Unit,b>>)
FN:100,Microsoft.FSharp.Control.AsyncReturn FsToolkit.ErrorHandling.AsyncResult/ignore@100-5::Invoke(Microsoft.FSharp.Control.AsyncActivation`1<Microsoft.FSharp.Core.FSharpResult`2<Microsoft.FSharp.Core.Unit,b>>)
FN:104,Microsoft.FSharp.Control.FSharpAsync`1<Microsoft.FSharp.Core.FSharpResult`2<Microsoft.FSharp.Core.Unit,a>> FsToolkit.ErrorHandling.AsyncResult/requireTrue@104::Invoke(System.Boolean)
FN:104,Microsoft.FSharp.Control.AsyncReturn FsToolkit.ErrorHandling.AsyncResult/requireTrue@104-1::Invoke(Microsoft.FSharp.Control.AsyncActivation`1<Microsoft.FSharp.Core.FSharpResult`2<Microsoft.FSharp.Core.Unit,a>>)
FN:104,Microsoft.FSharp.Control.AsyncReturn FsToolkit.ErrorHandling.AsyncResult/requireTrue@104-2::Invoke(Microsoft.FSharp.Control.AsyncActivation`1<Microsoft.FSharp.Core.FSharpResult`2<Microsoft.FSharp.Core.Unit,a>>)
FN:108,Microsoft.FSharp.Control.FSharpAsync`1<Microsoft.FSharp.Core.FSharpResult`2<Microsoft.FSharp.Core.Unit,a>> FsToolkit.ErrorHandling.AsyncResult/requireFalse@108::Invoke(System.Boolean)
FN:108,Microsoft.FSharp.Control.AsyncReturn FsToolkit.ErrorHandling.AsyncResult/requireFalse@108-1::Invoke(Microsoft.FSharp.Control.AsyncActivation`1<Microsoft.FSharp.Core.FSharpResult`2<Microsoft.FSharp.Core.Unit,a>>)
FN:108,Microsoft.FSharp.Control.AsyncReturn FsToolkit.ErrorHandling.AsyncResult/requireFalse@108-2::Invoke(Microsoft.FSharp.Control.AsyncActivation`1<Microsoft.FSharp.Core.FSharpResult`2<Microsoft.FSharp.Core.Unit,a>>)
FN:112,Microsoft.FSharp.Control.FSharpAsync`1<Microsoft.FSharp.Core.FSharpResult`2<b,a>> FsToolkit.ErrorHandling.AsyncResult/requireSome@112::Invoke(Microsoft.FSharp.Core.FSharpOption`1<b>)
FN:112,Microsoft.FSharp.Control.AsyncReturn FsToolkit.ErrorHandling.AsyncResult/requireSome@112-1::Invoke(Microsoft.FSharp.Control.AsyncActivation`1<Microsoft.FSharp.Core.FSharpResult`2<b,a>>)
FN:112,Microsoft.FSharp.Control.AsyncReturn FsToolkit.ErrorHandling.AsyncResult/requireSome@112-2::Invoke(Microsoft.FSharp.Control.AsyncActivation`1<Microsoft.FSharp.Core.FSharpResult`2<b,a>>)
FN:116,Microsoft.FSharp.Control.FSharpAsync`1<Microsoft.FSharp.Core.FSharpResult`2<Microsoft.FSharp.Core.Unit,a>> FsToolkit.ErrorHandling.AsyncResult/requireNone@116::Invoke(Microsoft.FSharp.Core.FSharpOption`1<b>)
FN:116,Microsoft.FSharp.Control.AsyncReturn FsToolkit.ErrorHandling.AsyncResult/requireNone@116-1::Invoke(Microsoft.FSharp.Control.AsyncActivation`1<Microsoft.FSharp.Core.FSharpResult`2<Microsoft.FSharp.Core.Unit,a>>)
FN:116,Microsoft.FSharp.Control.AsyncReturn FsToolkit.ErrorHandling.AsyncResult/requireNone@116-2::Invoke(Microsoft.FSharp.Control.AsyncActivation`1<Microsoft.FSharp.Core.FSharpResult`2<Microsoft.FSharp.Core.Unit,a>>)
FN:121,Microsoft.FSharp.Control.FSharpAsync`1<Microsoft.FSharp.Core.FSharpResult`2<Microsoft.FSharp.Core.Unit,b>> FsToolkit.ErrorHandling.AsyncResult/requireEqual@121::Invoke(a)
FN:121,Microsoft.FSharp.Control.AsyncReturn FsToolkit.ErrorHandling.AsyncResult/requireEqual@121-1::Invoke(Microsoft.FSharp.Control.AsyncActivation`1<Microsoft.FSharp.Core.FSharpResult`2<Microsoft.FSharp.Core.Unit,b>>)
FN:121,Microsoft.FSharp.Control.AsyncReturn FsToolkit.ErrorHandling.AsyncResult/requireEqual@121-2::Invoke(Microsoft.FSharp.Control.AsyncActivation`1<Microsoft.FSharp.Core.FSharpResult`2<Microsoft.FSharp.Core.Unit,b>>)
FN:126,Microsoft.FSharp.Control.FSharpAsync`1<Microsoft.FSharp.Core.FSharpResult`2<Microsoft.FSharp.Core.Unit,b>> FsToolkit.ErrorHandling.AsyncResult/requireEqualTo@126::Invoke(a)
FN:126,Microsoft.FSharp.Control.AsyncReturn FsToolkit.ErrorHandling.AsyncResult/requireEqualTo@126-1::Invoke(Microsoft.FSharp.Control.AsyncActivation`1<Microsoft.FSharp.Core.FSharpResult`2<Microsoft.FSharp.Core.Unit,b>>)
FN:126,Microsoft.FSharp.Control.AsyncReturn FsToolkit.ErrorHandling.AsyncResult/requireEqualTo@126-2::Invoke(Microsoft.FSharp.Control.AsyncActivation`1<Microsoft.FSharp.Core.FSharpResult`2<Microsoft.FSharp.Core.Unit,b>>)
FN:130,Microsoft.FSharp.Control.FSharpAsync`1<Microsoft.FSharp.Core.FSharpResult`2<Microsoft.FSharp.Core.Unit,a>> FsToolkit.ErrorHandling.AsyncResult/requireEmpty@130::Invoke(b)
FN:130,Microsoft.FSharp.Control.AsyncReturn FsToolkit.ErrorHandling.AsyncResult/requireEmpty@130-1::Invoke(Microsoft.FSharp.Control.AsyncActivation`1<Microsoft.FSharp.Core.FSharpResult`2<Microsoft.FSharp.Core.Unit,a>>)
FN:130,Microsoft.FSharp.Control.AsyncReturn FsToolkit.ErrorHandling.AsyncResult/requireEmpty@130-2::Invoke(Microsoft.FSharp.Control.AsyncActivation`1<Microsoft.FSharp.Core.FSharpResult`2<Microsoft.FSharp.Core.Unit,a>>)
FN:134,Microsoft.FSharp.Control.FSharpAsync`1<Microsoft.FSharp.Core.FSharpResult`2<Microsoft.FSharp.Core.Unit,a>> FsToolkit.ErrorHandling.AsyncResult/requireNotEmpty@134::Invoke(b)
FN:134,Microsoft.FSharp.Control.AsyncReturn FsToolkit.ErrorHandling.AsyncResult/requireNotEmpty@134-1::Invoke(Microsoft.FSharp.Control.AsyncActivation`1<Microsoft.FSharp.Core.FSharpResult`2<Microsoft.FSharp.Core.Unit,a>>)
FN:134,Microsoft.FSharp.Control.AsyncReturn FsToolkit.ErrorHandling.AsyncResult/requireNotEmpty@134-2::Invoke(Microsoft.FSharp.Control.AsyncActivation`1<Microsoft.FSharp.Core.FSharpResult`2<Microsoft.FSharp.Core.Unit,a>>)
FN:139,Microsoft.FSharp.Control.FSharpAsync`1<Microsoft.FSharp.Core.FSharpResult`2<c,a>> FsToolkit.ErrorHandling.AsyncResult/requireHead@139::Invoke(b)
FN:139,Microsoft.FSharp.Control.AsyncReturn FsToolkit.ErrorHandling.AsyncResult/requireHead@139-1::Invoke(Microsoft.FSharp.Control.AsyncActivation`1<Microsoft.FSharp.Core.FSharpResult`2<c,a>>)
FN:139,Microsoft.FSharp.Control.AsyncReturn FsToolkit.ErrorHandling.AsyncResult/requireHead@139-2::Invoke(Microsoft.FSharp.Control.AsyncActivation`1<Microsoft.FSharp.Core.FSharpResult`2<c,a>>)
FN:144,Microsoft.FSharp.Control.FSharpAsync`1<Microsoft.FSharp.Core.FSharpResult`2<b,a>> FsToolkit.ErrorHandling.AsyncResult/setError@144-1::Invoke(Microsoft.FSharp.Core.FSharpResult`2<b,c>)
FN:144,Microsoft.FSharp.Control.AsyncReturn FsToolkit.ErrorHandling.AsyncResult/setError@144-2::Invoke(Microsoft.FSharp.Control.AsyncActivation`1<Microsoft.FSharp.Core.FSharpResult`2<b,a>>)
FN:144,Microsoft.FSharp.Control.AsyncReturn FsToolkit.ErrorHandling.AsyncResult/setError@144-3::Invoke(Microsoft.FSharp.Control.AsyncActivation`1<Microsoft.FSharp.Core.FSharpResult`2<b,a>>)
FN:149,Microsoft.FSharp.Control.FSharpAsync`1<Microsoft.FSharp.Core.FSharpResult`2<b,a>> FsToolkit.ErrorHandling.AsyncResult/withError@149-1::Invoke(Microsoft.FSharp.Core.FSharpResult`2<b,Microsoft.FSharp.Core.Unit>)
FN:149,Microsoft.FSharp.Control.AsyncReturn FsToolkit.ErrorHandling.AsyncResult/withError@149-2::Invoke(Microsoft.FSharp.Control.AsyncActivation`1<Microsoft.FSharp.Core.FSharpResult`2<b,a>>)
FN:149,Microsoft.FSharp.Control.AsyncReturn FsToolkit.ErrorHandling.AsyncResult/withError@149-3::Invoke(Microsoft.FSharp.Control.AsyncActivation`1<Microsoft.FSharp.Core.FSharpResult`2<b,a>>)
FN:155,Microsoft.FSharp.Control.FSharpAsync`1<a> FsToolkit.ErrorHandling.AsyncResult/defaultValue@155-1::Invoke(Microsoft.FSharp.Core.FSharpResult`2<a,b>)
FN:155,Microsoft.FSharp.Control.AsyncReturn FsToolkit.ErrorHandling.AsyncResult/defaultValue@155-2::Invoke(Microsoft.FSharp.Control.AsyncActivation`1<a>)
FN:155,Microsoft.FSharp.Control.AsyncReturn FsToolkit.ErrorHandling.AsyncResult/defaultValue@155-3::Invoke(Microsoft.FSharp.Control.AsyncActivation`1<a>)
FN:161,Microsoft.FSharp.Control.FSharpAsync`1<a> FsToolkit.ErrorHandling.AsyncResult/defaultError@161-1::Invoke(Microsoft.FSharp.Core.FSharpResult`2<b,a>)
FN:161,Microsoft.FSharp.Control.AsyncReturn FsToolkit.ErrorHandling.AsyncResult/defaultError@161-2::Invoke(Microsoft.FSharp.Control.AsyncActivation`1<a>)
FN:161,Microsoft.FSharp.Control.AsyncReturn FsToolkit.ErrorHandling.AsyncResult/defaultError@161-3::Invoke(Microsoft.FSharp.Control.AsyncActivation`1<a>)
FN:167,Microsoft.FSharp.Control.FSharpAsync`1<a> FsToolkit.ErrorHandling.AsyncResult/defaultWith@167-1::Invoke(Microsoft.FSharp.Core.FSharpResult`2<a,b>)
FN:167,Microsoft.FSharp.Control.AsyncReturn FsToolkit.ErrorHandling.AsyncResult/defaultWith@167-2::Invoke(Microsoft.FSharp.Control.AsyncActivation`1<a>)
FN:167,Microsoft.FSharp.Control.AsyncReturn FsToolkit.ErrorHandling.AsyncResult/defaultWith@167-3::Invoke(Microsoft.FSharp.Control.AsyncActivation`1<a>)
FN:175,Microsoft.FSharp.Control.FSharpAsync`1<Microsoft.FSharp.Core.FSharpResult`2<a,b>> FsToolkit.ErrorHandling.AsyncResult/tee@175-1::Invoke(Microsoft.FSharp.Core.FSharpResult`2<a,b>)
FN:175,Microsoft.FSharp.Control.AsyncReturn FsToolkit.ErrorHandling.AsyncResult/tee@175-2::Invoke(Microsoft.FSharp.Control.AsyncActivation`1<Microsoft.FSharp.Core.FSharpResult`2<a,b>>)
FN:175,Microsoft.FSharp.Control.AsyncReturn FsToolkit.ErrorHandling.AsyncResult/tee@175-3::Invoke(Microsoft.FSharp.Control.AsyncActivation`1<Microsoft.FSharp.Core.FSharpResult`2<a,b>>)
FN:181,Microsoft.FSharp.Control.FSharpAsync`1<Microsoft.FSharp.Core.FSharpResult`2<a,b>> FsToolkit.ErrorHandling.AsyncResult/teeIf@181::Invoke(Microsoft.FSharp.Core.FSharpResult`2<a,b>)
FN:181,Microsoft.FSharp.Control.AsyncReturn FsToolkit.ErrorHandling.AsyncResult/teeIf@181-1::Invoke(Microsoft.FSharp.Control.AsyncActivation`1<Microsoft.FSharp.Core.FSharpResult`2<a,b>>)
FN:181,Microsoft.FSharp.Control.AsyncReturn FsToolkit.ErrorHandling.AsyncResult/teeIf@181-2::Invoke(Microsoft.FSharp.Control.AsyncActivation`1<Microsoft.FSharp.Core.FSharpResult`2<a,b>>)
FN:186,Microsoft.FSharp.Control.FSharpAsync`1<Microsoft.FSharp.Core.FSharpResult`2<b,a>> FsToolkit.ErrorHandling.AsyncResult/teeError@186-1::Invoke(Microsoft.FSharp.Core.FSharpResult`2<b,a>)
FN:186,Microsoft.FSharp.Control.AsyncReturn FsToolkit.ErrorHandling.AsyncResult/teeError@186-2::Invoke(Microsoft.FSharp.Control.AsyncActivation`1<Microsoft.FSharp.Core.FSharpResult`2<b,a>>)
FN:186,Microsoft.FSharp.Control.AsyncReturn FsToolkit.ErrorHandling.AsyncResult/teeError@186-3::Invoke(Microsoft.FSharp.Control.AsyncActivation`1<Microsoft.FSharp.Core.FSharpResult`2<b,a>>)
FN:192,Microsoft.FSharp.Control.FSharpAsync`1<Microsoft.FSharp.Core.FSharpResult`2<b,a>> FsToolkit.ErrorHandling.AsyncResult/teeErrorIf@192::Invoke(Microsoft.FSharp.Core.FSharpResult`2<b,a>)
FN:192,Microsoft.FSharp.Control.AsyncReturn FsToolkit.ErrorHandling.AsyncResult/teeErrorIf@192-1::Invoke(Microsoft.FSharp.Control.AsyncActivation`1<Microsoft.FSharp.Core.FSharpResult`2<b,a>>)
FN:192,Microsoft.FSharp.Control.AsyncReturn FsToolkit.ErrorHandling.AsyncResult/teeErrorIf@192-2::Invoke(Microsoft.FSharp.Control.AsyncActivation`1<Microsoft.FSharp.Core.FSharpResult`2<b,a>>)
FN:198,Microsoft.FSharp.Control.FSharpAsync`1<Microsoft.FSharp.Core.FSharpResult`2<System.Tuple`2<a,c>,b>> FsToolkit.ErrorHandling.AsyncResult/zip@198-6::Invoke(System.Tuple`2<Microsoft.FSharp.Core.FSharpResult`2<a,b>,Microsoft.FSharp.Core.FSharpResult`2<c,b>>)
FN:198,Microsoft.FSharp.Control.AsyncReturn FsToolkit.ErrorHandling.AsyncResult/zip@198-7::Invoke(Microsoft.FSharp.Control.AsyncActivation`1<Microsoft.FSharp.Core.FSharpResult`2<System.Tuple`2<a,c>,b>>)
FN:198,Microsoft.FSharp.Control.AsyncReturn FsToolkit.ErrorHandling.AsyncResult/zip@198-8::Invoke(Microsoft.FSharp.Control.AsyncActivation`1<Microsoft.FSharp.Core.FSharpResult`2<System.Tuple`2<a,c>,b>>)
FN:203,Microsoft.FSharp.Control.FSharpAsync`1<Microsoft.FSharp.Core.FSharpResult`2<a,System.Tuple`2<b,c>>> FsToolkit.ErrorHandling.AsyncResult/zipError@203::Invoke(System.Tuple`2<Microsoft.FSharp.Core.FSharpResult`2<a,b>,Microsoft.FSharp.Core.FSharpResult`2<a,c>>)
FN:203,Microsoft.FSharp.Control.AsyncReturn FsToolkit.ErrorHandling.AsyncResult/zipError@203-1::Invoke(Microsoft.FSharp.Control.AsyncActivation`1<Microsoft.FSharp.Core.FSharpResult`2<a,System.Tuple`2<b,c>>>)
FN:203,Microsoft.FSharp.Control.AsyncReturn FsToolkit.ErrorHandling.AsyncResult/zipError@203-2::Invoke(Microsoft.FSharp.Control.AsyncActivation`1<Microsoft.FSharp.Core.FSharpResult`2<a,System.Tuple`2<b,c>>>)
FN:209,Microsoft.FSharp.Control.FSharpAsync`1<Microsoft.FSharp.Core.FSharpResult`2<b,a>> FsToolkit.ErrorHandling.AsyncResult/catch@209::Invoke(Microsoft.FSharp.Core.FSharpChoice`2<Microsoft.FSharp.Core.FSharpResult`2<b,a>,System.Exception>)
FN:209,Microsoft.FSharp.Control.AsyncReturn FsToolkit.ErrorHandling.AsyncResult/catch@209-1::Invoke(Microsoft.FSharp.Control.AsyncActivation`1<Microsoft.FSharp.Core.FSharpResult`2<b,a>>)
FN:209,Microsoft.FSharp.Control.AsyncReturn FsToolkit.ErrorHandling.AsyncResult/catch@209-2::Invoke(Microsoft.FSharp.Control.AsyncActivation`1<Microsoft.FSharp.Core.FSharpResult`2<b,a>>)
FN:216,Microsoft.FSharp.Control.FSharpAsync`1<Microsoft.FSharp.Core.FSharpResult`2<a,b>> FsToolkit.ErrorHandling.AsyncResult/ofAsync@216::Invoke(a)
FN:216,Microsoft.FSharp.Control.AsyncReturn FsToolkit.ErrorHandling.AsyncResult/ofAsync@216-1::Invoke(Microsoft.FSharp.Control.AsyncActivation`1<Microsoft.FSharp.Core.FSharpResult`2<a,b>>)
FN:216,Microsoft.FSharp.Control.AsyncReturn FsToolkit.ErrorHandling.AsyncResult/ofAsync@216-2::Invoke(Microsoft.FSharp.Control.AsyncActivation`1<Microsoft.FSharp.Core.FSharpResult`2<a,b>>)
FN:219,Microsoft.FSharp.Control.AsyncReturn FsToolkit.ErrorHandling.AsyncResult/ofResult@219::Invoke(Microsoft.FSharp.Control.AsyncActivation`1<Microsoft.FSharp.Core.FSharpResult`2<a,b>>)
FNDA:19,Microsoft.FSharp.Control.FSharpAsync`1<Microsoft.FSharp.Core.FSharpResult`2<c,b>> FsToolkit.ErrorHandling.AsyncResult::func2@1(Microsoft.FSharp.Core.FSharpResult`2<c,b>)
FNDA:19,Microsoft.FSharp.Control.FSharpAsync`1<Microsoft.FSharp.Core.FSharpResult`2<c,b>> FsToolkit.ErrorHandling.AsyncResult::mapError(Microsoft.FSharp.Core.FSharpFunc`2<a,b>,Microsoft.FSharp.Control.FSharpAsync`1<Microsoft.FSharp.Core.FSharpResult`2<c,a>>)
FNDA:3,Microsoft.FSharp.Control.FSharpAsync`1<Microsoft.FSharp.Core.FSharpResult`2<b,c>> FsToolkit.ErrorHandling.AsyncResult::func2@1-1(Microsoft.FSharp.Core.FSharpResult`2<b,c>)
FNDA:16,Microsoft.FSharp.Control.FSharpAsync`1<Microsoft.FSharp.Core.FSharpResult`2<b,c>> FsToolkit.ErrorHandling.AsyncResult::bind(Microsoft.FSharp.Core.FSharpFunc`2<a,Microsoft.FSharp.Control.FSharpAsync`1<Microsoft.FSharp.Core.FSharpResult`2<b,c>>>,Microsoft.FSharp.Control.FSharpAsync`1<Microsoft.FSharp.Core.FSharpResult`2<a,c>>)
FNDA:2,Microsoft.FSharp.Control.FSharpAsync`1<b> FsToolkit.ErrorHandling.AsyncResult::func2@1-2(b)
FNDA:2,Microsoft.FSharp.Control.FSharpAsync`1<b> FsToolkit.ErrorHandling.AsyncResult::foldResult(Microsoft.FSharp.Core.FSharpFunc`2<a,b>,Microsoft.FSharp.Core.FSharpFunc`2<c,b>,Microsoft.FSharp.Control.FSharpAsync`1<Microsoft.FSharp.Core.FSharpResult`2<a,c>>)
FNDA:0,Microsoft.FSharp.Control.FSharpAsync`1<Microsoft.FSharp.Core.FSharpResult`2<a,System.Exception>> FsToolkit.ErrorHandling.AsyncResult::func2@1-3(Microsoft.FSharp.Core.FSharpResult`2<a,System.Exception>)
FNDA:0,Microsoft.FSharp.Control.FSharpAsync`1<Microsoft.FSharp.Core.FSharpResult`2<a,System.Exception>> FsToolkit.ErrorHandling.AsyncResult::ofTask(System.Threading.Tasks.Task`1<a>)
FNDA:0,Microsoft.FSharp.Control.FSharpAsync`1<Microsoft.FSharp.Core.FSharpResult`2<Microsoft.FSharp.Core.Unit,System.Exception>> FsToolkit.ErrorHandling.AsyncResult::func2@1-4(Microsoft.FSharp.Core.FSharpResult`2<Microsoft.FSharp.Core.Unit,System.Exception>)
FNDA:0,Microsoft.FSharp.Control.FSharpAsync`1<Microsoft.FSharp.Core.FSharpResult`2<Microsoft.FSharp.Core.Unit,System.Exception>> FsToolkit.ErrorHandling.AsyncResult::ofTaskAction(System.Threading.Tasks.Task)
FNDA:34,Microsoft.FSharp.Control.FSharpAsync`1<Microsoft.FSharp.Core.FSharpResult`2<a,b>> FsToolkit.ErrorHandling.AsyncResult::retn(a)
FNDA:7,Microsoft.FSharp.Core.FSharpFunc`2<a,Microsoft.FSharp.Control.FSharpAsync`1<Microsoft.FSharp.Core.FSharpResult`2<a,b>>> FsToolkit.ErrorHandling.AsyncResult::ok()
FNDA:15,Microsoft.FSharp.Control.FSharpAsync`1<Microsoft.FSharp.Core.FSharpResult`2<b,a>> FsToolkit.ErrorHandling.AsyncResult::returnError(a)
FNDA:7,Microsoft.FSharp.Core.FSharpFunc`2<a,Microsoft.FSharp.Control.FSharpAsync`1<Microsoft.FSharp.Core.FSharpResult`2<b,a>>> FsToolkit.ErrorHandling.AsyncResult::error()
FNDA:0,Microsoft.FSharp.Control.FSharpAsync`1<Microsoft.FSharp.Core.FSharpResult`2<c,d>> FsToolkit.ErrorHandling.AsyncResult::map2(Microsoft.FSharp.Core.FSharpFunc`2<a,Microsoft.FSharp.Core.FSharpFunc`2<b,c>>,Microsoft.FSharp.Control.FSharpAsync`1<Microsoft.FSharp.Core.FSharpResult`2<a,d>>,Microsoft.FSharp.Control.FSharpAsync`1<Microsoft.FSharp.Core.FSharpResult`2<b,d>>)
FNDA:0,Microsoft.FSharp.Control.FSharpAsync`1<Microsoft.FSharp.Core.FSharpResult`2<ok,error2>> FsToolkit.ErrorHandling.AsyncResult::orElse(Microsoft.FSharp.Control.FSharpAsync`1<Microsoft.FSharp.Core.FSharpResult`2<ok,error2>>,Microsoft.FSharp.Control.FSharpAsync`1<Microsoft.FSharp.Core.FSharpResult`2<ok,error>>)
FNDA:0,Microsoft.FSharp.Control.FSharpAsync`1<Microsoft.FSharp.Core.FSharpResult`2<ok,error2>> FsToolkit.ErrorHandling.AsyncResult::orElseWith(Microsoft.FSharp.Core.FSharpFunc`2<error,Microsoft.FSharp.Control.FSharpAsync`1<Microsoft.FSharp.Core.FSharpResult`2<ok,error2>>>,Microsoft.FSharp.Control.FSharpAsync`1<Microsoft.FSharp.Core.FSharpResult`2<ok,error>>)
FNDA:2,Microsoft.FSharp.Control.FSharpAsync`1<Microsoft.FSharp.Core.FSharpResult`2<Microsoft.FSharp.Core.Unit,b>> FsToolkit.ErrorHandling.AsyncResult::func2@1-5(Microsoft.FSharp.Core.FSharpResult`2<Microsoft.FSharp.Core.Unit,b>)
FNDA:2,Microsoft.FSharp.Control.FSharpAsync`1<Microsoft.FSharp.Core.FSharpResult`2<Microsoft.FSharp.Core.Unit,a>> FsToolkit.ErrorHandling.AsyncResult::func2@1-6(Microsoft.FSharp.Core.FSharpResult`2<Microsoft.FSharp.Core.Unit,a>)
FNDA:2,Microsoft.FSharp.Control.FSharpAsync`1<Microsoft.FSharp.Core.FSharpResult`2<Microsoft.FSharp.Core.Unit,a>> FsToolkit.ErrorHandling.AsyncResult::requireTrue(a,Microsoft.FSharp.Control.FSharpAsync`1<System.Boolean>)
FNDA:2,Microsoft.FSharp.Control.FSharpAsync`1<Microsoft.FSharp.Core.FSharpResult`2<Microsoft.FSharp.Core.Unit,a>> FsToolkit.ErrorHandling.AsyncResult::func2@1-7(Microsoft.FSharp.Core.FSharpResult`2<Microsoft.FSharp.Core.Unit,a>)
FNDA:2,Microsoft.FSharp.Control.FSharpAsync`1<Microsoft.FSharp.Core.FSharpResult`2<Microsoft.FSharp.Core.Unit,a>> FsToolkit.ErrorHandling.AsyncResult::requireFalse(a,Microsoft.FSharp.Control.FSharpAsync`1<System.Boolean>)
FNDA:2,Microsoft.FSharp.Control.FSharpAsync`1<Microsoft.FSharp.Core.FSharpResult`2<b,a>> FsToolkit.ErrorHandling.AsyncResult::func2@1-8(Microsoft.FSharp.Core.FSharpResult`2<b,a>)
FNDA:2,Microsoft.FSharp.Control.FSharpAsync`1<Microsoft.FSharp.Core.FSharpResult`2<b,a>> FsToolkit.ErrorHandling.AsyncResult::requireSome(a,Microsoft.FSharp.Control.FSharpAsync`1<Microsoft.FSharp.Core.FSharpOption`1<b>>)
FNDA:0,Microsoft.FSharp.Control.FSharpAsync`1<Microsoft.FSharp.Core.FSharpResult`2<Microsoft.FSharp.Core.Unit,a>> FsToolkit.ErrorHandling.AsyncResult::func2@1-9(Microsoft.FSharp.Core.FSharpResult`2<Microsoft.FSharp.Core.Unit,a>)
FNDA:2,Microsoft.FSharp.Control.FSharpAsync`1<Microsoft.FSharp.Core.FSharpResult`2<Microsoft.FSharp.Core.Unit,a>> FsToolkit.ErrorHandling.AsyncResult::requireNone(a,Microsoft.FSharp.Control.FSharpAsync`1<Microsoft.FSharp.Core.FSharpOption`1<b>>)
FNDA:2,Microsoft.FSharp.Control.FSharpAsync`1<Microsoft.FSharp.Core.FSharpResult`2<Microsoft.FSharp.Core.Unit,b>> FsToolkit.ErrorHandling.AsyncResult::func2@1-10(Microsoft.FSharp.Core.FSharpResult`2<Microsoft.FSharp.Core.Unit,b>)
FNDA:2,Microsoft.FSharp.Control.FSharpAsync`1<Microsoft.FSharp.Core.FSharpResult`2<Microsoft.FSharp.Core.Unit,b>> FsToolkit.ErrorHandling.AsyncResult::requireEqual(a,Microsoft.FSharp.Control.FSharpAsync`1<a>,b)
[...]
FN:159,Microsoft.FSharp.Core.FSharpValueOption`1<System.Int32> ValueOptionCETests/actual@159-86::Invoke(Microsoft.FSharp.Core.Unit)
FN:162,Microsoft.FSharp.Core.Unit ValueOptionCETests/ceTests@154-34::Invoke(Microsoft.FSharp.Core.Unit)
FN:172,Microsoft.FSharp.Core.FSharpValueOption`1<System.Int32> ValueOptionCETests/actual@172-87::Invoke(Microsoft.FSharp.Core.Unit)
FN:175,Microsoft.FSharp.Core.Unit ValueOptionCETests/ceTests@167-35::Invoke(Microsoft.FSharp.Core.Unit)
FN:185,Microsoft.FSharp.Core.FSharpValueOption`1<System.Int32> ValueOptionCETests/actual@185-88::Invoke(Microsoft.FSharp.Core.Unit)
FN:188,Microsoft.FSharp.Core.Unit ValueOptionCETests/ceTests@180-36::Invoke(Microsoft.FSharp.Core.Unit)
FN:196,Microsoft.FSharp.Core.Unit ValueOptionCETests/ceTests@193-37::Invoke(Microsoft.FSharp.Core.Unit)
FN:200,Microsoft.FSharp.Core.Unit ValueOptionCETests/ceTests@199-38::Invoke(Microsoft.FSharp.Core.Unit)
FN:209,System.String ValueOptionCETests/actual@209-89::Invoke(System.String)
FN:212,Microsoft.FSharp.Core.Unit ValueOptionCETests/ceTests@206-39::Invoke(Microsoft.FSharp.Core.Unit)
FN:221,System.String ValueOptionCETests/actual@221-90::Invoke(System.String)
FN:224,Microsoft.FSharp.Core.Unit ValueOptionCETests/ceTests@218-40::Invoke(Microsoft.FSharp.Core.Unit)
FN:233,System.Uri ValueOptionCETests/actual@233-91::Invoke(System.Uri)
FN:236,Microsoft.FSharp.Core.Unit ValueOptionCETests/ceTests@230-41::Invoke(Microsoft.FSharp.Core.Unit)
FN:245,System.IO.MemoryStream ValueOptionCETests/actual@245-92::Invoke(System.IO.MemoryStream)
FN:248,Microsoft.FSharp.Core.Unit ValueOptionCETests/ceTests@242-42::Invoke(Microsoft.FSharp.Core.Unit)
FN:257,System.Collections.Generic.List`1<System.String> ValueOptionCETests/actual@257-93::Invoke(System.Collections.Generic.List`1<System.String>)
FN:260,Microsoft.FSharp.Core.Unit ValueOptionCETests/ceTests@254-43::Invoke(Microsoft.FSharp.Core.Unit)
FN:156,System.Boolean ValueOptionCETests/actual@156-94::Invoke(Microsoft.FSharp.Core.Unit)
FN:156,Microsoft.FSharp.Core.FSharpValueOption`1<Microsoft.FSharp.Core.Unit> ValueOptionCETests/actual@156-95::Invoke(Microsoft.FSharp.Core.Unit)
FN:169,System.Boolean ValueOptionCETests/actual@169-96::Invoke(Microsoft.FSharp.Core.Unit)
FN:169,Microsoft.FSharp.Core.FSharpValueOption`1<Microsoft.FSharp.Core.Unit> ValueOptionCETests/actual@169-97::Invoke(Microsoft.FSharp.Core.Unit)
FN:182,System.Boolean ValueOptionCETests/actual@182-98::Invoke(Microsoft.FSharp.Core.Unit)
FN:182,Microsoft.FSharp.Core.FSharpValueOption`1<Microsoft.FSharp.Core.Unit> ValueOptionCETests/actual@182-99::Invoke(Microsoft.FSharp.Core.Unit)
FN:263,System.Void ValueOptionCETests/CustomClass::.ctor(System.Int32)
FN:265,System.Int32 ValueOptionCETests/CustomClass::get_getX()
FN:278,System.Int32 ValueOptionCETests/actual@278-100::Invoke(System.Tuple`2<System.Int32,System.Tuple`2<System.Int32,System.Int32>>)
FN:281,Microsoft.FSharp.Core.Unit ValueOptionCETests/ValueOptionCE applicative tests@273::Invoke(Microsoft.FSharp.Core.Unit)
FN:290,System.Int32 ValueOptionCETests/actual@290-101::Invoke(System.Tuple`2<System.Int32,System.Tuple`2<System.Int32,System.Int32>>)
FN:293,Microsoft.FSharp.Core.Unit ValueOptionCETests/ValueOptionCE applicative tests@285-1::Invoke(Microsoft.FSharp.Core.Unit)
FN:303,System.Int32 ValueOptionCETests/actual@303-102::Invoke(System.Tuple`2<ValueOptionCETests/CustomClass,System.Tuple`2<ValueOptionCETests/CustomClass,ValueOptionCETests/CustomClass>>)
FN:306,Microsoft.FSharp.Core.Unit ValueOptionCETests/ValueOptionCE applicative tests@298-2::Invoke(Microsoft.FSharp.Core.Unit)
FN:320,System.String ValueOptionCETests/actual@320-103::Invoke(System.Tuple`2<System.String,System.Tuple`2<System.String,System.String>>)
FN:323,Microsoft.FSharp.Core.Unit ValueOptionCETests/ValueOptionCE applicative tests@315-3::Invoke(Microsoft.FSharp.Core.Unit)
FN:336,System.Int32 ValueOptionCETests/actual@336-104::Invoke(System.Tuple`2<System.Collections.Generic.List`1<System.Int32>,System.Tuple`2<System.Collections.Generic.List`1<System.Int32>,System.Collections.Generic.List`1<System.Int32>>>)
FN:327,Microsoft.FSharp.Core.Unit ValueOptionCETests/ValueOptionCE applicative tests@327-4::Invoke(Microsoft.FSharp.Core.Unit)
FN:351,System.Int32 ValueOptionCETests/actual@351-105::Invoke(System.Tuple`2<System.Int32,System.Tuple`2<System.Int32,System.Int32>>)
FN:354,Microsoft.FSharp.Core.Unit ValueOptionCETests/ValueOptionCE applicative tests@346-5::Invoke(Microsoft.FSharp.Core.Unit)
FN:363,System.Int32 ValueOptionCETests/actual@363-106::Invoke(System.Tuple`2<System.Int32,System.Tuple`2<System.Int32,ValueOptionCETests/CustomClass>>)
FN:366,Microsoft.FSharp.Core.Unit ValueOptionCETests/ValueOptionCE applicative tests@358-6::Invoke(Microsoft.FSharp.Core.Unit)
FN:379,System.String ValueOptionCETests/actual@379-113::Invoke(System.String)
FN:379,Microsoft.FSharp.Core.FSharpFunc`2<System.String,System.String> ValueOptionCETests/actual@379-112::Invoke(System.Int32)
FN:379,Microsoft.FSharp.Core.FSharpFunc`2<System.Int32,Microsoft.FSharp.Core.FSharpFunc`2<System.String,System.String>> ValueOptionCETests/actual@379-111::Invoke(System.Int32)
FN:379,Microsoft.FSharp.Core.FSharpFunc`2<System.Int32,Microsoft.FSharp.Core.FSharpFunc`2<System.Int32,Microsoft.FSharp.Core.FSharpFunc`2<System.String,System.String>>> ValueOptionCETests/actual@379-110::Invoke(System.String)
FN:379,Microsoft.FSharp.Core.FSharpFunc`2<System.String,Microsoft.FSharp.Core.FSharpFunc`2<System.Int32,Microsoft.FSharp.Core.FSharpFunc`2<System.Int32,Microsoft.FSharp.Core.FSharpFunc`2<System.String,System.String>>>> ValueOptionCETests/actual@379-109::Invoke(System.Int32)
FN:379,Microsoft.FSharp.Core.FSharpFunc`2<System.Int32,Microsoft.FSharp.Core.FSharpFunc`2<System.String,Microsoft.FSharp.Core.FSharpFunc`2<System.Int32,Microsoft.FSharp.Core.FSharpFunc`2<System.Int32,Microsoft.FSharp.Core.FSharpFunc`2<System.String,System.String>>>>> ValueOptionCETests/actual@379-108::Invoke(System.Int32)
FN:379,System.String ValueOptionCETests/actual@379-107::Invoke(System.Tuple`2<System.Int32,System.Tuple`2<System.Int32,System.Tuple`2<System.String,System.Tuple`2<System.Collections.Generic.List`1<System.Int32>,System.Tuple`2<ValueOptionCETests/CustomClass,System.Uri>>>>>)
FN:382,Microsoft.FSharp.Core.Unit ValueOptionCETests/ValueOptionCE applicative tests@371-7::Invoke(Microsoft.FSharp.Core.Unit)
FN:390,System.Int32 ValueOptionCETests/actual@390-114::Invoke(System.Tuple`2<System.Int32,System.Tuple`2<System.Int32,System.Int32>>)
FN:393,Microsoft.FSharp.Core.Unit ValueOptionCETests/ValueOptionCE applicative tests@385-8::Invoke(Microsoft.FSharp.Core.Unit)
FN:402,System.Int32 ValueOptionCETests/actual@402-115::Invoke(System.Tuple`2<System.Int32,System.Tuple`2<System.Int32,System.Int32>>)
FN:405,Microsoft.FSharp.Core.Unit ValueOptionCETests/ValueOptionCE applicative tests@397-9::Invoke(Microsoft.FSharp.Core.Unit)
FN:418,System.Int32 ValueOptionCETests/actual@418-116::Invoke(System.Tuple`2<ValueOptionCETests/CustomClass,System.Tuple`2<ValueOptionCETests/CustomClass,ValueOptionCETests/CustomClass>>)
FN:409,Microsoft.FSharp.Core.Unit ValueOptionCETests/ValueOptionCE applicative tests@409-10::Invoke(Microsoft.FSharp.Core.Unit)
FN:435,System.Int32 ValueOptionCETests/actual@435-117::Invoke(System.Tuple`2<ValueOptionCETests/CustomClass,System.Tuple`2<ValueOptionCETests/CustomClass,ValueOptionCETests/CustomClass>>)
FN:426,Microsoft.FSharp.Core.Unit ValueOptionCETests/ValueOptionCE applicative tests@426-11::Invoke(Microsoft.FSharp.Core.Unit)
FN:447,System.Int32 ValueOptionCETests/actual@447-118::Invoke(System.Tuple`2<System.Int32,System.Tuple`2<System.Int32,System.Int32>>)
FN:450,Microsoft.FSharp.Core.Unit ValueOptionCETests/ValueOptionCE applicative tests@442-12::Invoke(Microsoft.FSharp.Core.Unit)
FN:457,System.Int32 ValueOptionCETests/actual@457-119::Invoke(System.Int32)
FN:460,Microsoft.FSharp.Core.Unit ValueOptionCETests/ValueOptionCE applicative tests@454-13::Invoke(Microsoft.FSharp.Core.Unit)
FN:467,System.Object ValueOptionCETests/actual@467-120::Invoke(System.Object)
FN:470,Microsoft.FSharp.Core.Unit ValueOptionCETests/ValueOptionCE applicative tests@464-14::Invoke(Microsoft.FSharp.Core.Unit)
FN:25,System.Void <StartupCode$FsToolkit-ErrorHandling-Tests>.$ValueOptionCETests::.cctor()
FNDA:2,System.IDisposable ValueOptionCETests::makeDisposable()
FNDA:1,Microsoft.FSharp.Core.FSharpValueOption`1<Microsoft.FSharp.Core.Unit> ValueOptionCETests::binder@1-3(System.Collections.Generic.IEnumerator`1<System.Int32>)
FNDA:1,Microsoft.FSharp.Core.FSharpValueOption`1<Microsoft.FSharp.Core.Unit> ValueOptionCETests::binder@1-4(System.Collections.Generic.IEnumerator`1<System.Int32>)
FNDA:1,Microsoft.FSharp.Core.FSharpValueOption`1<Microsoft.FSharp.Core.Unit> ValueOptionCETests::binder@1-5(System.Collections.Generic.IEnumerator`1<System.Int32>)
FNDA:2,System.Void ValueOptionCETests/makeDisposable@17-2::System.IDisposable.Dispose()
FNDA:1,Microsoft.FSharp.Core.Unit ValueOptionCETests/ceTests@30-22::Invoke(Microsoft.FSharp.Core.Unit)
FNDA:1,Microsoft.FSharp.Core.Unit ValueOptionCETests/ceTests@35-23::Invoke(Microsoft.FSharp.Core.Unit)
FNDA:1,Microsoft.FSharp.Core.Unit ValueOptionCETests/ceTests@41-24::Invoke(Microsoft.FSharp.Core.Unit)
FNDA:1,System.Int32 ValueOptionCETests/actual@50-79::Invoke(System.Int32)
FNDA:1,Microsoft.FSharp.Core.Unit ValueOptionCETests/ceTests@45-25::Invoke(Microsoft.FSharp.Core.Unit)
FNDA:0,System.Object ValueOptionCETests/actual@61-80::Invoke(System.Object)
FNDA:1,Microsoft.FSharp.Core.Unit ValueOptionCETests/ceTests@58-26::Invoke(Microsoft.FSharp.Core.Unit)
FNDA:1,Microsoft.FSharp.Core.FSharpValueOption`1<System.Int32> ValueOptionCETests/actual@73-81::Invoke(Microsoft.FSharp.Core.Unit)
FNDA:1,Microsoft.FSharp.Core.Unit ValueOptionCETests/ceTests@69-27::Invoke(Microsoft.FSharp.Core.Unit)
FNDA:1,Microsoft.FSharp.Core.Unit ValueOptionCETests/ceTests@81-28::Invoke(Microsoft.FSharp.Core.Unit)
FNDA:1,Microsoft.FSharp.Core.Unit ValueOptionCETests/ceTests@94-29::Invoke(Microsoft.FSharp.Core.Unit)
FNDA:1,Microsoft.FSharp.Core.Unit ValueOptionCETests/ceTests@107-30::Invoke(Microsoft.FSharp.Core.Unit)
FNDA:1,Microsoft.FSharp.Core.Unit ValueOptionCETests/ceTests@118-31::Invoke(Microsoft.FSharp.Core.Unit)
FNDA:1,Microsoft.FSharp.Core.Unit ValueOptionCETests/ceTests@129-32::Invoke(Microsoft.FSharp.Core.Unit)
FNDA:1,Microsoft.FSharp.Core.FSharpValueOption`1<System.Int32> ValueOptionCETests/actual@146-83::Invoke(Microsoft.FSharp.Core.Unit)
FNDA:11,System.Boolean ValueOptionCETests/actual@143-84::Invoke(Microsoft.FSharp.Core.Unit)
FNDA:10,Microsoft.FSharp.Core.FSharpValueOption`1<Microsoft.FSharp.Core.Unit> ValueOptionCETests/actual@144-85::Invoke(Microsoft.FSharp.Core.Unit)
FNDA:1,Microsoft.FSharp.Core.Unit ValueOptionCETests/ceTests@139-33::Invoke(Microsoft.FSharp.Core.Unit)
FNDA:1,Microsoft.FSharp.Core.FSharpValueOption`1<System.Int32> ValueOptionCETests/actual@159-86::Invoke(Microsoft.FSharp.Core.Unit)
FNDA:1,Microsoft.FSharp.Core.Unit ValueOptionCETests/ceTests@154-34::Invoke(Microsoft.FSharp.Core.Unit)
FNDA:1,Microsoft.FSharp.Core.FSharpValueOption`1<System.Int32> ValueOptionCETests/actual@172-87::Invoke(Microsoft.FSharp.Core.Unit)
FNDA:1,Microsoft.FSharp.Core.Unit ValueOptionCETests/ceTests@167-35::Invoke(Microsoft.FSharp.Core.Unit)
FNDA:1,Microsoft.FSharp.Core.FSharpValueOption`1<System.Int32> ValueOptionCETests/actual@185-88::Invoke(Microsoft.FSharp.Core.Unit)
FNDA:1,Microsoft.FSharp.Core.Unit ValueOptionCETests/ceTests@180-36::Invoke(Microsoft.FSharp.Core.Unit)
FNDA:1,Microsoft.FSharp.Core.Unit ValueOptionCETests/ceTests@193-37::Invoke(Microsoft.FSharp.Core.Unit)
FNDA:1,Microsoft.FSharp.Core.Unit ValueOptionCETests/ceTests@199-38::Invoke(Microsoft.FSharp.Core.Unit)
FNDA:1,System.String ValueOptionCETests/actual@209-89::Invoke(System.String)
FNDA:1,Microsoft.FSharp.Core.Unit ValueOptionCETests/ceTests@206-39::Invoke(Microsoft.FSharp.Core.Unit)
FNDA:0,System.String ValueOptionCETests/actual@221-90::Invoke(System.String)
FNDA:1,Microsoft.FSharp.Core.Unit ValueOptionCETests/ceTests@218-40::Invoke(Microsoft.FSharp.Core.Unit)
FNDA:0,System.Uri ValueOptionCETests/actual@233-91::Invoke(System.Uri)
FNDA:1,Microsoft.FSharp.Core.Unit ValueOptionCETests/ceTests@230-41::Invoke(Microsoft.FSharp.Core.Unit)
FNDA:0,System.IO.MemoryStream ValueOptionCETests/actual@245-92::Invoke(System.IO.MemoryStream)
FNDA:1,Microsoft.FSharp.Core.Unit ValueOptionCETests/ceTests@242-42::Invoke(Microsoft.FSharp.Core.Unit)
FNDA:0,System.Collections.Generic.List`1<System.String> ValueOptionCETests/actual@257-93::Invoke(System.Collections.Generic.List`1<System.String>)
FNDA:1,Microsoft.FSharp.Core.Unit ValueOptionCETests/ceTests@254-43::Invoke(Microsoft.FSharp.Core.Unit)
FNDA:11,System.Boolean ValueOptionCETests/actual@156-94::Invoke(Microsoft.FSharp.Core.Unit)
FNDA:10,Microsoft.FSharp.Core.FSharpValueOption`1<Microsoft.FSharp.Core.Unit> ValueOptionCETests/actual@156-95::Invoke(Microsoft.FSharp.Core.Unit)
FNDA:11,System.Boolean ValueOptionCETests/actual@169-96::Invoke(Microsoft.FSharp.Core.Unit)
FNDA:10,Microsoft.FSharp.Core.FSharpValueOption`1<Microsoft.FSharp.Core.Unit> ValueOptionCETests/actual@169-97::Invoke(Microsoft.FSharp.Core.Unit)
FNDA:11,System.Boolean ValueOptionCETests/actual@182-98::Invoke(Microsoft.FSharp.Core.Unit)
FNDA:10,Microsoft.FSharp.Core.FSharpValueOption`1<Microsoft.FSharp.Core.Unit> ValueOptionCETests/actual@182-99::Invoke(Microsoft.FSharp.Core.Unit)
FNDA:9,System.Void ValueOptionCETests/CustomClass::.ctor(System.Int32)
FNDA:0,System.Int32 ValueOptionCETests/CustomClass::get_getX()
FNDA:1,System.Int32 ValueOptionCETests/actual@278-100::Invoke(System.Tuple`2<System.Int32,System.Tuple`2<System.Int32,System.Int32>>)
FNDA:1,Microsoft.FSharp.Core.Unit ValueOptionCETests/ValueOptionCE applicative tests@273::Invoke(Microsoft.FSharp.Core.Unit)
FNDA:1,System.Int32 ValueOptionCETests/actual@290-101::Invoke(System.Tuple`2<System.Int32,System.Tuple`2<System.Int32,System.Int32>>)
FNDA:1,Microsoft.FSharp.Core.Unit ValueOptionCETests/ValueOptionCE applicative tests@285-1::Invoke(Microsoft.FSharp.Core.Unit)
FNDA:1,System.Int32 ValueOptionCETests/actual@303-102::Invoke(System.Tuple`2<ValueOptionCETests/CustomClass,System.Tuple`2<ValueOptionCETests/CustomClass,ValueOptionCETests/CustomClass>>)
FNDA:1,Microsoft.FSharp.Core.Unit ValueOptionCETests/ValueOptionCE applicative tests@298-2::Invoke(Microsoft.FSharp.Core.Unit)
FNDA:1,System.String ValueOptionCETests/actual@320-103::Invoke(System.Tuple`2<System.String,System.Tuple`2<System.String,System.String>>)
FNDA:1,Microsoft.FSharp.Core.Unit ValueOptionCETests/ValueOptionCE applicative tests@315-3::Invoke(Microsoft.FSharp.Core.Unit)
FNDA:1,System.Int32 ValueOptionCETests/actual@336-104::Invoke(System.Tuple`2<System.Collections.Generic.List`1<System.Int32>,System.Tuple`2<System.Collections.Generic.List`1<System.Int32>,System.Collections.Generic.List`1<System.Int32>>>)
FNDA:1,Microsoft.FSharp.Core.Unit ValueOptionCETests/ValueOptionCE applicative tests@327-4::Invoke(Microsoft.FSharp.Core.Unit)
FNDA:1,System.Int32 ValueOptionCETests/actual@351-105::Invoke(System.Tuple`2<System.Int32,System.Tuple`2<System.Int32,System.Int32>>)
FNDA:1,Microsoft.FSharp.Core.Unit ValueOptionCETests/ValueOptionCE applicative tests@346-5::Invoke(Microsoft.FSharp.Core.Unit)
FNDA:1,System.Int32 ValueOptionCETests/actual@363-106::Invoke(System.Tuple`2<System.Int32,System.Tuple`2<System.Int32,ValueOptionCETests/CustomClass>>)
FNDA:1,Microsoft.FSharp.Core.Unit ValueOptionCETests/ValueOptionCE applicative tests@358-6::Invoke(Microsoft.FSharp.Core.Unit)
FNDA:1,System.String ValueOptionCETests/actual@379-113::Invoke(System.String)
FNDA:1,Microsoft.FSharp.Core.FSharpFunc`2<System.String,System.String> ValueOptionCETests/actual@379-112::Invoke(System.Int32)
FNDA:1,Microsoft.FSharp.Core.FSharpFunc`2<System.Int32,Microsoft.FSharp.Core.FSharpFunc`2<System.String,System.String>> ValueOptionCETests/actual@379-111::Invoke(System.Int32)
FNDA:1,Microsoft.FSharp.Core.FSharpFunc`2<System.Int32,Microsoft.FSharp.Core.FSharpFunc`2<System.Int32,Microsoft.FSharp.Core.FSharpFunc`2<System.String,System.String>>> ValueOptionCETests/actual@379-110::Invoke(System.String)
FNDA:1,Microsoft.FSharp.Core.FSharpFunc`2<System.String,Microsoft.FSharp.Core.FSharpFunc`2<System.Int32,Microsoft.FSharp.Core.FSharpFunc`2<System.Int32,Microsoft.FSharp.Core.FSharpFunc`2<System.String,System.String>>>> ValueOptionCETests/actual@379-109::Invoke(System.Int32)
FNDA:1,Microsoft.FSharp.Core.FSharpFunc`2<System.Int32,Microsoft.FSharp.Core.FSharpFunc`2<System.String,Microsoft.FSharp.Core.FSharpFunc`2<System.Int32,Microsoft.FSharp.Core.FSharpFunc`2<System.Int32,Microsoft.FSharp.Core.FSharpFunc`2<System.String,System.String>>>>> ValueOptionCETests/actual@379-108::Invoke(System.Int32)
FNDA:1,System.String ValueOptionCETests/actual@379-107::Invoke(System.Tuple`2<System.Int32,System.Tuple`2<System.Int32,System.Tuple`2<System.String,System.Tuple`2<System.Collections.Generic.List`1<System.Int32>,System.Tuple`2<ValueOptionCETests/CustomClass,System.Uri>>>>>)
FNDA:1,Microsoft.FSharp.Core.Unit ValueOptionCETests/ValueOptionCE applicative tests@371-7::Invoke(Microsoft.FSharp.Core.Unit)
FNDA:0,System.Int32 ValueOptionCETests/actual@390-114::Invoke(System.Tuple`2<System.Int32,System.Tuple`2<System.Int32,System.Int32>>)
FNDA:1,Microsoft.FSharp.Core.Unit ValueOptionCETests/ValueOptionCE applicative tests@385-8::Invoke(Microsoft.FSharp.Core.Unit)
FNDA:0,System.Int32 ValueOptionCETests/actual@402-115::Invoke(System.Tuple`2<System.Int32,System.Tuple`2<System.Int32,System.Int32>>)
FNDA:1,Microsoft.FSharp.Core.Unit ValueOptionCETests/ValueOptionCE applicative tests@397-9::Invoke(Microsoft.FSharp.Core.Unit)
FNDA:0,System.Int32 ValueOptionCETests/actual@418-116::Invoke(System.Tuple`2<ValueOptionCETests/CustomClass,System.Tuple`2<ValueOptionCETests/CustomClass,ValueOptionCETests/CustomClass>>)
FNDA:1,Microsoft.FSharp.Core.Unit ValueOptionCETests/ValueOptionCE applicative tests@409-10::Invoke(Microsoft.FSharp.Core.Unit)
FNDA:0,System.Int32 ValueOptionCETests/actual@435-117::Invoke(System.Tuple`2<ValueOptionCETests/CustomClass,System.Tuple`2<ValueOptionCETests/CustomClass,ValueOptionCETests/CustomClass>>)
FNDA:1,Microsoft.FSharp.Core.Unit ValueOptionCETests/ValueOptionCE applicative tests@426-11::Invoke(Microsoft.FSharp.Core.Unit)
FNDA:0,System.Int32 ValueOptionCETests/actual@447-118::Invoke(System.Tuple`2<System.Int32,System.Tuple`2<System.Int32,System.Int32>>)
FNDA:1,Microsoft.FSharp.Core.Unit ValueOptionCETests/ValueOptionCE applicative tests@442-12::Invoke(Microsoft.FSharp.Core.Unit)
FNDA:1,System.Int32 ValueOptionCETests/actual@457-119::Invoke(System.Int32)
FNDA:1,Microsoft.FSharp.Core.Unit ValueOptionCETests/ValueOptionCE applicative tests@454-13::Invoke(Microsoft.FSharp.Core.Unit)
FNDA:0,System.Object ValueOptionCETests/actual@467-120::Invoke(System.Object)
FNDA:1,Microsoft.FSharp.Core.Unit ValueOptionCETests/ValueOptionCE applicative tests@464-14::Invoke(Microsoft.FSharp.Core.Unit)
FNDA:1,System.Void <StartupCode$FsToolkit-ErrorHandling-Tests>.$ValueOptionCETests::.cctor()
FNF:86
FNH:74
BRDA:339,22,0,3
BRDA:339,22,1,1
BRF:2
BRH:2
DA:17,2
DA:18,2
DA:25,1
DA:30,1
DA:32,1
DA:35,1
DA:37,1
DA:42,1
DA:45,1
DA:50,1
DA:53,1
DA:61,0
DA:64,1
DA:73,1
DA:76,1
DA:83,0
DA:89,1
DA:102,1
DA:113,1
DA:124,1
DA:135,1
DA:139,1
DA:143,11
DA:144,10
DA:146,1
DA:149,1
DA:156,11
DA:159,1
DA:162,1
DA:169,11
DA:172,1
DA:175,1
DA:182,11
DA:185,1
DA:188,1
DA:196,1
DA:200,1
DA:209,1
DA:212,1
DA:221,0
DA:224,1
DA:233,0
DA:236,1
DA:245,0
DA:248,1
DA:257,0
DA:260,1
DA:263,9
DA:265,0
DA:268,1
DA:278,1
DA:281,1
DA:290,1
DA:293,1
DA:303,1
DA:306,1
DA:320,1
DA:323,1
DA:327,1
DA:328,1
DA:329,1
DA:336,1
DA:337,1
DA:339,3
DA:342,1
DA:351,1
DA:354,1
DA:363,1
DA:366,1
DA:379,1
DA:382,1
DA:390,0
DA:393,1
DA:402,0
DA:405,1
DA:409,1
DA:410,1
DA:418,0
DA:421,1
DA:426,1
DA:427,1
DA:435,0
DA:438,1
DA:447,0
DA:450,1
DA:457,1
DA:460,1
DA:467,0
DA:470,1
DA:474,1
LH:77
LF:90
end_of_record
