TN: FsToolkit.ErrorHandling
SF:/Users/jimmybyrd/Documents/repos/public/demystifyfp/FsToolkit.ErrorHandling/src/FsToolkit.ErrorHandling/Async.fs
FN:30,Microsoft.FSharp.Control.FSharpAsync`1<b> FsToolkit.ErrorHandling.AsyncOperators::op_LessBangGreater(Microsoft.FSharp.Core.FSharpFunc`2<a,b>,Microsoft.FSharp.Control.FSharpAsync`1<a>)
FN:31,Microsoft.FSharp.Control.FSharpAsync`1<b> FsToolkit.ErrorHandling.AsyncOperators::op_LessMultiplyGreater(Microsoft.FSharp.Control.FSharpAsync`1<Microsoft.FSharp.Core.FSharpFunc`2<a,b>>,Microsoft.FSharp.Control.FSharpAsync`1<a>)
FN:32,Microsoft.FSharp.Control.FSharpAsync`1<b> FsToolkit.ErrorHandling.AsyncOperators::op_GreaterGreaterEquals(Microsoft.FSharp.Control.FSharpAsync`1<a>,Microsoft.FSharp.Core.FSharpFunc`2<a,Microsoft.FSharp.Control.FSharpAsync`1<b>>)
FN:30,Microsoft.FSharp.Control.AsyncReturn FsToolkit.ErrorHandling.AsyncOperators/op_LessBangGreater@30-1::Invoke(Microsoft.FSharp.Control.AsyncActivation`1<b>)
FN:30,Microsoft.FSharp.Control.FSharpAsync`1<b> FsToolkit.ErrorHandling.AsyncOperators/op_LessBangGreater@30::Invoke(b)
FN:30,Microsoft.FSharp.Control.FSharpAsync`1<b> FsToolkit.ErrorHandling.AsyncOperators/op_LessBangGreater@30-2::Invoke(a)
FN:30,Microsoft.FSharp.Control.AsyncReturn FsToolkit.ErrorHandling.AsyncOperators/op_LessBangGreater@30-3::Invoke(Microsoft.FSharp.Control.AsyncActivation`1<b>)
FN:32,Microsoft.FSharp.Control.AsyncReturn FsToolkit.ErrorHandling.AsyncOperators/op_GreaterGreaterEquals@32::Invoke(Microsoft.FSharp.Control.AsyncActivation`1<b>)
FN:6,Microsoft.FSharp.Control.FSharpAsync`1<a> FsToolkit.ErrorHandling.Async::singleton(a)
FN:8,Microsoft.FSharp.Control.FSharpAsync`1<b> FsToolkit.ErrorHandling.Async::bind(Microsoft.FSharp.Core.FSharpFunc`2<a,Microsoft.FSharp.Control.FSharpAsync`1<b>>,Microsoft.FSharp.Control.FSharpAsync`1<a>)
FN:13,Microsoft.FSharp.Control.FSharpAsync`1<b> FsToolkit.ErrorHandling.Async::map(Microsoft.FSharp.Core.FSharpFunc`2<a,b>,Microsoft.FSharp.Control.FSharpAsync`1<a>)
FN:15,Microsoft.FSharp.Control.FSharpAsync`1<c> FsToolkit.ErrorHandling.Async::map2(Microsoft.FSharp.Core.FSharpFunc`2<a,Microsoft.FSharp.Core.FSharpFunc`2<b,c>>,Microsoft.FSharp.Control.FSharpAsync`1<a>,Microsoft.FSharp.Control.FSharpAsync`1<b>)
FN:17,Microsoft.FSharp.Control.FSharpAsync`1<d> FsToolkit.ErrorHandling.Async::map3(Microsoft.FSharp.Core.FSharpFunc`2<a,Microsoft.FSharp.Core.FSharpFunc`2<b,Microsoft.FSharp.Core.FSharpFunc`2<c,d>>>,Microsoft.FSharp.Control.FSharpAsync`1<a>,Microsoft.FSharp.Control.FSharpAsync`1<b>,Microsoft.FSharp.Control.FSharpAsync`1<c>)
FN:22,Microsoft.FSharp.Control.FSharpAsync`1<System.Tuple`2<a,b>> FsToolkit.ErrorHandling.Async::zip(Microsoft.FSharp.Control.FSharpAsync`1<a>,Microsoft.FSharp.Control.FSharpAsync`1<b>)
FN:6,Microsoft.FSharp.Control.AsyncReturn FsToolkit.ErrorHandling.Async/singleton@6::Invoke(Microsoft.FSharp.Control.AsyncActivation`1<a>)
FN:8,Microsoft.FSharp.Control.AsyncReturn FsToolkit.ErrorHandling.Async/bind@8-1::Invoke(Microsoft.FSharp.Control.AsyncActivation`1<b>)
FN:11,Microsoft.FSharp.Control.AsyncReturn FsToolkit.ErrorHandling.Async/apply@11-6::Invoke(Microsoft.FSharp.Control.AsyncActivation`1<b>)
FN:11,Microsoft.FSharp.Control.FSharpAsync`1<b> FsToolkit.ErrorHandling.Async/apply@11-5::Invoke(a)
FN:11,Microsoft.FSharp.Control.AsyncReturn FsToolkit.ErrorHandling.Async/apply@11-7::Invoke(Microsoft.FSharp.Control.AsyncActivation`1<b>)
FN:11,Microsoft.FSharp.Control.AsyncReturn FsToolkit.ErrorHandling.Async/apply@11-8::Invoke(Microsoft.FSharp.Control.AsyncActivation`1<b>)
FN:13,Microsoft.FSharp.Control.AsyncReturn FsToolkit.ErrorHandling.Async/map@13-2::Invoke(Microsoft.FSharp.Control.AsyncActivation`1<b>)
FN:13,Microsoft.FSharp.Control.FSharpAsync`1<b> FsToolkit.ErrorHandling.Async/map@13-1::Invoke(b)
FN:13,Microsoft.FSharp.Control.FSharpAsync`1<b> FsToolkit.ErrorHandling.Async/map@13-3::Invoke(a)
FN:13,Microsoft.FSharp.Control.AsyncReturn FsToolkit.ErrorHandling.Async/map@13-4::Invoke(Microsoft.FSharp.Control.AsyncActivation`1<b>)
FN:15,Microsoft.FSharp.Control.AsyncReturn FsToolkit.ErrorHandling.Async/map2@15::Invoke(Microsoft.FSharp.Control.AsyncActivation`1<Microsoft.FSharp.Core.FSharpFunc`2<a,Microsoft.FSharp.Core.FSharpFunc`2<b,c>>>)
FN:25,Microsoft.FSharp.Control.AsyncReturn FsToolkit.ErrorHandling.Async/zip@25-3::Invoke(Microsoft.FSharp.Control.AsyncActivation`1<System.Tuple`2<a,b>>)
FN:25,Microsoft.FSharp.Control.FSharpAsync`1<System.Tuple`2<a,b>> FsToolkit.ErrorHandling.Async/zip@25-2::Invoke(b)
FN:24,Microsoft.FSharp.Control.AsyncReturn FsToolkit.ErrorHandling.Async/zip@24-4::Invoke(Microsoft.FSharp.Control.AsyncActivation`1<System.Tuple`2<a,b>>)
FN:23,Microsoft.FSharp.Control.AsyncReturn FsToolkit.ErrorHandling.Async/zip@23-5::Invoke(Microsoft.FSharp.Control.AsyncActivation`1<System.Tuple`2<a,b>>)
FNDA:0,Microsoft.FSharp.Control.FSharpAsync`1<b> FsToolkit.ErrorHandling.AsyncOperators::op_LessBangGreater(Microsoft.FSharp.Core.FSharpFunc`2<a,b>,Microsoft.FSharp.Control.FSharpAsync`1<a>)
FNDA:0,Microsoft.FSharp.Control.FSharpAsync`1<b> FsToolkit.ErrorHandling.AsyncOperators::op_LessMultiplyGreater(Microsoft.FSharp.Control.FSharpAsync`1<Microsoft.FSharp.Core.FSharpFunc`2<a,b>>,Microsoft.FSharp.Control.FSharpAsync`1<a>)
FNDA:0,Microsoft.FSharp.Control.FSharpAsync`1<b> FsToolkit.ErrorHandling.AsyncOperators::op_GreaterGreaterEquals(Microsoft.FSharp.Control.FSharpAsync`1<a>,Microsoft.FSharp.Core.FSharpFunc`2<a,Microsoft.FSharp.Control.FSharpAsync`1<b>>)
FNDA:0,Microsoft.FSharp.Control.AsyncReturn FsToolkit.ErrorHandling.AsyncOperators/op_LessBangGreater@30-1::Invoke(Microsoft.FSharp.Control.AsyncActivation`1<b>)
FNDA:0,Microsoft.FSharp.Control.FSharpAsync`1<b> FsToolkit.ErrorHandling.AsyncOperators/op_LessBangGreater@30::Invoke(b)
FNDA:0,Microsoft.FSharp.Control.FSharpAsync`1<b> FsToolkit.ErrorHandling.AsyncOperators/op_LessBangGreater@30-2::Invoke(a)
FNDA:0,Microsoft.FSharp.Control.AsyncReturn FsToolkit.ErrorHandling.AsyncOperators/op_LessBangGreater@30-3::Invoke(Microsoft.FSharp.Control.AsyncActivation`1<b>)
FNDA:0,Microsoft.FSharp.Control.AsyncReturn FsToolkit.ErrorHandling.AsyncOperators/op_GreaterGreaterEquals@32::Invoke(Microsoft.FSharp.Control.AsyncActivation`1<b>)
FNDA:0,Microsoft.FSharp.Control.FSharpAsync`1<a> FsToolkit.ErrorHandling.Async::singleton(a)
FNDA:0,Microsoft.FSharp.Control.FSharpAsync`1<b> FsToolkit.ErrorHandling.Async::bind(Microsoft.FSharp.Core.FSharpFunc`2<a,Microsoft.FSharp.Control.FSharpAsync`1<b>>,Microsoft.FSharp.Control.FSharpAsync`1<a>)
FNDA:0,Microsoft.FSharp.Control.FSharpAsync`1<b> FsToolkit.ErrorHandling.Async::map(Microsoft.FSharp.Core.FSharpFunc`2<a,b>,Microsoft.FSharp.Control.FSharpAsync`1<a>)
FNDA:0,Microsoft.FSharp.Control.FSharpAsync`1<c> FsToolkit.ErrorHandling.Async::map2(Microsoft.FSharp.Core.FSharpFunc`2<a,Microsoft.FSharp.Core.FSharpFunc`2<b,c>>,Microsoft.FSharp.Control.FSharpAsync`1<a>,Microsoft.FSharp.Control.FSharpAsync`1<b>)
FNDA:0,Microsoft.FSharp.Control.FSharpAsync`1<d> FsToolkit.ErrorHandling.Async::map3(Microsoft.FSharp.Core.FSharpFunc`2<a,Microsoft.FSharp.Core.FSharpFunc`2<b,Microsoft.FSharp.Core.FSharpFunc`2<c,d>>>,Microsoft.FSharp.Control.FSharpAsync`1<a>,Microsoft.FSharp.Control.FSharpAsync`1<b>,Microsoft.FSharp.Control.FSharpAsync`1<c>)
FNDA:0,Microsoft.FSharp.Control.FSharpAsync`1<System.Tuple`2<a,b>> FsToolkit.ErrorHandling.Async::zip(Microsoft.FSharp.Control.FSharpAsync`1<a>,Microsoft.FSharp.Control.FSharpAsync`1<b>)
FNDA:0,Microsoft.FSharp.Control.AsyncReturn FsToolkit.ErrorHandling.Async/singleton@6::Invoke(Microsoft.FSharp.Control.AsyncActivation`1<a>)
FNDA:0,Microsoft.FSharp.Control.AsyncReturn FsToolkit.ErrorHandling.Async/bind@8-1::Invoke(Microsoft.FSharp.Control.AsyncActivation`1<b>)
FNDA:0,Microsoft.FSharp.Control.AsyncReturn FsToolkit.ErrorHandling.Async/apply@11-6::Invoke(Microsoft.FSharp.Control.AsyncActivation`1<b>)
FNDA:0,Microsoft.FSharp.Control.FSharpAsync`1<b> FsToolkit.ErrorHandling.Async/apply@11-5::Invoke(a)
FNDA:0,Microsoft.FSharp.Control.AsyncReturn FsToolkit.ErrorHandling.Async/apply@11-7::Invoke(Microsoft.FSharp.Control.AsyncActivation`1<b>)
FNDA:0,Microsoft.FSharp.Control.AsyncReturn FsToolkit.ErrorHandling.Async/apply@11-8::Invoke(Microsoft.FSharp.Control.AsyncActivation`1<b>)
FNDA:0,Microsoft.FSharp.Control.AsyncReturn FsToolkit.ErrorHandling.Async/map@13-2::Invoke(Microsoft.FSharp.Control.AsyncActivation`1<b>)
FNDA:0,Microsoft.FSharp.Control.FSharpAsync`1<b> FsToolkit.ErrorHandling.Async/map@13-1::Invoke(b)
FNDA:0,Microsoft.FSharp.Control.FSharpAsync`1<b> FsToolkit.ErrorHandling.Async/map@13-3::Invoke(a)
FNDA:0,Microsoft.FSharp.Control.AsyncReturn FsToolkit.ErrorHandling.Async/map@13-4::Invoke(Microsoft.FSharp.Control.AsyncActivation`1<b>)
FNDA:0,Microsoft.FSharp.Control.AsyncReturn FsToolkit.ErrorHandling.Async/map2@15::Invoke(Microsoft.FSharp.Control.AsyncActivation`1<Microsoft.FSharp.Core.FSharpFunc`2<a,Microsoft.FSharp.Core.FSharpFunc`2<b,c>>>)
FNDA:0,Microsoft.FSharp.Control.AsyncReturn FsToolkit.ErrorHandling.Async/zip@25-3::Invoke(Microsoft.FSharp.Control.AsyncActivation`1<System.Tuple`2<a,b>>)
FNDA:0,Microsoft.FSharp.Control.FSharpAsync`1<System.Tuple`2<a,b>> FsToolkit.ErrorHandling.Async/zip@25-2::Invoke(b)
FNDA:0,Microsoft.FSharp.Control.AsyncReturn FsToolkit.ErrorHandling.Async/zip@24-4::Invoke(Microsoft.FSharp.Control.AsyncActivation`1<System.Tuple`2<a,b>>)
FNDA:0,Microsoft.FSharp.Control.AsyncReturn FsToolkit.ErrorHandling.Async/zip@23-5::Invoke(Microsoft.FSharp.Control.AsyncActivation`1<System.Tuple`2<a,b>>)
FNF:29
FNH:0
BRF:0
BRH:0
DA:6,0
DA:8,0
DA:11,0
DA:13,0
DA:15,0
DA:17,0
DA:22,0
DA:23,0
DA:24,0
DA:25,0
DA:30,0
DA:31,0
DA:32,0
LH:0
LF:13
end_of_record
TN: FsToolkit.ErrorHandling
SF:/Users/jimmybyrd/Documents/repos/public/demystifyfp/FsToolkit.ErrorHandling/src/FsToolkit.ErrorHandling/AsyncOption.fs
FN:11,Microsoft.FSharp.Control.FSharpAsync`1<Microsoft.FSharp.Core.FSharpOption`1<b>> FsToolkit.ErrorHandling.AsyncOption::bind(Microsoft.FSharp.Core.FSharpFunc`2<a,Microsoft.FSharp.Control.FSharpAsync`1<Microsoft.FSharp.Core.FSharpOption`1<b>>>,Microsoft.FSharp.Control.FSharpAsync`1<Microsoft.FSharp.Core.FSharpOption`1<a>>)
FN:22,Microsoft.FSharp.Control.FSharpAsync`1<Microsoft.FSharp.Core.FSharpOption`1<a>> FsToolkit.ErrorHandling.AsyncOption::retn(a)
FN:25,Microsoft.FSharp.Control.FSharpAsync`1<Microsoft.FSharp.Core.FSharpOption`1<b>> FsToolkit.ErrorHandling.AsyncOption::apply(Microsoft.FSharp.Control.FSharpAsync`1<Microsoft.FSharp.Core.FSharpOption`1<Microsoft.FSharp.Core.FSharpFunc`2<a,b>>>,Microsoft.FSharp.Control.FSharpAsync`1<Microsoft.FSharp.Core.FSharpOption`1<a>>)
FN:8,Microsoft.FSharp.Core.FSharpOption`1<b> FsToolkit.ErrorHandling.AsyncOption/map@8-14::Invoke(Microsoft.FSharp.Core.FSharpOption`1<a>)
FN:8,Microsoft.FSharp.Control.AsyncReturn FsToolkit.ErrorHandling.AsyncOption/map@8-16::Invoke(Microsoft.FSharp.Control.AsyncActivation`1<Microsoft.FSharp.Core.FSharpOption`1<b>>)
FN:8,Microsoft.FSharp.Control.FSharpAsync`1<Microsoft.FSharp.Core.FSharpOption`1<b>> FsToolkit.ErrorHandling.AsyncOption/map@8-15::Invoke(Microsoft.FSharp.Core.FSharpOption`1<b>)
FN:8,Microsoft.FSharp.Control.FSharpAsync`1<Microsoft.FSharp.Core.FSharpOption`1<b>> FsToolkit.ErrorHandling.AsyncOption/map@8-17::Invoke(Microsoft.FSharp.Core.FSharpOption`1<a>)
FN:8,Microsoft.FSharp.Control.AsyncReturn FsToolkit.ErrorHandling.AsyncOption/map@8-18::Invoke(Microsoft.FSharp.Control.AsyncActivation`1<Microsoft.FSharp.Core.FSharpOption`1<b>>)
FN:17,Microsoft.FSharp.Control.AsyncReturn FsToolkit.ErrorHandling.AsyncOption/bind@17-10::Invoke(Microsoft.FSharp.Control.AsyncActivation`1<Microsoft.FSharp.Core.FSharpOption`1<b>>)
FN:17,Microsoft.FSharp.Control.FSharpAsync`1<Microsoft.FSharp.Core.FSharpOption`1<b>> FsToolkit.ErrorHandling.AsyncOption/bind@17-9::Invoke(Microsoft.FSharp.Core.Unit)
FN:17,Microsoft.FSharp.Control.FSharpAsync`1<Microsoft.FSharp.Core.FSharpOption`1<b>> FsToolkit.ErrorHandling.AsyncOption/bind@14-8::Invoke(Microsoft.FSharp.Core.FSharpOption`1<a>)
FN:12,Microsoft.FSharp.Control.AsyncReturn FsToolkit.ErrorHandling.AsyncOption/bind@12-11::Invoke(Microsoft.FSharp.Control.AsyncActivation`1<Microsoft.FSharp.Core.FSharpOption`1<b>>)
FN:22,Microsoft.FSharp.Control.AsyncReturn FsToolkit.ErrorHandling.AsyncOption/retn@22-4::Invoke(Microsoft.FSharp.Control.AsyncActivation`1<Microsoft.FSharp.Core.FSharpOption`1<a>>)
FN:22,Microsoft.FSharp.Control.FSharpAsync`1<Microsoft.FSharp.Core.FSharpOption`1<a>> FsToolkit.ErrorHandling.AsyncOption/retn@22-3::Invoke(Microsoft.FSharp.Core.Unit)
FN:25,Microsoft.FSharp.Control.FSharpAsync`1<Microsoft.FSharp.Core.FSharpOption`1<b>> FsToolkit.ErrorHandling.AsyncOption/apply@25-13::Invoke(a)
FN:25,Microsoft.FSharp.Control.FSharpAsync`1<Microsoft.FSharp.Core.FSharpOption`1<b>> FsToolkit.ErrorHandling.AsyncOption/apply@25-12::Invoke(Microsoft.FSharp.Core.FSharpFunc`2<a,b>)
FNDA:0,Microsoft.FSharp.Control.FSharpAsync`1<Microsoft.FSharp.Core.FSharpOption`1<b>> FsToolkit.ErrorHandling.AsyncOption::bind(Microsoft.FSharp.Core.FSharpFunc`2<a,Microsoft.FSharp.Control.FSharpAsync`1<Microsoft.FSharp.Core.FSharpOption`1<b>>>,Microsoft.FSharp.Control.FSharpAsync`1<Microsoft.FSharp.Core.FSharpOption`1<a>>)
FNDA:0,Microsoft.FSharp.Control.FSharpAsync`1<Microsoft.FSharp.Core.FSharpOption`1<a>> FsToolkit.ErrorHandling.AsyncOption::retn(a)
FNDA:0,Microsoft.FSharp.Control.FSharpAsync`1<Microsoft.FSharp.Core.FSharpOption`1<b>> FsToolkit.ErrorHandling.AsyncOption::apply(Microsoft.FSharp.Control.FSharpAsync`1<Microsoft.FSharp.Core.FSharpOption`1<Microsoft.FSharp.Core.FSharpFunc`2<a,b>>>,Microsoft.FSharp.Control.FSharpAsync`1<Microsoft.FSharp.Core.FSharpOption`1<a>>)
FNDA:0,Microsoft.FSharp.Core.FSharpOption`1<b> FsToolkit.ErrorHandling.AsyncOption/map@8-14::Invoke(Microsoft.FSharp.Core.FSharpOption`1<a>)
FNDA:0,Microsoft.FSharp.Control.AsyncReturn FsToolkit.ErrorHandling.AsyncOption/map@8-16::Invoke(Microsoft.FSharp.Control.AsyncActivation`1<Microsoft.FSharp.Core.FSharpOption`1<b>>)
FNDA:0,Microsoft.FSharp.Control.FSharpAsync`1<Microsoft.FSharp.Core.FSharpOption`1<b>> FsToolkit.ErrorHandling.AsyncOption/map@8-15::Invoke(Microsoft.FSharp.Core.FSharpOption`1<b>)
FNDA:0,Microsoft.FSharp.Control.FSharpAsync`1<Microsoft.FSharp.Core.FSharpOption`1<b>> FsToolkit.ErrorHandling.AsyncOption/map@8-17::Invoke(Microsoft.FSharp.Core.FSharpOption`1<a>)
FNDA:0,Microsoft.FSharp.Control.AsyncReturn FsToolkit.ErrorHandling.AsyncOption/map@8-18::Invoke(Microsoft.FSharp.Control.AsyncActivation`1<Microsoft.FSharp.Core.FSharpOption`1<b>>)
FNDA:0,Microsoft.FSharp.Control.AsyncReturn FsToolkit.ErrorHandling.AsyncOption/bind@17-10::Invoke(Microsoft.FSharp.Control.AsyncActivation`1<Microsoft.FSharp.Core.FSharpOption`1<b>>)
FNDA:0,Microsoft.FSharp.Control.FSharpAsync`1<Microsoft.FSharp.Core.FSharpOption`1<b>> FsToolkit.ErrorHandling.AsyncOption/bind@17-9::Invoke(Microsoft.FSharp.Core.Unit)
FNDA:0,Microsoft.FSharp.Control.FSharpAsync`1<Microsoft.FSharp.Core.FSharpOption`1<b>> FsToolkit.ErrorHandling.AsyncOption/bind@14-8::Invoke(Microsoft.FSharp.Core.FSharpOption`1<a>)
FNDA:0,Microsoft.FSharp.Control.AsyncReturn FsToolkit.ErrorHandling.AsyncOption/bind@12-11::Invoke(Microsoft.FSharp.Control.AsyncActivation`1<Microsoft.FSharp.Core.FSharpOption`1<b>>)
FNDA:0,Microsoft.FSharp.Control.AsyncReturn FsToolkit.ErrorHandling.AsyncOption/retn@22-4::Invoke(Microsoft.FSharp.Control.AsyncActivation`1<Microsoft.FSharp.Core.FSharpOption`1<a>>)
FNDA:0,Microsoft.FSharp.Control.FSharpAsync`1<Microsoft.FSharp.Core.FSharpOption`1<a>> FsToolkit.ErrorHandling.AsyncOption/retn@22-3::Invoke(Microsoft.FSharp.Core.Unit)
FNDA:0,Microsoft.FSharp.Control.FSharpAsync`1<Microsoft.FSharp.Core.FSharpOption`1<b>> FsToolkit.ErrorHandling.AsyncOption/apply@25-13::Invoke(a)
FNDA:0,Microsoft.FSharp.Control.FSharpAsync`1<Microsoft.FSharp.Core.FSharpOption`1<b>> FsToolkit.ErrorHandling.AsyncOption/apply@25-12::Invoke(Microsoft.FSharp.Core.FSharpFunc`2<a,b>)
FNF:16
FNH:0
BRF:0
BRH:0
DA:8,0
DA:11,0
DA:12,0
DA:16,0
DA:17,0
DA:22,0
DA:25,0
LH:0
LF:7
end_of_record
TN: FsToolkit.ErrorHandling
SF:/Users/jimmybyrd/Documents/repos/public/demystifyfp/FsToolkit.ErrorHandling/src/FsToolkit.ErrorHandling/AsyncOptionCE.fs
FN:86,a FsToolkit.ErrorHandling.AsyncOptionCEExtensions::AsyncOptionBuilder.Source(FsToolkit.ErrorHandling.AsyncOptionCE/AsyncOptionBuilder,a)
FN:91,Microsoft.FSharp.Control.FSharpAsync`1<Microsoft.FSharp.Core.FSharpOption`1<t>> FsToolkit.ErrorHandling.AsyncOptionCEExtensions::AsyncOptionBuilder.Source(FsToolkit.ErrorHandling.AsyncOptionCE/AsyncOptionBuilder,Microsoft.FSharp.Core.FSharpOption`1<t>)
FN:101,Microsoft.FSharp.Control.FSharpAsync`1<Microsoft.FSharp.Core.FSharpOption`1<t>> FsToolkit.ErrorHandling.AsyncOptionCEExtensions::AsyncOptionBuilder.Source(FsToolkit.ErrorHandling.AsyncOptionCE/AsyncOptionBuilder,System.Threading.Tasks.Task`1<t>)
FN:91,Microsoft.FSharp.Control.AsyncReturn FsToolkit.ErrorHandling.AsyncOptionCEExtensions/AsyncOptionBuilder-Source@91::Invoke(Microsoft.FSharp.Control.AsyncActivation`1<Microsoft.FSharp.Core.FSharpOption`1<t>>)
FN:95,Microsoft.FSharp.Core.FSharpOption`1<t> FsToolkit.ErrorHandling.AsyncOptionCEExtensions/AsyncOptionBuilder-Source@95-1::Invoke(t)
FN:95,Microsoft.FSharp.Control.AsyncReturn FsToolkit.ErrorHandling.AsyncOptionCEExtensions/AsyncOptionBuilder-Source@95-3::Invoke(Microsoft.FSharp.Control.AsyncActivation`1<Microsoft.FSharp.Core.FSharpOption`1<t>>)
FN:95,Microsoft.FSharp.Control.FSharpAsync`1<Microsoft.FSharp.Core.FSharpOption`1<t>> FsToolkit.ErrorHandling.AsyncOptionCEExtensions/AsyncOptionBuilder-Source@95-2::Invoke(Microsoft.FSharp.Core.FSharpOption`1<t>)
FN:95,Microsoft.FSharp.Control.FSharpAsync`1<Microsoft.FSharp.Core.FSharpOption`1<t>> FsToolkit.ErrorHandling.AsyncOptionCEExtensions/AsyncOptionBuilder-Source@95-4::Invoke(t)
FN:95,Microsoft.FSharp.Control.AsyncReturn FsToolkit.ErrorHandling.AsyncOptionCEExtensions/AsyncOptionBuilder-Source@95-5::Invoke(Microsoft.FSharp.Control.AsyncActivation`1<Microsoft.FSharp.Core.FSharpOption`1<t>>)
FN:101,Microsoft.FSharp.Core.FSharpOption`1<t> FsToolkit.ErrorHandling.AsyncOptionCEExtensions/AsyncOptionBuilder-Source@101-6::Invoke(t)
FN:101,Microsoft.FSharp.Control.AsyncReturn FsToolkit.ErrorHandling.AsyncOptionCEExtensions/AsyncOptionBuilder-Source@101-8::Invoke(Microsoft.FSharp.Control.AsyncActivation`1<Microsoft.FSharp.Core.FSharpOption`1<t>>)
FN:101,Microsoft.FSharp.Control.FSharpAsync`1<Microsoft.FSharp.Core.FSharpOption`1<t>> FsToolkit.ErrorHandling.AsyncOptionCEExtensions/AsyncOptionBuilder-Source@101-7::Invoke(Microsoft.FSharp.Core.FSharpOption`1<t>)
FN:101,Microsoft.FSharp.Control.FSharpAsync`1<Microsoft.FSharp.Core.FSharpOption`1<t>> FsToolkit.ErrorHandling.AsyncOptionCEExtensions/AsyncOptionBuilder-Source@101-9::Invoke(t)
FN:101,Microsoft.FSharp.Control.AsyncReturn FsToolkit.ErrorHandling.AsyncOptionCEExtensions/AsyncOptionBuilder-Source@101-10::Invoke(Microsoft.FSharp.Control.AsyncActivation`1<Microsoft.FSharp.Core.FSharpOption`1<t>>)
FN:8,System.Void FsToolkit.ErrorHandling.AsyncOptionCE/AsyncOptionBuilder::.ctor()
FN:10,Microsoft.FSharp.Control.FSharpAsync`1<Microsoft.FSharp.Core.FSharpOption`1<T>> FsToolkit.ErrorHandling.AsyncOptionCE/AsyncOptionBuilder::Return(T)
FN:12,Microsoft.FSharp.Control.FSharpAsync`1<Microsoft.FSharp.Core.FSharpOption`1<j>> FsToolkit.ErrorHandling.AsyncOptionCE/AsyncOptionBuilder::ReturnFrom(Microsoft.FSharp.Control.FSharpAsync`1<Microsoft.FSharp.Core.FSharpOption`1<j>>)
FN:14,Microsoft.FSharp.Control.FSharpAsync`1<Microsoft.FSharp.Core.FSharpOption`1<Microsoft.FSharp.Core.Unit>> FsToolkit.ErrorHandling.AsyncOptionCE/AsyncOptionBuilder::Zero()
FN:17,Microsoft.FSharp.Control.FSharpAsync`1<Microsoft.FSharp.Core.FSharpOption`1<i>> FsToolkit.ErrorHandling.AsyncOptionCE/AsyncOptionBuilder::Bind(Microsoft.FSharp.Control.FSharpAsync`1<Microsoft.FSharp.Core.FSharpOption`1<T>>,Microsoft.FSharp.Core.FSharpFunc`2<T,Microsoft.FSharp.Control.FSharpAsync`1<Microsoft.FSharp.Core.FSharpOption`1<i>>>)
FN:25,Microsoft.FSharp.Control.FSharpAsync`1<Microsoft.FSharp.Core.FSharpOption`1<h>> FsToolkit.ErrorHandling.AsyncOptionCE/AsyncOptionBuilder::Delay(Microsoft.FSharp.Core.FSharpFunc`2<Microsoft.FSharp.Core.Unit,Microsoft.FSharp.Control.FSharpAsync`1<Microsoft.FSharp.Core.FSharpOption`1<h>>>)
FN:28,Microsoft.FSharp.Control.FSharpAsync`1<Microsoft.FSharp.Core.FSharpOption`1<g>> FsToolkit.ErrorHandling.AsyncOptionCE/AsyncOptionBuilder::Combine(Microsoft.FSharp.Control.FSharpAsync`1<Microsoft.FSharp.Core.FSharpOption`1<Microsoft.FSharp.Core.Unit>>,Microsoft.FSharp.Control.FSharpAsync`1<Microsoft.FSharp.Core.FSharpOption`1<g>>)
FN:35,Microsoft.FSharp.Control.FSharpAsync`1<Microsoft.FSharp.Core.FSharpOption`1<f>> FsToolkit.ErrorHandling.AsyncOptionCE/AsyncOptionBuilder::TryWith(Microsoft.FSharp.Control.FSharpAsync`1<Microsoft.FSharp.Core.FSharpOption`1<f>>,Microsoft.FSharp.Core.FSharpFunc`2<System.Exception,Microsoft.FSharp.Control.FSharpAsync`1<Microsoft.FSharp.Core.FSharpOption`1<f>>>)
FN:38,Microsoft.FSharp.Control.FSharpAsync`1<Microsoft.FSharp.Core.FSharpOption`1<e>> FsToolkit.ErrorHandling.AsyncOptionCE/AsyncOptionBuilder::TryFinally(Microsoft.FSharp.Control.FSharpAsync`1<Microsoft.FSharp.Core.FSharpOption`1<e>>,Microsoft.FSharp.Core.FSharpFunc`2<Microsoft.FSharp.Core.Unit,Microsoft.FSharp.Core.Unit>)
FN:41,Microsoft.FSharp.Control.FSharpAsync`1<Microsoft.FSharp.Core.FSharpOption`1<d>> FsToolkit.ErrorHandling.AsyncOptionCE/AsyncOptionBuilder::Using(T,Microsoft.FSharp.Core.FSharpFunc`2<T,Microsoft.FSharp.Control.FSharpAsync`1<Microsoft.FSharp.Core.FSharpOption`1<d>>>)
FN:49,Microsoft.FSharp.Control.FSharpAsync`1<Microsoft.FSharp.Core.FSharpOption`1<Microsoft.FSharp.Core.Unit>> FsToolkit.ErrorHandling.AsyncOptionCE/AsyncOptionBuilder::While(Microsoft.FSharp.Core.FSharpFunc`2<Microsoft.FSharp.Core.Unit,System.Boolean>,Microsoft.FSharp.Control.FSharpAsync`1<Microsoft.FSharp.Core.FSharpOption`1<Microsoft.FSharp.Core.Unit>>)
FN:55,Microsoft.FSharp.Control.FSharpAsync`1<Microsoft.FSharp.Core.FSharpOption`1<Microsoft.FSharp.Core.Unit>> FsToolkit.ErrorHandling.AsyncOptionCE/AsyncOptionBuilder::For(c,Microsoft.FSharp.Core.FSharpFunc`2<T,Microsoft.FSharp.Control.FSharpAsync`1<Microsoft.FSharp.Core.FSharpOption`1<Microsoft.FSharp.Core.Unit>>>)
FN:65,Microsoft.FSharp.Control.FSharpAsync`1<Microsoft.FSharp.Core.FSharpOption`1<b>> FsToolkit.ErrorHandling.AsyncOptionCE/AsyncOptionBuilder::Source(Microsoft.FSharp.Control.FSharpAsync`1<Microsoft.FSharp.Core.FSharpOption`1<b>>)
FN:71,Microsoft.FSharp.Control.FSharpAsync`1<Microsoft.FSharp.Core.FSharpOption`1<a>> FsToolkit.ErrorHandling.AsyncOptionCE/AsyncOptionBuilder::Source(System.Threading.Tasks.Task`1<Microsoft.FSharp.Core.FSharpOption`1<a>>)
FN:10,Microsoft.FSharp.Control.AsyncReturn FsToolkit.ErrorHandling.AsyncOptionCE/Return@10-1::Invoke(Microsoft.FSharp.Control.AsyncActivation`1<Microsoft.FSharp.Core.FSharpOption`1<T>>)
FN:14,Microsoft.FSharp.Control.AsyncReturn FsToolkit.ErrorHandling.AsyncOptionCE/Zero@14-1::Invoke(Microsoft.FSharp.Control.AsyncActivation`1<Microsoft.FSharp.Core.FSharpOption`1<Microsoft.FSharp.Core.Unit>>)
FN:22,Microsoft.FSharp.Control.AsyncReturn FsToolkit.ErrorHandling.AsyncOptionCE/Bind@22-6::Invoke(Microsoft.FSharp.Control.AsyncActivation`1<Microsoft.FSharp.Core.FSharpOption`1<i>>)
FN:22,Microsoft.FSharp.Control.FSharpAsync`1<Microsoft.FSharp.Core.FSharpOption`1<i>> FsToolkit.ErrorHandling.AsyncOptionCE/Bind@20-5::Invoke(Microsoft.FSharp.Core.FSharpOption`1<T>)
FN:18,Microsoft.FSharp.Control.AsyncReturn FsToolkit.ErrorHandling.AsyncOptionCE/Bind@18-7::Invoke(Microsoft.FSharp.Control.AsyncActivation`1<Microsoft.FSharp.Core.FSharpOption`1<i>>)
FN:28,Microsoft.FSharp.Control.AsyncReturn FsToolkit.ErrorHandling.AsyncOptionCE/Combine@28-10::Invoke(Microsoft.FSharp.Control.AsyncActivation`1<Microsoft.FSharp.Core.FSharpOption`1<g>>)
FN:28,Microsoft.FSharp.Control.AsyncReturn FsToolkit.ErrorHandling.AsyncOptionCE/Combine@28-11::Invoke(Microsoft.FSharp.Control.AsyncActivation`1<Microsoft.FSharp.Core.FSharpOption`1<g>>)
FN:35,Microsoft.FSharp.Core.FSharpOption`1<Microsoft.FSharp.Control.FSharpAsync`1<Microsoft.FSharp.Core.FSharpOption`1<f>>> FsToolkit.ErrorHandling.AsyncOptionCE/TryWith@35-3::Invoke(System.Exception)
FN:35,Microsoft.FSharp.Control.AsyncReturn FsToolkit.ErrorHandling.AsyncOptionCE/TryWith@35-2::Invoke(Microsoft.FSharp.Control.AsyncActivation`1<Microsoft.FSharp.Core.FSharpOption`1<f>>)
FN:38,Microsoft.FSharp.Control.AsyncReturn FsToolkit.ErrorHandling.AsyncOptionCE/TryFinally@38-1::Invoke(Microsoft.FSharp.Control.AsyncActivation`1<Microsoft.FSharp.Core.FSharpOption`1<e>>)
FN:44,Microsoft.FSharp.Core.Unit FsToolkit.ErrorHandling.AsyncOptionCE/Using@43-7::Invoke(Microsoft.FSharp.Core.Unit)
FN:52,Microsoft.FSharp.Control.AsyncReturn FsToolkit.ErrorHandling.AsyncOptionCE/While@52-10::Invoke(Microsoft.FSharp.Control.AsyncActivation`1<Microsoft.FSharp.Core.FSharpOption`1<Microsoft.FSharp.Core.Unit>>)
FN:52,Microsoft.FSharp.Control.AsyncReturn FsToolkit.ErrorHandling.AsyncOptionCE/While@52-11::Invoke(Microsoft.FSharp.Control.AsyncActivation`1<Microsoft.FSharp.Core.FSharpOption`1<Microsoft.FSharp.Core.Unit>>)
FN:57,System.Boolean FsToolkit.ErrorHandling.AsyncOptionCE/For@57-20::Invoke(Microsoft.FSharp.Core.Unit)
FN:57,Microsoft.FSharp.Control.FSharpAsync`1<Microsoft.FSharp.Core.FSharpOption`1<Microsoft.FSharp.Core.Unit>> FsToolkit.ErrorHandling.AsyncOptionCE/For@57-21::Invoke(Microsoft.FSharp.Core.Unit)
FN:57,Microsoft.FSharp.Control.FSharpAsync`1<Microsoft.FSharp.Core.FSharpOption`1<Microsoft.FSharp.Core.Unit>> FsToolkit.ErrorHandling.AsyncOptionCE/For@57-19::Invoke(System.Collections.Generic.IEnumerator`1<T>)
FN:74,System.Void <StartupCode$FsToolkit-ErrorHandling>.$AsyncOptionCE::.cctor()
FNDA:0,a FsToolkit.ErrorHandling.AsyncOptionCEExtensions::AsyncOptionBuilder.Source(FsToolkit.ErrorHandling.AsyncOptionCE/AsyncOptionBuilder,a)
FNDA:0,Microsoft.FSharp.Control.FSharpAsync`1<Microsoft.FSharp.Core.FSharpOption`1<t>> FsToolkit.ErrorHandling.AsyncOptionCEExtensions::AsyncOptionBuilder.Source(FsToolkit.ErrorHandling.AsyncOptionCE/AsyncOptionBuilder,Microsoft.FSharp.Core.FSharpOption`1<t>)
FNDA:0,Microsoft.FSharp.Control.FSharpAsync`1<Microsoft.FSharp.Core.FSharpOption`1<t>> FsToolkit.ErrorHandling.AsyncOptionCEExtensions::AsyncOptionBuilder.Source(FsToolkit.ErrorHandling.AsyncOptionCE/AsyncOptionBuilder,System.Threading.Tasks.Task`1<t>)
FNDA:0,Microsoft.FSharp.Control.AsyncReturn FsToolkit.ErrorHandling.AsyncOptionCEExtensions/AsyncOptionBuilder-Source@91::Invoke(Microsoft.FSharp.Control.AsyncActivation`1<Microsoft.FSharp.Core.FSharpOption`1<t>>)
FNDA:0,Microsoft.FSharp.Core.FSharpOption`1<t> FsToolkit.ErrorHandling.AsyncOptionCEExtensions/AsyncOptionBuilder-Source@95-1::Invoke(t)
FNDA:0,Microsoft.FSharp.Control.AsyncReturn FsToolkit.ErrorHandling.AsyncOptionCEExtensions/AsyncOptionBuilder-Source@95-3::Invoke(Microsoft.FSharp.Control.AsyncActivation`1<Microsoft.FSharp.Core.FSharpOption`1<t>>)
FNDA:0,Microsoft.FSharp.Control.FSharpAsync`1<Microsoft.FSharp.Core.FSharpOption`1<t>> FsToolkit.ErrorHandling.AsyncOptionCEExtensions/AsyncOptionBuilder-Source@95-2::Invoke(Microsoft.FSharp.Core.FSharpOption`1<t>)
FNDA:0,Microsoft.FSharp.Control.FSharpAsync`1<Microsoft.FSharp.Core.FSharpOption`1<t>> FsToolkit.ErrorHandling.AsyncOptionCEExtensions/AsyncOptionBuilder-Source@95-4::Invoke(t)
FNDA:0,Microsoft.FSharp.Control.AsyncReturn FsToolkit.ErrorHandling.AsyncOptionCEExtensions/AsyncOptionBuilder-Source@95-5::Invoke(Microsoft.FSharp.Control.AsyncActivation`1<Microsoft.FSharp.Core.FSharpOption`1<t>>)
FNDA:0,Microsoft.FSharp.Core.FSharpOption`1<t> FsToolkit.ErrorHandling.AsyncOptionCEExtensions/AsyncOptionBuilder-Source@101-6::Invoke(t)
FNDA:0,Microsoft.FSharp.Control.AsyncReturn FsToolkit.ErrorHandling.AsyncOptionCEExtensions/AsyncOptionBuilder-Source@101-8::Invoke(Microsoft.FSharp.Control.AsyncActivation`1<Microsoft.FSharp.Core.FSharpOption`1<t>>)
FNDA:0,Microsoft.FSharp.Control.FSharpAsync`1<Microsoft.FSharp.Core.FSharpOption`1<t>> FsToolkit.ErrorHandling.AsyncOptionCEExtensions/AsyncOptionBuilder-Source@101-7::Invoke(Microsoft.FSharp.Core.FSharpOption`1<t>)
FNDA:0,Microsoft.FSharp.Control.FSharpAsync`1<Microsoft.FSharp.Core.FSharpOption`1<t>> FsToolkit.ErrorHandling.AsyncOptionCEExtensions/AsyncOptionBuilder-Source@101-9::Invoke(t)
FNDA:0,Microsoft.FSharp.Control.AsyncReturn FsToolkit.ErrorHandling.AsyncOptionCEExtensions/AsyncOptionBuilder-Source@101-10::Invoke(Microsoft.FSharp.Control.AsyncActivation`1<Microsoft.FSharp.Core.FSharpOption`1<t>>)
FNDA:0,System.Void FsToolkit.ErrorHandling.AsyncOptionCE/AsyncOptionBuilder::.ctor()
FNDA:0,Microsoft.FSharp.Control.FSharpAsync`1<Microsoft.FSharp.Core.FSharpOption`1<T>> FsToolkit.ErrorHandling.AsyncOptionCE/AsyncOptionBuilder::Return(T)
FNDA:0,Microsoft.FSharp.Control.FSharpAsync`1<Microsoft.FSharp.Core.FSharpOption`1<j>> FsToolkit.ErrorHandling.AsyncOptionCE/AsyncOptionBuilder::ReturnFrom(Microsoft.FSharp.Control.FSharpAsync`1<Microsoft.FSharp.Core.FSharpOption`1<j>>)
FNDA:0,Microsoft.FSharp.Control.FSharpAsync`1<Microsoft.FSharp.Core.FSharpOption`1<Microsoft.FSharp.Core.Unit>> FsToolkit.ErrorHandling.AsyncOptionCE/AsyncOptionBuilder::Zero()
FNDA:0,Microsoft.FSharp.Control.FSharpAsync`1<Microsoft.FSharp.Core.FSharpOption`1<i>> FsToolkit.ErrorHandling.AsyncOptionCE/AsyncOptionBuilder::Bind(Microsoft.FSharp.Control.FSharpAsync`1<Microsoft.FSharp.Core.FSharpOption`1<T>>,Microsoft.FSharp.Core.FSharpFunc`2<T,Microsoft.FSharp.Control.FSharpAsync`1<Microsoft.FSharp.Core.FSharpOption`1<i>>>)
FNDA:0,Microsoft.FSharp.Control.FSharpAsync`1<Microsoft.FSharp.Core.FSharpOption`1<h>> FsToolkit.ErrorHandling.AsyncOptionCE/AsyncOptionBuilder::Delay(Microsoft.FSharp.Core.FSharpFunc`2<Microsoft.FSharp.Core.Unit,Microsoft.FSharp.Control.FSharpAsync`1<Microsoft.FSharp.Core.FSharpOption`1<h>>>)
FNDA:0,Microsoft.FSharp.Control.FSharpAsync`1<Microsoft.FSharp.Core.FSharpOption`1<g>> FsToolkit.ErrorHandling.AsyncOptionCE/AsyncOptionBuilder::Combine(Microsoft.FSharp.Control.FSharpAsync`1<Microsoft.FSharp.Core.FSharpOption`1<Microsoft.FSharp.Core.Unit>>,Microsoft.FSharp.Control.FSharpAsync`1<Microsoft.FSharp.Core.FSharpOption`1<g>>)
FNDA:0,Microsoft.FSharp.Control.FSharpAsync`1<Microsoft.FSharp.Core.FSharpOption`1<f>> FsToolkit.ErrorHandling.AsyncOptionCE/AsyncOptionBuilder::TryWith(Microsoft.FSharp.Control.FSharpAsync`1<Microsoft.FSharp.Core.FSharpOption`1<f>>,Microsoft.FSharp.Core.FSharpFunc`2<System.Exception,Microsoft.FSharp.Control.FSharpAsync`1<Microsoft.FSharp.Core.FSharpOption`1<f>>>)
FNDA:0,Microsoft.FSharp.Control.FSharpAsync`1<Microsoft.FSharp.Core.FSharpOption`1<e>> FsToolkit.ErrorHandling.AsyncOptionCE/AsyncOptionBuilder::TryFinally(Microsoft.FSharp.Control.FSharpAsync`1<Microsoft.FSharp.Core.FSharpOption`1<e>>,Microsoft.FSharp.Core.FSharpFunc`2<Microsoft.FSharp.Core.Unit,Microsoft.FSharp.Core.Unit>)
FNDA:0,Microsoft.FSharp.Control.FSharpAsync`1<Microsoft.FSharp.Core.FSharpOption`1<d>> FsToolkit.ErrorHandling.AsyncOptionCE/AsyncOptionBuilder::Using(T,Microsoft.FSharp.Core.FSharpFunc`2<T,Microsoft.FSharp.Control.FSharpAsync`1<Microsoft.FSharp.Core.FSharpOption`1<d>>>)
FNDA:0,Microsoft.FSharp.Control.FSharpAsync`1<Microsoft.FSharp.Core.FSharpOption`1<Microsoft.FSharp.Core.Unit>> FsToolkit.ErrorHandling.AsyncOptionCE/AsyncOptionBuilder::While(Microsoft.FSharp.Core.FSharpFunc`2<Microsoft.FSharp.Core.Unit,System.Boolean>,Microsoft.FSharp.Control.FSharpAsync`1<Microsoft.FSharp.Core.FSharpOption`1<Microsoft.FSharp.Core.Unit>>)
FNDA:0,Microsoft.FSharp.Control.FSharpAsync`1<Microsoft.FSharp.Core.FSharpOption`1<Microsoft.FSharp.Core.Unit>> FsToolkit.ErrorHandling.AsyncOptionCE/AsyncOptionBuilder::For(c,Microsoft.FSharp.Core.FSharpFunc`2<T,Microsoft.FSharp.Control.FSharpAsync`1<Microsoft.FSharp.Core.FSharpOption`1<Microsoft.FSharp.Core.Unit>>>)
FNDA:0,Microsoft.FSharp.Control.FSharpAsync`1<Microsoft.FSharp.Core.FSharpOption`1<b>> FsToolkit.ErrorHandling.AsyncOptionCE/AsyncOptionBuilder::Source(Microsoft.FSharp.Control.FSharpAsync`1<Microsoft.FSharp.Core.FSharpOption`1<b>>)
FNDA:0,Microsoft.FSharp.Control.FSharpAsync`1<Microsoft.FSharp.Core.FSharpOption`1<a>> FsToolkit.ErrorHandling.AsyncOptionCE/AsyncOptionBuilder::Source(System.Threading.Tasks.Task`1<Microsoft.FSharp.Core.FSharpOption`1<a>>)
FNDA:0,Microsoft.FSharp.Control.AsyncReturn FsToolkit.ErrorHandling.AsyncOptionCE/Return@10-1::Invoke(Microsoft.FSharp.Control.AsyncActivation`1<Microsoft.FSharp.Core.FSharpOption`1<T>>)
FNDA:0,Microsoft.FSharp.Control.AsyncReturn FsToolkit.ErrorHandling.AsyncOptionCE/Zero@14-1::Invoke(Microsoft.FSharp.Control.AsyncActivation`1<Microsoft.FSharp.Core.FSharpOption`1<Microsoft.FSharp.Core.Unit>>)
FNDA:0,Microsoft.FSharp.Control.AsyncReturn FsToolkit.ErrorHandling.AsyncOptionCE/Bind@22-6::Invoke(Microsoft.FSharp.Control.AsyncActivation`1<Microsoft.FSharp.Core.FSharpOption`1<i>>)
FNDA:0,Microsoft.FSharp.Control.FSharpAsync`1<Microsoft.FSharp.Core.FSharpOption`1<i>> FsToolkit.ErrorHandling.AsyncOptionCE/Bind@20-5::Invoke(Microsoft.FSharp.Core.FSharpOption`1<T>)
FNDA:0,Microsoft.FSharp.Control.AsyncReturn FsToolkit.ErrorHandling.AsyncOptionCE/Bind@18-7::Invoke(Microsoft.FSharp.Control.AsyncActivation`1<Microsoft.FSharp.Core.FSharpOption`1<i>>)
FNDA:0,Microsoft.FSharp.Control.AsyncReturn FsToolkit.ErrorHandling.AsyncOptionCE/Combine@28-10::Invoke(Microsoft.FSharp.Control.AsyncActivation`1<Microsoft.FSharp.Core.FSharpOption`1<g>>)
FNDA:0,Microsoft.FSharp.Control.AsyncReturn FsToolkit.ErrorHandling.AsyncOptionCE/Combine@28-11::Invoke(Microsoft.FSharp.Control.AsyncActivation`1<Microsoft.FSharp.Core.FSharpOption`1<g>>)
FNDA:0,Microsoft.FSharp.Core.FSharpOption`1<Microsoft.FSharp.Control.FSharpAsync`1<Microsoft.FSharp.Core.FSharpOption`1<f>>> FsToolkit.ErrorHandling.AsyncOptionCE/TryWith@35-3::Invoke(System.Exception)
FNDA:0,Microsoft.FSharp.Control.AsyncReturn FsToolkit.ErrorHandling.AsyncOptionCE/TryWith@35-2::Invoke(Microsoft.FSharp.Control.AsyncActivation`1<Microsoft.FSharp.Core.FSharpOption`1<f>>)
FNDA:0,Microsoft.FSharp.Control.AsyncReturn FsToolkit.ErrorHandling.AsyncOptionCE/TryFinally@38-1::Invoke(Microsoft.FSharp.Control.AsyncActivation`1<Microsoft.FSharp.Core.FSharpOption`1<e>>)
FNDA:0,Microsoft.FSharp.Core.Unit FsToolkit.ErrorHandling.AsyncOptionCE/Using@43-7::Invoke(Microsoft.FSharp.Core.Unit)
FNDA:0,Microsoft.FSharp.Control.AsyncReturn FsToolkit.ErrorHandling.AsyncOptionCE/While@52-10::Invoke(Microsoft.FSharp.Control.AsyncActivation`1<Microsoft.FSharp.Core.FSharpOption`1<Microsoft.FSharp.Core.Unit>>)
FNDA:0,Microsoft.FSharp.Control.AsyncReturn FsToolkit.ErrorHandling.AsyncOptionCE/While@52-11::Invoke(Microsoft.FSharp.Control.AsyncActivation`1<Microsoft.FSharp.Core.FSharpOption`1<Microsoft.FSharp.Core.Unit>>)
FNDA:0,System.Boolean FsToolkit.ErrorHandling.AsyncOptionCE/For@57-20::Invoke(Microsoft.FSharp.Core.Unit)
FNDA:0,Microsoft.FSharp.Control.FSharpAsync`1<Microsoft.FSharp.Core.FSharpOption`1<Microsoft.FSharp.Core.Unit>> FsToolkit.ErrorHandling.AsyncOptionCE/For@57-21::Invoke(Microsoft.FSharp.Core.Unit)
FNDA:0,Microsoft.FSharp.Control.FSharpAsync`1<Microsoft.FSharp.Core.FSharpOption`1<Microsoft.FSharp.Core.Unit>> FsToolkit.ErrorHandling.AsyncOptionCE/For@57-19::Invoke(System.Collections.Generic.IEnumerator`1<T>)
FNDA:0,System.Void <StartupCode$FsToolkit-ErrorHandling>.$AsyncOptionCE::.cctor()
FNF:45
FNH:0
BRDA:49,18,0,-
BRDA:49,18,1,-
BRDA:44,20,0,-
BRDA:44,20,1,-
BRF:4
BRH:0
DA:8,0
DA:10,0
DA:12,0
DA:14,0
DA:17,0
DA:18,0
DA:21,0
DA:22,0
DA:25,0
DA:28,0
DA:35,0
DA:38,0
DA:41,0
DA:44,0
DA:45,0
DA:49,0
DA:50,0
DA:52,0
DA:55,0
DA:57,0
DA:65,0
DA:71,0
DA:74,0
DA:86,0
DA:91,0
DA:95,0
DA:101,0
LH:0
LF:27
end_of_record
TN: FsToolkit.ErrorHandling
SF:/Users/jimmybyrd/Documents/repos/public/demystifyfp/FsToolkit.ErrorHandling/src/FsToolkit.ErrorHandling/AsyncOptionOp.fs
FN:9,Microsoft.FSharp.Control.FSharpAsync`1<Microsoft.FSharp.Core.FSharpOption`1<b>> FsToolkit.ErrorHandling.Operator.AsyncOption.AsyncOption::op_LessMultiplyGreater(Microsoft.FSharp.Control.FSharpAsync`1<Microsoft.FSharp.Core.FSharpOption`1<Microsoft.FSharp.Core.FSharpFunc`2<a,b>>>,Microsoft.FSharp.Control.FSharpAsync`1<Microsoft.FSharp.Core.FSharpOption`1<a>>)
FN:10,Microsoft.FSharp.Control.FSharpAsync`1<Microsoft.FSharp.Core.FSharpOption`1<b>> FsToolkit.ErrorHandling.Operator.AsyncOption.AsyncOption::op_GreaterGreaterEquals(Microsoft.FSharp.Control.FSharpAsync`1<Microsoft.FSharp.Core.FSharpOption`1<a>>,Microsoft.FSharp.Core.FSharpFunc`2<a,Microsoft.FSharp.Control.FSharpAsync`1<Microsoft.FSharp.Core.FSharpOption`1<b>>>)
FN:8,Microsoft.FSharp.Core.FSharpOption`1<b> FsToolkit.ErrorHandling.Operator.AsyncOption.AsyncOption/op_LessBangGreater@8-9::Invoke(Microsoft.FSharp.Core.FSharpOption`1<a>)
FN:8,Microsoft.FSharp.Control.AsyncReturn FsToolkit.ErrorHandling.Operator.AsyncOption.AsyncOption/op_LessBangGreater@8-11::Invoke(Microsoft.FSharp.Control.AsyncActivation`1<Microsoft.FSharp.Core.FSharpOption`1<b>>)
FN:8,Microsoft.FSharp.Control.FSharpAsync`1<Microsoft.FSharp.Core.FSharpOption`1<b>> FsToolkit.ErrorHandling.Operator.AsyncOption.AsyncOption/op_LessBangGreater@8-10::Invoke(Microsoft.FSharp.Core.FSharpOption`1<b>)
FN:8,Microsoft.FSharp.Control.FSharpAsync`1<Microsoft.FSharp.Core.FSharpOption`1<b>> FsToolkit.ErrorHandling.Operator.AsyncOption.AsyncOption/op_LessBangGreater@8-12::Invoke(Microsoft.FSharp.Core.FSharpOption`1<a>)
FN:8,Microsoft.FSharp.Control.AsyncReturn FsToolkit.ErrorHandling.Operator.AsyncOption.AsyncOption/op_LessBangGreater@8-13::Invoke(Microsoft.FSharp.Control.AsyncActivation`1<Microsoft.FSharp.Core.FSharpOption`1<b>>)
FNDA:0,Microsoft.FSharp.Control.FSharpAsync`1<Microsoft.FSharp.Core.FSharpOption`1<b>> FsToolkit.ErrorHandling.Operator.AsyncOption.AsyncOption::op_LessMultiplyGreater(Microsoft.FSharp.Control.FSharpAsync`1<Microsoft.FSharp.Core.FSharpOption`1<Microsoft.FSharp.Core.FSharpFunc`2<a,b>>>,Microsoft.FSharp.Control.FSharpAsync`1<Microsoft.FSharp.Core.FSharpOption`1<a>>)
FNDA:0,Microsoft.FSharp.Control.FSharpAsync`1<Microsoft.FSharp.Core.FSharpOption`1<b>> FsToolkit.ErrorHandling.Operator.AsyncOption.AsyncOption::op_GreaterGreaterEquals(Microsoft.FSharp.Control.FSharpAsync`1<Microsoft.FSharp.Core.FSharpOption`1<a>>,Microsoft.FSharp.Core.FSharpFunc`2<a,Microsoft.FSharp.Control.FSharpAsync`1<Microsoft.FSharp.Core.FSharpOption`1<b>>>)
FNDA:0,Microsoft.FSharp.Core.FSharpOption`1<b> FsToolkit.ErrorHandling.Operator.AsyncOption.AsyncOption/op_LessBangGreater@8-9::Invoke(Microsoft.FSharp.Core.FSharpOption`1<a>)
FNDA:0,Microsoft.FSharp.Control.AsyncReturn FsToolkit.ErrorHandling.Operator.AsyncOption.AsyncOption/op_LessBangGreater@8-11::Invoke(Microsoft.FSharp.Control.AsyncActivation`1<Microsoft.FSharp.Core.FSharpOption`1<b>>)
FNDA:0,Microsoft.FSharp.Control.FSharpAsync`1<Microsoft.FSharp.Core.FSharpOption`1<b>> FsToolkit.ErrorHandling.Operator.AsyncOption.AsyncOption/op_LessBangGreater@8-10::Invoke(Microsoft.FSharp.Core.FSharpOption`1<b>)
FNDA:0,Microsoft.FSharp.Control.FSharpAsync`1<Microsoft.FSharp.Core.FSharpOption`1<b>> FsToolkit.ErrorHandling.Operator.AsyncOption.AsyncOption/op_LessBangGreater@8-12::Invoke(Microsoft.FSharp.Core.FSharpOption`1<a>)
FNDA:0,Microsoft.FSharp.Control.AsyncReturn FsToolkit.ErrorHandling.Operator.AsyncOption.AsyncOption/op_LessBangGreater@8-13::Invoke(Microsoft.FSharp.Control.AsyncActivation`1<Microsoft.FSharp.Core.FSharpOption`1<b>>)
FNF:7
FNH:0
BRF:0
BRH:0
DA:8,0
DA:9,0
DA:10,0
LH:0
LF:3
end_of_record
TN: FsToolkit.ErrorHandling
SF:/Users/jimmybyrd/Documents/repos/public/demystifyfp/FsToolkit.ErrorHandling/src/FsToolkit.ErrorHandling/AsyncResult.fs
FN:10,Microsoft.FSharp.Control.FSharpAsync`1<Microsoft.FSharp.Core.FSharpResult`2<c,b>> FsToolkit.ErrorHandling.AsyncResult::func2@1(Microsoft.FSharp.Core.FSharpResult`2<c,b>)
FN:10,Microsoft.FSharp.Control.FSharpAsync`1<Microsoft.FSharp.Core.FSharpResult`2<c,b>> FsToolkit.ErrorHandling.AsyncResult::mapError(Microsoft.FSharp.Core.FSharpFunc`2<a,b>,Microsoft.FSharp.Control.FSharpAsync`1<Microsoft.FSharp.Core.FSharpResult`2<c,a>>)
FN:14,Microsoft.FSharp.Control.FSharpAsync`1<Microsoft.FSharp.Core.FSharpResult`2<b,c>> FsToolkit.ErrorHandling.AsyncResult::func2@1-1(Microsoft.FSharp.Core.FSharpResult`2<b,c>)
FN:14,Microsoft.FSharp.Control.FSharpAsync`1<Microsoft.FSharp.Core.FSharpResult`2<b,c>> FsToolkit.ErrorHandling.AsyncResult::bind(Microsoft.FSharp.Core.FSharpFunc`2<a,Microsoft.FSharp.Control.FSharpAsync`1<Microsoft.FSharp.Core.FSharpResult`2<b,c>>>,Microsoft.FSharp.Control.FSharpAsync`1<Microsoft.FSharp.Core.FSharpResult`2<a,c>>)
FN:17,Microsoft.FSharp.Control.FSharpAsync`1<b> FsToolkit.ErrorHandling.AsyncResult::func2@1-2(b)
FN:17,Microsoft.FSharp.Control.FSharpAsync`1<b> FsToolkit.ErrorHandling.AsyncResult::foldResult(Microsoft.FSharp.Core.FSharpFunc`2<a,b>,Microsoft.FSharp.Core.FSharpFunc`2<c,b>,Microsoft.FSharp.Control.FSharpAsync`1<Microsoft.FSharp.Core.FSharpResult`2<a,c>>)
FN:27,Microsoft.FSharp.Control.FSharpAsync`1<Microsoft.FSharp.Core.FSharpResult`2<a,System.Exception>> FsToolkit.ErrorHandling.AsyncResult::func2@1-3(Microsoft.FSharp.Core.FSharpResult`2<a,System.Exception>)
FN:22,Microsoft.FSharp.Control.FSharpAsync`1<Microsoft.FSharp.Core.FSharpResult`2<a,System.Exception>> FsToolkit.ErrorHandling.AsyncResult::ofTask(System.Threading.Tasks.Task`1<a>)
FN:35,Microsoft.FSharp.Control.FSharpAsync`1<Microsoft.FSharp.Core.FSharpResult`2<Microsoft.FSharp.Core.Unit,System.Exception>> FsToolkit.ErrorHandling.AsyncResult::func2@1-4(Microsoft.FSharp.Core.FSharpResult`2<Microsoft.FSharp.Core.Unit,System.Exception>)
FN:30,Microsoft.FSharp.Control.FSharpAsync`1<Microsoft.FSharp.Core.FSharpResult`2<Microsoft.FSharp.Core.Unit,System.Exception>> FsToolkit.ErrorHandling.AsyncResult::ofTaskAction(System.Threading.Tasks.Task)
FN:39,Microsoft.FSharp.Control.FSharpAsync`1<Microsoft.FSharp.Core.FSharpResult`2<a,b>> FsToolkit.ErrorHandling.AsyncResult::retn(a)
FN:41,Microsoft.FSharp.Core.FSharpFunc`2<a,Microsoft.FSharp.Control.FSharpAsync`1<Microsoft.FSharp.Core.FSharpResult`2<a,b>>> FsToolkit.ErrorHandling.AsyncResult::ok()
FN:43,Microsoft.FSharp.Control.FSharpAsync`1<Microsoft.FSharp.Core.FSharpResult`2<b,a>> FsToolkit.ErrorHandling.AsyncResult::returnError(a)
FN:45,Microsoft.FSharp.Core.FSharpFunc`2<a,Microsoft.FSharp.Control.FSharpAsync`1<Microsoft.FSharp.Core.FSharpResult`2<b,a>>> FsToolkit.ErrorHandling.AsyncResult::error()
FN:47,Microsoft.FSharp.Control.FSharpAsync`1<Microsoft.FSharp.Core.FSharpResult`2<c,d>> FsToolkit.ErrorHandling.AsyncResult::map2(Microsoft.FSharp.Core.FSharpFunc`2<a,Microsoft.FSharp.Core.FSharpFunc`2<b,c>>,Microsoft.FSharp.Control.FSharpAsync`1<Microsoft.FSharp.Core.FSharpResult`2<a,d>>,Microsoft.FSharp.Control.FSharpAsync`1<Microsoft.FSharp.Core.FSharpResult`2<b,d>>)
FN:74,Microsoft.FSharp.Control.FSharpAsync`1<Microsoft.FSharp.Core.FSharpResult`2<ok,error2>> FsToolkit.ErrorHandling.AsyncResult::orElse(Microsoft.FSharp.Control.FSharpAsync`1<Microsoft.FSharp.Core.FSharpResult`2<ok,error2>>,Microsoft.FSharp.Control.FSharpAsync`1<Microsoft.FSharp.Core.FSharpResult`2<ok,error>>)
FN:97,Microsoft.FSharp.Control.FSharpAsync`1<Microsoft.FSharp.Core.FSharpResult`2<ok,error2>> FsToolkit.ErrorHandling.AsyncResult::orElseWith(Microsoft.FSharp.Core.FSharpFunc`2<error,Microsoft.FSharp.Control.FSharpAsync`1<Microsoft.FSharp.Core.FSharpResult`2<ok,error2>>>,Microsoft.FSharp.Control.FSharpAsync`1<Microsoft.FSharp.Core.FSharpResult`2<ok,error>>)
FN:100,Microsoft.FSharp.Control.FSharpAsync`1<Microsoft.FSharp.Core.FSharpResult`2<Microsoft.FSharp.Core.Unit,b>> FsToolkit.ErrorHandling.AsyncResult::func2@1-5(Microsoft.FSharp.Core.FSharpResult`2<Microsoft.FSharp.Core.Unit,b>)
FN:104,Microsoft.FSharp.Control.FSharpAsync`1<Microsoft.FSharp.Core.FSharpResult`2<Microsoft.FSharp.Core.Unit,a>> FsToolkit.ErrorHandling.AsyncResult::func2@1-6(Microsoft.FSharp.Core.FSharpResult`2<Microsoft.FSharp.Core.Unit,a>)
FN:104,Microsoft.FSharp.Control.FSharpAsync`1<Microsoft.FSharp.Core.FSharpResult`2<Microsoft.FSharp.Core.Unit,a>> FsToolkit.ErrorHandling.AsyncResult::requireTrue(a,Microsoft.FSharp.Control.FSharpAsync`1<System.Boolean>)
FN:108,Microsoft.FSharp.Control.FSharpAsync`1<Microsoft.FSharp.Core.FSharpResult`2<Microsoft.FSharp.Core.Unit,a>> FsToolkit.ErrorHandling.AsyncResult::func2@1-7(Microsoft.FSharp.Core.FSharpResult`2<Microsoft.FSharp.Core.Unit,a>)
FN:108,Microsoft.FSharp.Control.FSharpAsync`1<Microsoft.FSharp.Core.FSharpResult`2<Microsoft.FSharp.Core.Unit,a>> FsToolkit.ErrorHandling.AsyncResult::requireFalse(a,Microsoft.FSharp.Control.FSharpAsync`1<System.Boolean>)
FN:112,Microsoft.FSharp.Control.FSharpAsync`1<Microsoft.FSharp.Core.FSharpResult`2<b,a>> FsToolkit.ErrorHandling.AsyncResult::func2@1-8(Microsoft.FSharp.Core.FSharpResult`2<b,a>)
FN:112,Microsoft.FSharp.Control.FSharpAsync`1<Microsoft.FSharp.Core.FSharpResult`2<b,a>> FsToolkit.ErrorHandling.AsyncResult::requireSome(a,Microsoft.FSharp.Control.FSharpAsync`1<Microsoft.FSharp.Core.FSharpOption`1<b>>)
FN:116,Microsoft.FSharp.Control.FSharpAsync`1<Microsoft.FSharp.Core.FSharpResult`2<Microsoft.FSharp.Core.Unit,a>> FsToolkit.ErrorHandling.AsyncResult::func2@1-9(Microsoft.FSharp.Core.FSharpResult`2<Microsoft.FSharp.Core.Unit,a>)
FN:116,Microsoft.FSharp.Control.FSharpAsync`1<Microsoft.FSharp.Core.FSharpResult`2<Microsoft.FSharp.Core.Unit,a>> FsToolkit.ErrorHandling.AsyncResult::requireNone(a,Microsoft.FSharp.Control.FSharpAsync`1<Microsoft.FSharp.Core.FSharpOption`1<b>>)
FN:121,Microsoft.FSharp.Control.FSharpAsync`1<Microsoft.FSharp.Core.FSharpResult`2<Microsoft.FSharp.Core.Unit,b>> FsToolkit.ErrorHandling.AsyncResult::func2@1-10(Microsoft.FSharp.Core.FSharpResult`2<Microsoft.FSharp.Core.Unit,b>)
FN:121,Microsoft.FSharp.Control.FSharpAsync`1<Microsoft.FSharp.Core.FSharpResult`2<Microsoft.FSharp.Core.Unit,b>> FsToolkit.ErrorHandling.AsyncResult::requireEqual(a,Microsoft.FSharp.Control.FSharpAsync`1<a>,b)
FN:126,Microsoft.FSharp.Control.FSharpAsync`1<Microsoft.FSharp.Core.FSharpResult`2<Microsoft.FSharp.Core.Unit,b>> FsToolkit.ErrorHandling.AsyncResult::func2@1-11(Microsoft.FSharp.Core.FSharpResult`2<Microsoft.FSharp.Core.Unit,b>)
FN:126,Microsoft.FSharp.Control.FSharpAsync`1<Microsoft.FSharp.Core.FSharpResult`2<Microsoft.FSharp.Core.Unit,b>> FsToolkit.ErrorHandling.AsyncResult::requireEqualTo(a,b,Microsoft.FSharp.Control.FSharpAsync`1<a>)
FN:130,Microsoft.FSharp.Control.FSharpAsync`1<Microsoft.FSharp.Core.FSharpResult`2<Microsoft.FSharp.Core.Unit,a>> FsToolkit.ErrorHandling.AsyncResult::func2@1-12(Microsoft.FSharp.Core.FSharpResult`2<Microsoft.FSharp.Core.Unit,a>)
FN:130,Microsoft.FSharp.Control.FSharpAsync`1<Microsoft.FSharp.Core.FSharpResult`2<Microsoft.FSharp.Core.Unit,a>> FsToolkit.ErrorHandling.AsyncResult::requireEmpty(a,Microsoft.FSharp.Control.FSharpAsync`1<b>)
FN:134,Microsoft.FSharp.Control.FSharpAsync`1<Microsoft.FSharp.Core.FSharpResult`2<Microsoft.FSharp.Core.Unit,a>> FsToolkit.ErrorHandling.AsyncResult::func2@1-13(Microsoft.FSharp.Core.FSharpResult`2<Microsoft.FSharp.Core.Unit,a>)
FN:134,Microsoft.FSharp.Control.FSharpAsync`1<Microsoft.FSharp.Core.FSharpResult`2<Microsoft.FSharp.Core.Unit,a>> FsToolkit.ErrorHandling.AsyncResult::requireNotEmpty(a,Microsoft.FSharp.Control.FSharpAsync`1<b>)
FN:139,Microsoft.FSharp.Control.FSharpAsync`1<Microsoft.FSharp.Core.FSharpResult`2<c,a>> FsToolkit.ErrorHandling.AsyncResult::func2@1-14(Microsoft.FSharp.Core.FSharpResult`2<c,a>)
FN:139,Microsoft.FSharp.Control.FSharpAsync`1<Microsoft.FSharp.Core.FSharpResult`2<c,a>> FsToolkit.ErrorHandling.AsyncResult::requireHead(a,Microsoft.FSharp.Control.FSharpAsync`1<b>)
FN:144,Microsoft.FSharp.Control.FSharpAsync`1<Microsoft.FSharp.Core.FSharpResult`2<b,a>> FsToolkit.ErrorHandling.AsyncResult::func2@1-15(Microsoft.FSharp.Core.FSharpResult`2<b,a>)
FN:144,Microsoft.FSharp.Control.FSharpAsync`1<Microsoft.FSharp.Core.FSharpResult`2<b,a>> FsToolkit.ErrorHandling.AsyncResult::setError(a,Microsoft.FSharp.Control.FSharpAsync`1<Microsoft.FSharp.Core.FSharpResult`2<b,c>>)
FN:149,Microsoft.FSharp.Control.FSharpAsync`1<Microsoft.FSharp.Core.FSharpResult`2<b,a>> FsToolkit.ErrorHandling.AsyncResult::func2@1-16(Microsoft.FSharp.Core.FSharpResult`2<b,a>)
FN:149,Microsoft.FSharp.Control.FSharpAsync`1<Microsoft.FSharp.Core.FSharpResult`2<b,a>> FsToolkit.ErrorHandling.AsyncResult::withError(a,Microsoft.FSharp.Control.FSharpAsync`1<Microsoft.FSharp.Core.FSharpResult`2<b,Microsoft.FSharp.Core.Unit>>)
FN:155,Microsoft.FSharp.Control.FSharpAsync`1<a> FsToolkit.ErrorHandling.AsyncResult::func2@1-17(a)
FN:161,Microsoft.FSharp.Control.FSharpAsync`1<a> FsToolkit.ErrorHandling.AsyncResult::func2@1-18(a)
FN:167,Microsoft.FSharp.Control.FSharpAsync`1<a> FsToolkit.ErrorHandling.AsyncResult::func2@1-19(a)
FN:171,Microsoft.FSharp.Control.FSharpAsync`1<Microsoft.FSharp.Core.Unit> FsToolkit.ErrorHandling.AsyncResult::ignoreError(Microsoft.FSharp.Control.FSharpAsync`1<Microsoft.FSharp.Core.FSharpResult`2<Microsoft.FSharp.Core.Unit,a>>)
FN:175,Microsoft.FSharp.Control.FSharpAsync`1<Microsoft.FSharp.Core.FSharpResult`2<a,b>> FsToolkit.ErrorHandling.AsyncResult::func2@1-20(Microsoft.FSharp.Core.FSharpResult`2<a,b>)
FN:175,Microsoft.FSharp.Control.FSharpAsync`1<Microsoft.FSharp.Core.FSharpResult`2<a,b>> FsToolkit.ErrorHandling.AsyncResult::tee(Microsoft.FSharp.Core.FSharpFunc`2<a,Microsoft.FSharp.Core.Unit>,Microsoft.FSharp.Control.FSharpAsync`1<Microsoft.FSharp.Core.FSharpResult`2<a,b>>)
FN:181,Microsoft.FSharp.Control.FSharpAsync`1<Microsoft.FSharp.Core.FSharpResult`2<a,b>> FsToolkit.ErrorHandling.AsyncResult::func2@1-21(Microsoft.FSharp.Core.FSharpResult`2<a,b>)
FN:181,Microsoft.FSharp.Control.FSharpAsync`1<Microsoft.FSharp.Core.FSharpResult`2<a,b>> FsToolkit.ErrorHandling.AsyncResult::teeIf(Microsoft.FSharp.Core.FSharpFunc`2<a,System.Boolean>,Microsoft.FSharp.Core.FSharpFunc`2<a,Microsoft.FSharp.Core.Unit>,Microsoft.FSharp.Control.FSharpAsync`1<Microsoft.FSharp.Core.FSharpResult`2<a,b>>)
FN:186,Microsoft.FSharp.Control.FSharpAsync`1<Microsoft.FSharp.Core.FSharpResult`2<b,a>> FsToolkit.ErrorHandling.AsyncResult::func2@1-22(Microsoft.FSharp.Core.FSharpResult`2<b,a>)
FN:186,Microsoft.FSharp.Control.FSharpAsync`1<Microsoft.FSharp.Core.FSharpResult`2<b,a>> FsToolkit.ErrorHandling.AsyncResult::teeError(Microsoft.FSharp.Core.FSharpFunc`2<a,Microsoft.FSharp.Core.Unit>,Microsoft.FSharp.Control.FSharpAsync`1<Microsoft.FSharp.Core.FSharpResult`2<b,a>>)
FN:192,Microsoft.FSharp.Control.FSharpAsync`1<Microsoft.FSharp.Core.FSharpResult`2<b,a>> FsToolkit.ErrorHandling.AsyncResult::func2@1-23(Microsoft.FSharp.Core.FSharpResult`2<b,a>)
FN:192,Microsoft.FSharp.Control.FSharpAsync`1<Microsoft.FSharp.Core.FSharpResult`2<b,a>> FsToolkit.ErrorHandling.AsyncResult::teeErrorIf(Microsoft.FSharp.Core.FSharpFunc`2<a,System.Boolean>,Microsoft.FSharp.Core.FSharpFunc`2<a,Microsoft.FSharp.Core.Unit>,Microsoft.FSharp.Control.FSharpAsync`1<Microsoft.FSharp.Core.FSharpResult`2<b,a>>)
FN:198,Microsoft.FSharp.Control.FSharpAsync`1<Microsoft.FSharp.Core.FSharpResult`2<System.Tuple`2<a,c>,b>> FsToolkit.ErrorHandling.AsyncResult::func2@1-24(Microsoft.FSharp.Core.FSharpResult`2<System.Tuple`2<a,c>,b>)
FN:197,Microsoft.FSharp.Control.FSharpAsync`1<Microsoft.FSharp.Core.FSharpResult`2<System.Tuple`2<a,c>,b>> FsToolkit.ErrorHandling.AsyncResult::zip(Microsoft.FSharp.Control.FSharpAsync`1<Microsoft.FSharp.Core.FSharpResult`2<a,b>>,Microsoft.FSharp.Control.FSharpAsync`1<Microsoft.FSharp.Core.FSharpResult`2<c,b>>)
FN:203,Microsoft.FSharp.Control.FSharpAsync`1<Microsoft.FSharp.Core.FSharpResult`2<a,System.Tuple`2<b,c>>> FsToolkit.ErrorHandling.AsyncResult::func2@1-25(Microsoft.FSharp.Core.FSharpResult`2<a,System.Tuple`2<b,c>>)
FN:202,Microsoft.FSharp.Control.FSharpAsync`1<Microsoft.FSharp.Core.FSharpResult`2<a,System.Tuple`2<b,c>>> FsToolkit.ErrorHandling.AsyncResult::zipError(Microsoft.FSharp.Control.FSharpAsync`1<Microsoft.FSharp.Core.FSharpResult`2<a,b>>,Microsoft.FSharp.Control.FSharpAsync`1<Microsoft.FSharp.Core.FSharpResult`2<a,c>>)
FN:213,Microsoft.FSharp.Core.FSharpResult`2<b,a> FsToolkit.ErrorHandling.AsyncResult::f@13(Microsoft.FSharp.Core.FSharpFunc`2<System.Exception,a>,Microsoft.FSharp.Core.FSharpChoice`2<Microsoft.FSharp.Core.FSharpResult`2<b,a>,System.Exception>)
FN:209,Microsoft.FSharp.Control.FSharpAsync`1<Microsoft.FSharp.Core.FSharpResult`2<b,a>> FsToolkit.ErrorHandling.AsyncResult::func2@1-26(Microsoft.FSharp.Core.FSharpResult`2<b,a>)
FN:207,Microsoft.FSharp.Control.FSharpAsync`1<Microsoft.FSharp.Core.FSharpResult`2<b,a>> FsToolkit.ErrorHandling.AsyncResult::catch(Microsoft.FSharp.Core.FSharpFunc`2<System.Exception,a>,Microsoft.FSharp.Control.FSharpAsync`1<Microsoft.FSharp.Core.FSharpResult`2<b,a>>)
FN:216,Microsoft.FSharp.Control.FSharpAsync`1<Microsoft.FSharp.Core.FSharpResult`2<a,b>> FsToolkit.ErrorHandling.AsyncResult::func2@1-27(Microsoft.FSharp.Core.FSharpResult`2<a,b>)
FN:216,Microsoft.FSharp.Control.FSharpAsync`1<Microsoft.FSharp.Core.FSharpResult`2<a,b>> FsToolkit.ErrorHandling.AsyncResult::ofAsync(Microsoft.FSharp.Control.FSharpAsync`1<a>)
FN:219,Microsoft.FSharp.Control.FSharpAsync`1<Microsoft.FSharp.Core.FSharpResult`2<a,b>> FsToolkit.ErrorHandling.AsyncResult::ofResult(Microsoft.FSharp.Core.FSharpResult`2<a,b>)
FN:8,Microsoft.FSharp.Core.FSharpResult`2<b,c> FsToolkit.ErrorHandling.AsyncResult/map@8-5::Invoke(Microsoft.FSharp.Core.FSharpResult`2<a,c>)
FN:8,Microsoft.FSharp.Control.AsyncReturn FsToolkit.ErrorHandling.AsyncResult/map@8-7::Invoke(Microsoft.FSharp.Control.AsyncActivation`1<Microsoft.FSharp.Core.FSharpResult`2<b,c>>)
FN:8,Microsoft.FSharp.Control.FSharpAsync`1<Microsoft.FSharp.Core.FSharpResult`2<b,c>> FsToolkit.ErrorHandling.AsyncResult/map@8-6::Invoke(Microsoft.FSharp.Core.FSharpResult`2<b,c>)
FN:8,Microsoft.FSharp.Control.FSharpAsync`1<Microsoft.FSharp.Core.FSharpResult`2<b,c>> FsToolkit.ErrorHandling.AsyncResult/map@8-8::Invoke(Microsoft.FSharp.Core.FSharpResult`2<a,c>)
FN:8,Microsoft.FSharp.Control.AsyncReturn FsToolkit.ErrorHandling.AsyncResult/map@8-9::Invoke(Microsoft.FSharp.Control.AsyncActivation`1<Microsoft.FSharp.Core.FSharpResult`2<b,c>>)
FN:10,Microsoft.FSharp.Control.FSharpAsync`1<Microsoft.FSharp.Core.FSharpResult`2<c,b>> FsToolkit.ErrorHandling.AsyncResult/mapError@10::Invoke(Microsoft.FSharp.Core.FSharpResult`2<c,a>)
FN:10,Microsoft.FSharp.Control.AsyncReturn FsToolkit.ErrorHandling.AsyncResult/mapError@10-1::Invoke(Microsoft.FSharp.Control.AsyncActivation`1<Microsoft.FSharp.Core.FSharpResult`2<c,b>>)
FN:10,Microsoft.FSharp.Control.AsyncReturn FsToolkit.ErrorHandling.AsyncResult/mapError@10-2::Invoke(Microsoft.FSharp.Control.AsyncActivation`1<Microsoft.FSharp.Core.FSharpResult`2<c,b>>)
FN:14,Microsoft.FSharp.Control.FSharpAsync`1<Microsoft.FSharp.Core.FSharpResult`2<b,c>> FsToolkit.ErrorHandling.AsyncResult/bind@14-2::Invoke(c)
FN:14,Microsoft.FSharp.Control.FSharpAsync`1<Microsoft.FSharp.Core.FSharpResult`2<b,c>> FsToolkit.ErrorHandling.AsyncResult/bind@14-3::Invoke(Microsoft.FSharp.Core.FSharpResult`2<a,c>)
FN:14,Microsoft.FSharp.Control.AsyncReturn FsToolkit.ErrorHandling.AsyncResult/bind@14-4::Invoke(Microsoft.FSharp.Control.AsyncActivation`1<Microsoft.FSharp.Core.FSharpResult`2<b,c>>)
FN:14,Microsoft.FSharp.Control.AsyncReturn FsToolkit.ErrorHandling.AsyncResult/bind@14-5::Invoke(Microsoft.FSharp.Control.AsyncActivation`1<Microsoft.FSharp.Core.FSharpResult`2<b,c>>)
FN:17,Microsoft.FSharp.Control.FSharpAsync`1<b> FsToolkit.ErrorHandling.AsyncResult/foldResult@17::Invoke(Microsoft.FSharp.Core.FSharpResult`2<a,c>)
FN:17,Microsoft.FSharp.Control.AsyncReturn FsToolkit.ErrorHandling.AsyncResult/foldResult@17-1::Invoke(Microsoft.FSharp.Control.AsyncActivation`1<b>)
FN:17,Microsoft.FSharp.Control.AsyncReturn FsToolkit.ErrorHandling.AsyncResult/foldResult@17-2::Invoke(Microsoft.FSharp.Control.AsyncActivation`1<b>)
FN:27,Microsoft.FSharp.Control.FSharpAsync`1<Microsoft.FSharp.Core.FSharpResult`2<a,System.Exception>> FsToolkit.ErrorHandling.AsyncResult/ofTask@27-1::Invoke(Microsoft.FSharp.Core.FSharpChoice`2<a,System.Exception>)
FN:27,Microsoft.FSharp.Control.AsyncReturn FsToolkit.ErrorHandling.AsyncResult/ofTask@27-2::Invoke(Microsoft.FSharp.Control.AsyncActivation`1<Microsoft.FSharp.Core.FSharpResult`2<a,System.Exception>>)
FN:24,Microsoft.FSharp.Control.FSharpAsync`1<Microsoft.FSharp.Core.FSharpResult`2<a,System.Exception>> FsToolkit.ErrorHandling.AsyncResult/ofTask@23::Invoke(Microsoft.FSharp.Core.Unit)
FN:27,Microsoft.FSharp.Control.AsyncReturn FsToolkit.ErrorHandling.AsyncResult/ofTask@27-3::Invoke(Microsoft.FSharp.Control.AsyncActivation`1<Microsoft.FSharp.Core.FSharpResult`2<a,System.Exception>>)
FN:35,Microsoft.FSharp.Control.FSharpAsync`1<Microsoft.FSharp.Core.FSharpResult`2<Microsoft.FSharp.Core.Unit,System.Exception>> FsToolkit.ErrorHandling.AsyncResult/ofTaskAction@35-1::Invoke(Microsoft.FSharp.Core.FSharpChoice`2<Microsoft.FSharp.Core.Unit,System.Exception>)
FN:35,Microsoft.FSharp.Control.AsyncReturn FsToolkit.ErrorHandling.AsyncResult/ofTaskAction@35-2::Invoke(Microsoft.FSharp.Control.AsyncActivation`1<Microsoft.FSharp.Core.FSharpResult`2<Microsoft.FSharp.Core.Unit,System.Exception>>)
FN:32,Microsoft.FSharp.Control.FSharpAsync`1<Microsoft.FSharp.Core.FSharpResult`2<Microsoft.FSharp.Core.Unit,System.Exception>> FsToolkit.ErrorHandling.AsyncResult/ofTaskAction@31::Invoke(Microsoft.FSharp.Core.Unit)
FN:35,Microsoft.FSharp.Control.AsyncReturn FsToolkit.ErrorHandling.AsyncResult/ofTaskAction@35-3::Invoke(Microsoft.FSharp.Control.AsyncActivation`1<Microsoft.FSharp.Core.FSharpResult`2<Microsoft.FSharp.Core.Unit,System.Exception>>)
FN:39,Microsoft.FSharp.Control.AsyncReturn FsToolkit.ErrorHandling.AsyncResult/retn@39::Invoke(Microsoft.FSharp.Control.AsyncActivation`1<Microsoft.FSharp.Core.FSharpResult`2<a,b>>)
FN:41,Microsoft.FSharp.Control.FSharpAsync`1<Microsoft.FSharp.Core.FSharpResult`2<a,b>> FsToolkit.ErrorHandling.AsyncResult/ok@41::Invoke(a)
FN:43,Microsoft.FSharp.Control.AsyncReturn FsToolkit.ErrorHandling.AsyncResult/returnError@43::Invoke(Microsoft.FSharp.Control.AsyncActivation`1<Microsoft.FSharp.Core.FSharpResult`2<b,a>>)
FN:45,Microsoft.FSharp.Control.FSharpAsync`1<Microsoft.FSharp.Core.FSharpResult`2<b,a>> FsToolkit.ErrorHandling.AsyncResult/error@45::Invoke(a)
FN:47,Microsoft.FSharp.Core.FSharpResult`2<c,d> FsToolkit.ErrorHandling.AsyncResult/map2@47-1::Invoke(Microsoft.FSharp.Core.FSharpResult`2<a,d>,Microsoft.FSharp.Core.FSharpResult`2<b,d>)
FN:49,Microsoft.FSharp.Core.FSharpResult`2<d,e> FsToolkit.ErrorHandling.AsyncResult/map3@49::Invoke(Microsoft.FSharp.Core.FSharpResult`2<a,e>,Microsoft.FSharp.Core.FSharpResult`2<b,e>,Microsoft.FSharp.Core.FSharpResult`2<c,e>)
FN:51,b FsToolkit.ErrorHandling.AsyncResult/apply@51-9::Invoke(Microsoft.FSharp.Core.FSharpFunc`2<a,b>,a)
FN:51,Microsoft.FSharp.Core.FSharpResult`2<b,c> FsToolkit.ErrorHandling.AsyncResult/apply@51-10::Invoke(Microsoft.FSharp.Core.FSharpResult`2<Microsoft.FSharp.Core.FSharpFunc`2<a,b>,c>,Microsoft.FSharp.Core.FSharpResult`2<a,c>)
FN:74,Microsoft.FSharp.Control.FSharpAsync`1<Microsoft.FSharp.Core.FSharpResult`2<ok,error2>> FsToolkit.ErrorHandling.AsyncResult/orElse@74-2::Invoke(error)
FN:74,Microsoft.FSharp.Control.FSharpAsync`1<Microsoft.FSharp.Core.FSharpResult`2<ok,error2>> FsToolkit.ErrorHandling.AsyncResult/orElse@74-3::Invoke(Microsoft.FSharp.Core.FSharpResult`2<ok,error>)
FN:74,Microsoft.FSharp.Control.AsyncReturn FsToolkit.ErrorHandling.AsyncResult/orElse@74-4::Invoke(Microsoft.FSharp.Control.AsyncActivation`1<Microsoft.FSharp.Core.FSharpResult`2<ok,error2>>)
FN:97,Microsoft.FSharp.Control.FSharpAsync`1<Microsoft.FSharp.Core.FSharpResult`2<ok,error2>> FsToolkit.ErrorHandling.AsyncResult/orElseWith@97-1::Invoke(Microsoft.FSharp.Core.FSharpResult`2<ok,error>)
FN:97,Microsoft.FSharp.Control.AsyncReturn FsToolkit.ErrorHandling.AsyncResult/orElseWith@97-2::Invoke(Microsoft.FSharp.Control.AsyncActivation`1<Microsoft.FSharp.Core.FSharpResult`2<ok,error2>>)
FN:100,Microsoft.FSharp.Core.Unit FsToolkit.ErrorHandling.AsyncResult/ignore@100-2::Invoke(a)
FN:100,Microsoft.FSharp.Control.FSharpAsync`1<Microsoft.FSharp.Core.FSharpResult`2<Microsoft.FSharp.Core.Unit,b>> FsToolkit.ErrorHandling.AsyncResult/ignore@100-3::Invoke(Microsoft.FSharp.Core.FSharpResult`2<a,b>)
FN:100,Microsoft.FSharp.Control.AsyncReturn FsToolkit.ErrorHandling.AsyncResult/ignore@100-4::Invoke(Microsoft.FSharp.Control.AsyncActivation`1<Microsoft.FSharp.Core.FSharpResult`2<Microsoft.FSharp.Core.Unit,b>>)
FN:100,Microsoft.FSharp.Control.AsyncReturn FsToolkit.ErrorHandling.AsyncResult/ignore@100-5::Invoke(Microsoft.FSharp.Control.AsyncActivation`1<Microsoft.FSharp.Core.FSharpResult`2<Microsoft.FSharp.Core.Unit,b>>)
FN:104,Microsoft.FSharp.Control.FSharpAsync`1<Microsoft.FSharp.Core.FSharpResult`2<Microsoft.FSharp.Core.Unit,a>> FsToolkit.ErrorHandling.AsyncResult/requireTrue@104::Invoke(System.Boolean)
FN:104,Microsoft.FSharp.Control.AsyncReturn FsToolkit.ErrorHandling.AsyncResult/requireTrue@104-1::Invoke(Microsoft.FSharp.Control.AsyncActivation`1<Microsoft.FSharp.Core.FSharpResult`2<Microsoft.FSharp.Core.Unit,a>>)
FN:104,Microsoft.FSharp.Control.AsyncReturn FsToolkit.ErrorHandling.AsyncResult/requireTrue@104-2::Invoke(Microsoft.FSharp.Control.AsyncActivation`1<Microsoft.FSharp.Core.FSharpResult`2<Microsoft.FSharp.Core.Unit,a>>)
FN:108,Microsoft.FSharp.Control.FSharpAsync`1<Microsoft.FSharp.Core.FSharpResult`2<Microsoft.FSharp.Core.Unit,a>> FsToolkit.ErrorHandling.AsyncResult/requireFalse@108::Invoke(System.Boolean)
FN:108,Microsoft.FSharp.Control.AsyncReturn FsToolkit.ErrorHandling.AsyncResult/requireFalse@108-1::Invoke(Microsoft.FSharp.Control.AsyncActivation`1<Microsoft.FSharp.Core.FSharpResult`2<Microsoft.FSharp.Core.Unit,a>>)
FN:108,Microsoft.FSharp.Control.AsyncReturn FsToolkit.ErrorHandling.AsyncResult/requireFalse@108-2::Invoke(Microsoft.FSharp.Control.AsyncActivation`1<Microsoft.FSharp.Core.FSharpResult`2<Microsoft.FSharp.Core.Unit,a>>)
FN:112,Microsoft.FSharp.Control.FSharpAsync`1<Microsoft.FSharp.Core.FSharpResult`2<b,a>> FsToolkit.ErrorHandling.AsyncResult/requireSome@112::Invoke(Microsoft.FSharp.Core.FSharpOption`1<b>)
FN:112,Microsoft.FSharp.Control.AsyncReturn FsToolkit.ErrorHandling.AsyncResult/requireSome@112-1::Invoke(Microsoft.FSharp.Control.AsyncActivation`1<Microsoft.FSharp.Core.FSharpResult`2<b,a>>)
FN:112,Microsoft.FSharp.Control.AsyncReturn FsToolkit.ErrorHandling.AsyncResult/requireSome@112-2::Invoke(Microsoft.FSharp.Control.AsyncActivation`1<Microsoft.FSharp.Core.FSharpResult`2<b,a>>)
FN:116,Microsoft.FSharp.Control.FSharpAsync`1<Microsoft.FSharp.Core.FSharpResult`2<Microsoft.FSharp.Core.Unit,a>> FsToolkit.ErrorHandling.AsyncResult/requireNone@116::Invoke(Microsoft.FSharp.Core.FSharpOption`1<b>)
FN:116,Microsoft.FSharp.Control.AsyncReturn FsToolkit.ErrorHandling.AsyncResult/requireNone@116-1::Invoke(Microsoft.FSharp.Control.AsyncActivation`1<Microsoft.FSharp.Core.FSharpResult`2<Microsoft.FSharp.Core.Unit,a>>)
FN:116,Microsoft.FSharp.Control.AsyncReturn FsToolkit.ErrorHandling.AsyncResult/requireNone@116-2::Invoke(Microsoft.FSharp.Control.AsyncActivation`1<Microsoft.FSharp.Core.FSharpResult`2<Microsoft.FSharp.Core.Unit,a>>)
FN:121,Microsoft.FSharp.Control.FSharpAsync`1<Microsoft.FSharp.Core.FSharpResult`2<Microsoft.FSharp.Core.Unit,b>> FsToolkit.ErrorHandling.AsyncResult/requireEqual@121::Invoke(a)
FN:121,Microsoft.FSharp.Control.AsyncReturn FsToolkit.ErrorHandling.AsyncResult/requireEqual@121-1::Invoke(Microsoft.FSharp.Control.AsyncActivation`1<Microsoft.FSharp.Core.FSharpResult`2<Microsoft.FSharp.Core.Unit,b>>)
FN:121,Microsoft.FSharp.Control.AsyncReturn FsToolkit.ErrorHandling.AsyncResult/requireEqual@121-2::Invoke(Microsoft.FSharp.Control.AsyncActivation`1<Microsoft.FSharp.Core.FSharpResult`2<Microsoft.FSharp.Core.Unit,b>>)
FN:126,Microsoft.FSharp.Control.FSharpAsync`1<Microsoft.FSharp.Core.FSharpResult`2<Microsoft.FSharp.Core.Unit,b>> FsToolkit.ErrorHandling.AsyncResult/requireEqualTo@126::Invoke(a)
FN:126,Microsoft.FSharp.Control.AsyncReturn FsToolkit.ErrorHandling.AsyncResult/requireEqualTo@126-1::Invoke(Microsoft.FSharp.Control.AsyncActivation`1<Microsoft.FSharp.Core.FSharpResult`2<Microsoft.FSharp.Core.Unit,b>>)
FN:126,Microsoft.FSharp.Control.AsyncReturn FsToolkit.ErrorHandling.AsyncResult/requireEqualTo@126-2::Invoke(Microsoft.FSharp.Control.AsyncActivation`1<Microsoft.FSharp.Core.FSharpResult`2<Microsoft.FSharp.Core.Unit,b>>)
FN:130,Microsoft.FSharp.Control.FSharpAsync`1<Microsoft.FSharp.Core.FSharpResult`2<Microsoft.FSharp.Core.Unit,a>> FsToolkit.ErrorHandling.AsyncResult/requireEmpty@130::Invoke(b)
FN:130,Microsoft.FSharp.Control.AsyncReturn FsToolkit.ErrorHandling.AsyncResult/requireEmpty@130-1::Invoke(Microsoft.FSharp.Control.AsyncActivation`1<Microsoft.FSharp.Core.FSharpResult`2<Microsoft.FSharp.Core.Unit,a>>)
FN:130,Microsoft.FSharp.Control.AsyncReturn FsToolkit.ErrorHandling.AsyncResult/requireEmpty@130-2::Invoke(Microsoft.FSharp.Control.AsyncActivation`1<Microsoft.FSharp.Core.FSharpResult`2<Microsoft.FSharp.Core.Unit,a>>)
FN:134,Microsoft.FSharp.Control.FSharpAsync`1<Microsoft.FSharp.Core.FSharpResult`2<Microsoft.FSharp.Core.Unit,a>> FsToolkit.ErrorHandling.AsyncResult/requireNotEmpty@134::Invoke(b)
FN:134,Microsoft.FSharp.Control.AsyncReturn FsToolkit.ErrorHandling.AsyncResult/requireNotEmpty@134-1::Invoke(Microsoft.FSharp.Control.AsyncActivation`1<Microsoft.FSharp.Core.FSharpResult`2<Microsoft.FSharp.Core.Unit,a>>)
FN:134,Microsoft.FSharp.Control.AsyncReturn FsToolkit.ErrorHandling.AsyncResult/requireNotEmpty@134-2::Invoke(Microsoft.FSharp.Control.AsyncActivation`1<Microsoft.FSharp.Core.FSharpResult`2<Microsoft.FSharp.Core.Unit,a>>)
FN:139,Microsoft.FSharp.Control.FSharpAsync`1<Microsoft.FSharp.Core.FSharpResult`2<c,a>> FsToolkit.ErrorHandling.AsyncResult/requireHead@139::Invoke(b)
FN:139,Microsoft.FSharp.Control.AsyncReturn FsToolkit.ErrorHandling.AsyncResult/requireHead@139-1::Invoke(Microsoft.FSharp.Control.AsyncActivation`1<Microsoft.FSharp.Core.FSharpResult`2<c,a>>)
FN:139,Microsoft.FSharp.Control.AsyncReturn FsToolkit.ErrorHandling.AsyncResult/requireHead@139-2::Invoke(Microsoft.FSharp.Control.AsyncActivation`1<Microsoft.FSharp.Core.FSharpResult`2<c,a>>)
FN:144,Microsoft.FSharp.Control.FSharpAsync`1<Microsoft.FSharp.Core.FSharpResult`2<b,a>> FsToolkit.ErrorHandling.AsyncResult/setError@144-1::Invoke(Microsoft.FSharp.Core.FSharpResult`2<b,c>)
FN:144,Microsoft.FSharp.Control.AsyncReturn FsToolkit.ErrorHandling.AsyncResult/setError@144-2::Invoke(Microsoft.FSharp.Control.AsyncActivation`1<Microsoft.FSharp.Core.FSharpResult`2<b,a>>)
FN:144,Microsoft.FSharp.Control.AsyncReturn FsToolkit.ErrorHandling.AsyncResult/setError@144-3::Invoke(Microsoft.FSharp.Control.AsyncActivation`1<Microsoft.FSharp.Core.FSharpResult`2<b,a>>)
FN:149,Microsoft.FSharp.Control.FSharpAsync`1<Microsoft.FSharp.Core.FSharpResult`2<b,a>> FsToolkit.ErrorHandling.AsyncResult/withError@149-1::Invoke(Microsoft.FSharp.Core.FSharpResult`2<b,Microsoft.FSharp.Core.Unit>)
FN:149,Microsoft.FSharp.Control.AsyncReturn FsToolkit.ErrorHandling.AsyncResult/withError@149-2::Invoke(Microsoft.FSharp.Control.AsyncActivation`1<Microsoft.FSharp.Core.FSharpResult`2<b,a>>)
FN:149,Microsoft.FSharp.Control.AsyncReturn FsToolkit.ErrorHandling.AsyncResult/withError@149-3::Invoke(Microsoft.FSharp.Control.AsyncActivation`1<Microsoft.FSharp.Core.FSharpResult`2<b,a>>)
FN:155,Microsoft.FSharp.Control.FSharpAsync`1<a> FsToolkit.ErrorHandling.AsyncResult/defaultValue@155-1::Invoke(Microsoft.FSharp.Core.FSharpResult`2<a,b>)
FN:155,Microsoft.FSharp.Control.AsyncReturn FsToolkit.ErrorHandling.AsyncResult/defaultValue@155-2::Invoke(Microsoft.FSharp.Control.AsyncActivation`1<a>)
FN:155,Microsoft.FSharp.Control.AsyncReturn FsToolkit.ErrorHandling.AsyncResult/defaultValue@155-3::Invoke(Microsoft.FSharp.Control.AsyncActivation`1<a>)
FN:161,Microsoft.FSharp.Control.FSharpAsync`1<a> FsToolkit.ErrorHandling.AsyncResult/defaultError@161-1::Invoke(Microsoft.FSharp.Core.FSharpResult`2<b,a>)
FN:161,Microsoft.FSharp.Control.AsyncReturn FsToolkit.ErrorHandling.AsyncResult/defaultError@161-2::Invoke(Microsoft.FSharp.Control.AsyncActivation`1<a>)
FN:161,Microsoft.FSharp.Control.AsyncReturn FsToolkit.ErrorHandling.AsyncResult/defaultError@161-3::Invoke(Microsoft.FSharp.Control.AsyncActivation`1<a>)
FN:167,Microsoft.FSharp.Control.FSharpAsync`1<a> FsToolkit.ErrorHandling.AsyncResult/defaultWith@167-1::Invoke(Microsoft.FSharp.Core.FSharpResult`2<a,b>)
FN:167,Microsoft.FSharp.Control.AsyncReturn FsToolkit.ErrorHandling.AsyncResult/defaultWith@167-2::Invoke(Microsoft.FSharp.Control.AsyncActivation`1<a>)
FN:167,Microsoft.FSharp.Control.AsyncReturn FsToolkit.ErrorHandling.AsyncResult/defaultWith@167-3::Invoke(Microsoft.FSharp.Control.AsyncActivation`1<a>)
FN:175,Microsoft.FSharp.Control.FSharpAsync`1<Microsoft.FSharp.Core.FSharpResult`2<a,b>> FsToolkit.ErrorHandling.AsyncResult/tee@175-1::Invoke(Microsoft.FSharp.Core.FSharpResult`2<a,b>)
FN:175,Microsoft.FSharp.Control.AsyncReturn FsToolkit.ErrorHandling.AsyncResult/tee@175-2::Invoke(Microsoft.FSharp.Control.AsyncActivation`1<Microsoft.FSharp.Core.FSharpResult`2<a,b>>)
FN:175,Microsoft.FSharp.Control.AsyncReturn FsToolkit.ErrorHandling.AsyncResult/tee@175-3::Invoke(Microsoft.FSharp.Control.AsyncActivation`1<Microsoft.FSharp.Core.FSharpResult`2<a,b>>)
FN:181,Microsoft.FSharp.Control.FSharpAsync`1<Microsoft.FSharp.Core.FSharpResult`2<a,b>> FsToolkit.ErrorHandling.AsyncResult/teeIf@181::Invoke(Microsoft.FSharp.Core.FSharpResult`2<a,b>)
FN:181,Microsoft.FSharp.Control.AsyncReturn FsToolkit.ErrorHandling.AsyncResult/teeIf@181-1::Invoke(Microsoft.FSharp.Control.AsyncActivation`1<Microsoft.FSharp.Core.FSharpResult`2<a,b>>)
FN:181,Microsoft.FSharp.Control.AsyncReturn FsToolkit.ErrorHandling.AsyncResult/teeIf@181-2::Invoke(Microsoft.FSharp.Control.AsyncActivation`1<Microsoft.FSharp.Core.FSharpResult`2<a,b>>)
FN:186,Microsoft.FSharp.Control.FSharpAsync`1<Microsoft.FSharp.Core.FSharpResult`2<b,a>> FsToolkit.ErrorHandling.AsyncResult/teeError@186-1::Invoke(Microsoft.FSharp.Core.FSharpResult`2<b,a>)
FN:186,Microsoft.FSharp.Control.AsyncReturn FsToolkit.ErrorHandling.AsyncResult/teeError@186-2::Invoke(Microsoft.FSharp.Control.AsyncActivation`1<Microsoft.FSharp.Core.FSharpResult`2<b,a>>)
FN:186,Microsoft.FSharp.Control.AsyncReturn FsToolkit.ErrorHandling.AsyncResult/teeError@186-3::Invoke(Microsoft.FSharp.Control.AsyncActivation`1<Microsoft.FSharp.Core.FSharpResult`2<b,a>>)
FN:192,Microsoft.FSharp.Control.FSharpAsync`1<Microsoft.FSharp.Core.FSharpResult`2<b,a>> FsToolkit.ErrorHandling.AsyncResult/teeErrorIf@192::Invoke(Microsoft.FSharp.Core.FSharpResult`2<b,a>)
FN:192,Microsoft.FSharp.Control.AsyncReturn FsToolkit.ErrorHandling.AsyncResult/teeErrorIf@192-1::Invoke(Microsoft.FSharp.Control.AsyncActivation`1<Microsoft.FSharp.Core.FSharpResult`2<b,a>>)
FN:192,Microsoft.FSharp.Control.AsyncReturn FsToolkit.ErrorHandling.AsyncResult/teeErrorIf@192-2::Invoke(Microsoft.FSharp.Control.AsyncActivation`1<Microsoft.FSharp.Core.FSharpResult`2<b,a>>)
FN:198,Microsoft.FSharp.Control.FSharpAsync`1<Microsoft.FSharp.Core.FSharpResult`2<System.Tuple`2<a,c>,b>> FsToolkit.ErrorHandling.AsyncResult/zip@198-6::Invoke(System.Tuple`2<Microsoft.FSharp.Core.FSharpResult`2<a,b>,Microsoft.FSharp.Core.FSharpResult`2<c,b>>)
FN:198,Microsoft.FSharp.Control.AsyncReturn FsToolkit.ErrorHandling.AsyncResult/zip@198-7::Invoke(Microsoft.FSharp.Control.AsyncActivation`1<Microsoft.FSharp.Core.FSharpResult`2<System.Tuple`2<a,c>,b>>)
FN:198,Microsoft.FSharp.Control.AsyncReturn FsToolkit.ErrorHandling.AsyncResult/zip@198-8::Invoke(Microsoft.FSharp.Control.AsyncActivation`1<Microsoft.FSharp.Core.FSharpResult`2<System.Tuple`2<a,c>,b>>)
FN:203,Microsoft.FSharp.Control.FSharpAsync`1<Microsoft.FSharp.Core.FSharpResult`2<a,System.Tuple`2<b,c>>> FsToolkit.ErrorHandling.AsyncResult/zipError@203::Invoke(System.Tuple`2<Microsoft.FSharp.Core.FSharpResult`2<a,b>,Microsoft.FSharp.Core.FSharpResult`2<a,c>>)
FN:203,Microsoft.FSharp.Control.AsyncReturn FsToolkit.ErrorHandling.AsyncResult/zipError@203-1::Invoke(Microsoft.FSharp.Control.AsyncActivation`1<Microsoft.FSharp.Core.FSharpResult`2<a,System.Tuple`2<b,c>>>)
FN:203,Microsoft.FSharp.Control.AsyncReturn FsToolkit.ErrorHandling.AsyncResult/zipError@203-2::Invoke(Microsoft.FSharp.Control.AsyncActivation`1<Microsoft.FSharp.Core.FSharpResult`2<a,System.Tuple`2<b,c>>>)
FN:209,Microsoft.FSharp.Control.FSharpAsync`1<Microsoft.FSharp.Core.FSharpResult`2<b,a>> FsToolkit.ErrorHandling.AsyncResult/catch@209::Invoke(Microsoft.FSharp.Core.FSharpChoice`2<Microsoft.FSharp.Core.FSharpResult`2<b,a>,System.Exception>)
FN:209,Microsoft.FSharp.Control.AsyncReturn FsToolkit.ErrorHandling.AsyncResult/catch@209-1::Invoke(Microsoft.FSharp.Control.AsyncActivation`1<Microsoft.FSharp.Core.FSharpResult`2<b,a>>)
FN:209,Microsoft.FSharp.Control.AsyncReturn FsToolkit.ErrorHandling.AsyncResult/catch@209-2::Invoke(Microsoft.FSharp.Control.AsyncActivation`1<Microsoft.FSharp.Core.FSharpResult`2<b,a>>)
FN:216,Microsoft.FSharp.Control.FSharpAsync`1<Microsoft.FSharp.Core.FSharpResult`2<a,b>> FsToolkit.ErrorHandling.AsyncResult/ofAsync@216::Invoke(a)
FN:216,Microsoft.FSharp.Control.AsyncReturn FsToolkit.ErrorHandling.AsyncResult/ofAsync@216-1::Invoke(Microsoft.FSharp.Control.AsyncActivation`1<Microsoft.FSharp.Core.FSharpResult`2<a,b>>)
FN:216,Microsoft.FSharp.Control.AsyncReturn FsToolkit.ErrorHandling.AsyncResult/ofAsync@216-2::Invoke(Microsoft.FSharp.Control.AsyncActivation`1<Microsoft.FSharp.Core.FSharpResult`2<a,b>>)
FN:219,Microsoft.FSharp.Control.AsyncReturn FsToolkit.ErrorHandling.AsyncResult/ofResult@219::Invoke(Microsoft.FSharp.Control.AsyncActivation`1<Microsoft.FSharp.Core.FSharpResult`2<a,b>>)
FNDA:0,Microsoft.FSharp.Control.FSharpAsync`1<Microsoft.FSharp.Core.FSharpResult`2<c,b>> FsToolkit.ErrorHandling.AsyncResult::func2@1(Microsoft.FSharp.Core.FSharpResult`2<c,b>)
FNDA:0,Microsoft.FSharp.Control.FSharpAsync`1<Microsoft.FSharp.Core.FSharpResult`2<c,b>> FsToolkit.ErrorHandling.AsyncResult::mapError(Microsoft.FSharp.Core.FSharpFunc`2<a,b>,Microsoft.FSharp.Control.FSharpAsync`1<Microsoft.FSharp.Core.FSharpResult`2<c,a>>)
FNDA:0,Microsoft.FSharp.Control.FSharpAsync`1<Microsoft.FSharp.Core.FSharpResult`2<b,c>> FsToolkit.ErrorHandling.AsyncResult::func2@1-1(Microsoft.FSharp.Core.FSharpResult`2<b,c>)
FNDA:0,Microsoft.FSharp.Control.FSharpAsync`1<Microsoft.FSharp.Core.FSharpResult`2<b,c>> FsToolkit.ErrorHandling.AsyncResult::bind(Microsoft.FSharp.Core.FSharpFunc`2<a,Microsoft.FSharp.Control.FSharpAsync`1<Microsoft.FSharp.Core.FSharpResult`2<b,c>>>,Microsoft.FSharp.Control.FSharpAsync`1<Microsoft.FSharp.Core.FSharpResult`2<a,c>>)
FNDA:0,Microsoft.FSharp.Control.FSharpAsync`1<b> FsToolkit.ErrorHandling.AsyncResult::func2@1-2(b)
FNDA:0,Microsoft.FSharp.Control.FSharpAsync`1<b> FsToolkit.ErrorHandling.AsyncResult::foldResult(Microsoft.FSharp.Core.FSharpFunc`2<a,b>,Microsoft.FSharp.Core.FSharpFunc`2<c,b>,Microsoft.FSharp.Control.FSharpAsync`1<Microsoft.FSharp.Core.FSharpResult`2<a,c>>)
FNDA:0,Microsoft.FSharp.Control.FSharpAsync`1<Microsoft.FSharp.Core.FSharpResult`2<a,System.Exception>> FsToolkit.ErrorHandling.AsyncResult::func2@1-3(Microsoft.FSharp.Core.FSharpResult`2<a,System.Exception>)
FNDA:0,Microsoft.FSharp.Control.FSharpAsync`1<Microsoft.FSharp.Core.FSharpResult`2<a,System.Exception>> FsToolkit.ErrorHandling.AsyncResult::ofTask(System.Threading.Tasks.Task`1<a>)
FNDA:0,Microsoft.FSharp.Control.FSharpAsync`1<Microsoft.FSharp.Core.FSharpResult`2<Microsoft.FSharp.Core.Unit,System.Exception>> FsToolkit.ErrorHandling.AsyncResult::func2@1-4(Microsoft.FSharp.Core.FSharpResult`2<Microsoft.FSharp.Core.Unit,System.Exception>)
FNDA:0,Microsoft.FSharp.Control.FSharpAsync`1<Microsoft.FSharp.Core.FSharpResult`2<Microsoft.FSharp.Core.Unit,System.Exception>> FsToolkit.ErrorHandling.AsyncResult::ofTaskAction(System.Threading.Tasks.Task)
FNDA:0,Microsoft.FSharp.Control.FSharpAsync`1<Microsoft.FSharp.Core.FSharpResult`2<a,b>> FsToolkit.ErrorHandling.AsyncResult::retn(a)
FNDA:0,Microsoft.FSharp.Core.FSharpFunc`2<a,Microsoft.FSharp.Control.FSharpAsync`1<Microsoft.FSharp.Core.FSharpResult`2<a,b>>> FsToolkit.ErrorHandling.AsyncResult::ok()
FNDA:0,Microsoft.FSharp.Control.FSharpAsync`1<Microsoft.FSharp.Core.FSharpResult`2<b,a>> FsToolkit.ErrorHandling.AsyncResult::returnError(a)
FNDA:0,Microsoft.FSharp.Core.FSharpFunc`2<a,Microsoft.FSharp.Control.FSharpAsync`1<Microsoft.FSharp.Core.FSharpResult`2<b,a>>> FsToolkit.ErrorHandling.AsyncResult::error()
FNDA:0,Microsoft.FSharp.Control.FSharpAsync`1<Microsoft.FSharp.Core.FSharpResult`2<c,d>> FsToolkit.ErrorHandling.AsyncResult::map2(Microsoft.FSharp.Core.FSharpFunc`2<a,Microsoft.FSharp.Core.FSharpFunc`2<b,c>>,Microsoft.FSharp.Control.FSharpAsync`1<Microsoft.FSharp.Core.FSharpResult`2<a,d>>,Microsoft.FSharp.Control.FSharpAsync`1<Microsoft.FSharp.Core.FSharpResult`2<b,d>>)
FNDA:0,Microsoft.FSharp.Control.FSharpAsync`1<Microsoft.FSharp.Core.FSharpResult`2<ok,error2>> FsToolkit.ErrorHandling.AsyncResult::orElse(Microsoft.FSharp.Control.FSharpAsync`1<Microsoft.FSharp.Core.FSharpResult`2<ok,error2>>,Microsoft.FSharp.Control.FSharpAsync`1<Microsoft.FSharp.Core.FSharpResult`2<ok,error>>)
FNDA:0,Microsoft.FSharp.Control.FSharpAsync`1<Microsoft.FSharp.Core.FSharpResult`2<ok,error2>> FsToolkit.ErrorHandling.AsyncResult::orElseWith(Microsoft.FSharp.Core.FSharpFunc`2<error,Microsoft.FSharp.Control.FSharpAsync`1<Microsoft.FSharp.Core.FSharpResult`2<ok,error2>>>,Microsoft.FSharp.Control.FSharpAsync`1<Microsoft.FSharp.Core.FSharpResult`2<ok,error>>)
FNDA:0,Microsoft.FSharp.Control.FSharpAsync`1<Microsoft.FSharp.Core.FSharpResult`2<Microsoft.FSharp.Core.Unit,b>> FsToolkit.ErrorHandling.AsyncResult::func2@1-5(Microsoft.FSharp.Core.FSharpResult`2<Microsoft.FSharp.Core.Unit,b>)
FNDA:0,Microsoft.FSharp.Control.FSharpAsync`1<Microsoft.FSharp.Core.FSharpResult`2<Microsoft.FSharp.Core.Unit,a>> FsToolkit.ErrorHandling.AsyncResult::func2@1-6(Microsoft.FSharp.Core.FSharpResult`2<Microsoft.FSharp.Core.Unit,a>)
FNDA:0,Microsoft.FSharp.Control.FSharpAsync`1<Microsoft.FSharp.Core.FSharpResult`2<Microsoft.FSharp.Core.Unit,a>> FsToolkit.ErrorHandling.AsyncResult::requireTrue(a,Microsoft.FSharp.Control.FSharpAsync`1<System.Boolean>)
FNDA:0,Microsoft.FSharp.Control.FSharpAsync`1<Microsoft.FSharp.Core.FSharpResult`2<Microsoft.FSharp.Core.Unit,a>> FsToolkit.ErrorHandling.AsyncResult::func2@1-7(Microsoft.FSharp.Core.FSharpResult`2<Microsoft.FSharp.Core.Unit,a>)
FNDA:0,Microsoft.FSharp.Control.FSharpAsync`1<Microsoft.FSharp.Core.FSharpResult`2<Microsoft.FSharp.Core.Unit,a>> FsToolkit.ErrorHandling.AsyncResult::requireFalse(a,Microsoft.FSharp.Control.FSharpAsync`1<System.Boolean>)
FNDA:0,Microsoft.FSharp.Control.FSharpAsync`1<Microsoft.FSharp.Core.FSharpResult`2<b,a>> FsToolkit.ErrorHandling.AsyncResult::func2@1-8(Microsoft.FSharp.Core.FSharpResult`2<b,a>)
FNDA:0,Microsoft.FSharp.Control.FSharpAsync`1<Microsoft.FSharp.Core.FSharpResult`2<b,a>> FsToolkit.ErrorHandling.AsyncResult::requireSome(a,Microsoft.FSharp.Control.FSharpAsync`1<Microsoft.FSharp.Core.FSharpOption`1<b>>)
FNDA:0,Microsoft.FSharp.Control.FSharpAsync`1<Microsoft.FSharp.Core.FSharpResult`2<Microsoft.FSharp.Core.Unit,a>> FsToolkit.ErrorHandling.AsyncResult::func2@1-9(Microsoft.FSharp.Core.FSharpResult`2<Microsoft.FSharp.Core.Unit,a>)
FNDA:0,Microsoft.FSharp.Control.FSharpAsync`1<Microsoft.FSharp.Core.FSharpResult`2<Microsoft.FSharp.Core.Unit,a>> FsToolkit.ErrorHandling.AsyncResult::requireNone(a,Microsoft.FSharp.Control.FSharpAsync`1<Microsoft.FSharp.Core.FSharpOption`1<b>>)
FNDA:0,Microsoft.FSharp.Control.FSharpAsync`1<Microsoft.FSharp.Core.FSharpResult`2<Microsoft.FSharp.Core.Unit,b>> FsToolkit.ErrorHandling.AsyncResult::func2@1-10(Microsoft.FSharp.Core.FSharpResult`2<Microsoft.FSharp.Core.Unit,b>)
FNDA:0,Microsoft.FSharp.Control.FSharpAsync`1<Microsoft.FSharp.Core.FSharpResult`2<Microsoft.FSharp.Core.Unit,b>> FsToolkit.ErrorHandling.AsyncResult::requireEqual(a,Microsoft.FSharp.Control.FSharpAsync`1<a>,b)
[...]
FNDA:0,Microsoft.FSharp.Core.Unit FsToolkit.ErrorHandling.ValueOptionCE/Using@43-6::Invoke(Microsoft.FSharp.Core.Unit)
FNDA:0,Microsoft.FSharp.Core.FSharpValueOption`1<Microsoft.FSharp.Core.Unit> FsToolkit.ErrorHandling.ValueOptionCE/While@52-7::Invoke(Microsoft.FSharp.Core.Unit)
FNDA:0,System.Boolean FsToolkit.ErrorHandling.ValueOptionCE/For@57-15::Invoke(Microsoft.FSharp.Core.Unit)
FNDA:0,Microsoft.FSharp.Core.FSharpValueOption`1<Microsoft.FSharp.Core.Unit> FsToolkit.ErrorHandling.ValueOptionCE/For@57-16::Invoke(Microsoft.FSharp.Core.Unit)
FNDA:0,Microsoft.FSharp.Core.FSharpValueOption`1<Microsoft.FSharp.Core.Unit> FsToolkit.ErrorHandling.ValueOptionCE/For@57-14::Invoke(System.Collections.Generic.IEnumerator`1<T>)
FNDA:0,Microsoft.FSharp.Core.FSharpValueOption`1<Microsoft.FSharp.Core.Unit> FsToolkit.ErrorHandling.ValueOptionCE/For@55-17::Invoke(Microsoft.FSharp.Core.Unit)
FNDA:0,System.Void <StartupCode$FsToolkit-ErrorHandling>.$ValueOptionCE::.cctor()
FNF:33
FNH:0
BRDA:91,22,0,-
BRDA:91,22,1,-
BRDA:91,24,0,-
BRDA:91,24,1,-
BRDA:95,26,0,-
BRDA:95,26,1,-
BRDA:95,28,0,-
BRDA:95,28,1,-
BRDA:99,30,0,-
BRDA:99,30,1,-
BRDA:99,32,0,-
BRDA:99,32,1,-
BRDA:49,34,0,-
BRDA:49,34,1,-
BRDA:44,36,0,-
BRDA:44,36,1,-
BRF:16
BRH:0
DA:9,0
DA:10,0
DA:12,0
DA:14,0
DA:17,0
DA:19,0
DA:21,0
DA:22,0
DA:24,0
DA:26,0
DA:30,0
DA:31,0
DA:32,0
DA:36,0
DA:37,0
DA:38,0
DA:42,0
DA:44,0
DA:45,0
DA:49,0
DA:50,0
DA:52,0
DA:55,0
DA:57,0
DA:60,0
DA:63,0
DA:72,0
DA:80,0
DA:87,0
DA:88,0
DA:91,0
DA:95,0
DA:99,0
DA:112,0
DA:117,0
LH:0
LF:35
end_of_record
TN: FsToolkit.ErrorHandling.AsyncSeq
SF:/Users/jimmybyrd/Documents/repos/public/demystifyfp/FsToolkit.ErrorHandling/src/FsToolkit.ErrorHandling.AsyncSeq/Library.fs
FN:17,Microsoft.FSharp.Control.FSharpAsync`1<Microsoft.FSharp.Core.FSharpResult`2<Microsoft.FSharp.Core.Unit,TError>> FsToolkit.ErrorHandling.AsyncSeqCE::AsyncResultBuilder.While(FsToolkit.ErrorHandling.AsyncResultCE/AsyncResultBuilder,Microsoft.FSharp.Core.FSharpFunc`2<Microsoft.FSharp.Core.Unit,Microsoft.FSharp.Control.FSharpAsync`1<Microsoft.FSharp.Core.FSharpOption`1<Microsoft.FSharp.Core.FSharpResult`2<T,TError>>>>,Microsoft.FSharp.Core.FSharpFunc`2<T,Microsoft.FSharp.Control.FSharpAsync`1<Microsoft.FSharp.Core.FSharpResult`2<Microsoft.FSharp.Core.Unit,TError>>>)
FN:29,Microsoft.FSharp.Control.FSharpAsync`1<Microsoft.FSharp.Core.FSharpResult`2<Microsoft.FSharp.Core.Unit,TError>> FsToolkit.ErrorHandling.AsyncSeqCE::AsyncResultBuilder.For(FsToolkit.ErrorHandling.AsyncResultCE/AsyncResultBuilder,FSharp.Control.IAsyncEnumerable`1<Microsoft.FSharp.Core.FSharpResult`2<T,TError>>,Microsoft.FSharp.Core.FSharpFunc`2<T,Microsoft.FSharp.Control.FSharpAsync`1<Microsoft.FSharp.Core.FSharpResult`2<Microsoft.FSharp.Core.Unit,TError>>>)
FN:36,Microsoft.FSharp.Control.FSharpAsync`1<Microsoft.FSharp.Core.FSharpOption`1<Microsoft.FSharp.Core.FSharpResult`2<T,TError>>> FsToolkit.ErrorHandling.AsyncSeqCE::func2@1(Microsoft.FSharp.Core.FSharpOption`1<Microsoft.FSharp.Core.FSharpResult`2<T,TError>>)
FN:32,Microsoft.FSharp.Control.FSharpAsync`1<Microsoft.FSharp.Core.FSharpResult`2<Microsoft.FSharp.Core.Unit,TError>> FsToolkit.ErrorHandling.AsyncSeqCE::AsyncResultBuilder.For(FsToolkit.ErrorHandling.AsyncResultCE/AsyncResultBuilder,FSharp.Control.IAsyncEnumerable`1<T>,Microsoft.FSharp.Core.FSharpFunc`2<T,Microsoft.FSharp.Control.FSharpAsync`1<Microsoft.FSharp.Core.FSharpResult`2<Microsoft.FSharp.Core.Unit,TError>>>)
FN:41,FSharp.Control.IAsyncEnumerable`1<a> FsToolkit.ErrorHandling.AsyncSeqCE::AsyncResultBuilder.Source(FsToolkit.ErrorHandling.AsyncResultCE/AsyncResultBuilder,FSharp.Control.IAsyncEnumerable`1<a>)
FN:20,Microsoft.FSharp.Control.AsyncReturn FsToolkit.ErrorHandling.AsyncSeqCE/AsyncResultBuilder-While@20-2::Invoke(Microsoft.FSharp.Control.AsyncActivation`1<Microsoft.FSharp.Core.FSharpResult`2<Microsoft.FSharp.Core.Unit,TError>>)
FN:19,Microsoft.FSharp.Control.AsyncReturn FsToolkit.ErrorHandling.AsyncSeqCE/AsyncResultBuilder-While@19-5::Invoke(Microsoft.FSharp.Control.AsyncActivation`1<Microsoft.FSharp.Core.FSharpResult`2<Microsoft.FSharp.Core.Unit,TError>>)
FN:19,Microsoft.FSharp.Control.AsyncReturn FsToolkit.ErrorHandling.AsyncSeqCE/AsyncResultBuilder-While@19-6::Invoke(Microsoft.FSharp.Control.AsyncActivation`1<Microsoft.FSharp.Core.FSharpResult`2<Microsoft.FSharp.Core.Unit,TError>>)
FN:21,Microsoft.FSharp.Control.FSharpAsync`1<Microsoft.FSharp.Core.FSharpResult`2<Microsoft.FSharp.Core.Unit,TError>> FsToolkit.ErrorHandling.AsyncSeqCE/AsyncResultBuilder-While@18-1::Invoke(Microsoft.FSharp.Core.FSharpOption`1<Microsoft.FSharp.Core.FSharpResult`2<T,TError>>)
FN:18,Microsoft.FSharp.Control.AsyncReturn FsToolkit.ErrorHandling.AsyncSeqCE/AsyncResultBuilder-While@18-7::Invoke(Microsoft.FSharp.Control.AsyncActivation`1<Microsoft.FSharp.Core.FSharpResult`2<Microsoft.FSharp.Core.Unit,TError>>)
FN:18,Microsoft.FSharp.Control.FSharpAsync`1<Microsoft.FSharp.Core.FSharpResult`2<Microsoft.FSharp.Core.Unit,TError>> FsToolkit.ErrorHandling.AsyncSeqCE/AsyncResultBuilder-While@18::Invoke(Microsoft.FSharp.Core.Unit)
FN:29,Microsoft.FSharp.Control.FSharpAsync`1<Microsoft.FSharp.Core.FSharpOption`1<Microsoft.FSharp.Core.FSharpResult`2<T,TError>>> FsToolkit.ErrorHandling.AsyncSeqCE/AsyncResultBuilder-For@29-1::Invoke(Microsoft.FSharp.Core.Unit)
FN:29,Microsoft.FSharp.Control.FSharpAsync`1<Microsoft.FSharp.Core.FSharpResult`2<Microsoft.FSharp.Core.Unit,TError>> FsToolkit.ErrorHandling.AsyncSeqCE/AsyncResultBuilder-For@29::Invoke(FSharp.Control.IAsyncEnumerator`1<Microsoft.FSharp.Core.FSharpResult`2<T,TError>>)
FN:36,Microsoft.FSharp.Core.FSharpResult`2<T,TError> FsToolkit.ErrorHandling.AsyncSeqCE/moveNext@36::Invoke(T)
FN:36,Microsoft.FSharp.Core.FSharpOption`1<Microsoft.FSharp.Core.FSharpResult`2<T,TError>> FsToolkit.ErrorHandling.AsyncSeqCE/moveNext@36-1::Invoke(Microsoft.FSharp.Core.FSharpOption`1<T>)
FN:36,Microsoft.FSharp.Control.FSharpAsync`1<Microsoft.FSharp.Core.FSharpOption`1<Microsoft.FSharp.Core.FSharpResult`2<T,TError>>> FsToolkit.ErrorHandling.AsyncSeqCE/moveNext@36-3::Invoke(Microsoft.FSharp.Core.FSharpOption`1<T>)
FN:36,Microsoft.FSharp.Control.AsyncReturn FsToolkit.ErrorHandling.AsyncSeqCE/moveNext@36-4::Invoke(Microsoft.FSharp.Control.AsyncActivation`1<Microsoft.FSharp.Core.FSharpOption`1<Microsoft.FSharp.Core.FSharpResult`2<T,TError>>>)
FN:36,Microsoft.FSharp.Control.FSharpAsync`1<Microsoft.FSharp.Core.FSharpOption`1<Microsoft.FSharp.Core.FSharpResult`2<T,TError>>> FsToolkit.ErrorHandling.AsyncSeqCE/moveNext@36-2::Invoke(Microsoft.FSharp.Control.FSharpAsync`1<Microsoft.FSharp.Core.FSharpOption`1<T>>)
FN:36,Microsoft.FSharp.Control.FSharpAsync`1<Microsoft.FSharp.Core.FSharpOption`1<Microsoft.FSharp.Core.FSharpResult`2<T,TError>>> FsToolkit.ErrorHandling.AsyncSeqCE/moveNext@36-5::Invoke(Microsoft.FSharp.Core.Unit)
FN:35,Microsoft.FSharp.Control.FSharpAsync`1<Microsoft.FSharp.Core.FSharpResult`2<Microsoft.FSharp.Core.Unit,TError>> FsToolkit.ErrorHandling.AsyncSeqCE/AsyncResultBuilder-For@34-2::Invoke(FSharp.Control.IAsyncEnumerator`1<T>)
FN:36,Microsoft.FSharp.Control.AsyncReturn FsToolkit.ErrorHandling.AsyncSeqCE/moveNext@36-6::Invoke(Microsoft.FSharp.Control.AsyncActivation`1<Microsoft.FSharp.Core.FSharpOption`1<Microsoft.FSharp.Core.FSharpResult`2<T,TError>>>)
FNDA:7,Microsoft.FSharp.Control.FSharpAsync`1<Microsoft.FSharp.Core.FSharpResult`2<Microsoft.FSharp.Core.Unit,TError>> FsToolkit.ErrorHandling.AsyncSeqCE::AsyncResultBuilder.While(FsToolkit.ErrorHandling.AsyncResultCE/AsyncResultBuilder,Microsoft.FSharp.Core.FSharpFunc`2<Microsoft.FSharp.Core.Unit,Microsoft.FSharp.Control.FSharpAsync`1<Microsoft.FSharp.Core.FSharpOption`1<Microsoft.FSharp.Core.FSharpResult`2<T,TError>>>>,Microsoft.FSharp.Core.FSharpFunc`2<T,Microsoft.FSharp.Control.FSharpAsync`1<Microsoft.FSharp.Core.FSharpResult`2<Microsoft.FSharp.Core.Unit,TError>>>)
FNDA:1,Microsoft.FSharp.Control.FSharpAsync`1<Microsoft.FSharp.Core.FSharpResult`2<Microsoft.FSharp.Core.Unit,TError>> FsToolkit.ErrorHandling.AsyncSeqCE::AsyncResultBuilder.For(FsToolkit.ErrorHandling.AsyncResultCE/AsyncResultBuilder,FSharp.Control.IAsyncEnumerable`1<Microsoft.FSharp.Core.FSharpResult`2<T,TError>>,Microsoft.FSharp.Core.FSharpFunc`2<T,Microsoft.FSharp.Control.FSharpAsync`1<Microsoft.FSharp.Core.FSharpResult`2<Microsoft.FSharp.Core.Unit,TError>>>)
FNDA:4,Microsoft.FSharp.Control.FSharpAsync`1<Microsoft.FSharp.Core.FSharpOption`1<Microsoft.FSharp.Core.FSharpResult`2<T,TError>>> FsToolkit.ErrorHandling.AsyncSeqCE::func2@1(Microsoft.FSharp.Core.FSharpOption`1<Microsoft.FSharp.Core.FSharpResult`2<T,TError>>)
FNDA:1,Microsoft.FSharp.Control.FSharpAsync`1<Microsoft.FSharp.Core.FSharpResult`2<Microsoft.FSharp.Core.Unit,TError>> FsToolkit.ErrorHandling.AsyncSeqCE::AsyncResultBuilder.For(FsToolkit.ErrorHandling.AsyncResultCE/AsyncResultBuilder,FSharp.Control.IAsyncEnumerable`1<T>,Microsoft.FSharp.Core.FSharpFunc`2<T,Microsoft.FSharp.Control.FSharpAsync`1<Microsoft.FSharp.Core.FSharpResult`2<Microsoft.FSharp.Core.Unit,TError>>>)
FNDA:2,FSharp.Control.IAsyncEnumerable`1<a> FsToolkit.ErrorHandling.AsyncSeqCE::AsyncResultBuilder.Source(FsToolkit.ErrorHandling.AsyncResultCE/AsyncResultBuilder,FSharp.Control.IAsyncEnumerable`1<a>)
FNDA:1,Microsoft.FSharp.Control.AsyncReturn FsToolkit.ErrorHandling.AsyncSeqCE/AsyncResultBuilder-While@20-2::Invoke(Microsoft.FSharp.Control.AsyncActivation`1<Microsoft.FSharp.Core.FSharpResult`2<Microsoft.FSharp.Core.Unit,TError>>)
FNDA:0,Microsoft.FSharp.Control.AsyncReturn FsToolkit.ErrorHandling.AsyncSeqCE/AsyncResultBuilder-While@19-5::Invoke(Microsoft.FSharp.Control.AsyncActivation`1<Microsoft.FSharp.Core.FSharpResult`2<Microsoft.FSharp.Core.Unit,TError>>)
FNDA:5,Microsoft.FSharp.Control.AsyncReturn FsToolkit.ErrorHandling.AsyncSeqCE/AsyncResultBuilder-While@19-6::Invoke(Microsoft.FSharp.Control.AsyncActivation`1<Microsoft.FSharp.Core.FSharpResult`2<Microsoft.FSharp.Core.Unit,TError>>)
FNDA:1,Microsoft.FSharp.Control.FSharpAsync`1<Microsoft.FSharp.Core.FSharpResult`2<Microsoft.FSharp.Core.Unit,TError>> FsToolkit.ErrorHandling.AsyncSeqCE/AsyncResultBuilder-While@18-1::Invoke(Microsoft.FSharp.Core.FSharpOption`1<Microsoft.FSharp.Core.FSharpResult`2<T,TError>>)
FNDA:7,Microsoft.FSharp.Control.AsyncReturn FsToolkit.ErrorHandling.AsyncSeqCE/AsyncResultBuilder-While@18-7::Invoke(Microsoft.FSharp.Control.AsyncActivation`1<Microsoft.FSharp.Core.FSharpResult`2<Microsoft.FSharp.Core.Unit,TError>>)
FNDA:7,Microsoft.FSharp.Control.FSharpAsync`1<Microsoft.FSharp.Core.FSharpResult`2<Microsoft.FSharp.Core.Unit,TError>> FsToolkit.ErrorHandling.AsyncSeqCE/AsyncResultBuilder-While@18::Invoke(Microsoft.FSharp.Core.Unit)
FNDA:3,Microsoft.FSharp.Control.FSharpAsync`1<Microsoft.FSharp.Core.FSharpOption`1<Microsoft.FSharp.Core.FSharpResult`2<T,TError>>> FsToolkit.ErrorHandling.AsyncSeqCE/AsyncResultBuilder-For@29-1::Invoke(Microsoft.FSharp.Core.Unit)
FNDA:1,Microsoft.FSharp.Control.FSharpAsync`1<Microsoft.FSharp.Core.FSharpResult`2<Microsoft.FSharp.Core.Unit,TError>> FsToolkit.ErrorHandling.AsyncSeqCE/AsyncResultBuilder-For@29::Invoke(FSharp.Control.IAsyncEnumerator`1<Microsoft.FSharp.Core.FSharpResult`2<T,TError>>)
FNDA:3,Microsoft.FSharp.Core.FSharpResult`2<T,TError> FsToolkit.ErrorHandling.AsyncSeqCE/moveNext@36::Invoke(T)
FNDA:4,Microsoft.FSharp.Core.FSharpOption`1<Microsoft.FSharp.Core.FSharpResult`2<T,TError>> FsToolkit.ErrorHandling.AsyncSeqCE/moveNext@36-1::Invoke(Microsoft.FSharp.Core.FSharpOption`1<T>)
FNDA:4,Microsoft.FSharp.Control.FSharpAsync`1<Microsoft.FSharp.Core.FSharpOption`1<Microsoft.FSharp.Core.FSharpResult`2<T,TError>>> FsToolkit.ErrorHandling.AsyncSeqCE/moveNext@36-3::Invoke(Microsoft.FSharp.Core.FSharpOption`1<T>)
FNDA:4,Microsoft.FSharp.Control.AsyncReturn FsToolkit.ErrorHandling.AsyncSeqCE/moveNext@36-4::Invoke(Microsoft.FSharp.Control.AsyncActivation`1<Microsoft.FSharp.Core.FSharpOption`1<Microsoft.FSharp.Core.FSharpResult`2<T,TError>>>)
FNDA:4,Microsoft.FSharp.Control.FSharpAsync`1<Microsoft.FSharp.Core.FSharpOption`1<Microsoft.FSharp.Core.FSharpResult`2<T,TError>>> FsToolkit.ErrorHandling.AsyncSeqCE/moveNext@36-2::Invoke(Microsoft.FSharp.Control.FSharpAsync`1<Microsoft.FSharp.Core.FSharpOption`1<T>>)
FNDA:4,Microsoft.FSharp.Control.FSharpAsync`1<Microsoft.FSharp.Core.FSharpOption`1<Microsoft.FSharp.Core.FSharpResult`2<T,TError>>> FsToolkit.ErrorHandling.AsyncSeqCE/moveNext@36-5::Invoke(Microsoft.FSharp.Core.Unit)
FNDA:1,Microsoft.FSharp.Control.FSharpAsync`1<Microsoft.FSharp.Core.FSharpResult`2<Microsoft.FSharp.Core.Unit,TError>> FsToolkit.ErrorHandling.AsyncSeqCE/AsyncResultBuilder-For@34-2::Invoke(FSharp.Control.IAsyncEnumerator`1<T>)
FNDA:4,Microsoft.FSharp.Control.AsyncReturn FsToolkit.ErrorHandling.AsyncSeqCE/moveNext@36-6::Invoke(Microsoft.FSharp.Control.AsyncActivation`1<Microsoft.FSharp.Core.FSharpOption`1<Microsoft.FSharp.Core.FSharpResult`2<T,TError>>>)
FNF:21
FNH:20
BRDA:21,2,0,1
BRDA:21,2,1,5
BRF:2
BRH:2
DA:17,7
DA:18,7
DA:19,5
DA:20,1
DA:21,1
DA:29,3
DA:32,1
DA:35,1
DA:36,4
DA:38,1
DA:41,2
LH:11
LF:11
end_of_record
TN: FsToolkit.ErrorHandling.AsyncSeq.Tests
SF:/Users/jimmybyrd/Documents/repos/public/demystifyfp/FsToolkit.ErrorHandling/tests/FsToolkit.ErrorHandling.AsyncSeq.Tests/AsyncSeq.fs
FN:21,FSharp.Control.IAsyncEnumerable`1<System.Int32> AsyncSeq/xs@21-2::Invoke(Microsoft.FSharp.Core.Unit)
FN:20,FSharp.Control.IAsyncEnumerable`1<System.Int32> AsyncSeq/xs@20-1::Invoke(Microsoft.FSharp.Core.Unit)
FN:19,FSharp.Control.IAsyncEnumerable`1<System.Int32> AsyncSeq/xs@19::Invoke(Microsoft.FSharp.Core.Unit)
FN:29,Microsoft.FSharp.Control.FSharpAsync`1<Microsoft.FSharp.Core.FSharpResult`2<Microsoft.FSharp.Core.Unit,System.Object>> AsyncSeq/allTests@28-2::Invoke(System.Int32)
FN:31,Microsoft.FSharp.Control.FSharpAsync`1<Microsoft.FSharp.Core.FSharpResult`2<System.Int32,System.Object>> AsyncSeq/allTests@31-3::Invoke(Microsoft.FSharp.Core.Unit)
FN:26,Microsoft.FSharp.Control.FSharpAsync`1<Microsoft.FSharp.Core.FSharpResult`2<System.Int32,System.Object>> AsyncSeq/allTests@26-1::Invoke(Microsoft.FSharp.Core.Unit)
FN:36,Microsoft.FSharp.Control.FSharpAsync`1<Microsoft.FSharp.Core.Unit> AsyncSeq/allTests@34-4::Invoke(Microsoft.FSharp.Core.FSharpResult`2<System.Int32,System.Object>)
FN:24,Microsoft.FSharp.Control.AsyncReturn AsyncSeq/allTests@24-5::Invoke(Microsoft.FSharp.Control.AsyncActivation`1<Microsoft.FSharp.Core.Unit>)
FN:24,Microsoft.FSharp.Control.FSharpAsync`1<Microsoft.FSharp.Core.Unit> AsyncSeq/allTests@17::Invoke(Microsoft.FSharp.Core.Unit)
FN:46,FSharp.Control.IAsyncEnumerable`1<Microsoft.FSharp.Core.FSharpResult`2<System.Int32,System.String>> AsyncSeq/xs@46-6::Invoke(Microsoft.FSharp.Core.Unit)
FN:45,FSharp.Control.IAsyncEnumerable`1<Microsoft.FSharp.Core.FSharpResult`2<System.Int32,System.String>> AsyncSeq/xs@45-5::Invoke(Microsoft.FSharp.Core.Unit)
FN:44,FSharp.Control.IAsyncEnumerable`1<Microsoft.FSharp.Core.FSharpResult`2<System.Int32,System.String>> AsyncSeq/xs@44-4::Invoke(Microsoft.FSharp.Core.Unit)
FN:43,FSharp.Control.IAsyncEnumerable`1<Microsoft.FSharp.Core.FSharpResult`2<System.Int32,System.String>> AsyncSeq/xs@43-3::Invoke(Microsoft.FSharp.Core.Unit)
FN:54,Microsoft.FSharp.Control.FSharpAsync`1<Microsoft.FSharp.Core.FSharpResult`2<Microsoft.FSharp.Core.Unit,System.String>> AsyncSeq/allTests@53-8::Invoke(System.Int32)
FN:56,Microsoft.FSharp.Control.FSharpAsync`1<Microsoft.FSharp.Core.FSharpResult`2<System.Int32,System.String>> AsyncSeq/allTests@56-9::Invoke(Microsoft.FSharp.Core.Unit)
FN:51,Microsoft.FSharp.Control.FSharpAsync`1<Microsoft.FSharp.Core.FSharpResult`2<System.Int32,System.String>> AsyncSeq/allTests@51-7::Invoke(Microsoft.FSharp.Core.Unit)
FN:61,Microsoft.FSharp.Control.FSharpAsync`1<Microsoft.FSharp.Core.Unit> AsyncSeq/allTests@59-10::Invoke(Microsoft.FSharp.Core.FSharpResult`2<System.Int32,System.String>)
FN:49,Microsoft.FSharp.Control.AsyncReturn AsyncSeq/allTests@49-11::Invoke(Microsoft.FSharp.Control.AsyncActivation`1<Microsoft.FSharp.Core.Unit>)
FN:49,Microsoft.FSharp.Control.FSharpAsync`1<Microsoft.FSharp.Core.Unit> AsyncSeq/allTests@41-6::Invoke(Microsoft.FSharp.Core.Unit)
FN:12,System.Void <StartupCode$FsToolkit-ErrorHandling-AsyncSeq-Tests>.$AsyncSeq::.cctor()
FNDA:1,FSharp.Control.IAsyncEnumerable`1<System.Int32> AsyncSeq/xs@21-2::Invoke(Microsoft.FSharp.Core.Unit)
FNDA:1,FSharp.Control.IAsyncEnumerable`1<System.Int32> AsyncSeq/xs@20-1::Invoke(Microsoft.FSharp.Core.Unit)
FNDA:1,FSharp.Control.IAsyncEnumerable`1<System.Int32> AsyncSeq/xs@19::Invoke(Microsoft.FSharp.Core.Unit)
FNDA:3,Microsoft.FSharp.Control.FSharpAsync`1<Microsoft.FSharp.Core.FSharpResult`2<Microsoft.FSharp.Core.Unit,System.Object>> AsyncSeq/allTests@28-2::Invoke(System.Int32)
FNDA:1,Microsoft.FSharp.Control.FSharpAsync`1<Microsoft.FSharp.Core.FSharpResult`2<System.Int32,System.Object>> AsyncSeq/allTests@31-3::Invoke(Microsoft.FSharp.Core.Unit)
FNDA:1,Microsoft.FSharp.Control.FSharpAsync`1<Microsoft.FSharp.Core.FSharpResult`2<System.Int32,System.Object>> AsyncSeq/allTests@26-1::Invoke(Microsoft.FSharp.Core.Unit)
FNDA:1,Microsoft.FSharp.Control.FSharpAsync`1<Microsoft.FSharp.Core.Unit> AsyncSeq/allTests@34-4::Invoke(Microsoft.FSharp.Core.FSharpResult`2<System.Int32,System.Object>)
FNDA:1,Microsoft.FSharp.Control.AsyncReturn AsyncSeq/allTests@24-5::Invoke(Microsoft.FSharp.Control.AsyncActivation`1<Microsoft.FSharp.Core.Unit>)
FNDA:1,Microsoft.FSharp.Control.FSharpAsync`1<Microsoft.FSharp.Core.Unit> AsyncSeq/allTests@17::Invoke(Microsoft.FSharp.Core.Unit)
FNDA:0,FSharp.Control.IAsyncEnumerable`1<Microsoft.FSharp.Core.FSharpResult`2<System.Int32,System.String>> AsyncSeq/xs@46-6::Invoke(Microsoft.FSharp.Core.Unit)
FNDA:1,FSharp.Control.IAsyncEnumerable`1<Microsoft.FSharp.Core.FSharpResult`2<System.Int32,System.String>> AsyncSeq/xs@45-5::Invoke(Microsoft.FSharp.Core.Unit)
FNDA:1,FSharp.Control.IAsyncEnumerable`1<Microsoft.FSharp.Core.FSharpResult`2<System.Int32,System.String>> AsyncSeq/xs@44-4::Invoke(Microsoft.FSharp.Core.Unit)
FNDA:1,FSharp.Control.IAsyncEnumerable`1<Microsoft.FSharp.Core.FSharpResult`2<System.Int32,System.String>> AsyncSeq/xs@43-3::Invoke(Microsoft.FSharp.Core.Unit)
FNDA:2,Microsoft.FSharp.Control.FSharpAsync`1<Microsoft.FSharp.Core.FSharpResult`2<Microsoft.FSharp.Core.Unit,System.String>> AsyncSeq/allTests@53-8::Invoke(System.Int32)
FNDA:0,Microsoft.FSharp.Control.FSharpAsync`1<Microsoft.FSharp.Core.FSharpResult`2<System.Int32,System.String>> AsyncSeq/allTests@56-9::Invoke(Microsoft.FSharp.Core.Unit)
FNDA:1,Microsoft.FSharp.Control.FSharpAsync`1<Microsoft.FSharp.Core.FSharpResult`2<System.Int32,System.String>> AsyncSeq/allTests@51-7::Invoke(Microsoft.FSharp.Core.Unit)
FNDA:1,Microsoft.FSharp.Control.FSharpAsync`1<Microsoft.FSharp.Core.Unit> AsyncSeq/allTests@59-10::Invoke(Microsoft.FSharp.Core.FSharpResult`2<System.Int32,System.String>)
FNDA:1,Microsoft.FSharp.Control.AsyncReturn AsyncSeq/allTests@49-11::Invoke(Microsoft.FSharp.Control.AsyncActivation`1<Microsoft.FSharp.Core.Unit>)
FNDA:1,Microsoft.FSharp.Control.FSharpAsync`1<Microsoft.FSharp.Core.Unit> AsyncSeq/allTests@41-6::Invoke(Microsoft.FSharp.Core.Unit)
FNDA:1,System.Void <StartupCode$FsToolkit-ErrorHandling-AsyncSeq-Tests>.$AsyncSeq::.cctor()
FNF:20
FNH:18
BRF:0
BRH:0
DA:12,1
DA:19,1
DA:20,1
DA:21,1
DA:24,1
DA:26,1
DA:28,1
DA:29,3
DA:31,1
DA:36,1
DA:43,1
DA:44,1
DA:45,1
DA:46,0
DA:49,1
DA:51,1
DA:53,1
DA:54,2
DA:56,0
DA:61,1
LH:18
LF:20
end_of_record
TN: FsToolkit.ErrorHandling.AsyncSeq.Tests
SF:/Users/jimmybyrd/Documents/repos/public/demystifyfp/FsToolkit.ErrorHandling/tests/FsToolkit.ErrorHandling.AsyncSeq.Tests/Main.fs
FN:18,System.Int32 FsToolkit.ErrorHandling.AsyncSeq.Tests::main(System.String[])
FN:8,System.Void <StartupCode$FsToolkit-ErrorHandling-AsyncSeq-Tests>.$FsToolkit.ErrorHandling.AsyncSeq.Tests::.cctor()
FNDA:0,System.Int32 FsToolkit.ErrorHandling.AsyncSeq.Tests::main(System.String[])
FNDA:1,System.Void <StartupCode$FsToolkit-ErrorHandling-AsyncSeq-Tests>.$FsToolkit.ErrorHandling.AsyncSeq.Tests::.cctor()
FNF:2
FNH:1
BRF:0
BRH:0
DA:8,1
DA:18,0
LH:1
LF:2
end_of_record
